2025-07-22 11:57:15,953 - INFO - [sentinel2_tss_pipeline.py:6376] - ================================================================================
2025-07-22 11:57:15,954 - INFO - [sentinel2_tss_pipeline.py:6377] - UNIFIED S2 PROCESSING & TSS ESTIMATION PIPELINE v1.0
2025-07-22 11:57:15,954 - INFO - [sentinel2_tss_pipeline.py:6378] - ================================================================================
2025-07-22 11:57:15,955 - INFO - [sentinel2_tss_pipeline.py:6379] - SNAP_HOME: C:\Program Files\esa-snap
2025-07-22 11:57:15,956 - INFO - [sentinel2_tss_pipeline.py:6380] - GPT: C:\Program Files\esa-snap\bin\gpt.exe
2025-07-22 11:57:15,956 - INFO - [sentinel2_tss_pipeline.py:6381] - Python: 3.9.22 | packaged by conda-forge | (main, Apr 10 2025, 22:07:06) [MSC v.1929 64 bit (AMD64)]
2025-07-22 11:57:15,957 - INFO - [sentinel2_tss_pipeline.py:6382] - Platform: win32
2025-07-22 11:57:15,957 - INFO - [sentinel2_tss_pipeline.py:6383] - Working Directory: C:\Users\pedro.goncalves\OneDrive - LNEG - Laboratorio Nacional de Energia e Geologia\GitHub\sentinel2-tss-pipeline
2025-07-22 11:57:15,958 - INFO - [sentinel2_tss_pipeline.py:6384] - ================================================================================
2025-07-22 11:57:15,959 - INFO - [sentinel2_tss_pipeline.py:6393] - Starting GUI application...
2025-07-22 11:58:15,290 - INFO - [sentinel2_tss_pipeline.py:2491] - SNAP_HOME: C:\Program Files\esa-snap
2025-07-22 11:58:20,389 - INFO - [sentinel2_tss_pipeline.py:2502] - ✓ GPT validated: C:\Program Files\esa-snap\bin\gpt.exe
2025-07-22 11:58:20,390 - INFO - [sentinel2_tss_pipeline.py:2552] - Processing with spatial subset using Read operator (SNAP native)
2025-07-22 11:58:20,392 - INFO - [sentinel2_tss_pipeline.py:2685] - SNAP native processing graph saved: s2_complete_processing_with_subset.xml
2025-07-22 11:58:20,392 - INFO - [sentinel2_tss_pipeline.py:2531] - ✓ Processing graph created for mode: complete_pipeline
2025-07-22 11:58:20,392 - INFO - [sentinel2_tss_pipeline.py:2068] - Initialized Advanced Aquatic Processor with scientific algorithms
2025-07-22 11:58:20,393 - INFO - [sentinel2_tss_pipeline.py:1010] - Initialized Jiang TSS Processor with clean methodology
2025-07-22 11:58:20,394 - INFO - [sentinel2_tss_pipeline.py:1013] - Jiang TSS enabled: True
2025-07-22 11:58:20,394 - INFO - [sentinel2_tss_pipeline.py:1014] - Advanced algorithms enabled: True
2025-07-22 11:58:20,395 - INFO - [sentinel2_tss_pipeline.py:1016] - Working algorithms available:
2025-07-22 11:58:20,396 - INFO - [sentinel2_tss_pipeline.py:1017] -   ✓ Water Clarity: True
2025-07-22 11:58:20,396 - INFO - [sentinel2_tss_pipeline.py:1018] -   ✓ HAB Detection: True
2025-07-22 11:58:20,396 - INFO - [sentinel2_tss_pipeline.py:1019] - Note: Only Sentinel-2 compatible algorithms included
2025-07-22 11:58:20,397 - INFO - [sentinel2_tss_pipeline.py:3514] - Initialized Unified S2-TSS Processor - Mode: complete_pipeline
2025-07-22 11:58:20,398 - INFO - [sentinel2_tss_pipeline.py:5897] - TEST MODE: Processing only 2 products
2025-07-22 11:58:20,398 - INFO - [sentinel2_tss_pipeline.py:3588] - 
--------------------------------------------------------------------------------
2025-07-22 11:58:20,399 - INFO - [sentinel2_tss_pipeline.py:3589] - Processing 1/2: S2A_MSIL1C_20190105T112441_N0500_R037_T29TNF_20221215T164753
2025-07-22 11:58:20,399 - INFO - [sentinel2_tss_pipeline.py:3590] - Mode: complete_pipeline
2025-07-22 11:58:20,400 - INFO - [sentinel2_tss_pipeline.py:3591] - --------------------------------------------------------------------------------
2025-07-22 11:58:20,401 - INFO - [sentinel2_tss_pipeline.py:2861] - Processing: S2A_MSIL1C_20190105T112441_N0500_R037_T29TNF_20221215T164753.zip
2025-07-22 11:58:20,401 - INFO - [sentinel2_tss_pipeline.py:2862] -   Mode: complete_pipeline
2025-07-22 11:58:20,401 - INFO - [sentinel2_tss_pipeline.py:2863] -   Resolution: 10m
2025-07-22 11:58:20,402 - INFO - [sentinel2_tss_pipeline.py:2864] -   ECMWF: True
2025-07-22 11:58:20,404 - INFO - [sentinel2_tss_pipeline.py:3010] - Starting COMPLETE S2 processing (all bands for current + future modules)...
2025-07-22 12:18:24,660 - INFO - [sentinel2_tss_pipeline.py:3023] - ✅ COMPLETE C2RCC output created: Resampled_S2A_20190105T112441_T29TNF_Subset_C2RCC.dim (20.8MB)
2025-07-22 12:18:24,666 - INFO - [sentinel2_tss_pipeline.py:3307] - 🔍 DEBUG: Checking for rhown bands (FIXED) in: D:/GSEU_WP5/02_TSS_Results/TSS_Products\C2RCC_Products\Resampled_S2A_20190105T112441_T29TNF_Subset_C2RCC.data
2025-07-22 12:18:24,667 - INFO - [sentinel2_tss_pipeline.py:3316] - 🔍 DEBUG: Found rhown_B1.img (482241600 bytes)
2025-07-22 12:18:24,668 - INFO - [sentinel2_tss_pipeline.py:3316] - 🔍 DEBUG: Found rhown_B2.img (482241600 bytes)
2025-07-22 12:18:24,669 - INFO - [sentinel2_tss_pipeline.py:3316] - 🔍 DEBUG: Found rhown_B3.img (482241600 bytes)
2025-07-22 12:18:24,669 - INFO - [sentinel2_tss_pipeline.py:3316] - 🔍 DEBUG: Found rhown_B4.img (482241600 bytes)
2025-07-22 12:18:24,670 - INFO - [sentinel2_tss_pipeline.py:3316] - 🔍 DEBUG: Found rhown_B5.img (482241600 bytes)
2025-07-22 12:18:24,671 - INFO - [sentinel2_tss_pipeline.py:3316] - 🔍 DEBUG: Found rhown_B6.img (482241600 bytes)
2025-07-22 12:18:24,672 - INFO - [sentinel2_tss_pipeline.py:3322] - 🔍 DEBUG: rhown_B7.img does not exist
2025-07-22 12:18:24,672 - INFO - [sentinel2_tss_pipeline.py:3322] - 🔍 DEBUG: rhown_B8A.img does not exist
2025-07-22 12:18:24,673 - INFO - [sentinel2_tss_pipeline.py:3360] - ============================================================
2025-07-22 12:18:24,673 - INFO - [sentinel2_tss_pipeline.py:3361] - C2RCC OUTPUT VERIFICATION REPORT
2025-07-22 12:18:24,674 - INFO - [sentinel2_tss_pipeline.py:3362] - ============================================================
2025-07-22 12:18:24,675 - INFO - [sentinel2_tss_pipeline.py:3365] - C2RCC file: Resampled_S2A_20190105T112441_T29TNF_Subset_C2RCC.dim (20.8 MB)
2025-07-22 12:18:24,675 - INFO - [sentinel2_tss_pipeline.py:3366] - Data folder: Resampled_S2A_20190105T112441_T29TNF_Subset_C2RCC.data
2025-07-22 12:18:24,676 - INFO - [sentinel2_tss_pipeline.py:3369] - 
🧪 SNAP TSM/CHL PRODUCTS (Critical for Analysis):
2025-07-22 12:18:24,676 - INFO - [sentinel2_tss_pipeline.py:3381] - ℹ️  TSM/CHL products will be calculated from IOP products
2025-07-22 12:18:24,677 - INFO - [sentinel2_tss_pipeline.py:3382] -    Using SNAP formulas:
2025-07-22 12:18:24,678 - INFO - [sentinel2_tss_pipeline.py:3383] -    • TSM = TSMfac * (bpart + bwit)^TSMexp
2025-07-22 12:18:24,678 - INFO - [sentinel2_tss_pipeline.py:3384] -    • CHL = apig^CHLexp * CHLfac
2025-07-22 12:18:24,679 - INFO - [sentinel2_tss_pipeline.py:3387] - 
🔬 SNAP IOP PRODUCTS (5/6 available):
2025-07-22 12:18:24,679 - INFO - [sentinel2_tss_pipeline.py:3392] -    ✓ iop_apig.img (470939.1 KB)
2025-07-22 12:18:24,680 - INFO - [sentinel2_tss_pipeline.py:3392] -    ✓ iop_adet.img (470939.1 KB)
2025-07-22 12:18:24,680 - INFO - [sentinel2_tss_pipeline.py:3392] -    ✓ iop_agelb.img (470939.1 KB)
2025-07-22 12:18:24,681 - INFO - [sentinel2_tss_pipeline.py:3392] -    ✓ iop_bpart.img (470939.1 KB)
2025-07-22 12:18:24,681 - INFO - [sentinel2_tss_pipeline.py:3392] -    ✓ iop_bwit.img (470939.1 KB)
2025-07-22 12:18:24,682 - INFO - [sentinel2_tss_pipeline.py:3392] -    ✗ iop_btot.img (missing/empty)
2025-07-22 12:18:24,682 - INFO - [sentinel2_tss_pipeline.py:3395] - 
🌊 JIANG TSS READINESS (6/8 bands):
2025-07-22 12:18:24,683 - WARNING - [sentinel2_tss_pipeline.py:3399] - ⚠ PARTIAL: Only 6/8 rhow bands available
2025-07-22 12:18:24,683 - WARNING - [sentinel2_tss_pipeline.py:3401] -    Missing bands: ['rhown_B7.img', 'rhown_B8A.img']
2025-07-22 12:18:24,684 - INFO - [sentinel2_tss_pipeline.py:3404] - 
📊 OVERALL ASSESSMENT:
2025-07-22 12:18:24,684 - WARNING - [sentinel2_tss_pipeline.py:3413] - ⚠ LIMITED: Missing critical components
2025-07-22 12:18:24,685 - INFO - [sentinel2_tss_pipeline.py:3415] - ============================================================
2025-07-22 12:18:24,685 - INFO - [sentinel2_tss_pipeline.py:2931] - ✅ S2 processing SUCCESS: S2A_MSIL1C_20190105T112441_N0500_R037_T29TNF_20221215T164753.zip
2025-07-22 12:18:24,686 - INFO - [sentinel2_tss_pipeline.py:2932] -    Output: Resampled_S2A_20190105T112441_T29TNF_Subset_C2RCC.dim (20.8MB)
2025-07-22 12:18:24,686 - INFO - [sentinel2_tss_pipeline.py:2933] -    Processing time: 20.1 minutes
2025-07-22 12:18:24,687 - INFO - [sentinel2_tss_pipeline.py:2940] - Calculating missing SNAP TSM/CHL concentrations from IOP products...
2025-07-22 12:18:24,688 - INFO - [sentinel2_tss_pipeline.py:760] - SNAP TSM/CHL Calculator initialized:
2025-07-22 12:18:24,688 - INFO - [sentinel2_tss_pipeline.py:761] -   TSM formula: TSM = 1.06 * (bpart + bwit)^0.942
2025-07-22 12:18:24,689 - INFO - [sentinel2_tss_pipeline.py:762] -   CHL formula: CHL = apig^1.04 * 21.0
2025-07-22 12:18:24,689 - INFO - [sentinel2_tss_pipeline.py:767] - Calculating SNAP TSM/CHL from IOP products...
2025-07-22 12:18:25,806 - INFO - [sentinel2_tss_pipeline.py:793] - ✓ Loaded apig: (10980, 10980), mean=0.0143
2025-07-22 12:18:26,878 - INFO - [sentinel2_tss_pipeline.py:793] - ✓ Loaded bpart: (10980, 10980), mean=0.1439
2025-07-22 12:18:27,965 - INFO - [sentinel2_tss_pipeline.py:793] - ✓ Loaded bwit: (10980, 10980), mean=0.0606
2025-07-22 12:18:27,967 - INFO - [sentinel2_tss_pipeline.py:803] - Calculating CHL concentration from iop_apig...
2025-07-22 12:18:29,572 - INFO - [sentinel2_tss_pipeline.py:832] - CHL calculation: 39294420 valid pixels out of 39294420 processed
2025-07-22 12:18:35,175 - INFO - [sentinel2_tss_pipeline.py:559] - Successfully wrote raster: conc_chl.img
2025-07-22 12:18:35,658 - INFO - [sentinel2_tss_pipeline.py:851] - ✓ CHL concentration saved: 32.6% coverage, mean=0.868 mg/m³
2025-07-22 12:18:35,659 - INFO - [sentinel2_tss_pipeline.py:861] - Calculating TSM concentration from bpart + bwit (btot approximation)...
2025-07-22 12:18:37,239 - INFO - [sentinel2_tss_pipeline.py:893] - TSM calculation: 39294420 valid pixels out of 39294420 processed
2025-07-22 12:18:42,557 - INFO - [sentinel2_tss_pipeline.py:559] - Successfully wrote raster: conc_tsm.img
2025-07-22 12:18:43,030 - INFO - [sentinel2_tss_pipeline.py:912] - ✓ TSM concentration saved: 32.6% coverage, mean=0.645 g/m³
2025-07-22 12:18:43,159 - INFO - [sentinel2_tss_pipeline.py:2953] - ✅ SNAP TSM calculation successful!
2025-07-22 12:18:43,162 - INFO - [sentinel2_tss_pipeline.py:2956] - ✅ SNAP CHL calculation successful!
2025-07-22 12:18:43,165 - INFO - [sentinel2_tss_pipeline.py:3307] - 🔍 DEBUG: Checking for rhown bands (FIXED) in: D:/GSEU_WP5/02_TSS_Results/TSS_Products\C2RCC_Products\Resampled_S2A_20190105T112441_T29TNF_Subset_C2RCC.data
2025-07-22 12:18:43,166 - INFO - [sentinel2_tss_pipeline.py:3316] - 🔍 DEBUG: Found rhown_B1.img (482241600 bytes)
2025-07-22 12:18:43,167 - INFO - [sentinel2_tss_pipeline.py:3316] - 🔍 DEBUG: Found rhown_B2.img (482241600 bytes)
2025-07-22 12:18:43,168 - INFO - [sentinel2_tss_pipeline.py:3316] - 🔍 DEBUG: Found rhown_B3.img (482241600 bytes)
2025-07-22 12:18:43,169 - INFO - [sentinel2_tss_pipeline.py:3316] - 🔍 DEBUG: Found rhown_B4.img (482241600 bytes)
2025-07-22 12:18:43,170 - INFO - [sentinel2_tss_pipeline.py:3316] - 🔍 DEBUG: Found rhown_B5.img (482241600 bytes)
2025-07-22 12:18:43,171 - INFO - [sentinel2_tss_pipeline.py:3316] - 🔍 DEBUG: Found rhown_B6.img (482241600 bytes)
2025-07-22 12:18:43,171 - INFO - [sentinel2_tss_pipeline.py:3322] - 🔍 DEBUG: rhown_B7.img does not exist
2025-07-22 12:18:43,172 - INFO - [sentinel2_tss_pipeline.py:3322] - 🔍 DEBUG: rhown_B8A.img does not exist
2025-07-22 12:18:43,172 - INFO - [sentinel2_tss_pipeline.py:3360] - ============================================================
2025-07-22 12:18:43,173 - INFO - [sentinel2_tss_pipeline.py:3361] - C2RCC OUTPUT VERIFICATION REPORT
2025-07-22 12:18:43,173 - INFO - [sentinel2_tss_pipeline.py:3362] - ============================================================
2025-07-22 12:18:43,174 - INFO - [sentinel2_tss_pipeline.py:3365] - C2RCC file: Resampled_S2A_20190105T112441_T29TNF_Subset_C2RCC.dim (20.8 MB)
2025-07-22 12:18:43,174 - INFO - [sentinel2_tss_pipeline.py:3366] - Data folder: Resampled_S2A_20190105T112441_T29TNF_Subset_C2RCC.data
2025-07-22 12:18:43,175 - INFO - [sentinel2_tss_pipeline.py:3369] - 
🧪 SNAP TSM/CHL PRODUCTS (Critical for Analysis):
2025-07-22 12:18:43,175 - INFO - [sentinel2_tss_pipeline.py:3371] - ✅ SUCCESS: Both TSM and CHL products available!
2025-07-22 12:18:43,176 - INFO - [sentinel2_tss_pipeline.py:3372] -    ✓ TSM: conc_tsm.img (0.0 KB)
2025-07-22 12:18:43,176 - INFO - [sentinel2_tss_pipeline.py:3373] -    ✓ CHL: conc_chl.img (0.0 KB)
2025-07-22 12:18:43,177 - INFO - [sentinel2_tss_pipeline.py:3378] -    ⚠ Uncertainties: Not available (calculated products)
2025-07-22 12:18:43,177 - INFO - [sentinel2_tss_pipeline.py:3387] - 
🔬 SNAP IOP PRODUCTS (5/6 available):
2025-07-22 12:18:43,178 - INFO - [sentinel2_tss_pipeline.py:3392] -    ✓ iop_apig.img (470939.1 KB)
2025-07-22 12:18:43,178 - INFO - [sentinel2_tss_pipeline.py:3392] -    ✓ iop_adet.img (470939.1 KB)
2025-07-22 12:18:43,179 - INFO - [sentinel2_tss_pipeline.py:3392] -    ✓ iop_agelb.img (470939.1 KB)
2025-07-22 12:18:43,179 - INFO - [sentinel2_tss_pipeline.py:3392] -    ✓ iop_bpart.img (470939.1 KB)
2025-07-22 12:18:43,180 - INFO - [sentinel2_tss_pipeline.py:3392] -    ✓ iop_bwit.img (470939.1 KB)
2025-07-22 12:18:43,180 - INFO - [sentinel2_tss_pipeline.py:3392] -    ✗ iop_btot.img (missing/empty)
2025-07-22 12:18:43,181 - INFO - [sentinel2_tss_pipeline.py:3395] - 
🌊 JIANG TSS READINESS (6/8 bands):
2025-07-22 12:18:43,181 - WARNING - [sentinel2_tss_pipeline.py:3399] - ⚠ PARTIAL: Only 6/8 rhow bands available
2025-07-22 12:18:43,182 - WARNING - [sentinel2_tss_pipeline.py:3401] -    Missing bands: ['rhown_B7.img', 'rhown_B8A.img']
2025-07-22 12:18:43,183 - INFO - [sentinel2_tss_pipeline.py:3404] - 
📊 OVERALL ASSESSMENT:
2025-07-22 12:18:43,183 - WARNING - [sentinel2_tss_pipeline.py:3413] - ⚠ LIMITED: Missing critical components
2025-07-22 12:18:43,184 - INFO - [sentinel2_tss_pipeline.py:3415] - ============================================================
2025-07-22 12:18:43,184 - INFO - [sentinel2_tss_pipeline.py:2961] - 📊 UPDATED SNAP PRODUCTS STATUS:
2025-07-22 12:18:43,185 - INFO - [sentinel2_tss_pipeline.py:2962] -    TSM=True, CHL=True, Uncertainties=False
2025-07-22 12:18:43,185 - INFO - [sentinel2_tss_pipeline.py:3429] - Starting TSS processing for S2A_MSIL1C_20190105T112441_N0500_R037_T29TNF_20221215T164753.zip
2025-07-22 12:18:43,186 - INFO - [sentinel2_tss_pipeline.py:2068] - Initialized Advanced Aquatic Processor with scientific algorithms
2025-07-22 12:18:43,186 - INFO - [sentinel2_tss_pipeline.py:1010] - Initialized Jiang TSS Processor with clean methodology
2025-07-22 12:18:43,187 - INFO - [sentinel2_tss_pipeline.py:1013] - Jiang TSS enabled: True
2025-07-22 12:18:43,187 - INFO - [sentinel2_tss_pipeline.py:1014] - Advanced algorithms enabled: True
2025-07-22 12:18:43,188 - INFO - [sentinel2_tss_pipeline.py:1016] - Working algorithms available:
2025-07-22 12:18:43,188 - INFO - [sentinel2_tss_pipeline.py:1017] -   ✓ Water Clarity: True
2025-07-22 12:18:43,189 - INFO - [sentinel2_tss_pipeline.py:1018] -   ✓ HAB Detection: True
2025-07-22 12:18:43,189 - INFO - [sentinel2_tss_pipeline.py:1019] - Note: Only Sentinel-2 compatible algorithms included
2025-07-22 12:18:43,190 - INFO - [sentinel2_tss_pipeline.py:1099] - Starting CORRECTED Jiang TSS processing for S2A_MSIL1C_20190105T112441_N0500_R037_T29TNF_20221215T164753.zip
2025-07-22 12:18:43,191 - INFO - [sentinel2_tss_pipeline.py:1050] - 🔍 DEBUG: Checking for rhown bands (FIXED) in: D:/GSEU_WP5/02_TSS_Results/TSS_Products\C2RCC_Products\Resampled_S2A_20190105T112441_T29TNF_Subset_C2RCC.data
2025-07-22 12:18:43,192 - INFO - [sentinel2_tss_pipeline.py:1056] - ✓ Found rhown_B1.img for 443nm
2025-07-22 12:18:43,193 - INFO - [sentinel2_tss_pipeline.py:1056] - ✓ Found rhown_B2.img for 490nm
2025-07-22 12:18:43,194 - INFO - [sentinel2_tss_pipeline.py:1056] - ✓ Found rhown_B3.img for 560nm
2025-07-22 12:18:43,195 - INFO - [sentinel2_tss_pipeline.py:1056] - ✓ Found rhown_B4.img for 665nm
2025-07-22 12:18:43,196 - INFO - [sentinel2_tss_pipeline.py:1056] - ✓ Found rhown_B5.img for 705nm
2025-07-22 12:18:43,197 - INFO - [sentinel2_tss_pipeline.py:1056] - ✓ Found rhown_B6.img for 740nm
2025-07-22 12:18:43,197 - WARNING - [sentinel2_tss_pipeline.py:1063] - ❌ rhown_B7.img not found
2025-07-22 12:18:43,198 - WARNING - [sentinel2_tss_pipeline.py:1063] - ❌ rhown_B8A.img not found
2025-07-22 12:18:43,199 - ERROR - [sentinel2_tss_pipeline.py:1066] - Missing required bands: ['783nm (rhown_B7.img)', '865nm (rhown_B8A.img)']
2025-07-22 12:18:43,199 - ERROR - [sentinel2_tss_pipeline.py:3620] - Processing failed: Failed to load required bands
2025-07-22 12:18:43,499 - INFO - [sentinel2_tss_pipeline.py:3588] - 
--------------------------------------------------------------------------------
2025-07-22 12:18:43,500 - INFO - [sentinel2_tss_pipeline.py:3589] - Processing 2/2: S2A_MSIL1C_20190108T113441_N0500_R080_T29TNF_20221217T102306
2025-07-22 12:18:43,500 - INFO - [sentinel2_tss_pipeline.py:3590] - Mode: complete_pipeline
2025-07-22 12:18:43,501 - INFO - [sentinel2_tss_pipeline.py:3591] - --------------------------------------------------------------------------------
2025-07-22 12:18:43,501 - INFO - [sentinel2_tss_pipeline.py:2861] - Processing: S2A_MSIL1C_20190108T113441_N0500_R080_T29TNF_20221217T102306.zip
2025-07-22 12:18:43,502 - INFO - [sentinel2_tss_pipeline.py:2862] -   Mode: complete_pipeline
2025-07-22 12:18:43,503 - INFO - [sentinel2_tss_pipeline.py:2863] -   Resolution: 10m
2025-07-22 12:18:43,503 - INFO - [sentinel2_tss_pipeline.py:2864] -   ECMWF: True
2025-07-22 12:18:43,505 - INFO - [sentinel2_tss_pipeline.py:3010] - Starting COMPLETE S2 processing (all bands for current + future modules)...
2025-07-22 12:35:30,215 - ERROR - [sentinel2_tss_pipeline.py:3032] - ❌ GPT processing failed
2025-07-22 12:35:30,216 - ERROR - [sentinel2_tss_pipeline.py:3033] - Return code: 1
2025-07-22 12:35:30,216 - ERROR - [sentinel2_tss_pipeline.py:3035] - GPT stderr: INFO: org.esa.snap.core.gpf.operators.tooladapter.ToolAdapterIO: Initializing external tool adapters
INFO: org.esa.snap.core.util.EngineVersionCheckActivator: Please check regularly for new updates for the best SNAP experience.
1605 [main] INFO hdf.hdflib.HDFLibrary - HDF4 library: 
1605 [main] INFO hdf.hdflib.HDFLibrary -  successfully loaded.
1612 [main] INFO hdf.hdf5lib.H5 - HDF5 library: 
1612 [main] INFO hdf.hdf5lib.H5 -  successfully loaded.
INFO: eu.esa.opt.dataio.s2.ortho.S2OrthoProductReaderPlugIn: Building product reader - EPSG:32629
WARNING: org.esa.snap.core.metadata.GenericXmlMetadata: Metadata: the path to element [metadata_level] does not exist
WARNING: org.esa.snap.core.metadata.GenericXmlMetadata: Metadata: the path to element [granuleidentifier] does not exist
WARNING: org.esa.snap.core.metadata.GenericXmlMetadata: Metadata: the path to element [bandid] does not exist
ERROR 4: C:\Users\PEDRO~1.GON\AppData\Local\Temp\snap-pedro.goncalves\1753183132263-0\S2A_MSIL1C_2019...
2025-07-22 12:35:30,217 - ERROR - [sentinel2_tss_pipeline.py:2979] - ❌ S2 processing FAILED: S2A_MSIL1C_20190108T113441_N0500_R080_T29TNF_20221217T102306.zip
2025-07-22 12:35:30,218 - INFO - [sentinel2_tss_pipeline.py:3624] - ✓ Processing completed: 0 products generated
2025-07-22 12:35:30,364 - INFO - [sentinel2_tss_pipeline.py:3673] - → Progress: 2/2 (100.0%), ETA: 0.0 minutes
2025-07-22 12:41:06,568 - INFO - [sentinel2_tss_pipeline.py:6397] - Application finished successfully
