2025-07-10 17:34:12,424 - INFO - [sentinel2_tss_pipeline.py:3479] - Auto-detected SNAP_HOME: C:\Program Files\esa-snap
2025-07-10 17:34:12,427 - INFO - [sentinel2_tss_pipeline.py:3520] - ================================================================================
2025-07-10 17:34:12,427 - INFO - [sentinel2_tss_pipeline.py:3521] - UNIFIED S2 PROCESSING & TSS ESTIMATION PIPELINE v1.0
2025-07-10 17:34:12,428 - INFO - [sentinel2_tss_pipeline.py:3522] - ================================================================================
2025-07-10 17:34:12,428 - INFO - [sentinel2_tss_pipeline.py:3523] - SNAP_HOME: C:\Program Files\esa-snap
2025-07-10 17:34:12,429 - INFO - [sentinel2_tss_pipeline.py:3524] - GPT: C:\Program Files\esa-snap\bin\gpt.exe
2025-07-10 17:34:12,430 - INFO - [sentinel2_tss_pipeline.py:3525] - Python: 3.9.22 | packaged by conda-forge | (main, Apr 10 2025, 22:07:06) [MSC v.1929 64 bit (AMD64)]
2025-07-10 17:34:12,431 - INFO - [sentinel2_tss_pipeline.py:3526] - Platform: win32
2025-07-10 17:34:12,432 - INFO - [sentinel2_tss_pipeline.py:3527] - Working Directory: C:\Users\pedro.goncalves\OneDrive - LNEG - Laboratorio Nacional de Energia e Geologia\GitHub\sentinel2-tss-pipeline
2025-07-10 17:34:12,432 - INFO - [sentinel2_tss_pipeline.py:3528] - ================================================================================
2025-07-10 17:34:12,433 - INFO - [sentinel2_tss_pipeline.py:3537] - Starting GUI application...
2025-07-10 17:34:13,249 - WARNING - [sentinel2_tss_pipeline.py:3168] - GUI update error: division by zero
2025-07-10 17:37:15,332 - INFO - [sentinel2_tss_pipeline.py:786] - SNAP_HOME: C:\Program Files\esa-snap
2025-07-10 17:37:20,901 - INFO - [sentinel2_tss_pipeline.py:797] - ✓ GPT validated: C:\Program Files\esa-snap\bin\gpt.exe
2025-07-10 17:37:20,904 - INFO - [sentinel2_tss_pipeline.py:904] - Complete processing graph saved: s2_complete_processing_with_subset.xml
2025-07-10 17:37:20,905 - INFO - [sentinel2_tss_pipeline.py:826] - ✓ Processing graph created for mode: complete_pipeline
2025-07-10 17:37:20,905 - INFO - [sentinel2_tss_pipeline.py:613] - Initialized Jiang TSS Processor
2025-07-10 17:37:20,906 - INFO - [sentinel2_tss_pipeline.py:1358] - Initialized Unified S2-TSS Processor - Mode: complete_pipeline
2025-07-10 17:37:20,907 - INFO - [sentinel2_tss_pipeline.py:3055] - TEST MODE: Processing only 2 products
2025-07-10 17:37:20,908 - INFO - [sentinel2_tss_pipeline.py:1432] - 
--------------------------------------------------------------------------------
2025-07-10 17:37:20,908 - INFO - [sentinel2_tss_pipeline.py:1433] - Processing 1/2: S2A_MSIL1C_20190105T112441_N0500_R037_T29TNF_20221215T164753
2025-07-10 17:37:20,909 - INFO - [sentinel2_tss_pipeline.py:1434] - Mode: complete_pipeline
2025-07-10 17:37:20,909 - INFO - [sentinel2_tss_pipeline.py:1435] - --------------------------------------------------------------------------------
2025-07-10 17:37:20,911 - INFO - [sentinel2_tss_pipeline.py:1076] - Processing: S2A_MSIL1C_20190105T112441_N0500_R037_T29TNF_20221215T164753.zip
2025-07-10 17:37:20,911 - INFO - [sentinel2_tss_pipeline.py:1077] -   Mode: complete_pipeline
2025-07-10 17:37:20,912 - INFO - [sentinel2_tss_pipeline.py:1078] -   Resolution: 10m
2025-07-10 17:37:20,913 - INFO - [sentinel2_tss_pipeline.py:1079] -   ECMWF: True
2025-07-10 17:37:20,915 - INFO - [sentinel2_tss_pipeline.py:1194] - Starting S2 processing with C2RCC...
2025-07-10 18:03:43,211 - INFO - [sentinel2_tss_pipeline.py:1145] - ✅ S2 processing SUCCESS: S2A_MSIL1C_20190105T112441_N0500_R037_T29TNF_20221215T164753.zip
2025-07-10 18:03:43,252 - INFO - [sentinel2_tss_pipeline.py:1146] -    Output: Resampled_S2A_20190105T112441_T29TNF_Subset_C2RCC.dim (20.8MB)
2025-07-10 18:03:43,254 - INFO - [sentinel2_tss_pipeline.py:1147] -    SNAP Products: TSM=False, CHL=False, Uncertainties=False
2025-07-10 18:03:43,255 - INFO - [sentinel2_tss_pipeline.py:1148] -    Processing time: 26.4 minutes
2025-07-10 18:03:43,256 - INFO - [sentinel2_tss_pipeline.py:1276] - Starting TSS processing for S2A_MSIL1C_20190105T112441_N0500_R037_T29TNF_20221215T164753.zip
2025-07-10 18:03:43,257 - INFO - [sentinel2_tss_pipeline.py:613] - Initialized Jiang TSS Processor
2025-07-10 18:03:43,259 - INFO - [sentinel2_tss_pipeline.py:621] - Starting Jiang TSS processing for S2A_MSIL1C_20190105T112441_N0500_R037_T29TNF_20221215T164753.zip
2025-07-10 18:03:43,260 - INFO - [sentinel2_tss_pipeline.py:686] - Successfully found 8 spectral bands
2025-07-10 18:03:48,317 - INFO - [sentinel2_tss_pipeline.py:384] - Successfully wrote raster: S2A_MSIL1C_20190105T112441_N0500_R037_T29TNF_20221215T164753.zip_Jiang_TSS.tif
2025-07-10 18:03:48,558 - INFO - [sentinel2_tss_pipeline.py:745] - Jiang TSS saved: 35.4% coverage
2025-07-10 18:03:48,559 - INFO - [sentinel2_tss_pipeline.py:644] - Jiang TSS processing completed: 1 products
2025-07-10 18:03:48,616 - INFO - [sentinel2_tss_pipeline.py:1468] - ✓ Processing completed: 2 products generated
2025-07-10 18:03:48,617 - INFO - [sentinel2_tss_pipeline.py:1479] -   s2_processing: 20.8MB, status=completed
2025-07-10 18:03:48,618 - INFO - [sentinel2_tss_pipeline.py:1476] -   jiang_tss: 35.4% coverage, mean=16.26
2025-07-10 18:03:49,090 - INFO - [sentinel2_tss_pipeline.py:1494] - → Progress: 1/2 (50.0%), ETA: 26.6 minutes
2025-07-10 18:03:49,095 - INFO - [sentinel2_tss_pipeline.py:1432] - 
--------------------------------------------------------------------------------
2025-07-10 18:03:49,096 - INFO - [sentinel2_tss_pipeline.py:1433] - Processing 2/2: S2A_MSIL1C_20190108T113441_N0500_R080_T29TNF_20221217T102306
2025-07-10 18:03:49,096 - INFO - [sentinel2_tss_pipeline.py:1434] - Mode: complete_pipeline
2025-07-10 18:03:49,097 - INFO - [sentinel2_tss_pipeline.py:1435] - --------------------------------------------------------------------------------
2025-07-10 18:03:49,098 - INFO - [sentinel2_tss_pipeline.py:1076] - Processing: S2A_MSIL1C_20190108T113441_N0500_R080_T29TNF_20221217T102306.zip
2025-07-10 18:03:49,099 - INFO - [sentinel2_tss_pipeline.py:1077] -   Mode: complete_pipeline
2025-07-10 18:03:49,099 - INFO - [sentinel2_tss_pipeline.py:1078] -   Resolution: 10m
2025-07-10 18:03:49,100 - INFO - [sentinel2_tss_pipeline.py:1079] -   ECMWF: True
2025-07-10 18:03:49,102 - INFO - [sentinel2_tss_pipeline.py:1194] - Starting S2 processing with C2RCC...
2025-07-10 18:07:49,906 - ERROR - [sentinel2_tss_pipeline.py:1215] - ❌ GPT processing failed
2025-07-10 18:07:49,907 - ERROR - [sentinel2_tss_pipeline.py:1216] - Return code: 1
2025-07-10 18:07:49,908 - ERROR - [sentinel2_tss_pipeline.py:1163] - ❌ S2 processing FAILED: S2A_MSIL1C_20190108T113441_N0500_R080_T29TNF_20221217T102306.zip
2025-07-10 18:07:49,909 - INFO - [sentinel2_tss_pipeline.py:1468] - ✓ Processing completed: 0 products generated
2025-07-10 18:07:49,994 - INFO - [sentinel2_tss_pipeline.py:1494] - → Progress: 2/2 (100.0%), ETA: 0.0 minutes
2025-07-10 18:12:16,544 - INFO - [sentinel2_tss_pipeline.py:3541] - Application finished successfully
