2025-07-22 11:12:29,251 - INFO - [sentinel2_tss_pipeline.py:6372] - ================================================================================
2025-07-22 11:12:29,251 - INFO - [sentinel2_tss_pipeline.py:6373] - UNIFIED S2 PROCESSING & TSS ESTIMATION PIPELINE v1.0
2025-07-22 11:12:29,252 - INFO - [sentinel2_tss_pipeline.py:6374] - ================================================================================
2025-07-22 11:12:29,253 - INFO - [sentinel2_tss_pipeline.py:6375] - SNAP_HOME: C:\Program Files\esa-snap
2025-07-22 11:12:29,253 - INFO - [sentinel2_tss_pipeline.py:6376] - GPT: C:\Program Files\esa-snap\bin\gpt.exe
2025-07-22 11:12:29,254 - INFO - [sentinel2_tss_pipeline.py:6377] - Python: 3.9.22 | packaged by conda-forge | (main, Apr 10 2025, 22:07:06) [MSC v.1929 64 bit (AMD64)]
2025-07-22 11:12:29,255 - INFO - [sentinel2_tss_pipeline.py:6378] - Platform: win32
2025-07-22 11:12:29,255 - INFO - [sentinel2_tss_pipeline.py:6379] - Working Directory: C:\Users\pedro.goncalves\OneDrive - LNEG - Laboratorio Nacional de Energia e Geologia\GitHub\sentinel2-tss-pipeline
2025-07-22 11:12:29,256 - INFO - [sentinel2_tss_pipeline.py:6380] - ================================================================================
2025-07-22 11:12:29,256 - INFO - [sentinel2_tss_pipeline.py:6389] - Starting GUI application...
2025-07-22 11:14:17,323 - INFO - [sentinel2_tss_pipeline.py:2491] - SNAP_HOME: C:\Program Files\esa-snap
2025-07-22 11:14:23,116 - INFO - [sentinel2_tss_pipeline.py:2502] - ✓ GPT validated: C:\Program Files\esa-snap\bin\gpt.exe
2025-07-22 11:14:23,117 - INFO - [sentinel2_tss_pipeline.py:2552] - Processing with spatial subset using Read operator (SNAP native)
2025-07-22 11:14:23,119 - INFO - [sentinel2_tss_pipeline.py:2681] - Working graph with all bands saved: s2_complete_processing_with_subset.xml
2025-07-22 11:14:23,120 - INFO - [sentinel2_tss_pipeline.py:2531] - ✓ Processing graph created for mode: complete_pipeline
2025-07-22 11:14:23,120 - INFO - [sentinel2_tss_pipeline.py:2068] - Initialized Advanced Aquatic Processor with scientific algorithms
2025-07-22 11:14:23,121 - INFO - [sentinel2_tss_pipeline.py:1010] - Initialized Jiang TSS Processor with clean methodology
2025-07-22 11:14:23,122 - INFO - [sentinel2_tss_pipeline.py:1013] - Jiang TSS enabled: True
2025-07-22 11:14:23,122 - INFO - [sentinel2_tss_pipeline.py:1014] - Advanced algorithms enabled: True
2025-07-22 11:14:23,123 - INFO - [sentinel2_tss_pipeline.py:1016] - Working algorithms available:
2025-07-22 11:14:23,124 - INFO - [sentinel2_tss_pipeline.py:1017] -   ✓ Water Clarity: True
2025-07-22 11:14:23,125 - INFO - [sentinel2_tss_pipeline.py:1018] -   ✓ HAB Detection: True
2025-07-22 11:14:23,126 - INFO - [sentinel2_tss_pipeline.py:1019] - Note: Only Sentinel-2 compatible algorithms included
2025-07-22 11:14:23,126 - INFO - [sentinel2_tss_pipeline.py:3510] - Initialized Unified S2-TSS Processor - Mode: complete_pipeline
2025-07-22 11:14:23,127 - INFO - [sentinel2_tss_pipeline.py:5893] - TEST MODE: Processing only 2 products
2025-07-22 11:14:23,130 - INFO - [sentinel2_tss_pipeline.py:3584] - 
--------------------------------------------------------------------------------
2025-07-22 11:14:23,131 - INFO - [sentinel2_tss_pipeline.py:3585] - Processing 1/2: S2A_MSIL1C_20190105T112441_N0500_R037_T29TNF_20221215T164753
2025-07-22 11:14:23,133 - INFO - [sentinel2_tss_pipeline.py:3586] - Mode: complete_pipeline
2025-07-22 11:14:23,134 - INFO - [sentinel2_tss_pipeline.py:3587] - --------------------------------------------------------------------------------
2025-07-22 11:14:23,135 - INFO - [sentinel2_tss_pipeline.py:2857] - Processing: S2A_MSIL1C_20190105T112441_N0500_R037_T29TNF_20221215T164753.zip
2025-07-22 11:14:23,135 - INFO - [sentinel2_tss_pipeline.py:2858] -   Mode: complete_pipeline
2025-07-22 11:14:23,136 - INFO - [sentinel2_tss_pipeline.py:2859] -   Resolution: 10m
2025-07-22 11:14:23,137 - INFO - [sentinel2_tss_pipeline.py:2860] -   ECMWF: True
2025-07-22 11:14:23,139 - INFO - [sentinel2_tss_pipeline.py:3006] - Starting COMPLETE S2 processing (all bands for current + future modules)...
2025-07-22 11:15:18,416 - ERROR - [sentinel2_tss_pipeline.py:3028] - ❌ GPT processing failed
2025-07-22 11:15:18,417 - ERROR - [sentinel2_tss_pipeline.py:3029] - Return code: 1
2025-07-22 11:15:18,418 - ERROR - [sentinel2_tss_pipeline.py:3031] - GPT stderr: INFO: org.esa.snap.core.gpf.operators.tooladapter.ToolAdapterIO: Initializing external tool adapters
INFO: org.esa.snap.core.util.EngineVersionCheckActivator: Please check regularly for new updates for the best SNAP experience.
2343 [main] INFO hdf.hdflib.HDFLibrary - HDF4 library: 
2344 [main] INFO hdf.hdflib.HDFLibrary -  successfully loaded.
2350 [main] INFO hdf.hdf5lib.H5 - HDF5 library: 
2351 [main] INFO hdf.hdf5lib.H5 -  successfully loaded.
INFO: eu.esa.opt.dataio.s2.ortho.S2OrthoProductReaderPlugIn: Building product reader - EPSG:32629
WARNING: org.esa.snap.core.metadata.GenericXmlMetadata: Metadata: the path to element [metadata_level] does not exist
WARNING: org.esa.snap.core.metadata.GenericXmlMetadata: Metadata: the path to element [granuleidentifier] does not exist
WARNING: org.esa.snap.core.metadata.GenericXmlMetadata: Metadata: the path to element [bandid] does not exist

Error: [NodeId: c2rcc_msi] Source must be a resampled S2 MSI L1C product
org.esa.snap.core.gpf.graph...
2025-07-22 11:15:18,419 - ERROR - [sentinel2_tss_pipeline.py:2975] - ❌ S2 processing FAILED: S2A_MSIL1C_20190105T112441_N0500_R037_T29TNF_20221215T164753.zip
2025-07-22 11:15:18,419 - INFO - [sentinel2_tss_pipeline.py:3620] - ✓ Processing completed: 0 products generated
2025-07-22 11:15:18,645 - INFO - [sentinel2_tss_pipeline.py:3669] - → Progress: 1/2 (50.0%), ETA: 1.0 minutes
2025-07-22 11:15:18,647 - INFO - [sentinel2_tss_pipeline.py:3584] - 
--------------------------------------------------------------------------------
2025-07-22 11:15:18,648 - INFO - [sentinel2_tss_pipeline.py:3585] - Processing 2/2: S2A_MSIL1C_20190108T113441_N0500_R080_T29TNF_20221217T102306
2025-07-22 11:15:18,648 - INFO - [sentinel2_tss_pipeline.py:3586] - Mode: complete_pipeline
2025-07-22 11:15:18,649 - INFO - [sentinel2_tss_pipeline.py:3587] - --------------------------------------------------------------------------------
2025-07-22 11:15:18,650 - INFO - [sentinel2_tss_pipeline.py:2857] - Processing: S2A_MSIL1C_20190108T113441_N0500_R080_T29TNF_20221217T102306.zip
2025-07-22 11:15:18,651 - INFO - [sentinel2_tss_pipeline.py:2858] -   Mode: complete_pipeline
2025-07-22 11:15:18,651 - INFO - [sentinel2_tss_pipeline.py:2859] -   Resolution: 10m
2025-07-22 11:15:18,652 - INFO - [sentinel2_tss_pipeline.py:2860] -   ECMWF: True
2025-07-22 11:15:18,653 - INFO - [sentinel2_tss_pipeline.py:3006] - Starting COMPLETE S2 processing (all bands for current + future modules)...
2025-07-22 11:15:36,851 - ERROR - [sentinel2_tss_pipeline.py:3028] - ❌ GPT processing failed
2025-07-22 11:15:36,852 - ERROR - [sentinel2_tss_pipeline.py:3029] - Return code: 1
2025-07-22 11:15:36,852 - ERROR - [sentinel2_tss_pipeline.py:3031] - GPT stderr: INFO: org.esa.snap.core.gpf.operators.tooladapter.ToolAdapterIO: Initializing external tool adapters
INFO: org.esa.snap.core.util.EngineVersionCheckActivator: Please check regularly for new updates for the best SNAP experience.
1756 [main] INFO hdf.hdflib.HDFLibrary - HDF4 library: 
1756 [main] INFO hdf.hdflib.HDFLibrary -  successfully loaded.
1762 [main] INFO hdf.hdf5lib.H5 - HDF5 library: 
1762 [main] INFO hdf.hdf5lib.H5 -  successfully loaded.
INFO: eu.esa.opt.dataio.s2.ortho.S2OrthoProductReaderPlugIn: Building product reader - EPSG:32629
WARNING: org.esa.snap.core.metadata.GenericXmlMetadata: Metadata: the path to element [metadata_level] does not exist
WARNING: org.esa.snap.core.metadata.GenericXmlMetadata: Metadata: the path to element [granuleidentifier] does not exist
WARNING: org.esa.snap.core.metadata.GenericXmlMetadata: Metadata: the path to element [bandid] does not exist

Error: [NodeId: c2rcc_msi] Source must be a resampled S2 MSI L1C product
org.esa.snap.core.gpf.graph...
2025-07-22 11:15:36,853 - ERROR - [sentinel2_tss_pipeline.py:2975] - ❌ S2 processing FAILED: S2A_MSIL1C_20190108T113441_N0500_R080_T29TNF_20221217T102306.zip
2025-07-22 11:15:36,854 - INFO - [sentinel2_tss_pipeline.py:3620] - ✓ Processing completed: 0 products generated
2025-07-22 11:15:37,055 - INFO - [sentinel2_tss_pipeline.py:3669] - → Progress: 2/2 (100.0%), ETA: 0.0 minutes
2025-07-22 11:33:00,072 - INFO - [sentinel2_tss_pipeline.py:6393] - Application finished successfully
