2025-07-22 12:48:09,440 - INFO - [untitled0.py:6088] - ================================================================================
2025-07-22 12:48:09,441 - INFO - [untitled0.py:6089] - UNIFIED S2 PROCESSING & TSS ESTIMATION PIPELINE v1.0
2025-07-22 12:48:09,442 - INFO - [untitled0.py:6090] - ================================================================================
2025-07-22 12:48:09,443 - INFO - [untitled0.py:6091] - SNAP_HOME: C:\Program Files\esa-snap
2025-07-22 12:48:09,443 - INFO - [untitled0.py:6092] - GPT: C:\Program Files\esa-snap\bin\gpt.exe
2025-07-22 12:48:09,444 - INFO - [untitled0.py:6093] - Python: 3.9.22 | packaged by conda-forge | (main, Apr 10 2025, 22:07:06) [MSC v.1929 64 bit (AMD64)]
2025-07-22 12:48:09,445 - INFO - [untitled0.py:6094] - Platform: win32
2025-07-22 12:48:09,445 - INFO - [untitled0.py:6095] - Working Directory: C:\Users\pedro.goncalves\OneDrive - LNEG - Laboratorio Nacional de Energia e Geologia\GitHub\sentinel2-tss-pipeline
2025-07-22 12:48:09,446 - INFO - [untitled0.py:6096] - ================================================================================
2025-07-22 12:48:09,447 - INFO - [untitled0.py:6105] - Starting GUI application...
2025-07-22 12:48:49,886 - INFO - [untitled0.py:2474] - SNAP_HOME: C:\Program Files\esa-snap
2025-07-22 12:48:55,182 - INFO - [untitled0.py:2485] - ✓ GPT validated: C:\Program Files\esa-snap\bin\gpt.exe
2025-07-22 12:48:55,184 - INFO - [untitled0.py:2592] - Complete processing graph saved: s2_complete_processing_with_subset.xml
2025-07-22 12:48:55,185 - INFO - [untitled0.py:2514] - ✓ Processing graph created for mode: complete_pipeline
2025-07-22 12:48:55,185 - INFO - [untitled0.py:2051] - Initialized Advanced Aquatic Processor with scientific algorithms
2025-07-22 12:48:55,186 - INFO - [untitled0.py:1010] - Initialized Jiang TSS Processor with clean methodology
2025-07-22 12:48:55,187 - INFO - [untitled0.py:1013] - Jiang TSS enabled: True
2025-07-22 12:48:55,187 - INFO - [untitled0.py:1014] - Advanced algorithms enabled: True
2025-07-22 12:48:55,188 - INFO - [untitled0.py:1016] - Working algorithms available:
2025-07-22 12:48:55,188 - INFO - [untitled0.py:1017] -   ✓ Water Clarity: True
2025-07-22 12:48:55,189 - INFO - [untitled0.py:1018] -   ✓ HAB Detection: True
2025-07-22 12:48:55,189 - INFO - [untitled0.py:1019] - Note: Only Sentinel-2 compatible algorithms included
2025-07-22 12:48:55,190 - INFO - [untitled0.py:3226] - Initialized Unified S2-TSS Processor - Mode: complete_pipeline
2025-07-22 12:48:55,190 - INFO - [untitled0.py:5609] - TEST MODE: Processing only 2 products
2025-07-22 12:48:55,191 - INFO - [untitled0.py:3300] - 
--------------------------------------------------------------------------------
2025-07-22 12:48:55,192 - INFO - [untitled0.py:3301] - Processing 1/2: S2A_MSIL1C_20190105T112441_N0500_R037_T29TNF_20221215T164753
2025-07-22 12:48:55,193 - INFO - [untitled0.py:3302] - Mode: complete_pipeline
2025-07-22 12:48:55,194 - INFO - [untitled0.py:3303] - --------------------------------------------------------------------------------
2025-07-22 12:48:55,196 - INFO - [untitled0.py:2761] - Processing: S2A_MSIL1C_20190105T112441_N0500_R037_T29TNF_20221215T164753.zip
2025-07-22 12:48:55,196 - INFO - [untitled0.py:2762] -   Mode: complete_pipeline
2025-07-22 12:48:55,197 - INFO - [untitled0.py:2763] -   Resolution: 10m
2025-07-22 12:48:55,197 - INFO - [untitled0.py:2764] -   ECMWF: True
2025-07-22 12:48:55,200 - INFO - [untitled0.py:2910] - Starting S2 processing with C2RCC...
2025-07-22 13:03:46,643 - INFO - [untitled0.py:3072] - ============================================================
2025-07-22 13:03:46,644 - INFO - [untitled0.py:3073] - C2RCC OUTPUT VERIFICATION REPORT
2025-07-22 13:03:46,645 - INFO - [untitled0.py:3074] - ============================================================
2025-07-22 13:03:46,645 - INFO - [untitled0.py:3077] - C2RCC file: Resampled_S2A_20190105T112441_T29TNF_Subset_C2RCC.dim (20.8 MB)
2025-07-22 13:03:46,646 - INFO - [untitled0.py:3078] - Data folder: Resampled_S2A_20190105T112441_T29TNF_Subset_C2RCC.data
2025-07-22 13:03:46,646 - INFO - [untitled0.py:3081] - 
🧪 SNAP TSM/CHL PRODUCTS (Critical for Analysis):
2025-07-22 13:03:46,647 - INFO - [untitled0.py:3093] - ℹ️  TSM/CHL products will be calculated from IOP products
2025-07-22 13:03:46,647 - INFO - [untitled0.py:3094] -    Using SNAP formulas:
2025-07-22 13:03:46,648 - INFO - [untitled0.py:3095] -    • TSM = TSMfac * (bpart + bwit)^TSMexp
2025-07-22 13:03:46,648 - INFO - [untitled0.py:3096] -    • CHL = apig^CHLexp * CHLfac
2025-07-22 13:03:46,649 - INFO - [untitled0.py:3099] - 
🔬 SNAP IOP PRODUCTS (5/6 available):
2025-07-22 13:03:46,650 - INFO - [untitled0.py:3104] -    ✓ iop_apig.img (250524.1 KB)
2025-07-22 13:03:46,650 - INFO - [untitled0.py:3104] -    ✓ iop_adet.img (250524.1 KB)
2025-07-22 13:03:46,651 - INFO - [untitled0.py:3104] -    ✓ iop_agelb.img (250524.1 KB)
2025-07-22 13:03:46,651 - INFO - [untitled0.py:3104] -    ✓ iop_bpart.img (250524.1 KB)
2025-07-22 13:03:46,664 - INFO - [untitled0.py:3104] -    ✓ iop_bwit.img (250524.1 KB)
2025-07-22 13:03:46,664 - INFO - [untitled0.py:3104] -    ✗ iop_btot.img (missing/empty)
2025-07-22 13:03:46,665 - INFO - [untitled0.py:3107] - 
🌊 JIANG TSS READINESS (8/8 bands):
2025-07-22 13:03:46,665 - INFO - [untitled0.py:3109] - ✅ READY: All rhow bands available for Jiang TSS processing
2025-07-22 13:03:46,666 - INFO - [untitled0.py:3116] - 
📊 OVERALL ASSESSMENT:
2025-07-22 13:03:46,667 - INFO - [untitled0.py:3123] - 👍 GOOD: Jiang TSS ready, SNAP products will be calculated
2025-07-22 13:03:46,667 - INFO - [untitled0.py:3127] - ============================================================
2025-07-22 13:03:46,668 - INFO - [untitled0.py:2831] - ✅ S2 processing SUCCESS: S2A_MSIL1C_20190105T112441_N0500_R037_T29TNF_20221215T164753.zip
2025-07-22 13:03:46,668 - INFO - [untitled0.py:2832] -    Output: Resampled_S2A_20190105T112441_T29TNF_Subset_C2RCC.dim (20.8MB)
2025-07-22 13:03:46,669 - INFO - [untitled0.py:2833] -    Processing time: 14.9 minutes
2025-07-22 13:03:46,669 - INFO - [untitled0.py:2840] - Calculating missing SNAP TSM/CHL concentrations from IOP products...
2025-07-22 13:03:46,670 - INFO - [untitled0.py:760] - SNAP TSM/CHL Calculator initialized:
2025-07-22 13:03:46,670 - INFO - [untitled0.py:761] -   TSM formula: TSM = 1.06 * (bpart + bwit)^0.942
2025-07-22 13:03:46,671 - INFO - [untitled0.py:762] -   CHL formula: CHL = apig^1.04 * 21.0
2025-07-22 13:03:46,671 - INFO - [untitled0.py:767] - Calculating SNAP TSM/CHL from IOP products...
2025-07-22 13:03:47,282 - INFO - [untitled0.py:793] - ✓ Loaded apig: (5841, 10980), mean=0.0150
2025-07-22 13:03:47,865 - INFO - [untitled0.py:793] - ✓ Loaded bpart: (5841, 10980), mean=0.1731
2025-07-22 13:03:48,387 - INFO - [untitled0.py:793] - ✓ Loaded bwit: (5841, 10980), mean=0.0502
2025-07-22 13:03:48,388 - INFO - [untitled0.py:803] - Calculating CHL concentration from iop_apig...
2025-07-22 13:03:49,241 - INFO - [untitled0.py:832] - CHL calculation: 22718979 valid pixels out of 22718979 processed
2025-07-22 13:03:52,298 - INFO - [untitled0.py:559] - Successfully wrote raster: conc_chl.img
2025-07-22 13:03:52,559 - INFO - [untitled0.py:851] - ✓ CHL concentration saved: 35.4% coverage, mean=0.836 mg/m³
2025-07-22 13:03:52,560 - INFO - [untitled0.py:861] - Calculating TSM concentration from bpart + bwit (btot approximation)...
2025-07-22 13:03:53,436 - INFO - [untitled0.py:893] - TSM calculation: 22718979 valid pixels out of 22718979 processed
2025-07-22 13:03:56,470 - INFO - [untitled0.py:559] - Successfully wrote raster: conc_tsm.img
2025-07-22 13:03:56,732 - INFO - [untitled0.py:912] - ✓ TSM concentration saved: 35.4% coverage, mean=0.655 g/m³
2025-07-22 13:03:56,807 - INFO - [untitled0.py:2853] - ✅ SNAP TSM calculation successful!
2025-07-22 13:03:56,808 - INFO - [untitled0.py:2856] - ✅ SNAP CHL calculation successful!
2025-07-22 13:03:56,814 - INFO - [untitled0.py:3072] - ============================================================
2025-07-22 13:03:56,814 - INFO - [untitled0.py:3073] - C2RCC OUTPUT VERIFICATION REPORT
2025-07-22 13:03:56,815 - INFO - [untitled0.py:3074] - ============================================================
2025-07-22 13:03:56,815 - INFO - [untitled0.py:3077] - C2RCC file: Resampled_S2A_20190105T112441_T29TNF_Subset_C2RCC.dim (20.8 MB)
2025-07-22 13:03:56,816 - INFO - [untitled0.py:3078] - Data folder: Resampled_S2A_20190105T112441_T29TNF_Subset_C2RCC.data
2025-07-22 13:03:56,816 - INFO - [untitled0.py:3081] - 
🧪 SNAP TSM/CHL PRODUCTS (Critical for Analysis):
2025-07-22 13:03:56,817 - INFO - [untitled0.py:3083] - ✅ SUCCESS: Both TSM and CHL products available!
2025-07-22 13:03:56,818 - INFO - [untitled0.py:3084] -    ✓ TSM: conc_tsm.img (0.0 KB)
2025-07-22 13:03:56,818 - INFO - [untitled0.py:3085] -    ✓ CHL: conc_chl.img (0.0 KB)
2025-07-22 13:03:56,819 - INFO - [untitled0.py:3090] -    ⚠ Uncertainties: Not available (calculated products)
2025-07-22 13:03:56,819 - INFO - [untitled0.py:3099] - 
🔬 SNAP IOP PRODUCTS (5/6 available):
2025-07-22 13:03:56,820 - INFO - [untitled0.py:3104] -    ✓ iop_apig.img (250524.1 KB)
2025-07-22 13:03:56,820 - INFO - [untitled0.py:3104] -    ✓ iop_adet.img (250524.1 KB)
2025-07-22 13:03:56,821 - INFO - [untitled0.py:3104] -    ✓ iop_agelb.img (250524.1 KB)
2025-07-22 13:03:56,821 - INFO - [untitled0.py:3104] -    ✓ iop_bpart.img (250524.1 KB)
2025-07-22 13:03:56,822 - INFO - [untitled0.py:3104] -    ✓ iop_bwit.img (250524.1 KB)
2025-07-22 13:03:56,822 - INFO - [untitled0.py:3104] -    ✗ iop_btot.img (missing/empty)
2025-07-22 13:03:56,823 - INFO - [untitled0.py:3107] - 
🌊 JIANG TSS READINESS (8/8 bands):
2025-07-22 13:03:56,823 - INFO - [untitled0.py:3109] - ✅ READY: All rhow bands available for Jiang TSS processing
2025-07-22 13:03:56,824 - INFO - [untitled0.py:3116] - 
📊 OVERALL ASSESSMENT:
2025-07-22 13:03:56,824 - INFO - [untitled0.py:3118] - 🎯 EXCELLENT: Complete TSS analysis pipeline ready!
2025-07-22 13:03:56,825 - INFO - [untitled0.py:3119] -    - SNAP TSM/CHL: Available
2025-07-22 13:03:56,825 - INFO - [untitled0.py:3120] -    - Jiang TSS: Ready
2025-07-22 13:03:56,826 - INFO - [untitled0.py:3121] -    - Advanced algorithms: Can proceed
2025-07-22 13:03:56,826 - INFO - [untitled0.py:3127] - ============================================================
2025-07-22 13:03:56,827 - INFO - [untitled0.py:2861] - 📊 UPDATED SNAP PRODUCTS STATUS:
2025-07-22 13:03:56,828 - INFO - [untitled0.py:2862] -    TSM=True, CHL=True, Uncertainties=False
2025-07-22 13:03:56,829 - INFO - [untitled0.py:3141] - Starting TSS processing for S2A_MSIL1C_20190105T112441_N0500_R037_T29TNF_20221215T164753.zip
2025-07-22 13:03:56,829 - INFO - [untitled0.py:2051] - Initialized Advanced Aquatic Processor with scientific algorithms
2025-07-22 13:03:56,830 - INFO - [untitled0.py:1010] - Initialized Jiang TSS Processor with clean methodology
2025-07-22 13:03:56,830 - INFO - [untitled0.py:1013] - Jiang TSS enabled: True
2025-07-22 13:03:56,831 - INFO - [untitled0.py:1014] - Advanced algorithms enabled: True
2025-07-22 13:03:56,831 - INFO - [untitled0.py:1016] - Working algorithms available:
2025-07-22 13:03:56,832 - INFO - [untitled0.py:1017] -   ✓ Water Clarity: True
2025-07-22 13:03:56,832 - INFO - [untitled0.py:1018] -   ✓ HAB Detection: True
2025-07-22 13:03:56,833 - INFO - [untitled0.py:1019] - Note: Only Sentinel-2 compatible algorithms included
2025-07-22 13:03:56,834 - INFO - [untitled0.py:1085] - Starting CORRECTED Jiang TSS processing for S2A_MSIL1C_20190105T112441_N0500_R037_T29TNF_20221215T164753.zip
2025-07-22 13:03:56,836 - INFO - [untitled0.py:1055] - Successfully found 8 spectral bands
2025-07-22 13:03:59,294 - INFO - [untitled0.py:1237] - Applying Jiang methodology (exact R translation)
2025-07-22 13:04:00,636 - INFO - [untitled0.py:1355] - Processing 22718979 valid pixels with corrected Jiang algorithm
2025-07-22 13:15:49,217 - INFO - [untitled0.py:1290] - CORRECTED Jiang processing completed:
2025-07-22 13:15:49,219 - INFO - [untitled0.py:1291] -   Valid pixels: 22718979/64134180 (35.4%)
2025-07-22 13:15:49,340 - INFO - [untitled0.py:1299] - Water type distribution (corrected algorithm):
2025-07-22 13:15:49,376 - INFO - [untitled0.py:1310] -   560nm (Type I (Clear water)): 16451874 pixels (72.4%)
2025-07-22 13:15:49,413 - INFO - [untitled0.py:1310] -   665nm (Type II (Moderately turbid)): 5018572 pixels (22.1%)
2025-07-22 13:15:49,450 - INFO - [untitled0.py:1310] -   740nm (Type III (Highly turbid)): 1248528 pixels (5.5%)
2025-07-22 13:15:49,487 - INFO - [untitled0.py:1310] -   865nm (Type IV (Extremely turbid)): 5 pixels (0.0%)
2025-07-22 13:15:49,558 - INFO - [untitled0.py:1108] - Processing advanced algorithms
2025-07-22 13:15:49,560 - INFO - [untitled0.py:1141] - Processing working advanced aquatic algorithms
2025-07-22 13:15:49,560 - INFO - [untitled0.py:1154] - Calculating water clarity indices
2025-07-22 13:15:49,561 - INFO - [untitled0.py:2076] - Calculating water clarity indices
2025-07-22 13:15:50,406 - INFO - [untitled0.py:2111] - Water clarity calculated for 22718979 pixels
2025-07-22 13:15:50,788 - INFO - [untitled0.py:2112] - Mean Secchi depth: 17.05 m
2025-07-22 13:15:51,131 - INFO - [untitled0.py:2113] - Mean clarity index: 0.833
2025-07-22 13:15:51,132 - INFO - [untitled0.py:1168] - Water clarity calculation completed: 6 products
2025-07-22 13:15:51,133 - INFO - [untitled0.py:1177] - Detecting harmful algal blooms using Sentinel-2 spectral analysis
2025-07-22 13:15:51,515 - INFO - [untitled0.py:2133] - Detecting harmful algal blooms using Sentinel-2 spectral analysis
2025-07-22 13:15:51,604 - INFO - [untitled0.py:2155] - Calculating NDCI (Normalized Difference Chlorophyll Index)
2025-07-22 13:15:52,421 - INFO - [untitled0.py:2185] - NDCI calculated for 22718979 pixels
2025-07-22 13:15:52,422 - INFO - [untitled0.py:2189] - Calculating Fluorescence Line Height (FLH)
2025-07-22 13:15:53,187 - INFO - [untitled0.py:2218] - FLH calculated for 64134180 pixels
2025-07-22 13:15:53,188 - INFO - [untitled0.py:2222] - Calculating Maximum Chlorophyll Index (MCI)
2025-07-22 13:15:54,100 - INFO - [untitled0.py:2255] - MCI calculated for 64134180 pixels
2025-07-22 13:15:55,107 - INFO - [untitled0.py:2298] - HAB detection completed using algorithms: NDCI, FLH, MCI
2025-07-22 13:15:55,108 - INFO - [untitled0.py:2299] - Processed 64134180 pixels
2025-07-22 13:15:55,108 - INFO - [untitled0.py:2300] - High risk: 104 pixels (0.0%)
2025-07-22 13:15:55,109 - INFO - [untitled0.py:2301] - Medium risk: 1677 pixels (0.0%)
2025-07-22 13:15:55,109 - INFO - [untitled0.py:2302] - Low risk: 832 pixels (0.0%)
2025-07-22 13:15:55,133 - INFO - [untitled0.py:1198] - HAB detection completed: 11 products
2025-07-22 13:15:55,133 - INFO - [untitled0.py:1205] - Working advanced algorithms completed: 17 products generated
2025-07-22 13:15:55,199 - INFO - [untitled0.py:1113] - Advanced algorithms completed: 17 additional products
2025-07-22 13:15:55,209 - INFO - [untitled0.py:1707] - Saving 23 products:
2025-07-22 13:15:55,209 - INFO - [untitled0.py:1708] -   Core Jiang products: 6
2025-07-22 13:15:55,210 - INFO - [untitled0.py:1709] -   Advanced products: 17
2025-07-22 13:15:58,191 - INFO - [untitled0.py:559] - Successfully wrote raster: S2A_MSIL1C_20190105T112441_N0500_R037_T29TNF_20221215T164753_Jiang_Absorption.tif
2025-07-22 13:16:01,452 - INFO - [untitled0.py:559] - Successfully wrote raster: S2A_MSIL1C_20190105T112441_N0500_R037_T29TNF_20221215T164753_Jiang_Backscattering.tif
2025-07-22 13:16:03,798 - INFO - [untitled0.py:559] - Successfully wrote raster: S2A_MSIL1C_20190105T112441_N0500_R037_T29TNF_20221215T164753_Jiang_ReferenceBand.tif
2025-07-22 13:16:07,059 - INFO - [untitled0.py:559] - Successfully wrote raster: S2A_MSIL1C_20190105T112441_N0500_R037_T29TNF_20221215T164753_Jiang_TSS.tif
2025-07-22 13:16:09,375 - INFO - [untitled0.py:559] - Successfully wrote raster: S2A_MSIL1C_20190105T112441_N0500_R037_T29TNF_20221215T164753_Jiang_WaterTypes.tif
2025-07-22 13:16:11,804 - INFO - [untitled0.py:559] - Successfully wrote raster: S2A_MSIL1C_20190105T112441_N0500_R037_T29TNF_20221215T164753_Jiang_ValidMask.tif
2025-07-22 13:16:15,548 - INFO - [untitled0.py:559] - Successfully wrote raster: S2A_MSIL1C_20190105T112441_N0500_R037_T29TNF_20221215T164753_Clarity_Secchidepth.tif
2025-07-22 13:16:18,829 - INFO - [untitled0.py:559] - Successfully wrote raster: S2A_MSIL1C_20190105T112441_N0500_R037_T29TNF_20221215T164753_Clarity_Clarityindex.tif
2025-07-22 13:16:22,209 - INFO - [untitled0.py:559] - Successfully wrote raster: S2A_MSIL1C_20190105T112441_N0500_R037_T29TNF_20221215T164753_Clarity_Euphoticdepth.tif
2025-07-22 13:16:25,621 - INFO - [untitled0.py:559] - Successfully wrote raster: S2A_MSIL1C_20190105T112441_N0500_R037_T29TNF_20221215T164753_Clarity_Diffuseattenuation.tif
2025-07-22 13:16:28,942 - INFO - [untitled0.py:559] - Successfully wrote raster: S2A_MSIL1C_20190105T112441_N0500_R037_T29TNF_20221215T164753_Clarity_Beamattenuation.tif
2025-07-22 13:16:32,209 - INFO - [untitled0.py:559] - Successfully wrote raster: S2A_MSIL1C_20190105T112441_N0500_R037_T29TNF_20221215T164753_Clarity_Turbidityproxy.tif
2025-07-22 13:16:34,062 - INFO - [untitled0.py:559] - Successfully wrote raster: S2A_MSIL1C_20190105T112441_N0500_R037_T29TNF_20221215T164753_HAB_Probability.tif
2025-07-22 13:16:36,245 - INFO - [untitled0.py:559] - Successfully wrote raster: S2A_MSIL1C_20190105T112441_N0500_R037_T29TNF_20221215T164753_HAB_Risk_Level.tif
2025-07-22 13:16:38,411 - INFO - [untitled0.py:559] - Successfully wrote raster: S2A_MSIL1C_20190105T112441_N0500_R037_T29TNF_20221215T164753_HAB_High_Biomass_Alert.tif
2025-07-22 13:16:40,535 - INFO - [untitled0.py:559] - Successfully wrote raster: S2A_MSIL1C_20190105T112441_N0500_R037_T29TNF_20221215T164753_HAB_Extreme_Biomass_Alert.tif
2025-07-22 13:16:42,845 - INFO - [untitled0.py:559] - Successfully wrote raster: S2A_MSIL1C_20190105T112441_N0500_R037_T29TNF_20221215T164753_HAB_Ndci_Bloom.tif
2025-07-22 13:16:45,038 - INFO - [untitled0.py:559] - Successfully wrote raster: S2A_MSIL1C_20190105T112441_N0500_R037_T29TNF_20221215T164753_HAB_Flh_Bloom.tif
2025-07-22 13:16:47,180 - INFO - [untitled0.py:559] - Successfully wrote raster: S2A_MSIL1C_20190105T112441_N0500_R037_T29TNF_20221215T164753_HAB_Mci_Bloom.tif
2025-07-22 13:16:49,396 - INFO - [untitled0.py:559] - Successfully wrote raster: S2A_MSIL1C_20190105T112441_N0500_R037_T29TNF_20221215T164753_HAB_Cyanobacteria_Bloom.tif
2025-07-22 13:16:52,656 - INFO - [untitled0.py:559] - Successfully wrote raster: S2A_MSIL1C_20190105T112441_N0500_R037_T29TNF_20221215T164753_HAB_Ndci_Values.tif
2025-07-22 13:16:55,828 - INFO - [untitled0.py:559] - Successfully wrote raster: S2A_MSIL1C_20190105T112441_N0500_R037_T29TNF_20221215T164753_HAB_Flh_Values.tif
2025-07-22 13:16:59,147 - INFO - [untitled0.py:559] - Successfully wrote raster: S2A_MSIL1C_20190105T112441_N0500_R037_T29TNF_20221215T164753_HAB_Mci_Values.tif
2025-07-22 13:16:59,606 - INFO - [untitled0.py:1860] - Water type legend created: S2A_MSIL1C_20190105T112441_N0500_R037_T29TNF_20221215T164753_WaterTypes_Legend.txt
2025-07-22 13:16:59,607 - INFO - [untitled0.py:1785] - Product saving completed:
2025-07-22 13:16:59,608 - INFO - [untitled0.py:1786] -   Successfully saved: 23 products
2025-07-22 13:16:59,608 - INFO - [untitled0.py:1787] -   Skipped (no data): 0 products
2025-07-22 13:16:59,609 - INFO - [untitled0.py:1788] -   Total attempted: 23 products
2025-07-22 13:16:59,609 - INFO - [untitled0.py:1789] -   Output folder: D:/GSEU_WP5/02_TSS_Results\TSS_Products\S2A_MSIL1C_20190105T112441_N0500_R037_T29TNF_20221215T164753
2025-07-22 13:16:59,835 - INFO - [untitled0.py:1927] - === COMPLETE PROCESSING SUMMARY: S2A_MSIL1C_20190105T112441_N0500_R037_T29TNF_20221215T164753 ===
2025-07-22 13:16:59,836 - INFO - [untitled0.py:1928] - Total coverage: 35.4%
2025-07-22 13:16:59,837 - INFO - [untitled0.py:1929] - TSS range: -0.03 - 86.02 g/m³
2025-07-22 13:16:59,837 - INFO - [untitled0.py:1930] - TSS mean: 0.48 g/m³
2025-07-22 13:16:59,963 - INFO - [untitled0.py:1938] - Jiang water type classification results:
2025-07-22 13:17:00,000 - INFO - [untitled0.py:1949] -   560nm (Type I (Clear)): 16451874 pixels (72.4%)
2025-07-22 13:17:00,037 - INFO - [untitled0.py:1949] -   665nm (Type II (Moderately turbid)): 5018572 pixels (22.1%)
2025-07-22 13:17:00,074 - INFO - [untitled0.py:1949] -   740nm (Type III (Highly turbid)): 1248528 pixels (5.5%)
2025-07-22 13:17:00,112 - INFO - [untitled0.py:1949] -   865nm (Type IV (Extremely turbid)): 5 pixels (0.0%)
2025-07-22 13:17:00,309 - INFO - [untitled0.py:1971] - HAB detection: 2613 pixels with bloom risk (104 high risk)
2025-07-22 13:17:00,309 - INFO - [untitled0.py:1973] - ============================================================
2025-07-22 13:17:00,314 - INFO - [untitled0.py:1909] - Product index created: S2A_MSIL1C_20190105T112441_N0500_R037_T29TNF_20221215T164753_ProductIndex.txt
2025-07-22 13:17:00,322 - INFO - [untitled0.py:1125] - CORRECTED Jiang processing completed:
2025-07-22 13:17:00,323 - INFO - [untitled0.py:1126] -   Jiang products: 6
2025-07-22 13:17:00,324 - INFO - [untitled0.py:1127] -   Advanced products: 17
2025-07-22 13:17:00,324 - INFO - [untitled0.py:1128] -   Total products: 23
2025-07-22 13:17:00,599 - INFO - [untitled0.py:3336] - ✓ Processing completed: 26 products generated
2025-07-22 13:17:00,602 - INFO - [untitled0.py:3347] -   s2_processing: 20.8MB, status=completed
2025-07-22 13:17:00,603 - INFO - [untitled0.py:3344] -   snap_chl: 35.4% coverage, mean=0.84
2025-07-22 13:17:00,603 - INFO - [untitled0.py:3344] -   snap_tsm: 35.4% coverage, mean=0.66
2025-07-22 13:17:00,604 - INFO - [untitled0.py:3344] -   absorption: 35.4% coverage, mean=0.31
2025-07-22 13:17:00,604 - INFO - [untitled0.py:3344] -   backscattering: 35.4% coverage, mean=0.00
2025-07-22 13:17:00,605 - INFO - [untitled0.py:3344] -   reference_band: 35.4% coverage, mean=593.09
2025-07-22 13:17:00,605 - INFO - [untitled0.py:3344] -   tss: 35.4% coverage, mean=0.48
2025-07-22 13:17:00,606 - INFO - [untitled0.py:3344] -   water_type_classification: 100.0% coverage, mean=0.47
2025-07-22 13:17:00,607 - INFO - [untitled0.py:3344] -   valid_mask: 100.0% coverage, mean=0.35
2025-07-22 13:17:00,607 - INFO - [untitled0.py:3344] -   secchi_depth: 35.4% coverage, mean=17.05
2025-07-22 13:17:00,608 - INFO - [untitled0.py:3344] -   clarity_index: 35.4% coverage, mean=0.83
2025-07-22 13:17:00,608 - INFO - [untitled0.py:3344] -   euphotic_depth: 35.4% coverage, mean=46.19
2025-07-22 13:17:00,609 - INFO - [untitled0.py:3344] -   diffuse_attenuation: 35.4% coverage, mean=0.32
2025-07-22 13:17:00,610 - INFO - [untitled0.py:3344] -   beam_attenuation: 35.4% coverage, mean=0.32
2025-07-22 13:17:00,610 - INFO - [untitled0.py:3344] -   turbidity_proxy: 35.4% coverage, mean=4.22
2025-07-22 13:17:00,611 - INFO - [untitled0.py:3344] -   hab_probability: 100.0% coverage, mean=0.00
2025-07-22 13:17:00,611 - INFO - [untitled0.py:3344] -   hab_risk_level: 100.0% coverage, mean=0.00
2025-07-22 13:17:00,612 - INFO - [untitled0.py:3344] -   high_biomass_alert: 100.0% coverage, mean=0.00
2025-07-22 13:17:00,612 - INFO - [untitled0.py:3344] -   extreme_biomass_alert: 100.0% coverage, mean=0.00
2025-07-22 13:17:00,613 - INFO - [untitled0.py:3344] -   ndci_bloom: 100.0% coverage, mean=0.00
2025-07-22 13:17:00,613 - INFO - [untitled0.py:3344] -   flh_bloom: 100.0% coverage, mean=0.00
2025-07-22 13:17:00,614 - INFO - [untitled0.py:3344] -   mci_bloom: 100.0% coverage, mean=0.00
2025-07-22 13:17:00,614 - INFO - [untitled0.py:3344] -   cyanobacteria_bloom: 100.0% coverage, mean=0.00
2025-07-22 13:17:00,615 - INFO - [untitled0.py:3344] -   ndci_values: 35.4% coverage, mean=-0.25
2025-07-22 13:17:00,616 - INFO - [untitled0.py:3344] -   flh_values: 100.0% coverage, mean=0.00
2025-07-22 13:17:00,616 - INFO - [untitled0.py:3344] -   mci_values: 100.0% coverage, mean=-0.00
2025-07-22 13:17:00,882 - INFO - [untitled0.py:3385] - → Progress: 1/2 (50.0%), ETA: 28.2 minutes
2025-07-22 13:17:00,887 - INFO - [untitled0.py:3300] - 
--------------------------------------------------------------------------------
2025-07-22 13:17:00,887 - INFO - [untitled0.py:3301] - Processing 2/2: S2A_MSIL1C_20190108T113441_N0500_R080_T29TNF_20221217T102306
2025-07-22 13:17:00,888 - INFO - [untitled0.py:3302] - Mode: complete_pipeline
2025-07-22 13:17:00,889 - INFO - [untitled0.py:3303] - --------------------------------------------------------------------------------
2025-07-22 13:17:00,889 - INFO - [untitled0.py:2761] - Processing: S2A_MSIL1C_20190108T113441_N0500_R080_T29TNF_20221217T102306.zip
2025-07-22 13:17:00,889 - INFO - [untitled0.py:2762] -   Mode: complete_pipeline
2025-07-22 13:17:00,890 - INFO - [untitled0.py:2763] -   Resolution: 10m
2025-07-22 13:17:00,890 - INFO - [untitled0.py:2764] -   ECMWF: True
2025-07-22 13:17:00,892 - INFO - [untitled0.py:2910] - Starting S2 processing with C2RCC...
2025-07-22 13:31:23,527 - INFO - [untitled0.py:3072] - ============================================================
2025-07-22 13:31:23,528 - INFO - [untitled0.py:3073] - C2RCC OUTPUT VERIFICATION REPORT
2025-07-22 13:31:23,529 - INFO - [untitled0.py:3074] - ============================================================
2025-07-22 13:31:23,529 - INFO - [untitled0.py:3077] - C2RCC file: Resampled_S2A_20190108T113441_T29TNF_Subset_C2RCC.dim (20.7 MB)
2025-07-22 13:31:23,530 - INFO - [untitled0.py:3078] - Data folder: Resampled_S2A_20190108T113441_T29TNF_Subset_C2RCC.data
2025-07-22 13:31:23,530 - INFO - [untitled0.py:3081] - 
🧪 SNAP TSM/CHL PRODUCTS (Critical for Analysis):
2025-07-22 13:31:23,531 - INFO - [untitled0.py:3093] - ℹ️  TSM/CHL products will be calculated from IOP products
2025-07-22 13:31:23,531 - INFO - [untitled0.py:3094] -    Using SNAP formulas:
2025-07-22 13:31:23,532 - INFO - [untitled0.py:3095] -    • TSM = TSMfac * (bpart + bwit)^TSMexp
2025-07-22 13:31:23,532 - INFO - [untitled0.py:3096] -    • CHL = apig^CHLexp * CHLfac
2025-07-22 13:31:23,533 - INFO - [untitled0.py:3099] - 
🔬 SNAP IOP PRODUCTS (5/6 available):
2025-07-22 13:31:23,533 - INFO - [untitled0.py:3104] -    ✓ iop_apig.img (250524.1 KB)
2025-07-22 13:31:23,534 - INFO - [untitled0.py:3104] -    ✓ iop_adet.img (250524.1 KB)
2025-07-22 13:31:23,534 - INFO - [untitled0.py:3104] -    ✓ iop_agelb.img (250524.1 KB)
2025-07-22 13:31:23,535 - INFO - [untitled0.py:3104] -    ✓ iop_bpart.img (250524.1 KB)
2025-07-22 13:31:23,536 - INFO - [untitled0.py:3104] -    ✓ iop_bwit.img (250524.1 KB)
2025-07-22 13:31:23,536 - INFO - [untitled0.py:3104] -    ✗ iop_btot.img (missing/empty)
2025-07-22 13:31:23,537 - INFO - [untitled0.py:3107] - 
🌊 JIANG TSS READINESS (8/8 bands):
2025-07-22 13:31:23,537 - INFO - [untitled0.py:3109] - ✅ READY: All rhow bands available for Jiang TSS processing
2025-07-22 13:31:23,538 - INFO - [untitled0.py:3116] - 
📊 OVERALL ASSESSMENT:
2025-07-22 13:31:23,538 - INFO - [untitled0.py:3123] - 👍 GOOD: Jiang TSS ready, SNAP products will be calculated
2025-07-22 13:31:23,539 - INFO - [untitled0.py:3127] - ============================================================
2025-07-22 13:31:23,539 - INFO - [untitled0.py:2831] - ✅ S2 processing SUCCESS: S2A_MSIL1C_20190108T113441_N0500_R080_T29TNF_20221217T102306.zip
2025-07-22 13:31:23,540 - INFO - [untitled0.py:2832] -    Output: Resampled_S2A_20190108T113441_T29TNF_Subset_C2RCC.dim (20.7MB)
2025-07-22 13:31:23,540 - INFO - [untitled0.py:2833] -    Processing time: 14.4 minutes
2025-07-22 13:31:23,541 - INFO - [untitled0.py:2840] - Calculating missing SNAP TSM/CHL concentrations from IOP products...
2025-07-22 13:31:23,541 - INFO - [untitled0.py:760] - SNAP TSM/CHL Calculator initialized:
2025-07-22 13:31:23,542 - INFO - [untitled0.py:761] -   TSM formula: TSM = 1.06 * (bpart + bwit)^0.942
2025-07-22 13:31:23,543 - INFO - [untitled0.py:762] -   CHL formula: CHL = apig^1.04 * 21.0
2025-07-22 13:31:23,543 - INFO - [untitled0.py:767] - Calculating SNAP TSM/CHL from IOP products...
2025-07-22 13:31:24,071 - INFO - [untitled0.py:793] - ✓ Loaded apig: (5841, 10980), mean=0.1622
2025-07-22 13:31:24,635 - INFO - [untitled0.py:793] - ✓ Loaded bpart: (5841, 10980), mean=0.1605
2025-07-22 13:31:25,114 - INFO - [untitled0.py:793] - ✓ Loaded bwit: (5841, 10980), mean=0.4381
2025-07-22 13:31:25,115 - INFO - [untitled0.py:803] - Calculating CHL concentration from iop_apig...
2025-07-22 13:31:25,830 - INFO - [untitled0.py:832] - CHL calculation: 18614363 valid pixels out of 18614363 processed
2025-07-22 13:31:28,279 - INFO - [untitled0.py:559] - Successfully wrote raster: conc_chl.img
2025-07-22 13:31:28,485 - INFO - [untitled0.py:851] - ✓ CHL concentration saved: 29.0% coverage, mean=11.566 mg/m³
2025-07-22 13:31:28,486 - INFO - [untitled0.py:861] - Calculating TSM concentration from bpart + bwit (btot approximation)...
2025-07-22 13:31:29,269 - INFO - [untitled0.py:893] - TSM calculation: 18614363 valid pixels out of 18614363 processed
2025-07-22 13:31:31,690 - INFO - [untitled0.py:559] - Successfully wrote raster: conc_tsm.img
2025-07-22 13:31:31,896 - INFO - [untitled0.py:912] - ✓ TSM concentration saved: 29.0% coverage, mean=2.049 g/m³
2025-07-22 13:31:31,980 - INFO - [untitled0.py:2853] - ✅ SNAP TSM calculation successful!
2025-07-22 13:31:31,981 - INFO - [untitled0.py:2856] - ✅ SNAP CHL calculation successful!
2025-07-22 13:31:31,988 - INFO - [untitled0.py:3072] - ============================================================
2025-07-22 13:31:31,988 - INFO - [untitled0.py:3073] - C2RCC OUTPUT VERIFICATION REPORT
2025-07-22 13:31:31,989 - INFO - [untitled0.py:3074] - ============================================================
2025-07-22 13:31:31,990 - INFO - [untitled0.py:3077] - C2RCC file: Resampled_S2A_20190108T113441_T29TNF_Subset_C2RCC.dim (20.7 MB)
2025-07-22 13:31:31,990 - INFO - [untitled0.py:3078] - Data folder: Resampled_S2A_20190108T113441_T29TNF_Subset_C2RCC.data
2025-07-22 13:31:31,991 - INFO - [untitled0.py:3081] - 
🧪 SNAP TSM/CHL PRODUCTS (Critical for Analysis):
2025-07-22 13:31:31,991 - INFO - [untitled0.py:3083] - ✅ SUCCESS: Both TSM and CHL products available!
2025-07-22 13:31:31,993 - INFO - [untitled0.py:3084] -    ✓ TSM: conc_tsm.img (0.0 KB)
2025-07-22 13:31:31,993 - INFO - [untitled0.py:3085] -    ✓ CHL: conc_chl.img (0.0 KB)
2025-07-22 13:31:31,993 - INFO - [untitled0.py:3090] -    ⚠ Uncertainties: Not available (calculated products)
2025-07-22 13:31:31,994 - INFO - [untitled0.py:3099] - 
🔬 SNAP IOP PRODUCTS (5/6 available):
2025-07-22 13:31:31,994 - INFO - [untitled0.py:3104] -    ✓ iop_apig.img (250524.1 KB)
2025-07-22 13:31:31,995 - INFO - [untitled0.py:3104] -    ✓ iop_adet.img (250524.1 KB)
2025-07-22 13:31:31,996 - INFO - [untitled0.py:3104] -    ✓ iop_agelb.img (250524.1 KB)
2025-07-22 13:31:31,996 - INFO - [untitled0.py:3104] -    ✓ iop_bpart.img (250524.1 KB)
2025-07-22 13:31:31,997 - INFO - [untitled0.py:3104] -    ✓ iop_bwit.img (250524.1 KB)
2025-07-22 13:31:31,998 - INFO - [untitled0.py:3104] -    ✗ iop_btot.img (missing/empty)
2025-07-22 13:31:31,998 - INFO - [untitled0.py:3107] - 
🌊 JIANG TSS READINESS (8/8 bands):
2025-07-22 13:31:31,999 - INFO - [untitled0.py:3109] - ✅ READY: All rhow bands available for Jiang TSS processing
2025-07-22 13:31:32,000 - INFO - [untitled0.py:3116] - 
📊 OVERALL ASSESSMENT:
2025-07-22 13:31:32,000 - INFO - [untitled0.py:3118] - 🎯 EXCELLENT: Complete TSS analysis pipeline ready!
2025-07-22 13:31:32,001 - INFO - [untitled0.py:3119] -    - SNAP TSM/CHL: Available
2025-07-22 13:31:32,002 - INFO - [untitled0.py:3120] -    - Jiang TSS: Ready
2025-07-22 13:31:32,002 - INFO - [untitled0.py:3121] -    - Advanced algorithms: Can proceed
2025-07-22 13:31:32,002 - INFO - [untitled0.py:3127] - ============================================================
2025-07-22 13:31:32,003 - INFO - [untitled0.py:2861] - 📊 UPDATED SNAP PRODUCTS STATUS:
2025-07-22 13:31:32,003 - INFO - [untitled0.py:2862] -    TSM=True, CHL=True, Uncertainties=False
2025-07-22 13:31:32,004 - INFO - [untitled0.py:3141] - Starting TSS processing for S2A_MSIL1C_20190108T113441_N0500_R080_T29TNF_20221217T102306.zip
2025-07-22 13:31:32,005 - INFO - [untitled0.py:2051] - Initialized Advanced Aquatic Processor with scientific algorithms
2025-07-22 13:31:32,006 - INFO - [untitled0.py:1010] - Initialized Jiang TSS Processor with clean methodology
2025-07-22 13:31:32,006 - INFO - [untitled0.py:1013] - Jiang TSS enabled: True
2025-07-22 13:31:32,006 - INFO - [untitled0.py:1014] - Advanced algorithms enabled: True
2025-07-22 13:31:32,007 - INFO - [untitled0.py:1016] - Working algorithms available:
2025-07-22 13:31:32,007 - INFO - [untitled0.py:1017] -   ✓ Water Clarity: True
2025-07-22 13:31:32,008 - INFO - [untitled0.py:1018] -   ✓ HAB Detection: True
2025-07-22 13:31:32,008 - INFO - [untitled0.py:1019] - Note: Only Sentinel-2 compatible algorithms included
2025-07-22 13:31:32,010 - INFO - [untitled0.py:1085] - Starting CORRECTED Jiang TSS processing for S2A_MSIL1C_20190108T113441_N0500_R080_T29TNF_20221217T102306.zip
2025-07-22 13:31:32,012 - INFO - [untitled0.py:1055] - Successfully found 8 spectral bands
2025-07-22 13:31:33,831 - INFO - [untitled0.py:1237] - Applying Jiang methodology (exact R translation)
2025-07-22 13:31:34,989 - INFO - [untitled0.py:1355] - Processing 18614363 valid pixels with corrected Jiang algorithm
2025-07-22 13:40:36,416 - INFO - [untitled0.py:1290] - CORRECTED Jiang processing completed:
2025-07-22 13:40:36,417 - INFO - [untitled0.py:1291] -   Valid pixels: 18614363/64134180 (29.0%)
2025-07-22 13:40:36,510 - INFO - [untitled0.py:1299] - Water type distribution (corrected algorithm):
2025-07-22 13:40:36,540 - INFO - [untitled0.py:1310] -   560nm (Type I (Clear water)): 1707046 pixels (9.2%)
2025-07-22 13:40:36,570 - INFO - [untitled0.py:1310] -   665nm (Type II (Moderately turbid)): 1995449 pixels (10.7%)
2025-07-22 13:40:36,600 - INFO - [untitled0.py:1310] -   740nm (Type III (Highly turbid)): 14911864 pixels (80.1%)
2025-07-22 13:40:36,631 - INFO - [untitled0.py:1310] -   865nm (Type IV (Extremely turbid)): 4 pixels (0.0%)
2025-07-22 13:40:36,697 - INFO - [untitled0.py:1108] - Processing advanced algorithms
2025-07-22 13:40:36,698 - INFO - [untitled0.py:1141] - Processing working advanced aquatic algorithms
2025-07-22 13:40:36,699 - INFO - [untitled0.py:1154] - Calculating water clarity indices
2025-07-22 13:40:36,699 - INFO - [untitled0.py:2076] - Calculating water clarity indices
2025-07-22 13:40:37,541 - INFO - [untitled0.py:2111] - Water clarity calculated for 18614363 pixels
2025-07-22 13:40:37,917 - INFO - [untitled0.py:2112] - Mean Secchi depth: 3.02 m
2025-07-22 13:40:38,232 - INFO - [untitled0.py:2113] - Mean clarity index: 0.370
2025-07-22 13:40:38,233 - INFO - [untitled0.py:1168] - Water clarity calculation completed: 6 products
2025-07-22 13:40:38,234 - INFO - [untitled0.py:1177] - Detecting harmful algal blooms using Sentinel-2 spectral analysis
2025-07-22 13:40:38,617 - INFO - [untitled0.py:2133] - Detecting harmful algal blooms using Sentinel-2 spectral analysis
2025-07-22 13:40:38,722 - INFO - [untitled0.py:2155] - Calculating NDCI (Normalized Difference Chlorophyll Index)
2025-07-22 13:40:39,436 - INFO - [untitled0.py:2185] - NDCI calculated for 18614363 pixels
2025-07-22 13:40:39,437 - INFO - [untitled0.py:2189] - Calculating Fluorescence Line Height (FLH)
2025-07-22 13:40:40,188 - INFO - [untitled0.py:2218] - FLH calculated for 64134180 pixels
2025-07-22 13:40:40,189 - INFO - [untitled0.py:2222] - Calculating Maximum Chlorophyll Index (MCI)
2025-07-22 13:40:41,174 - INFO - [untitled0.py:2255] - MCI calculated for 64134180 pixels
2025-07-22 13:40:42,094 - INFO - [untitled0.py:2298] - HAB detection completed using algorithms: NDCI, FLH, MCI
2025-07-22 13:40:42,096 - INFO - [untitled0.py:2299] - Processed 64134180 pixels
2025-07-22 13:40:42,096 - INFO - [untitled0.py:2300] - High risk: 116 pixels (0.0%)
2025-07-22 13:40:42,097 - INFO - [untitled0.py:2301] - Medium risk: 5206 pixels (0.0%)
2025-07-22 13:40:42,097 - INFO - [untitled0.py:2302] - Low risk: 1040 pixels (0.0%)
2025-07-22 13:40:42,118 - INFO - [untitled0.py:1198] - HAB detection completed: 11 products
2025-07-22 13:40:42,119 - INFO - [untitled0.py:1205] - Working advanced algorithms completed: 17 products generated
2025-07-22 13:40:42,189 - INFO - [untitled0.py:1113] - Advanced algorithms completed: 17 additional products
2025-07-22 13:40:42,199 - INFO - [untitled0.py:1707] - Saving 23 products:
2025-07-22 13:40:42,200 - INFO - [untitled0.py:1708] -   Core Jiang products: 6
2025-07-22 13:40:42,201 - INFO - [untitled0.py:1709] -   Advanced products: 17
2025-07-22 13:40:44,182 - INFO - [untitled0.py:559] - Successfully wrote raster: S2A_MSIL1C_20190108T113441_N0500_R080_T29TNF_20221217T102306_Jiang_Absorption.tif
2025-07-22 13:40:46,968 - INFO - [untitled0.py:559] - Successfully wrote raster: S2A_MSIL1C_20190108T113441_N0500_R080_T29TNF_20221217T102306_Jiang_Backscattering.tif
2025-07-22 13:40:49,120 - INFO - [untitled0.py:559] - Successfully wrote raster: S2A_MSIL1C_20190108T113441_N0500_R080_T29TNF_20221217T102306_Jiang_ReferenceBand.tif
2025-07-22 13:40:52,047 - INFO - [untitled0.py:559] - Successfully wrote raster: S2A_MSIL1C_20190108T113441_N0500_R080_T29TNF_20221217T102306_Jiang_TSS.tif
2025-07-22 13:40:54,145 - INFO - [untitled0.py:559] - Successfully wrote raster: S2A_MSIL1C_20190108T113441_N0500_R080_T29TNF_20221217T102306_Jiang_WaterTypes.tif
2025-07-22 13:40:56,770 - INFO - [untitled0.py:559] - Successfully wrote raster: S2A_MSIL1C_20190108T113441_N0500_R080_T29TNF_20221217T102306_Jiang_ValidMask.tif
2025-07-22 13:41:00,188 - INFO - [untitled0.py:559] - Successfully wrote raster: S2A_MSIL1C_20190108T113441_N0500_R080_T29TNF_20221217T102306_Clarity_Secchidepth.tif
2025-07-22 13:41:02,953 - INFO - [untitled0.py:559] - Successfully wrote raster: S2A_MSIL1C_20190108T113441_N0500_R080_T29TNF_20221217T102306_Clarity_Clarityindex.tif
2025-07-22 13:41:05,913 - INFO - [untitled0.py:559] - Successfully wrote raster: S2A_MSIL1C_20190108T113441_N0500_R080_T29TNF_20221217T102306_Clarity_Euphoticdepth.tif
2025-07-22 13:41:08,834 - INFO - [untitled0.py:559] - Successfully wrote raster: S2A_MSIL1C_20190108T113441_N0500_R080_T29TNF_20221217T102306_Clarity_Diffuseattenuation.tif
2025-07-22 13:41:11,629 - INFO - [untitled0.py:559] - Successfully wrote raster: S2A_MSIL1C_20190108T113441_N0500_R080_T29TNF_20221217T102306_Clarity_Beamattenuation.tif
2025-07-22 13:41:14,403 - INFO - [untitled0.py:559] - Successfully wrote raster: S2A_MSIL1C_20190108T113441_N0500_R080_T29TNF_20221217T102306_Clarity_Turbidityproxy.tif
2025-07-22 13:41:16,041 - INFO - [untitled0.py:559] - Successfully wrote raster: S2A_MSIL1C_20190108T113441_N0500_R080_T29TNF_20221217T102306_HAB_Probability.tif
2025-07-22 13:41:18,193 - INFO - [untitled0.py:559] - Successfully wrote raster: S2A_MSIL1C_20190108T113441_N0500_R080_T29TNF_20221217T102306_HAB_Risk_Level.tif
2025-07-22 13:41:20,410 - INFO - [untitled0.py:559] - Successfully wrote raster: S2A_MSIL1C_20190108T113441_N0500_R080_T29TNF_20221217T102306_HAB_High_Biomass_Alert.tif
2025-07-22 13:41:22,646 - INFO - [untitled0.py:559] - Successfully wrote raster: S2A_MSIL1C_20190108T113441_N0500_R080_T29TNF_20221217T102306_HAB_Extreme_Biomass_Alert.tif
2025-07-22 13:41:24,785 - INFO - [untitled0.py:559] - Successfully wrote raster: S2A_MSIL1C_20190108T113441_N0500_R080_T29TNF_20221217T102306_HAB_Ndci_Bloom.tif
2025-07-22 13:41:27,062 - INFO - [untitled0.py:559] - Successfully wrote raster: S2A_MSIL1C_20190108T113441_N0500_R080_T29TNF_20221217T102306_HAB_Flh_Bloom.tif
2025-07-22 13:41:29,484 - INFO - [untitled0.py:559] - Successfully wrote raster: S2A_MSIL1C_20190108T113441_N0500_R080_T29TNF_20221217T102306_HAB_Mci_Bloom.tif
2025-07-22 13:41:31,876 - INFO - [untitled0.py:559] - Successfully wrote raster: S2A_MSIL1C_20190108T113441_N0500_R080_T29TNF_20221217T102306_HAB_Cyanobacteria_Bloom.tif
2025-07-22 13:41:35,098 - INFO - [untitled0.py:559] - Successfully wrote raster: S2A_MSIL1C_20190108T113441_N0500_R080_T29TNF_20221217T102306_HAB_Ndci_Values.tif
2025-07-22 13:41:38,047 - INFO - [untitled0.py:559] - Successfully wrote raster: S2A_MSIL1C_20190108T113441_N0500_R080_T29TNF_20221217T102306_HAB_Flh_Values.tif
2025-07-22 13:41:41,339 - INFO - [untitled0.py:559] - Successfully wrote raster: S2A_MSIL1C_20190108T113441_N0500_R080_T29TNF_20221217T102306_HAB_Mci_Values.tif
2025-07-22 13:41:41,824 - INFO - [untitled0.py:1860] - Water type legend created: S2A_MSIL1C_20190108T113441_N0500_R080_T29TNF_20221217T102306_WaterTypes_Legend.txt
2025-07-22 13:41:41,825 - INFO - [untitled0.py:1785] - Product saving completed:
2025-07-22 13:41:41,826 - INFO - [untitled0.py:1786] -   Successfully saved: 23 products
2025-07-22 13:41:41,826 - INFO - [untitled0.py:1787] -   Skipped (no data): 0 products
2025-07-22 13:41:41,827 - INFO - [untitled0.py:1788] -   Total attempted: 23 products
2025-07-22 13:41:41,827 - INFO - [untitled0.py:1789] -   Output folder: D:/GSEU_WP5/02_TSS_Results\TSS_Products\S2A_MSIL1C_20190108T113441_N0500_R080_T29TNF_20221217T102306
2025-07-22 13:41:42,059 - INFO - [untitled0.py:1927] - === COMPLETE PROCESSING SUMMARY: S2A_MSIL1C_20190108T113441_N0500_R080_T29TNF_20221217T102306 ===
2025-07-22 13:41:42,060 - INFO - [untitled0.py:1928] - Total coverage: 29.0%
2025-07-22 13:41:42,061 - INFO - [untitled0.py:1929] - TSS range: -0.03 - 88.45 g/m³
2025-07-22 13:41:42,061 - INFO - [untitled0.py:1930] - TSS mean: 2.24 g/m³
2025-07-22 13:41:42,158 - INFO - [untitled0.py:1938] - Jiang water type classification results:
2025-07-22 13:41:42,179 - INFO - [untitled0.py:1949] -   560nm (Type I (Clear)): 1707046 pixels (9.2%)
2025-07-22 13:41:42,199 - INFO - [untitled0.py:1949] -   665nm (Type II (Moderately turbid)): 1995449 pixels (10.7%)
2025-07-22 13:41:42,220 - INFO - [untitled0.py:1949] -   740nm (Type III (Highly turbid)): 14911864 pixels (80.1%)
2025-07-22 13:41:42,240 - INFO - [untitled0.py:1949] -   865nm (Type IV (Extremely turbid)): 4 pixels (0.0%)
2025-07-22 13:41:42,506 - INFO - [untitled0.py:1971] - HAB detection: 6362 pixels with bloom risk (116 high risk)
2025-07-22 13:41:42,507 - INFO - [untitled0.py:1973] - ============================================================
2025-07-22 13:41:42,521 - INFO - [untitled0.py:1909] - Product index created: S2A_MSIL1C_20190108T113441_N0500_R080_T29TNF_20221217T102306_ProductIndex.txt
2025-07-22 13:41:42,530 - INFO - [untitled0.py:1125] - CORRECTED Jiang processing completed:
2025-07-22 13:41:42,531 - INFO - [untitled0.py:1126] -   Jiang products: 6
2025-07-22 13:41:42,532 - INFO - [untitled0.py:1127] -   Advanced products: 17
2025-07-22 13:41:42,532 - INFO - [untitled0.py:1128] -   Total products: 23
2025-07-22 13:41:42,775 - INFO - [untitled0.py:3336] - ✓ Processing completed: 26 products generated
2025-07-22 13:41:42,776 - INFO - [untitled0.py:3347] -   s2_processing: 20.7MB, status=completed
2025-07-22 13:41:42,777 - INFO - [untitled0.py:3344] -   snap_chl: 29.0% coverage, mean=11.57
2025-07-22 13:41:42,778 - INFO - [untitled0.py:3344] -   snap_tsm: 29.0% coverage, mean=2.05
2025-07-22 13:41:42,778 - INFO - [untitled0.py:3344] -   absorption: 29.0% coverage, mean=2.23
2025-07-22 13:41:42,779 - INFO - [untitled0.py:3344] -   backscattering: 29.0% coverage, mean=0.02
2025-07-22 13:41:42,780 - INFO - [untitled0.py:3344] -   reference_band: 29.0% coverage, mean=715.45
2025-07-22 13:41:42,780 - INFO - [untitled0.py:3344] -   tss: 29.0% coverage, mean=2.24
2025-07-22 13:41:42,781 - INFO - [untitled0.py:3344] -   water_type_classification: 100.0% coverage, mean=0.79
2025-07-22 13:41:42,781 - INFO - [untitled0.py:3344] -   valid_mask: 100.0% coverage, mean=0.29
2025-07-22 13:41:42,782 - INFO - [untitled0.py:3344] -   secchi_depth: 29.0% coverage, mean=3.02
2025-07-22 13:41:42,782 - INFO - [untitled0.py:3344] -   clarity_index: 29.0% coverage, mean=0.37
2025-07-22 13:41:42,783 - INFO - [untitled0.py:3344] -   euphotic_depth: 29.0% coverage, mean=8.17
2025-07-22 13:41:42,783 - INFO - [untitled0.py:3344] -   diffuse_attenuation: 29.0% coverage, mean=2.26
2025-07-22 13:41:42,784 - INFO - [untitled0.py:3344] -   beam_attenuation: 29.0% coverage, mean=2.25
2025-07-22 13:41:42,785 - INFO - [untitled0.py:3344] -   turbidity_proxy: 29.0% coverage, mean=16.67
2025-07-22 13:41:42,785 - INFO - [untitled0.py:3344] -   hab_probability: 100.0% coverage, mean=0.00
2025-07-22 13:41:42,786 - INFO - [untitled0.py:3344] -   hab_risk_level: 100.0% coverage, mean=0.00
2025-07-22 13:41:42,786 - INFO - [untitled0.py:3344] -   high_biomass_alert: 100.0% coverage, mean=0.00
2025-07-22 13:41:42,787 - INFO - [untitled0.py:3344] -   extreme_biomass_alert: 100.0% coverage, mean=0.00
2025-07-22 13:41:42,787 - INFO - [untitled0.py:3344] -   ndci_bloom: 100.0% coverage, mean=0.00
2025-07-22 13:41:42,788 - INFO - [untitled0.py:3344] -   flh_bloom: 100.0% coverage, mean=0.00
2025-07-22 13:41:42,789 - INFO - [untitled0.py:3344] -   mci_bloom: 100.0% coverage, mean=0.00
2025-07-22 13:41:42,789 - INFO - [untitled0.py:3344] -   cyanobacteria_bloom: 100.0% coverage, mean=0.00
2025-07-22 13:41:42,790 - INFO - [untitled0.py:3344] -   ndci_values: 29.0% coverage, mean=-0.14
2025-07-22 13:41:42,791 - INFO - [untitled0.py:3344] -   flh_values: 100.0% coverage, mean=0.00
2025-07-22 13:41:42,791 - INFO - [untitled0.py:3344] -   mci_values: 100.0% coverage, mean=0.00
2025-07-22 13:41:42,974 - INFO - [untitled0.py:3385] - → Progress: 2/2 (100.0%), ETA: 0.0 minutes
2025-07-22 14:19:15,394 - INFO - [untitled0.py:6109] - Application finished successfully
