2025-07-22 16:38:39,895 - INFO - [sentinel2_tss_pipeline.py:231] - Logging configured - File: unified_s2_tss_20250722_163839.log
2025-07-22 16:38:39,906 - INFO - [sentinel2_tss_pipeline.py:7023] - Auto-detected SNAP_HOME: C:\Program Files\esa-snap
2025-07-22 16:38:39,907 - INFO - [sentinel2_tss_pipeline.py:7064] - ================================================================================
2025-07-22 16:38:39,907 - INFO - [sentinel2_tss_pipeline.py:7065] - UNIFIED S2 PROCESSING & TSS ESTIMATION PIPELINE v1.0
2025-07-22 16:38:39,908 - INFO - [sentinel2_tss_pipeline.py:7066] - ================================================================================
2025-07-22 16:38:39,909 - INFO - [sentinel2_tss_pipeline.py:7067] - SNAP_HOME: C:\Program Files\esa-snap
2025-07-22 16:38:39,909 - INFO - [sentinel2_tss_pipeline.py:7068] - GPT: C:\Program Files\esa-snap\bin\gpt.exe
2025-07-22 16:38:39,910 - INFO - [sentinel2_tss_pipeline.py:7069] - Python: 3.9.22 | packaged by conda-forge | (main, Apr 10 2025, 22:07:06) [MSC v.1929 64 bit (AMD64)]
2025-07-22 16:38:39,910 - INFO - [sentinel2_tss_pipeline.py:7070] - Platform: win32
2025-07-22 16:38:39,911 - INFO - [sentinel2_tss_pipeline.py:7071] - Working Directory: C:\Users\pedro.goncalves\OneDrive - LNEG - Laboratorio Nacional de Energia e Geologia\GitHub\sentinel2-tss-pipeline
2025-07-22 16:38:39,911 - INFO - [sentinel2_tss_pipeline.py:7072] - ================================================================================
2025-07-22 16:38:39,912 - INFO - [sentinel2_tss_pipeline.py:7081] - Starting GUI application...
2025-07-22 16:40:07,721 - INFO - [sentinel2_tss_pipeline.py:3300] - SNAP_HOME: C:\Program Files\esa-snap
2025-07-22 16:40:13,434 - INFO - [sentinel2_tss_pipeline.py:3311] - ✓ GPT validated: C:\Program Files\esa-snap\bin\gpt.exe
2025-07-22 16:40:13,436 - INFO - [sentinel2_tss_pipeline.py:3418] - Complete processing graph saved: s2_complete_processing_with_subset.xml
2025-07-22 16:40:13,437 - INFO - [sentinel2_tss_pipeline.py:3340] - ✓ Processing graph created for mode: complete_pipeline
2025-07-22 16:40:13,437 - INFO - [sentinel2_tss_pipeline.py:2780] - Initialized S2 Marine Visualization Processor
2025-07-22 16:40:13,438 - INFO - [sentinel2_tss_pipeline.py:2781] - Configuration settings:
2025-07-22 16:40:13,438 - INFO - [sentinel2_tss_pipeline.py:2782] -   Natural color RGB: True
2025-07-22 16:40:13,439 - INFO - [sentinel2_tss_pipeline.py:2783] -   False color RGB: True
2025-07-22 16:40:13,439 - INFO - [sentinel2_tss_pipeline.py:2784] -   Water-specific RGB: True
2025-07-22 16:40:13,440 - INFO - [sentinel2_tss_pipeline.py:2785] -   Research RGB: True
2025-07-22 16:40:13,441 - INFO - [sentinel2_tss_pipeline.py:2786] -   Water quality indices: True
2025-07-22 16:40:13,441 - INFO - [sentinel2_tss_pipeline.py:2787] -   Chlorophyll indices: True
2025-07-22 16:40:13,442 - INFO - [sentinel2_tss_pipeline.py:2788] -   Turbidity indices: True
2025-07-22 16:40:13,442 - INFO - [sentinel2_tss_pipeline.py:2789] -   Advanced indices: True
2025-07-22 16:40:13,443 - INFO - [sentinel2_tss_pipeline.py:2790] -   Output format: GeoTIFF
2025-07-22 16:40:13,443 - INFO - [sentinel2_tss_pipeline.py:2791] -   Contrast enhancement: True
2025-07-22 16:40:13,444 - INFO - [sentinel2_tss_pipeline.py:2792] -   Contrast method: percentile_stretch
2025-07-22 16:40:13,444 - INFO - [sentinel2_tss_pipeline.py:2793] -   Export metadata: True
2025-07-22 16:40:13,445 - INFO - [sentinel2_tss_pipeline.py:2794] -   Create overview images: True
2025-07-22 16:40:13,446 - INFO - [sentinel2_tss_pipeline.py:2809] - Expected products: ~11 RGB composites + ~13 spectral indices
2025-07-22 16:40:13,446 - INFO - [sentinel2_tss_pipeline.py:2810] - Marine visualization processor ready for processing
2025-07-22 16:40:13,447 - INFO - [sentinel2_tss_pipeline.py:1029] - Marine visualization processor initialized
2025-07-22 16:40:13,447 - INFO - [sentinel2_tss_pipeline.py:2139] - Initialized Advanced Aquatic Processor with scientific algorithms
2025-07-22 16:40:13,448 - INFO - [sentinel2_tss_pipeline.py:1042] - Initialized Jiang TSS Processor with enhanced methodology
2025-07-22 16:40:13,448 - INFO - [sentinel2_tss_pipeline.py:1045] - Jiang TSS enabled: True
2025-07-22 16:40:13,449 - INFO - [sentinel2_tss_pipeline.py:1046] - Advanced algorithms enabled: True
2025-07-22 16:40:13,449 - INFO - [sentinel2_tss_pipeline.py:1047] - Marine visualization enabled: True
2025-07-22 16:40:13,450 - INFO - [sentinel2_tss_pipeline.py:1050] - Working algorithms available:
2025-07-22 16:40:13,450 - INFO - [sentinel2_tss_pipeline.py:1051] -   ✓ Water Clarity: True
2025-07-22 16:40:13,451 - INFO - [sentinel2_tss_pipeline.py:1052] -   ✓ HAB Detection: True
2025-07-22 16:40:13,451 - INFO - [sentinel2_tss_pipeline.py:1053] - Note: Only Sentinel-2 compatible algorithms included
2025-07-22 16:40:13,452 - INFO - [sentinel2_tss_pipeline.py:1059] - Marine visualization configuration:
2025-07-22 16:40:13,452 - INFO - [sentinel2_tss_pipeline.py:1060] -   ✓ Natural color RGB: True
2025-07-22 16:40:13,453 - INFO - [sentinel2_tss_pipeline.py:1061] -   ✓ False color RGB: True
2025-07-22 16:40:13,453 - INFO - [sentinel2_tss_pipeline.py:1062] -   ✓ Water-specific RGB: True
2025-07-22 16:40:13,454 - INFO - [sentinel2_tss_pipeline.py:1063] -   ✓ Research RGB: True
2025-07-22 16:40:13,455 - INFO - [sentinel2_tss_pipeline.py:1064] -   ✓ Water quality indices: True
2025-07-22 16:40:13,455 - INFO - [sentinel2_tss_pipeline.py:1065] -   ✓ Chlorophyll indices: True
2025-07-22 16:40:13,456 - INFO - [sentinel2_tss_pipeline.py:1066] -   ✓ Turbidity indices: True
2025-07-22 16:40:13,457 - INFO - [sentinel2_tss_pipeline.py:1067] -   ✓ Advanced indices: True
2025-07-22 16:40:13,457 - INFO - [sentinel2_tss_pipeline.py:1068] -   Output format: GeoTIFF
2025-07-22 16:40:13,458 - INFO - [sentinel2_tss_pipeline.py:1069] -   Contrast enhancement: True
2025-07-22 16:40:13,458 - INFO - [sentinel2_tss_pipeline.py:1073] - Jiang TSS Processor initialization completed successfully
2025-07-22 16:40:13,459 - INFO - [sentinel2_tss_pipeline.py:4052] - Initialized Unified S2-TSS Processor - Mode: complete_pipeline
2025-07-22 16:40:13,459 - INFO - [sentinel2_tss_pipeline.py:6585] - TEST MODE: Processing only 2 products
2025-07-22 16:40:13,468 - INFO - [sentinel2_tss_pipeline.py:4126] - 
--------------------------------------------------------------------------------
2025-07-22 16:40:13,469 - INFO - [sentinel2_tss_pipeline.py:4127] - Processing 1/2: S2A_MSIL1C_20190105T112441_N0500_R037_T29TNF_20221215T164753
2025-07-22 16:40:13,469 - INFO - [sentinel2_tss_pipeline.py:4128] - Mode: complete_pipeline
2025-07-22 16:40:13,470 - INFO - [sentinel2_tss_pipeline.py:4129] - --------------------------------------------------------------------------------
2025-07-22 16:40:13,471 - INFO - [sentinel2_tss_pipeline.py:3587] - Processing: S2A_MSIL1C_20190105T112441_N0500_R037_T29TNF_20221215T164753.zip
2025-07-22 16:40:13,471 - INFO - [sentinel2_tss_pipeline.py:3588] -   Mode: complete_pipeline
2025-07-22 16:40:13,472 - INFO - [sentinel2_tss_pipeline.py:3589] -   Resolution: 10m
2025-07-22 16:40:13,472 - INFO - [sentinel2_tss_pipeline.py:3590] -   ECMWF: True
2025-07-22 16:40:13,475 - INFO - [sentinel2_tss_pipeline.py:3736] - Starting S2 processing with C2RCC...
2025-07-22 16:54:35,583 - INFO - [sentinel2_tss_pipeline.py:3898] - ============================================================
2025-07-22 16:54:35,584 - INFO - [sentinel2_tss_pipeline.py:3899] - C2RCC OUTPUT VERIFICATION REPORT
2025-07-22 16:54:35,585 - INFO - [sentinel2_tss_pipeline.py:3900] - ============================================================
2025-07-22 16:54:35,586 - INFO - [sentinel2_tss_pipeline.py:3903] - C2RCC file: Resampled_S2A_20190105T112441_T29TNF_Subset_C2RCC.dim (20.8 MB)
2025-07-22 16:54:35,587 - INFO - [sentinel2_tss_pipeline.py:3904] - Data folder: Resampled_S2A_20190105T112441_T29TNF_Subset_C2RCC.data
2025-07-22 16:54:35,587 - INFO - [sentinel2_tss_pipeline.py:3907] - 
🧪 SNAP TSM/CHL PRODUCTS (Critical for Analysis):
2025-07-22 16:54:35,588 - INFO - [sentinel2_tss_pipeline.py:3919] - ℹ️  TSM/CHL products will be calculated from IOP products
2025-07-22 16:54:35,589 - INFO - [sentinel2_tss_pipeline.py:3920] -    Using SNAP formulas:
2025-07-22 16:54:35,589 - INFO - [sentinel2_tss_pipeline.py:3921] -    • TSM = TSMfac * (bpart + bwit)^TSMexp
2025-07-22 16:54:35,590 - INFO - [sentinel2_tss_pipeline.py:3922] -    • CHL = apig^CHLexp * CHLfac
2025-07-22 16:54:35,590 - INFO - [sentinel2_tss_pipeline.py:3925] - 
🔬 SNAP IOP PRODUCTS (5/6 available):
2025-07-22 16:54:35,591 - INFO - [sentinel2_tss_pipeline.py:3930] -    ✓ iop_apig.img (250524.1 KB)
2025-07-22 16:54:35,591 - INFO - [sentinel2_tss_pipeline.py:3930] -    ✓ iop_adet.img (250524.1 KB)
2025-07-22 16:54:35,592 - INFO - [sentinel2_tss_pipeline.py:3930] -    ✓ iop_agelb.img (250524.1 KB)
2025-07-22 16:54:35,592 - INFO - [sentinel2_tss_pipeline.py:3930] -    ✓ iop_bpart.img (250524.1 KB)
2025-07-22 16:54:35,593 - INFO - [sentinel2_tss_pipeline.py:3930] -    ✓ iop_bwit.img (250524.1 KB)
2025-07-22 16:54:35,593 - INFO - [sentinel2_tss_pipeline.py:3930] -    ✗ iop_btot.img (missing/empty)
2025-07-22 16:54:35,594 - INFO - [sentinel2_tss_pipeline.py:3933] - 
🌊 JIANG TSS READINESS (0/8 bands):
2025-07-22 16:54:35,594 - WARNING - [sentinel2_tss_pipeline.py:3937] - ⚠ PARTIAL: Only 0/8 rhow bands available
2025-07-22 16:54:35,595 - WARNING - [sentinel2_tss_pipeline.py:3939] -    Missing bands: ['rhow_B1.img', 'rhow_B2.img', 'rhow_B3.img', 'rhow_B4.img', 'rhow_B5.img', 'rhow_B6.img', 'rhow_B7.img', 'rhow_B8A.img']
2025-07-22 16:54:35,595 - INFO - [sentinel2_tss_pipeline.py:3942] - 
📊 OVERALL ASSESSMENT:
2025-07-22 16:54:35,596 - WARNING - [sentinel2_tss_pipeline.py:3951] - ⚠ LIMITED: Missing critical components
2025-07-22 16:54:35,597 - INFO - [sentinel2_tss_pipeline.py:3953] - ============================================================
2025-07-22 16:54:35,597 - INFO - [sentinel2_tss_pipeline.py:3657] - ✅ S2 processing SUCCESS: S2A_MSIL1C_20190105T112441_N0500_R037_T29TNF_20221215T164753.zip
2025-07-22 16:54:35,598 - INFO - [sentinel2_tss_pipeline.py:3658] -    Output: Resampled_S2A_20190105T112441_T29TNF_Subset_C2RCC.dim (20.8MB)
2025-07-22 16:54:35,598 - INFO - [sentinel2_tss_pipeline.py:3659] -    Processing time: 14.4 minutes
2025-07-22 16:54:35,599 - INFO - [sentinel2_tss_pipeline.py:3666] - Calculating missing SNAP TSM/CHL concentrations from IOP products...
2025-07-22 16:54:35,600 - INFO - [sentinel2_tss_pipeline.py:777] - SNAP TSM/CHL Calculator initialized:
2025-07-22 16:54:35,600 - INFO - [sentinel2_tss_pipeline.py:778] -   TSM formula: TSM = 1.06 * (bpart + bwit)^0.942
2025-07-22 16:54:35,601 - INFO - [sentinel2_tss_pipeline.py:779] -   CHL formula: CHL = apig^1.04 * 21.0
2025-07-22 16:54:35,601 - INFO - [sentinel2_tss_pipeline.py:784] - Calculating SNAP TSM/CHL from IOP products...
2025-07-22 16:54:36,205 - INFO - [sentinel2_tss_pipeline.py:810] - ✓ Loaded apig: (5841, 10980), mean=0.0149
2025-07-22 16:54:36,797 - INFO - [sentinel2_tss_pipeline.py:810] - ✓ Loaded bpart: (5841, 10980), mean=0.1699
2025-07-22 16:54:37,389 - INFO - [sentinel2_tss_pipeline.py:810] - ✓ Loaded bwit: (5841, 10980), mean=0.0479
2025-07-22 16:54:37,390 - INFO - [sentinel2_tss_pipeline.py:820] - Calculating CHL concentration from iop_apig...
2025-07-22 16:54:38,286 - INFO - [sentinel2_tss_pipeline.py:849] - CHL calculation: 22718979 valid pixels out of 22718979 processed
2025-07-22 16:54:41,430 - INFO - [sentinel2_tss_pipeline.py:576] - Successfully wrote raster: conc_chl.img
2025-07-22 16:54:41,708 - INFO - [sentinel2_tss_pipeline.py:868] - ✓ CHL concentration saved: 35.4% coverage, mean=0.826 mg/m³
2025-07-22 16:54:41,709 - INFO - [sentinel2_tss_pipeline.py:878] - Calculating TSM concentration from bpart + bwit (btot approximation)...
2025-07-22 16:54:42,628 - INFO - [sentinel2_tss_pipeline.py:910] - TSM calculation: 22718979 valid pixels out of 22718979 processed
2025-07-22 16:54:45,646 - INFO - [sentinel2_tss_pipeline.py:576] - Successfully wrote raster: conc_tsm.img
2025-07-22 16:54:45,913 - INFO - [sentinel2_tss_pipeline.py:929] - ✓ TSM concentration saved: 35.4% coverage, mean=0.640 g/m³
2025-07-22 16:54:45,992 - INFO - [sentinel2_tss_pipeline.py:3679] - ✅ SNAP TSM calculation successful!
2025-07-22 16:54:45,993 - INFO - [sentinel2_tss_pipeline.py:3682] - ✅ SNAP CHL calculation successful!
2025-07-22 16:54:45,996 - INFO - [sentinel2_tss_pipeline.py:3898] - ============================================================
2025-07-22 16:54:45,997 - INFO - [sentinel2_tss_pipeline.py:3899] - C2RCC OUTPUT VERIFICATION REPORT
2025-07-22 16:54:45,997 - INFO - [sentinel2_tss_pipeline.py:3900] - ============================================================
2025-07-22 16:54:45,998 - INFO - [sentinel2_tss_pipeline.py:3903] - C2RCC file: Resampled_S2A_20190105T112441_T29TNF_Subset_C2RCC.dim (20.8 MB)
2025-07-22 16:54:45,998 - INFO - [sentinel2_tss_pipeline.py:3904] - Data folder: Resampled_S2A_20190105T112441_T29TNF_Subset_C2RCC.data
2025-07-22 16:54:45,999 - INFO - [sentinel2_tss_pipeline.py:3907] - 
🧪 SNAP TSM/CHL PRODUCTS (Critical for Analysis):
2025-07-22 16:54:46,000 - INFO - [sentinel2_tss_pipeline.py:3909] - ✅ SUCCESS: Both TSM and CHL products available!
2025-07-22 16:54:46,000 - INFO - [sentinel2_tss_pipeline.py:3910] -    ✓ TSM: conc_tsm.img (0.0 KB)
2025-07-22 16:54:46,001 - INFO - [sentinel2_tss_pipeline.py:3911] -    ✓ CHL: conc_chl.img (0.0 KB)
2025-07-22 16:54:46,001 - INFO - [sentinel2_tss_pipeline.py:3916] -    ⚠ Uncertainties: Not available (calculated products)
2025-07-22 16:54:46,002 - INFO - [sentinel2_tss_pipeline.py:3925] - 
🔬 SNAP IOP PRODUCTS (5/6 available):
2025-07-22 16:54:46,002 - INFO - [sentinel2_tss_pipeline.py:3930] -    ✓ iop_apig.img (250524.1 KB)
2025-07-22 16:54:46,003 - INFO - [sentinel2_tss_pipeline.py:3930] -    ✓ iop_adet.img (250524.1 KB)
2025-07-22 16:54:46,003 - INFO - [sentinel2_tss_pipeline.py:3930] -    ✓ iop_agelb.img (250524.1 KB)
2025-07-22 16:54:46,004 - INFO - [sentinel2_tss_pipeline.py:3930] -    ✓ iop_bpart.img (250524.1 KB)
2025-07-22 16:54:46,005 - INFO - [sentinel2_tss_pipeline.py:3930] -    ✓ iop_bwit.img (250524.1 KB)
2025-07-22 16:54:46,005 - INFO - [sentinel2_tss_pipeline.py:3930] -    ✗ iop_btot.img (missing/empty)
2025-07-22 16:54:46,006 - INFO - [sentinel2_tss_pipeline.py:3933] - 
🌊 JIANG TSS READINESS (0/8 bands):
2025-07-22 16:54:46,006 - WARNING - [sentinel2_tss_pipeline.py:3937] - ⚠ PARTIAL: Only 0/8 rhow bands available
2025-07-22 16:54:46,007 - WARNING - [sentinel2_tss_pipeline.py:3939] -    Missing bands: ['rhow_B1.img', 'rhow_B2.img', 'rhow_B3.img', 'rhow_B4.img', 'rhow_B5.img', 'rhow_B6.img', 'rhow_B7.img', 'rhow_B8A.img']
2025-07-22 16:54:46,007 - INFO - [sentinel2_tss_pipeline.py:3942] - 
📊 OVERALL ASSESSMENT:
2025-07-22 16:54:46,008 - WARNING - [sentinel2_tss_pipeline.py:3951] - ⚠ LIMITED: Missing critical components
2025-07-22 16:54:46,008 - INFO - [sentinel2_tss_pipeline.py:3953] - ============================================================
2025-07-22 16:54:46,009 - INFO - [sentinel2_tss_pipeline.py:3687] - 📊 UPDATED SNAP PRODUCTS STATUS:
2025-07-22 16:54:46,009 - INFO - [sentinel2_tss_pipeline.py:3688] -    TSM=True, CHL=True, Uncertainties=False
2025-07-22 16:54:46,010 - INFO - [sentinel2_tss_pipeline.py:3967] - Starting TSS processing for S2A_MSIL1C_20190105T112441_N0500_R037_T29TNF_20221215T164753.zip
2025-07-22 16:54:46,010 - INFO - [sentinel2_tss_pipeline.py:2780] - Initialized S2 Marine Visualization Processor
2025-07-22 16:54:46,011 - INFO - [sentinel2_tss_pipeline.py:2781] - Configuration settings:
2025-07-22 16:54:46,011 - INFO - [sentinel2_tss_pipeline.py:2782] -   Natural color RGB: True
2025-07-22 16:54:46,012 - INFO - [sentinel2_tss_pipeline.py:2783] -   False color RGB: True
2025-07-22 16:54:46,012 - INFO - [sentinel2_tss_pipeline.py:2784] -   Water-specific RGB: True
2025-07-22 16:54:46,013 - INFO - [sentinel2_tss_pipeline.py:2785] -   Research RGB: True
2025-07-22 16:54:46,014 - INFO - [sentinel2_tss_pipeline.py:2786] -   Water quality indices: True
2025-07-22 16:54:46,014 - INFO - [sentinel2_tss_pipeline.py:2787] -   Chlorophyll indices: True
2025-07-22 16:54:46,015 - INFO - [sentinel2_tss_pipeline.py:2788] -   Turbidity indices: True
2025-07-22 16:54:46,015 - INFO - [sentinel2_tss_pipeline.py:2789] -   Advanced indices: True
2025-07-22 16:54:46,016 - INFO - [sentinel2_tss_pipeline.py:2790] -   Output format: GeoTIFF
2025-07-22 16:54:46,016 - INFO - [sentinel2_tss_pipeline.py:2791] -   Contrast enhancement: True
2025-07-22 16:54:46,017 - INFO - [sentinel2_tss_pipeline.py:2792] -   Contrast method: percentile_stretch
2025-07-22 16:54:46,017 - INFO - [sentinel2_tss_pipeline.py:2793] -   Export metadata: True
2025-07-22 16:54:46,018 - INFO - [sentinel2_tss_pipeline.py:2794] -   Create overview images: True
2025-07-22 16:54:46,018 - INFO - [sentinel2_tss_pipeline.py:2809] - Expected products: ~11 RGB composites + ~13 spectral indices
2025-07-22 16:54:46,019 - INFO - [sentinel2_tss_pipeline.py:2810] - Marine visualization processor ready for processing
2025-07-22 16:54:46,019 - INFO - [sentinel2_tss_pipeline.py:1029] - Marine visualization processor initialized
2025-07-22 16:54:46,020 - INFO - [sentinel2_tss_pipeline.py:2139] - Initialized Advanced Aquatic Processor with scientific algorithms
2025-07-22 16:54:46,021 - INFO - [sentinel2_tss_pipeline.py:1042] - Initialized Jiang TSS Processor with enhanced methodology
2025-07-22 16:54:46,021 - INFO - [sentinel2_tss_pipeline.py:1045] - Jiang TSS enabled: True
2025-07-22 16:54:46,022 - INFO - [sentinel2_tss_pipeline.py:1046] - Advanced algorithms enabled: True
2025-07-22 16:54:46,022 - INFO - [sentinel2_tss_pipeline.py:1047] - Marine visualization enabled: True
2025-07-22 16:54:46,023 - INFO - [sentinel2_tss_pipeline.py:1050] - Working algorithms available:
2025-07-22 16:54:46,023 - INFO - [sentinel2_tss_pipeline.py:1051] -   ✓ Water Clarity: True
2025-07-22 16:54:46,024 - INFO - [sentinel2_tss_pipeline.py:1052] -   ✓ HAB Detection: True
2025-07-22 16:54:46,024 - INFO - [sentinel2_tss_pipeline.py:1053] - Note: Only Sentinel-2 compatible algorithms included
2025-07-22 16:54:46,025 - INFO - [sentinel2_tss_pipeline.py:1059] - Marine visualization configuration:
2025-07-22 16:54:46,025 - INFO - [sentinel2_tss_pipeline.py:1060] -   ✓ Natural color RGB: True
2025-07-22 16:54:46,026 - INFO - [sentinel2_tss_pipeline.py:1061] -   ✓ False color RGB: True
2025-07-22 16:54:46,026 - INFO - [sentinel2_tss_pipeline.py:1062] -   ✓ Water-specific RGB: True
2025-07-22 16:54:46,027 - INFO - [sentinel2_tss_pipeline.py:1063] -   ✓ Research RGB: True
2025-07-22 16:54:46,027 - INFO - [sentinel2_tss_pipeline.py:1064] -   ✓ Water quality indices: True
2025-07-22 16:54:46,028 - INFO - [sentinel2_tss_pipeline.py:1065] -   ✓ Chlorophyll indices: True
2025-07-22 16:54:46,028 - INFO - [sentinel2_tss_pipeline.py:1066] -   ✓ Turbidity indices: True
2025-07-22 16:54:46,029 - INFO - [sentinel2_tss_pipeline.py:1067] -   ✓ Advanced indices: True
2025-07-22 16:54:46,029 - INFO - [sentinel2_tss_pipeline.py:1068] -   Output format: GeoTIFF
2025-07-22 16:54:46,030 - INFO - [sentinel2_tss_pipeline.py:1069] -   Contrast enhancement: True
2025-07-22 16:54:46,031 - INFO - [sentinel2_tss_pipeline.py:1073] - Jiang TSS Processor initialization completed successfully
2025-07-22 16:54:46,032 - INFO - [sentinel2_tss_pipeline.py:1151] - Starting comprehensive TSS processing for S2A_MSIL1C_20190105T112441_N0500_R037_T29TNF_20221215T164753.zip
2025-07-22 16:54:46,039 - INFO - [sentinel2_tss_pipeline.py:1123] - Successfully found 12 spectral bands for Jiang TSS
2025-07-22 16:54:49,839 - INFO - [sentinel2_tss_pipeline.py:1325] - Applying Jiang methodology (exact R translation)
2025-07-22 16:54:51,652 - INFO - [sentinel2_tss_pipeline.py:1443] - Processing 64128301 valid pixels with corrected Jiang algorithm
2025-07-22 17:40:10,441 - INFO - [sentinel2_tss_pipeline.py:1378] - CORRECTED Jiang processing completed:
2025-07-22 17:40:10,443 - INFO - [sentinel2_tss_pipeline.py:1379] -   Valid pixels: 64128301/64134180 (100.0%)
2025-07-22 17:40:10,624 - INFO - [sentinel2_tss_pipeline.py:1387] - Water type distribution (corrected algorithm):
2025-07-22 17:40:10,734 - INFO - [sentinel2_tss_pipeline.py:1398] -   560nm (Type I (Clear water)): 63879290 pixels (99.6%)
2025-07-22 17:40:10,837 - INFO - [sentinel2_tss_pipeline.py:1398] -   665nm (Type II (Moderately turbid)): 39365 pixels (0.1%)
2025-07-22 17:40:10,945 - INFO - [sentinel2_tss_pipeline.py:1398] -   740nm (Type III (Highly turbid)): 18941 pixels (0.0%)
2025-07-22 17:40:11,048 - INFO - [sentinel2_tss_pipeline.py:1398] -   865nm (Type IV (Extremely turbid)): 190705 pixels (0.3%)
2025-07-22 17:40:11,175 - INFO - [sentinel2_tss_pipeline.py:1174] - Processing advanced algorithms
2025-07-22 17:40:11,176 - INFO - [sentinel2_tss_pipeline.py:1229] - Processing working advanced aquatic algorithms
2025-07-22 17:40:11,177 - INFO - [sentinel2_tss_pipeline.py:1242] - Calculating water clarity indices
2025-07-22 17:40:11,177 - INFO - [sentinel2_tss_pipeline.py:2164] - Calculating water clarity indices
2025-07-22 17:40:12,047 - INFO - [sentinel2_tss_pipeline.py:2199] - Water clarity calculated for 64128301 pixels
2025-07-22 17:40:12,377 - INFO - [sentinel2_tss_pipeline.py:2200] - Mean Secchi depth: 7.56 m
2025-07-22 17:40:12,674 - INFO - [sentinel2_tss_pipeline.py:2201] - Mean clarity index: 0.789
2025-07-22 17:40:12,675 - INFO - [sentinel2_tss_pipeline.py:1256] - Water clarity calculation completed: 6 products
2025-07-22 17:40:12,676 - INFO - [sentinel2_tss_pipeline.py:1265] - Detecting harmful algal blooms using Sentinel-2 spectral analysis
2025-07-22 17:40:13,262 - INFO - [sentinel2_tss_pipeline.py:2221] - Detecting harmful algal blooms using Sentinel-2 spectral analysis
2025-07-22 17:40:13,371 - INFO - [sentinel2_tss_pipeline.py:2243] - Calculating NDCI (Normalized Difference Chlorophyll Index)
2025-07-22 17:40:14,229 - INFO - [sentinel2_tss_pipeline.py:2273] - NDCI calculated for 64128317 pixels
2025-07-22 17:40:14,229 - INFO - [sentinel2_tss_pipeline.py:2277] - Calculating Fluorescence Line Height (FLH)
2025-07-22 17:40:15,063 - INFO - [sentinel2_tss_pipeline.py:2306] - FLH calculated for 64134180 pixels
2025-07-22 17:40:15,064 - INFO - [sentinel2_tss_pipeline.py:2310] - Calculating Maximum Chlorophyll Index (MCI)
2025-07-22 17:40:16,078 - INFO - [sentinel2_tss_pipeline.py:2343] - MCI calculated for 64134180 pixels
2025-07-22 17:40:17,156 - INFO - [sentinel2_tss_pipeline.py:2386] - HAB detection completed using algorithms: NDCI, FLH, MCI
2025-07-22 17:40:17,157 - INFO - [sentinel2_tss_pipeline.py:2387] - Processed 64134180 pixels
2025-07-22 17:40:17,158 - INFO - [sentinel2_tss_pipeline.py:2388] - High risk: 286514 pixels (0.4%)
2025-07-22 17:40:17,159 - INFO - [sentinel2_tss_pipeline.py:2389] - Medium risk: 262471 pixels (0.4%)
2025-07-22 17:40:17,159 - INFO - [sentinel2_tss_pipeline.py:2390] - Low risk: 40876178 pixels (63.7%)
2025-07-22 17:40:17,180 - INFO - [sentinel2_tss_pipeline.py:1286] - HAB detection completed: 11 products
2025-07-22 17:40:17,180 - INFO - [sentinel2_tss_pipeline.py:1293] - Working advanced algorithms completed: 17 products generated
2025-07-22 17:40:17,285 - INFO - [sentinel2_tss_pipeline.py:1179] - Advanced algorithms completed: 17 additional products
2025-07-22 17:40:17,286 - INFO - [sentinel2_tss_pipeline.py:1187] - Processing marine visualizations (RGB + indices)
2025-07-22 17:40:17,287 - INFO - [sentinel2_tss_pipeline.py:2818] - Starting marine visualization processing for S2A_MSIL1C_20190105T112441_N0500_R037_T29TNF_20221215T164753.zip
2025-07-22 17:40:17,299 - INFO - [sentinel2_tss_pipeline.py:2918] - Band loading results:
2025-07-22 17:40:17,300 - INFO - [sentinel2_tss_pipeline.py:2919] -   Found 12 bands: [443, 490, 560, 665, 705, 740, 783, 842, 865, 945, 1610, 2190]
2025-07-22 17:40:21,461 - INFO - [sentinel2_tss_pipeline.py:2841] - Generating RGB composites...
2025-07-22 17:40:21,462 - INFO - [sentinel2_tss_pipeline.py:2952] - Available wavelengths for RGB: [443, 490, 560, 665, 705, 740, 783, 842, 865, 945, 1610, 2190]
2025-07-22 17:40:21,463 - INFO - [sentinel2_tss_pipeline.py:2984] - Creating natural_color: R=665nm, G=560nm, B=490nm
2025-07-22 17:40:30,276 - INFO - [sentinel2_tss_pipeline.py:3004] - ✓ natural_color: 99.5% coverage, 176.9MB
2025-07-22 17:40:30,277 - INFO - [sentinel2_tss_pipeline.py:2984] - Creating natural_with_contrast: R=665nm, G=560nm, B=443nm
2025-07-22 17:40:38,626 - INFO - [sentinel2_tss_pipeline.py:3004] - ✓ natural_with_contrast: 99.7% coverage, 177.5MB
2025-07-22 17:40:38,627 - INFO - [sentinel2_tss_pipeline.py:2984] - Creating false_color_infrared: R=842nm, G=665nm, B=560nm
2025-07-22 17:40:47,124 - INFO - [sentinel2_tss_pipeline.py:3004] - ✓ false_color_infrared: 100.0% coverage, 187.9MB
2025-07-22 17:40:47,137 - INFO - [sentinel2_tss_pipeline.py:2984] - Creating false_color_nir: R=865nm, G=665nm, B=560nm
2025-07-22 17:40:55,648 - INFO - [sentinel2_tss_pipeline.py:3004] - ✓ false_color_nir: 100.0% coverage, 188.9MB
2025-07-22 17:40:55,649 - INFO - [sentinel2_tss_pipeline.py:2984] - Creating turbidity_enhanced: R=865nm, G=705nm, B=560nm
2025-07-22 17:41:04,050 - INFO - [sentinel2_tss_pipeline.py:3004] - ✓ turbidity_enhanced: 100.0% coverage, 189.2MB
2025-07-22 17:41:04,051 - INFO - [sentinel2_tss_pipeline.py:2984] - Creating chlorophyll_enhanced: R=705nm, G=665nm, B=560nm
2025-07-22 17:41:12,537 - INFO - [sentinel2_tss_pipeline.py:3004] - ✓ chlorophyll_enhanced: 99.5% coverage, 183.0MB
2025-07-22 17:41:12,538 - INFO - [sentinel2_tss_pipeline.py:2984] - Creating coastal_aerosol: R=865nm, G=665nm, B=443nm
2025-07-22 17:41:20,818 - INFO - [sentinel2_tss_pipeline.py:3004] - ✓ coastal_aerosol: 100.0% coverage, 184.7MB
2025-07-22 17:41:20,820 - INFO - [sentinel2_tss_pipeline.py:2984] - Creating sediment_transport: R=2190nm, G=865nm, B=665nm
2025-07-22 17:41:29,126 - INFO - [sentinel2_tss_pipeline.py:3004] - ✓ sediment_transport: 100.0% coverage, 187.1MB
2025-07-22 17:41:29,127 - INFO - [sentinel2_tss_pipeline.py:2984] - Creating water_quality: R=842nm, G=705nm, B=490nm
2025-07-22 17:41:37,710 - INFO - [sentinel2_tss_pipeline.py:3004] - ✓ water_quality: 100.0% coverage, 192.2MB
2025-07-22 17:41:37,711 - INFO - [sentinel2_tss_pipeline.py:2984] - Creating atmospheric_penetration: R=2190nm, G=1610nm, B=865nm
2025-07-22 17:41:45,767 - INFO - [sentinel2_tss_pipeline.py:3004] - ✓ atmospheric_penetration: 100.0% coverage, 176.2MB
2025-07-22 17:41:45,768 - INFO - [sentinel2_tss_pipeline.py:2984] - Creating research_marine: R=740nm, G=705nm, B=665nm
2025-07-22 17:41:54,034 - INFO - [sentinel2_tss_pipeline.py:3004] - ✓ research_marine: 100.0% coverage, 186.7MB
2025-07-22 17:41:54,034 - INFO - [sentinel2_tss_pipeline.py:2984] - Creating bathymetric: R=560nm, G=490nm, B=443nm
2025-07-22 17:42:02,804 - INFO - [sentinel2_tss_pipeline.py:3004] - ✓ bathymetric: 99.7% coverage, 178.5MB
2025-07-22 17:42:02,824 - INFO - [sentinel2_tss_pipeline.py:2847] - Generating spectral indices...
2025-07-22 17:42:08,269 - INFO - [sentinel2_tss_pipeline.py:576] - Successfully wrote raster: S2A_MSIL1C_20190105T112441_N0500_R037_T29TNF_20221215T164753_NDTI.tif
2025-07-22 17:42:08,732 - INFO - [sentinel2_tss_pipeline.py:3074] - ✓ Generated index: NDTI (100.0% coverage)
2025-07-22 17:42:14,221 - INFO - [sentinel2_tss_pipeline.py:576] - Successfully wrote raster: S2A_MSIL1C_20190105T112441_N0500_R037_T29TNF_20221215T164753_NDWI.tif
2025-07-22 17:42:14,684 - INFO - [sentinel2_tss_pipeline.py:3074] - ✓ Generated index: NDWI (100.0% coverage)
2025-07-22 17:42:20,160 - INFO - [sentinel2_tss_pipeline.py:576] - Successfully wrote raster: S2A_MSIL1C_20190105T112441_N0500_R037_T29TNF_20221215T164753_MNDWI.tif
2025-07-22 17:42:20,618 - INFO - [sentinel2_tss_pipeline.py:3074] - ✓ Generated index: MNDWI (100.0% coverage)
2025-07-22 17:42:26,087 - INFO - [sentinel2_tss_pipeline.py:576] - Successfully wrote raster: S2A_MSIL1C_20190105T112441_N0500_R037_T29TNF_20221215T164753_NDVI.tif
2025-07-22 17:42:26,531 - INFO - [sentinel2_tss_pipeline.py:3074] - ✓ Generated index: NDVI (100.0% coverage)
2025-07-22 17:42:31,898 - INFO - [sentinel2_tss_pipeline.py:576] - Successfully wrote raster: S2A_MSIL1C_20190105T112441_N0500_R037_T29TNF_20221215T164753_GNDVI.tif
2025-07-22 17:42:32,385 - INFO - [sentinel2_tss_pipeline.py:3074] - ✓ Generated index: GNDVI (100.0% coverage)
2025-07-22 17:42:37,788 - INFO - [sentinel2_tss_pipeline.py:576] - Successfully wrote raster: S2A_MSIL1C_20190105T112441_N0500_R037_T29TNF_20221215T164753_NDCI.tif
2025-07-22 17:42:38,258 - INFO - [sentinel2_tss_pipeline.py:3074] - ✓ Generated index: NDCI (100.0% coverage)
2025-07-22 17:42:43,661 - INFO - [sentinel2_tss_pipeline.py:576] - Successfully wrote raster: S2A_MSIL1C_20190105T112441_N0500_R037_T29TNF_20221215T164753_CHL_RED_EDGE.tif
2025-07-22 17:42:44,127 - INFO - [sentinel2_tss_pipeline.py:3074] - ✓ Generated index: CHL_RED_EDGE (100.0% coverage)
2025-07-22 17:42:49,401 - INFO - [sentinel2_tss_pipeline.py:576] - Successfully wrote raster: S2A_MSIL1C_20190105T112441_N0500_R037_T29TNF_20221215T164753_TSI.tif
2025-07-22 17:42:49,878 - INFO - [sentinel2_tss_pipeline.py:3074] - ✓ Generated index: TSI (100.0% coverage)
2025-07-22 17:42:55,332 - INFO - [sentinel2_tss_pipeline.py:576] - Successfully wrote raster: S2A_MSIL1C_20190105T112441_N0500_R037_T29TNF_20221215T164753_NGRDI.tif
2025-07-22 17:42:55,798 - INFO - [sentinel2_tss_pipeline.py:3074] - ✓ Generated index: NGRDI (100.0% coverage)
2025-07-22 17:43:01,524 - INFO - [sentinel2_tss_pipeline.py:576] - Successfully wrote raster: S2A_MSIL1C_20190105T112441_N0500_R037_T29TNF_20221215T164753_BSI.tif
2025-07-22 17:43:02,006 - INFO - [sentinel2_tss_pipeline.py:3074] - ✓ Generated index: BSI (100.0% coverage)
2025-07-22 17:43:08,079 - INFO - [sentinel2_tss_pipeline.py:576] - Successfully wrote raster: S2A_MSIL1C_20190105T112441_N0500_R037_T29TNF_20221215T164753_FUI.tif
2025-07-22 17:43:08,550 - INFO - [sentinel2_tss_pipeline.py:3074] - ✓ Generated index: FUI (100.0% coverage)
2025-07-22 17:43:14,168 - INFO - [sentinel2_tss_pipeline.py:576] - Successfully wrote raster: S2A_MSIL1C_20190105T112441_N0500_R037_T29TNF_20221215T164753_SDD.tif
2025-07-22 17:43:14,648 - INFO - [sentinel2_tss_pipeline.py:3074] - ✓ Generated index: SDD (100.0% coverage)
2025-07-22 17:43:19,975 - INFO - [sentinel2_tss_pipeline.py:576] - Successfully wrote raster: S2A_MSIL1C_20190105T112441_N0500_R037_T29TNF_20221215T164753_CDOM.tif
2025-07-22 17:43:20,435 - INFO - [sentinel2_tss_pipeline.py:3074] - ✓ Generated index: CDOM (100.0% coverage)
2025-07-22 17:43:20,453 - INFO - [sentinel2_tss_pipeline.py:3268] - Visualization summary created: S2A_MSIL1C_20190105T112441_N0500_R037_T29TNF_20221215T164753_VisualizationSummary.txt
2025-07-22 17:43:20,453 - INFO - [sentinel2_tss_pipeline.py:2859] - Marine visualization completed:
2025-07-22 17:43:20,454 - INFO - [sentinel2_tss_pipeline.py:2860] -   RGB composites: 12
2025-07-22 17:43:20,454 - INFO - [sentinel2_tss_pipeline.py:2861] -   Spectral indices: 13
2025-07-22 17:43:20,455 - INFO - [sentinel2_tss_pipeline.py:2862] -   Total products: 25
2025-07-22 17:43:20,542 - INFO - [sentinel2_tss_pipeline.py:1197] - Marine visualization completed: 12 RGB composites + 13 spectral indices
2025-07-22 17:43:20,544 - INFO - [sentinel2_tss_pipeline.py:1795] - Saving 23 products:
2025-07-22 17:43:20,545 - INFO - [sentinel2_tss_pipeline.py:1796] -   Core Jiang products: 6
2025-07-22 17:43:20,546 - INFO - [sentinel2_tss_pipeline.py:1797] -   Advanced products: 17
2025-07-22 17:43:25,479 - INFO - [sentinel2_tss_pipeline.py:576] - Successfully wrote raster: S2A_MSIL1C_20190105T112441_N0500_R037_T29TNF_20221215T164753_Jiang_Absorption.tif
2025-07-22 17:43:30,771 - INFO - [sentinel2_tss_pipeline.py:576] - Successfully wrote raster: S2A_MSIL1C_20190105T112441_N0500_R037_T29TNF_20221215T164753_Jiang_Backscattering.tif
2025-07-22 17:43:33,172 - INFO - [sentinel2_tss_pipeline.py:576] - Successfully wrote raster: S2A_MSIL1C_20190105T112441_N0500_R037_T29TNF_20221215T164753_Jiang_ReferenceBand.tif
2025-07-22 17:43:38,450 - INFO - [sentinel2_tss_pipeline.py:576] - Successfully wrote raster: S2A_MSIL1C_20190105T112441_N0500_R037_T29TNF_20221215T164753_Jiang_TSS.tif
2025-07-22 17:43:40,810 - INFO - [sentinel2_tss_pipeline.py:576] - Successfully wrote raster: S2A_MSIL1C_20190105T112441_N0500_R037_T29TNF_20221215T164753_Jiang_WaterTypes.tif
2025-07-22 17:43:43,224 - INFO - [sentinel2_tss_pipeline.py:576] - Successfully wrote raster: S2A_MSIL1C_20190105T112441_N0500_R037_T29TNF_20221215T164753_Jiang_ValidMask.tif
2025-07-22 17:43:48,905 - INFO - [sentinel2_tss_pipeline.py:576] - Successfully wrote raster: S2A_MSIL1C_20190105T112441_N0500_R037_T29TNF_20221215T164753_Clarity_Secchidepth.tif
2025-07-22 17:43:54,608 - INFO - [sentinel2_tss_pipeline.py:576] - Successfully wrote raster: S2A_MSIL1C_20190105T112441_N0500_R037_T29TNF_20221215T164753_Clarity_Clarityindex.tif
2025-07-22 17:44:00,212 - INFO - [sentinel2_tss_pipeline.py:576] - Successfully wrote raster: S2A_MSIL1C_20190105T112441_N0500_R037_T29TNF_20221215T164753_Clarity_Euphoticdepth.tif
2025-07-22 17:44:05,837 - INFO - [sentinel2_tss_pipeline.py:576] - Successfully wrote raster: S2A_MSIL1C_20190105T112441_N0500_R037_T29TNF_20221215T164753_Clarity_Diffuseattenuation.tif
2025-07-22 17:44:11,340 - INFO - [sentinel2_tss_pipeline.py:576] - Successfully wrote raster: S2A_MSIL1C_20190105T112441_N0500_R037_T29TNF_20221215T164753_Clarity_Beamattenuation.tif
2025-07-22 17:44:16,624 - INFO - [sentinel2_tss_pipeline.py:576] - Successfully wrote raster: S2A_MSIL1C_20190105T112441_N0500_R037_T29TNF_20221215T164753_Clarity_Turbidityproxy.tif
2025-07-22 17:44:18,926 - INFO - [sentinel2_tss_pipeline.py:576] - Successfully wrote raster: S2A_MSIL1C_20190105T112441_N0500_R037_T29TNF_20221215T164753_HAB_Probability.tif
2025-07-22 17:44:21,509 - INFO - [sentinel2_tss_pipeline.py:576] - Successfully wrote raster: S2A_MSIL1C_20190105T112441_N0500_R037_T29TNF_20221215T164753_HAB_Risk_Level.tif
2025-07-22 17:44:23,961 - INFO - [sentinel2_tss_pipeline.py:576] - Successfully wrote raster: S2A_MSIL1C_20190105T112441_N0500_R037_T29TNF_20221215T164753_HAB_High_Biomass_Alert.tif
2025-07-22 17:44:26,131 - INFO - [sentinel2_tss_pipeline.py:576] - Successfully wrote raster: S2A_MSIL1C_20190105T112441_N0500_R037_T29TNF_20221215T164753_HAB_Extreme_Biomass_Alert.tif
2025-07-22 17:44:28,742 - INFO - [sentinel2_tss_pipeline.py:576] - Successfully wrote raster: S2A_MSIL1C_20190105T112441_N0500_R037_T29TNF_20221215T164753_HAB_Ndci_Bloom.tif
2025-07-22 17:44:31,008 - INFO - [sentinel2_tss_pipeline.py:576] - Successfully wrote raster: S2A_MSIL1C_20190105T112441_N0500_R037_T29TNF_20221215T164753_HAB_Flh_Bloom.tif
2025-07-22 17:44:33,303 - INFO - [sentinel2_tss_pipeline.py:576] - Successfully wrote raster: S2A_MSIL1C_20190105T112441_N0500_R037_T29TNF_20221215T164753_HAB_Mci_Bloom.tif
2025-07-22 17:44:35,896 - INFO - [sentinel2_tss_pipeline.py:576] - Successfully wrote raster: S2A_MSIL1C_20190105T112441_N0500_R037_T29TNF_20221215T164753_HAB_Cyanobacteria_Bloom.tif
2025-07-22 17:44:41,242 - INFO - [sentinel2_tss_pipeline.py:576] - Successfully wrote raster: S2A_MSIL1C_20190105T112441_N0500_R037_T29TNF_20221215T164753_HAB_Ndci_Values.tif
2025-07-22 17:44:46,750 - INFO - [sentinel2_tss_pipeline.py:576] - Successfully wrote raster: S2A_MSIL1C_20190105T112441_N0500_R037_T29TNF_20221215T164753_HAB_Flh_Values.tif
2025-07-22 17:44:52,252 - INFO - [sentinel2_tss_pipeline.py:576] - Successfully wrote raster: S2A_MSIL1C_20190105T112441_N0500_R037_T29TNF_20221215T164753_HAB_Mci_Values.tif
2025-07-22 17:44:52,715 - INFO - [sentinel2_tss_pipeline.py:1948] - Water type legend created: S2A_MSIL1C_20190105T112441_N0500_R037_T29TNF_20221215T164753_WaterTypes_Legend.txt
2025-07-22 17:44:52,715 - INFO - [sentinel2_tss_pipeline.py:1873] - Product saving completed:
2025-07-22 17:44:52,716 - INFO - [sentinel2_tss_pipeline.py:1874] -   Successfully saved: 23 products
2025-07-22 17:44:52,717 - INFO - [sentinel2_tss_pipeline.py:1875] -   Skipped (no data): 0 products
2025-07-22 17:44:52,717 - INFO - [sentinel2_tss_pipeline.py:1876] -   Total attempted: 23 products
2025-07-22 17:44:52,718 - INFO - [sentinel2_tss_pipeline.py:1877] -   Output folder: D:/GSEU_WP5/02_TSS_Results\TSS_Products\S2A_MSIL1C_20190105T112441_N0500_R037_T29TNF_20221215T164753
2025-07-22 17:44:53,174 - INFO - [sentinel2_tss_pipeline.py:2015] - === COMPLETE PROCESSING SUMMARY: S2A_MSIL1C_20190105T112441_N0500_R037_T29TNF_20221215T164753 ===
2025-07-22 17:44:53,175 - INFO - [sentinel2_tss_pipeline.py:2016] - Total coverage: 100.0%
2025-07-22 17:44:53,177 - INFO - [sentinel2_tss_pipeline.py:2017] - TSS range: -2130658.00 - 147867536.00 g/m³
2025-07-22 17:44:53,178 - INFO - [sentinel2_tss_pipeline.py:2018] - TSS mean: 21.98 g/m³
2025-07-22 17:44:53,362 - INFO - [sentinel2_tss_pipeline.py:2026] - Jiang water type classification results:
2025-07-22 17:44:53,464 - INFO - [sentinel2_tss_pipeline.py:2037] -   560nm (Type I (Clear)): 63879290 pixels (99.6%)
2025-07-22 17:44:53,569 - INFO - [sentinel2_tss_pipeline.py:2037] -   665nm (Type II (Moderately turbid)): 39365 pixels (0.1%)
2025-07-22 17:44:53,673 - INFO - [sentinel2_tss_pipeline.py:2037] -   740nm (Type III (Highly turbid)): 18941 pixels (0.0%)
2025-07-22 17:44:53,781 - INFO - [sentinel2_tss_pipeline.py:2037] -   865nm (Type IV (Extremely turbid)): 190705 pixels (0.3%)
2025-07-22 17:44:54,021 - INFO - [sentinel2_tss_pipeline.py:2059] - HAB detection: 41425163 pixels with bloom risk (286514 high risk)
2025-07-22 17:44:54,022 - INFO - [sentinel2_tss_pipeline.py:2061] - ============================================================
2025-07-22 17:44:54,042 - INFO - [sentinel2_tss_pipeline.py:1997] - Product index created: S2A_MSIL1C_20190105T112441_N0500_R037_T29TNF_20221215T164753_ProductIndex.txt
2025-07-22 17:44:54,052 - INFO - [sentinel2_tss_pipeline.py:1212] - Complete TSS processing summary:
2025-07-22 17:44:54,052 - INFO - [sentinel2_tss_pipeline.py:1213] -   Jiang products: 6
2025-07-22 17:44:54,053 - INFO - [sentinel2_tss_pipeline.py:1214] -   Advanced products: 17
2025-07-22 17:44:54,054 - INFO - [sentinel2_tss_pipeline.py:1215] -   Visualization products: 25
2025-07-22 17:44:54,054 - INFO - [sentinel2_tss_pipeline.py:1216] -   Total products: 23
2025-07-22 17:44:54,356 - INFO - [sentinel2_tss_pipeline.py:4162] - ✓ Processing completed: 26 products generated
2025-07-22 17:44:54,357 - INFO - [sentinel2_tss_pipeline.py:4173] -   s2_processing: 20.8MB, status=completed
2025-07-22 17:44:54,358 - INFO - [sentinel2_tss_pipeline.py:4170] -   snap_chl: 35.4% coverage, mean=0.83
2025-07-22 17:44:54,358 - INFO - [sentinel2_tss_pipeline.py:4170] -   snap_tsm: 35.4% coverage, mean=0.64
2025-07-22 17:44:54,359 - INFO - [sentinel2_tss_pipeline.py:4170] -   absorption: 100.0% coverage, mean=0.16
2025-07-22 17:44:54,359 - INFO - [sentinel2_tss_pipeline.py:4170] -   backscattering: 100.0% coverage, mean=0.17
2025-07-22 17:44:54,360 - INFO - [sentinel2_tss_pipeline.py:4170] -   reference_band: 100.0% coverage, mean=561.02
2025-07-22 17:44:54,361 - INFO - [sentinel2_tss_pipeline.py:4170] -   tss: 100.0% coverage, mean=21.98
2025-07-22 17:44:54,361 - INFO - [sentinel2_tss_pipeline.py:4170] -   water_type_classification: 100.0% coverage, mean=1.01
2025-07-22 17:44:54,362 - INFO - [sentinel2_tss_pipeline.py:4170] -   valid_mask: 100.0% coverage, mean=1.00
2025-07-22 17:44:54,363 - INFO - [sentinel2_tss_pipeline.py:4170] -   secchi_depth: 100.0% coverage, mean=7.56
2025-07-22 17:44:54,363 - INFO - [sentinel2_tss_pipeline.py:4170] -   clarity_index: 100.0% coverage, mean=0.79
2025-07-22 17:44:54,364 - INFO - [sentinel2_tss_pipeline.py:4170] -   euphotic_depth: 100.0% coverage, mean=20.47
2025-07-22 17:44:54,365 - INFO - [sentinel2_tss_pipeline.py:4170] -   diffuse_attenuation: 100.0% coverage, mean=0.43
2025-07-22 17:44:54,365 - INFO - [sentinel2_tss_pipeline.py:4170] -   beam_attenuation: 100.0% coverage, mean=0.33
2025-07-22 17:44:54,366 - INFO - [sentinel2_tss_pipeline.py:4170] -   turbidity_proxy: 100.0% coverage, mean=169.85
2025-07-22 17:44:54,367 - INFO - [sentinel2_tss_pipeline.py:4170] -   hab_probability: 100.0% coverage, mean=0.20
2025-07-22 17:44:54,367 - INFO - [sentinel2_tss_pipeline.py:4170] -   hab_risk_level: 100.0% coverage, mean=0.66
2025-07-22 17:44:54,368 - INFO - [sentinel2_tss_pipeline.py:4170] -   high_biomass_alert: 100.0% coverage, mean=0.00
2025-07-22 17:44:54,368 - INFO - [sentinel2_tss_pipeline.py:4170] -   extreme_biomass_alert: 100.0% coverage, mean=0.00
2025-07-22 17:44:54,369 - INFO - [sentinel2_tss_pipeline.py:4170] -   ndci_bloom: 100.0% coverage, mean=0.65
2025-07-22 17:44:54,370 - INFO - [sentinel2_tss_pipeline.py:4170] -   flh_bloom: 100.0% coverage, mean=0.00
2025-07-22 17:44:54,370 - INFO - [sentinel2_tss_pipeline.py:4170] -   mci_bloom: 100.0% coverage, mean=0.01
2025-07-22 17:44:54,371 - INFO - [sentinel2_tss_pipeline.py:4170] -   cyanobacteria_bloom: 100.0% coverage, mean=0.65
2025-07-22 17:44:54,372 - INFO - [sentinel2_tss_pipeline.py:4170] -   ndci_values: 100.0% coverage, mean=0.09
2025-07-22 17:44:54,372 - INFO - [sentinel2_tss_pipeline.py:4170] -   flh_values: 100.0% coverage, mean=-0.01
2025-07-22 17:44:54,373 - INFO - [sentinel2_tss_pipeline.py:4170] -   mci_values: 100.0% coverage, mean=-0.01
2025-07-22 17:44:54,570 - INFO - [sentinel2_tss_pipeline.py:4211] - → Progress: 1/2 (50.0%), ETA: 64.8 minutes
2025-07-22 17:44:54,572 - INFO - [sentinel2_tss_pipeline.py:4126] - 
--------------------------------------------------------------------------------
2025-07-22 17:44:54,572 - INFO - [sentinel2_tss_pipeline.py:4127] - Processing 2/2: S2A_MSIL1C_20190108T113441_N0500_R080_T29TNF_20221217T102306
2025-07-22 17:44:54,573 - INFO - [sentinel2_tss_pipeline.py:4128] - Mode: complete_pipeline
2025-07-22 17:44:54,573 - INFO - [sentinel2_tss_pipeline.py:4129] - --------------------------------------------------------------------------------
2025-07-22 17:44:54,574 - INFO - [sentinel2_tss_pipeline.py:3587] - Processing: S2A_MSIL1C_20190108T113441_N0500_R080_T29TNF_20221217T102306.zip
2025-07-22 17:44:54,575 - INFO - [sentinel2_tss_pipeline.py:3588] -   Mode: complete_pipeline
2025-07-22 17:44:54,575 - INFO - [sentinel2_tss_pipeline.py:3589] -   Resolution: 10m
2025-07-22 17:44:54,576 - INFO - [sentinel2_tss_pipeline.py:3590] -   ECMWF: True
2025-07-22 17:44:54,579 - INFO - [sentinel2_tss_pipeline.py:3736] - Starting S2 processing with C2RCC...
2025-07-22 17:58:32,743 - INFO - [sentinel2_tss_pipeline.py:3898] - ============================================================
2025-07-22 17:58:32,744 - INFO - [sentinel2_tss_pipeline.py:3899] - C2RCC OUTPUT VERIFICATION REPORT
2025-07-22 17:58:32,745 - INFO - [sentinel2_tss_pipeline.py:3900] - ============================================================
2025-07-22 17:58:32,746 - INFO - [sentinel2_tss_pipeline.py:3903] - C2RCC file: Resampled_S2A_20190108T113441_T29TNF_Subset_C2RCC.dim (20.7 MB)
2025-07-22 17:58:32,746 - INFO - [sentinel2_tss_pipeline.py:3904] - Data folder: Resampled_S2A_20190108T113441_T29TNF_Subset_C2RCC.data
2025-07-22 17:58:32,747 - INFO - [sentinel2_tss_pipeline.py:3907] - 
🧪 SNAP TSM/CHL PRODUCTS (Critical for Analysis):
2025-07-22 17:58:32,747 - INFO - [sentinel2_tss_pipeline.py:3919] - ℹ️  TSM/CHL products will be calculated from IOP products
2025-07-22 17:58:32,748 - INFO - [sentinel2_tss_pipeline.py:3920] -    Using SNAP formulas:
2025-07-22 17:58:32,749 - INFO - [sentinel2_tss_pipeline.py:3921] -    • TSM = TSMfac * (bpart + bwit)^TSMexp
2025-07-22 17:58:32,749 - INFO - [sentinel2_tss_pipeline.py:3922] -    • CHL = apig^CHLexp * CHLfac
2025-07-22 17:58:32,750 - INFO - [sentinel2_tss_pipeline.py:3925] - 
🔬 SNAP IOP PRODUCTS (5/6 available):
2025-07-22 17:58:32,751 - INFO - [sentinel2_tss_pipeline.py:3930] -    ✓ iop_apig.img (250524.1 KB)
2025-07-22 17:58:32,751 - INFO - [sentinel2_tss_pipeline.py:3930] -    ✓ iop_adet.img (250524.1 KB)
2025-07-22 17:58:32,752 - INFO - [sentinel2_tss_pipeline.py:3930] -    ✓ iop_agelb.img (250524.1 KB)
2025-07-22 17:58:32,752 - INFO - [sentinel2_tss_pipeline.py:3930] -    ✓ iop_bpart.img (250524.1 KB)
2025-07-22 17:58:32,753 - INFO - [sentinel2_tss_pipeline.py:3930] -    ✓ iop_bwit.img (250524.1 KB)
2025-07-22 17:58:32,754 - INFO - [sentinel2_tss_pipeline.py:3930] -    ✗ iop_btot.img (missing/empty)
2025-07-22 17:58:32,754 - INFO - [sentinel2_tss_pipeline.py:3933] - 
🌊 JIANG TSS READINESS (0/8 bands):
2025-07-22 17:58:32,755 - WARNING - [sentinel2_tss_pipeline.py:3937] - ⚠ PARTIAL: Only 0/8 rhow bands available
2025-07-22 17:58:32,756 - WARNING - [sentinel2_tss_pipeline.py:3939] -    Missing bands: ['rhow_B1.img', 'rhow_B2.img', 'rhow_B3.img', 'rhow_B4.img', 'rhow_B5.img', 'rhow_B6.img', 'rhow_B7.img', 'rhow_B8A.img']
2025-07-22 17:58:32,756 - INFO - [sentinel2_tss_pipeline.py:3942] - 
📊 OVERALL ASSESSMENT:
2025-07-22 17:58:32,757 - WARNING - [sentinel2_tss_pipeline.py:3951] - ⚠ LIMITED: Missing critical components
2025-07-22 17:58:32,757 - INFO - [sentinel2_tss_pipeline.py:3953] - ============================================================
2025-07-22 17:58:32,758 - INFO - [sentinel2_tss_pipeline.py:3657] - ✅ S2 processing SUCCESS: S2A_MSIL1C_20190108T113441_N0500_R080_T29TNF_20221217T102306.zip
2025-07-22 17:58:32,759 - INFO - [sentinel2_tss_pipeline.py:3658] -    Output: Resampled_S2A_20190108T113441_T29TNF_Subset_C2RCC.dim (20.7MB)
2025-07-22 17:58:32,760 - INFO - [sentinel2_tss_pipeline.py:3659] -    Processing time: 13.6 minutes
2025-07-22 17:58:32,760 - INFO - [sentinel2_tss_pipeline.py:3666] - Calculating missing SNAP TSM/CHL concentrations from IOP products...
2025-07-22 17:58:32,761 - INFO - [sentinel2_tss_pipeline.py:777] - SNAP TSM/CHL Calculator initialized:
2025-07-22 17:58:32,762 - INFO - [sentinel2_tss_pipeline.py:778] -   TSM formula: TSM = 1.06 * (bpart + bwit)^0.942
2025-07-22 17:58:32,762 - INFO - [sentinel2_tss_pipeline.py:779] -   CHL formula: CHL = apig^1.04 * 21.0
2025-07-22 17:58:32,763 - INFO - [sentinel2_tss_pipeline.py:784] - Calculating SNAP TSM/CHL from IOP products...
2025-07-22 17:58:33,170 - INFO - [sentinel2_tss_pipeline.py:810] - ✓ Loaded apig: (5841, 10980), mean=0.1639
2025-07-22 17:58:33,615 - INFO - [sentinel2_tss_pipeline.py:810] - ✓ Loaded bpart: (5841, 10980), mean=0.1599
2025-07-22 17:58:34,049 - INFO - [sentinel2_tss_pipeline.py:810] - ✓ Loaded bwit: (5841, 10980), mean=0.4428
2025-07-22 17:58:34,050 - INFO - [sentinel2_tss_pipeline.py:820] - Calculating CHL concentration from iop_apig...
2025-07-22 17:58:34,601 - INFO - [sentinel2_tss_pipeline.py:849] - CHL calculation: 18614363 valid pixels out of 18614363 processed
2025-07-22 17:58:36,452 - INFO - [sentinel2_tss_pipeline.py:576] - Successfully wrote raster: conc_chl.img
2025-07-22 17:58:36,641 - INFO - [sentinel2_tss_pipeline.py:868] - ✓ CHL concentration saved: 29.0% coverage, mean=11.695 mg/m³
2025-07-22 17:58:36,642 - INFO - [sentinel2_tss_pipeline.py:878] - Calculating TSM concentration from bpart + bwit (btot approximation)...
2025-07-22 17:58:37,231 - INFO - [sentinel2_tss_pipeline.py:910] - TSM calculation: 18614363 valid pixels out of 18614363 processed
2025-07-22 17:58:39,081 - INFO - [sentinel2_tss_pipeline.py:576] - Successfully wrote raster: conc_tsm.img
2025-07-22 17:58:39,260 - INFO - [sentinel2_tss_pipeline.py:929] - ✓ TSM concentration saved: 29.0% coverage, mean=2.062 g/m³
2025-07-22 17:58:39,307 - INFO - [sentinel2_tss_pipeline.py:3679] - ✅ SNAP TSM calculation successful!
2025-07-22 17:58:39,308 - INFO - [sentinel2_tss_pipeline.py:3682] - ✅ SNAP CHL calculation successful!
2025-07-22 17:58:39,311 - INFO - [sentinel2_tss_pipeline.py:3898] - ============================================================
2025-07-22 17:58:39,312 - INFO - [sentinel2_tss_pipeline.py:3899] - C2RCC OUTPUT VERIFICATION REPORT
2025-07-22 17:58:39,312 - INFO - [sentinel2_tss_pipeline.py:3900] - ============================================================
2025-07-22 17:58:39,313 - INFO - [sentinel2_tss_pipeline.py:3903] - C2RCC file: Resampled_S2A_20190108T113441_T29TNF_Subset_C2RCC.dim (20.7 MB)
2025-07-22 17:58:39,313 - INFO - [sentinel2_tss_pipeline.py:3904] - Data folder: Resampled_S2A_20190108T113441_T29TNF_Subset_C2RCC.data
2025-07-22 17:58:39,314 - INFO - [sentinel2_tss_pipeline.py:3907] - 
🧪 SNAP TSM/CHL PRODUCTS (Critical for Analysis):
2025-07-22 17:58:39,315 - INFO - [sentinel2_tss_pipeline.py:3909] - ✅ SUCCESS: Both TSM and CHL products available!
2025-07-22 17:58:39,316 - INFO - [sentinel2_tss_pipeline.py:3910] -    ✓ TSM: conc_tsm.img (0.0 KB)
2025-07-22 17:58:39,316 - INFO - [sentinel2_tss_pipeline.py:3911] -    ✓ CHL: conc_chl.img (0.0 KB)
2025-07-22 17:58:39,317 - INFO - [sentinel2_tss_pipeline.py:3916] -    ⚠ Uncertainties: Not available (calculated products)
2025-07-22 17:58:39,317 - INFO - [sentinel2_tss_pipeline.py:3925] - 
🔬 SNAP IOP PRODUCTS (5/6 available):
2025-07-22 17:58:39,318 - INFO - [sentinel2_tss_pipeline.py:3930] -    ✓ iop_apig.img (250524.1 KB)
2025-07-22 17:58:39,319 - INFO - [sentinel2_tss_pipeline.py:3930] -    ✓ iop_adet.img (250524.1 KB)
2025-07-22 17:58:39,319 - INFO - [sentinel2_tss_pipeline.py:3930] -    ✓ iop_agelb.img (250524.1 KB)
2025-07-22 17:58:39,320 - INFO - [sentinel2_tss_pipeline.py:3930] -    ✓ iop_bpart.img (250524.1 KB)
2025-07-22 17:58:39,321 - INFO - [sentinel2_tss_pipeline.py:3930] -    ✓ iop_bwit.img (250524.1 KB)
2025-07-22 17:58:39,321 - INFO - [sentinel2_tss_pipeline.py:3930] -    ✗ iop_btot.img (missing/empty)
2025-07-22 17:58:39,322 - INFO - [sentinel2_tss_pipeline.py:3933] - 
🌊 JIANG TSS READINESS (0/8 bands):
2025-07-22 17:58:39,322 - WARNING - [sentinel2_tss_pipeline.py:3937] - ⚠ PARTIAL: Only 0/8 rhow bands available
2025-07-22 17:58:39,323 - WARNING - [sentinel2_tss_pipeline.py:3939] -    Missing bands: ['rhow_B1.img', 'rhow_B2.img', 'rhow_B3.img', 'rhow_B4.img', 'rhow_B5.img', 'rhow_B6.img', 'rhow_B7.img', 'rhow_B8A.img']
2025-07-22 17:58:39,324 - INFO - [sentinel2_tss_pipeline.py:3942] - 
📊 OVERALL ASSESSMENT:
2025-07-22 17:58:39,324 - WARNING - [sentinel2_tss_pipeline.py:3951] - ⚠ LIMITED: Missing critical components
2025-07-22 17:58:39,325 - INFO - [sentinel2_tss_pipeline.py:3953] - ============================================================
2025-07-22 17:58:39,325 - INFO - [sentinel2_tss_pipeline.py:3687] - 📊 UPDATED SNAP PRODUCTS STATUS:
2025-07-22 17:58:39,326 - INFO - [sentinel2_tss_pipeline.py:3688] -    TSM=True, CHL=True, Uncertainties=False
2025-07-22 17:58:39,327 - INFO - [sentinel2_tss_pipeline.py:3967] - Starting TSS processing for S2A_MSIL1C_20190108T113441_N0500_R080_T29TNF_20221217T102306.zip
2025-07-22 17:58:39,327 - INFO - [sentinel2_tss_pipeline.py:2780] - Initialized S2 Marine Visualization Processor
2025-07-22 17:58:39,328 - INFO - [sentinel2_tss_pipeline.py:2781] - Configuration settings:
2025-07-22 17:58:39,329 - INFO - [sentinel2_tss_pipeline.py:2782] -   Natural color RGB: True
2025-07-22 17:58:39,329 - INFO - [sentinel2_tss_pipeline.py:2783] -   False color RGB: True
2025-07-22 17:58:39,330 - INFO - [sentinel2_tss_pipeline.py:2784] -   Water-specific RGB: True
2025-07-22 17:58:39,331 - INFO - [sentinel2_tss_pipeline.py:2785] -   Research RGB: True
2025-07-22 17:58:39,331 - INFO - [sentinel2_tss_pipeline.py:2786] -   Water quality indices: True
2025-07-22 17:58:39,332 - INFO - [sentinel2_tss_pipeline.py:2787] -   Chlorophyll indices: True
2025-07-22 17:58:39,332 - INFO - [sentinel2_tss_pipeline.py:2788] -   Turbidity indices: True
2025-07-22 17:58:39,333 - INFO - [sentinel2_tss_pipeline.py:2789] -   Advanced indices: True
2025-07-22 17:58:39,334 - INFO - [sentinel2_tss_pipeline.py:2790] -   Output format: GeoTIFF
2025-07-22 17:58:39,334 - INFO - [sentinel2_tss_pipeline.py:2791] -   Contrast enhancement: True
2025-07-22 17:58:39,335 - INFO - [sentinel2_tss_pipeline.py:2792] -   Contrast method: percentile_stretch
2025-07-22 17:58:39,336 - INFO - [sentinel2_tss_pipeline.py:2793] -   Export metadata: True
2025-07-22 17:58:39,336 - INFO - [sentinel2_tss_pipeline.py:2794] -   Create overview images: True
2025-07-22 17:58:39,337 - INFO - [sentinel2_tss_pipeline.py:2809] - Expected products: ~11 RGB composites + ~13 spectral indices
2025-07-22 17:58:39,337 - INFO - [sentinel2_tss_pipeline.py:2810] - Marine visualization processor ready for processing
2025-07-22 17:58:39,338 - INFO - [sentinel2_tss_pipeline.py:1029] - Marine visualization processor initialized
2025-07-22 17:58:39,339 - INFO - [sentinel2_tss_pipeline.py:2139] - Initialized Advanced Aquatic Processor with scientific algorithms
2025-07-22 17:58:39,339 - INFO - [sentinel2_tss_pipeline.py:1042] - Initialized Jiang TSS Processor with enhanced methodology
2025-07-22 17:58:39,340 - INFO - [sentinel2_tss_pipeline.py:1045] - Jiang TSS enabled: True
2025-07-22 17:58:39,340 - INFO - [sentinel2_tss_pipeline.py:1046] - Advanced algorithms enabled: True
2025-07-22 17:58:39,341 - INFO - [sentinel2_tss_pipeline.py:1047] - Marine visualization enabled: True
2025-07-22 17:58:39,342 - INFO - [sentinel2_tss_pipeline.py:1050] - Working algorithms available:
2025-07-22 17:58:39,342 - INFO - [sentinel2_tss_pipeline.py:1051] -   ✓ Water Clarity: True
2025-07-22 17:58:39,343 - INFO - [sentinel2_tss_pipeline.py:1052] -   ✓ HAB Detection: True
2025-07-22 17:58:39,344 - INFO - [sentinel2_tss_pipeline.py:1053] - Note: Only Sentinel-2 compatible algorithms included
2025-07-22 17:58:39,344 - INFO - [sentinel2_tss_pipeline.py:1059] - Marine visualization configuration:
2025-07-22 17:58:39,345 - INFO - [sentinel2_tss_pipeline.py:1060] -   ✓ Natural color RGB: True
2025-07-22 17:58:39,346 - INFO - [sentinel2_tss_pipeline.py:1061] -   ✓ False color RGB: True
2025-07-22 17:58:39,346 - INFO - [sentinel2_tss_pipeline.py:1062] -   ✓ Water-specific RGB: True
2025-07-22 17:58:39,347 - INFO - [sentinel2_tss_pipeline.py:1063] -   ✓ Research RGB: True
2025-07-22 17:58:39,347 - INFO - [sentinel2_tss_pipeline.py:1064] -   ✓ Water quality indices: True
2025-07-22 17:58:39,348 - INFO - [sentinel2_tss_pipeline.py:1065] -   ✓ Chlorophyll indices: True
2025-07-22 17:58:39,349 - INFO - [sentinel2_tss_pipeline.py:1066] -   ✓ Turbidity indices: True
2025-07-22 17:58:39,349 - INFO - [sentinel2_tss_pipeline.py:1067] -   ✓ Advanced indices: True
2025-07-22 17:58:39,350 - INFO - [sentinel2_tss_pipeline.py:1068] -   Output format: GeoTIFF
2025-07-22 17:58:39,351 - INFO - [sentinel2_tss_pipeline.py:1069] -   Contrast enhancement: True
2025-07-22 17:58:39,351 - INFO - [sentinel2_tss_pipeline.py:1073] - Jiang TSS Processor initialization completed successfully
2025-07-22 17:58:39,352 - INFO - [sentinel2_tss_pipeline.py:1151] - Starting comprehensive TSS processing for S2A_MSIL1C_20190108T113441_N0500_R080_T29TNF_20221217T102306.zip
2025-07-22 17:58:39,355 - INFO - [sentinel2_tss_pipeline.py:1123] - Successfully found 12 spectral bands for Jiang TSS
2025-07-22 17:58:41,695 - INFO - [sentinel2_tss_pipeline.py:1325] - Applying Jiang methodology (exact R translation)
2025-07-22 17:58:42,918 - INFO - [sentinel2_tss_pipeline.py:1443] - Processing 41224482 valid pixels with corrected Jiang algorithm
2025-07-22 18:02:46,588 - INFO - [sentinel2_tss_pipeline.py:7088] - Application interrupted by user
