2025-07-21 19:06:45,565 - INFO - [sentinel2_tss_pipeline.py:6270] - Auto-detected SNAP_HOME: C:\Program Files\esa-snap
2025-07-21 19:06:45,566 - INFO - [sentinel2_tss_pipeline.py:6311] - ================================================================================
2025-07-21 19:06:45,566 - INFO - [sentinel2_tss_pipeline.py:6312] - UNIFIED S2 PROCESSING & TSS ESTIMATION PIPELINE v1.0
2025-07-21 19:06:45,567 - INFO - [sentinel2_tss_pipeline.py:6313] - ================================================================================
2025-07-21 19:06:45,567 - INFO - [sentinel2_tss_pipeline.py:6314] - SNAP_HOME: C:\Program Files\esa-snap
2025-07-21 19:06:45,568 - INFO - [sentinel2_tss_pipeline.py:6315] - GPT: C:\Program Files\esa-snap\bin\gpt.exe
2025-07-21 19:06:45,569 - INFO - [sentinel2_tss_pipeline.py:6316] - Python: 3.9.22 | packaged by conda-forge | (main, Apr 10 2025, 22:07:06) [MSC v.1929 64 bit (AMD64)]
2025-07-21 19:06:45,569 - INFO - [sentinel2_tss_pipeline.py:6317] - Platform: win32
2025-07-21 19:06:45,570 - INFO - [sentinel2_tss_pipeline.py:6318] - Working Directory: C:\Users\pedro.goncalves\OneDrive - LNEG - Laboratorio Nacional de Energia e Geologia\GitHub\sentinel2-tss-pipeline
2025-07-21 19:06:45,570 - INFO - [sentinel2_tss_pipeline.py:6319] - ================================================================================
2025-07-21 19:06:45,571 - INFO - [sentinel2_tss_pipeline.py:6328] - Starting GUI application...
2025-07-21 19:07:41,931 - INFO - [sentinel2_tss_pipeline.py:2491] - SNAP_HOME: C:\Program Files\esa-snap
2025-07-21 19:07:46,964 - INFO - [sentinel2_tss_pipeline.py:2502] - ✓ GPT validated: C:\Program Files\esa-snap\bin\gpt.exe
2025-07-21 19:07:46,966 - INFO - [sentinel2_tss_pipeline.py:2619] - FIXED processing graph saved: s2_complete_processing_with_subset.xml
2025-07-21 19:07:46,966 - INFO - [sentinel2_tss_pipeline.py:2531] - ✓ Processing graph created for mode: complete_pipeline
2025-07-21 19:07:46,967 - INFO - [sentinel2_tss_pipeline.py:2068] - Initialized Advanced Aquatic Processor with scientific algorithms
2025-07-21 19:07:46,968 - INFO - [sentinel2_tss_pipeline.py:1010] - Initialized Jiang TSS Processor with clean methodology
2025-07-21 19:07:46,968 - INFO - [sentinel2_tss_pipeline.py:1013] - Jiang TSS enabled: True
2025-07-21 19:07:46,969 - INFO - [sentinel2_tss_pipeline.py:1014] - Advanced algorithms enabled: True
2025-07-21 19:07:46,970 - INFO - [sentinel2_tss_pipeline.py:1016] - Working algorithms available:
2025-07-21 19:07:46,970 - INFO - [sentinel2_tss_pipeline.py:1017] -   ✓ Water Clarity: True
2025-07-21 19:07:46,971 - INFO - [sentinel2_tss_pipeline.py:1018] -   ✓ HAB Detection: True
2025-07-21 19:07:46,971 - INFO - [sentinel2_tss_pipeline.py:1019] - Note: Only Sentinel-2 compatible algorithms included
2025-07-21 19:07:46,972 - INFO - [sentinel2_tss_pipeline.py:3449] - Initialized Unified S2-TSS Processor - Mode: complete_pipeline
2025-07-21 19:07:46,973 - INFO - [sentinel2_tss_pipeline.py:5832] - TEST MODE: Processing only 2 products
2025-07-21 19:07:46,974 - INFO - [sentinel2_tss_pipeline.py:3523] - 
--------------------------------------------------------------------------------
2025-07-21 19:07:46,975 - INFO - [sentinel2_tss_pipeline.py:3524] - Processing 1/2: S2A_MSIL1C_20190105T112441_N0500_R037_T29TNF_20221215T164753
2025-07-21 19:07:46,975 - INFO - [sentinel2_tss_pipeline.py:3525] - Mode: complete_pipeline
2025-07-21 19:07:46,975 - INFO - [sentinel2_tss_pipeline.py:3526] - --------------------------------------------------------------------------------
2025-07-21 19:07:46,975 - INFO - [sentinel2_tss_pipeline.py:2796] - Processing: S2A_MSIL1C_20190105T112441_N0500_R037_T29TNF_20221215T164753.zip
2025-07-21 19:07:46,975 - INFO - [sentinel2_tss_pipeline.py:2797] -   Mode: complete_pipeline
2025-07-21 19:07:46,975 - INFO - [sentinel2_tss_pipeline.py:2798] -   Resolution: 10m
2025-07-21 19:07:46,975 - INFO - [sentinel2_tss_pipeline.py:2799] -   ECMWF: True
2025-07-21 19:07:46,982 - INFO - [sentinel2_tss_pipeline.py:2945] - Starting COMPLETE S2 processing (all bands for current + future modules)...
2025-07-21 19:07:52,121 - ERROR - [sentinel2_tss_pipeline.py:2967] - ❌ GPT processing failed
2025-07-21 19:07:52,122 - ERROR - [sentinel2_tss_pipeline.py:2968] - Return code: 1
2025-07-21 19:07:52,123 - ERROR - [sentinel2_tss_pipeline.py:2970] - GPT stderr: INFO: org.esa.snap.core.gpf.operators.tooladapter.ToolAdapterIO: Initializing external tool adapters
INFO: org.esa.snap.core.util.EngineVersionCheckActivator: Please check regularly for new updates for the best SNAP experience.

Error: [NodeId: Read] Operator 'ReadOp': Unknown element 'tiePointGridNames'
org.esa.snap.core.gpf.graph.GraphException: [NodeId: Read] Operator 'ReadOp': Unknown element 'tiePointGridNames'
	at org.esa.snap.core.gpf.graph.NodeContext.initTargetProduct(NodeContext.java:79)
	at org.esa.snap.core.gpf.graph.GraphContext.initNodeContext(GraphContext.java:213)
	at org.esa.snap.core.gpf.graph.GraphContext.initNodeContext(GraphContext.java:195)
	at org.esa.snap.core.gpf.graph.GraphContext.initNodeContext(GraphContext.java:195)
	at org.esa.snap.core.gpf.graph.GraphContext.initNodeContext(GraphContext.java:195)
	at org.esa.snap.core.gpf.graph.GraphContext.initNodeContext(GraphContext.java:195)
	at org.esa.snap.core.gpf.graph.GraphContext.initOutput(GraphContext.java:179...
2025-07-21 19:07:52,124 - ERROR - [sentinel2_tss_pipeline.py:2914] - ❌ S2 processing FAILED: S2A_MSIL1C_20190105T112441_N0500_R037_T29TNF_20221215T164753.zip
2025-07-21 19:07:52,124 - INFO - [sentinel2_tss_pipeline.py:3559] - ✓ Processing completed: 0 products generated
2025-07-21 19:07:52,331 - INFO - [sentinel2_tss_pipeline.py:3608] - → Progress: 1/2 (50.0%), ETA: 0.2 minutes
2025-07-21 19:07:52,334 - INFO - [sentinel2_tss_pipeline.py:3523] - 
--------------------------------------------------------------------------------
2025-07-21 19:07:52,335 - INFO - [sentinel2_tss_pipeline.py:3524] - Processing 2/2: S2A_MSIL1C_20190108T113441_N0500_R080_T29TNF_20221217T102306
2025-07-21 19:07:52,335 - INFO - [sentinel2_tss_pipeline.py:3525] - Mode: complete_pipeline
2025-07-21 19:07:52,337 - INFO - [sentinel2_tss_pipeline.py:3526] - --------------------------------------------------------------------------------
2025-07-21 19:07:52,337 - INFO - [sentinel2_tss_pipeline.py:2796] - Processing: S2A_MSIL1C_20190108T113441_N0500_R080_T29TNF_20221217T102306.zip
2025-07-21 19:07:52,338 - INFO - [sentinel2_tss_pipeline.py:2797] -   Mode: complete_pipeline
2025-07-21 19:07:52,338 - INFO - [sentinel2_tss_pipeline.py:2798] -   Resolution: 10m
2025-07-21 19:07:52,339 - INFO - [sentinel2_tss_pipeline.py:2799] -   ECMWF: True
2025-07-21 19:07:52,342 - INFO - [sentinel2_tss_pipeline.py:2945] - Starting COMPLETE S2 processing (all bands for current + future modules)...
2025-07-21 19:07:57,463 - ERROR - [sentinel2_tss_pipeline.py:2967] - ❌ GPT processing failed
2025-07-21 19:07:57,463 - ERROR - [sentinel2_tss_pipeline.py:2968] - Return code: 1
2025-07-21 19:07:57,464 - ERROR - [sentinel2_tss_pipeline.py:2970] - GPT stderr: INFO: org.esa.snap.core.gpf.operators.tooladapter.ToolAdapterIO: Initializing external tool adapters
INFO: org.esa.snap.core.util.EngineVersionCheckActivator: Please check regularly for new updates for the best SNAP experience.

Error: [NodeId: Read] Operator 'ReadOp': Unknown element 'tiePointGridNames'
org.esa.snap.core.gpf.graph.GraphException: [NodeId: Read] Operator 'ReadOp': Unknown element 'tiePointGridNames'
	at org.esa.snap.core.gpf.graph.NodeContext.initTargetProduct(NodeContext.java:79)
	at org.esa.snap.core.gpf.graph.GraphContext.initNodeContext(GraphContext.java:213)
	at org.esa.snap.core.gpf.graph.GraphContext.initNodeContext(GraphContext.java:195)
	at org.esa.snap.core.gpf.graph.GraphContext.initNodeContext(GraphContext.java:195)
	at org.esa.snap.core.gpf.graph.GraphContext.initNodeContext(GraphContext.java:195)
	at org.esa.snap.core.gpf.graph.GraphContext.initNodeContext(GraphContext.java:195)
	at org.esa.snap.core.gpf.graph.GraphContext.initOutput(GraphContext.java:179...
2025-07-21 19:07:57,465 - ERROR - [sentinel2_tss_pipeline.py:2914] - ❌ S2 processing FAILED: S2A_MSIL1C_20190108T113441_N0500_R080_T29TNF_20221217T102306.zip
2025-07-21 19:07:57,465 - INFO - [sentinel2_tss_pipeline.py:3559] - ✓ Processing completed: 0 products generated
2025-07-21 19:07:57,634 - INFO - [sentinel2_tss_pipeline.py:3608] - → Progress: 2/2 (100.0%), ETA: 0.0 minutes
2025-07-21 19:08:16,215 - INFO - [sentinel2_tss_pipeline.py:6332] - Application finished successfully
