2025-07-11 09:10:56,061 - INFO - [sentinel2_tss_pipeline.py:3479] - Auto-detected SNAP_HOME: C:\Program Files\esa-snap
2025-07-11 09:10:56,063 - INFO - [sentinel2_tss_pipeline.py:3520] - ================================================================================
2025-07-11 09:10:56,063 - INFO - [sentinel2_tss_pipeline.py:3521] - UNIFIED S2 PROCESSING & TSS ESTIMATION PIPELINE v1.0
2025-07-11 09:10:56,064 - INFO - [sentinel2_tss_pipeline.py:3522] - ================================================================================
2025-07-11 09:10:56,064 - INFO - [sentinel2_tss_pipeline.py:3523] - SNAP_HOME: C:\Program Files\esa-snap
2025-07-11 09:10:56,065 - INFO - [sentinel2_tss_pipeline.py:3524] - GPT: C:\Program Files\esa-snap\bin\gpt.exe
2025-07-11 09:10:56,065 - INFO - [sentinel2_tss_pipeline.py:3525] - Python: 3.9.22 | packaged by conda-forge | (main, Apr 10 2025, 22:07:06) [MSC v.1929 64 bit (AMD64)]
2025-07-11 09:10:56,066 - INFO - [sentinel2_tss_pipeline.py:3526] - Platform: win32
2025-07-11 09:10:56,066 - INFO - [sentinel2_tss_pipeline.py:3527] - Working Directory: C:\Users\pedro.goncalves\OneDrive - LNEG - Laboratorio Nacional de Energia e Geologia\GitHub\sentinel2-tss-pipeline
2025-07-11 09:10:56,067 - INFO - [sentinel2_tss_pipeline.py:3528] - ================================================================================
2025-07-11 09:10:56,067 - INFO - [sentinel2_tss_pipeline.py:3537] - Starting GUI application...
2025-07-11 09:10:56,747 - WARNING - [sentinel2_tss_pipeline.py:3168] - GUI update error: division by zero
2025-07-11 09:13:08,391 - INFO - [sentinel2_tss_pipeline.py:613] - Initialized Jiang TSS Processor
2025-07-11 09:13:08,391 - INFO - [sentinel2_tss_pipeline.py:1358] - Initialized Unified S2-TSS Processor - Mode: tss_processing_only
2025-07-11 09:13:08,407 - INFO - [sentinel2_tss_pipeline.py:1432] - 
--------------------------------------------------------------------------------
2025-07-11 09:13:08,407 - INFO - [sentinel2_tss_pipeline.py:1433] - Processing 1/63: S2A_MSIL1C_20190105T112441_N0500_R037_T29TNF_20221215T164753
2025-07-11 09:13:08,407 - INFO - [sentinel2_tss_pipeline.py:1434] - Mode: tss_processing_only
2025-07-11 09:13:08,407 - INFO - [sentinel2_tss_pipeline.py:1435] - --------------------------------------------------------------------------------
2025-07-11 09:13:08,407 - INFO - [sentinel2_tss_pipeline.py:621] - Starting Jiang TSS processing for S2A_MSIL1C_20190105T112441_N0500_R037_T29TNF_20221215T164753
2025-07-11 09:13:08,407 - INFO - [sentinel2_tss_pipeline.py:686] - Successfully found 8 spectral bands
2025-07-11 09:13:12,469 - INFO - [sentinel2_tss_pipeline.py:384] - Successfully wrote raster: S2A_MSIL1C_20190105T112441_N0500_R037_T29TNF_20221215T164753_Jiang_TSS.tif
2025-07-11 09:13:12,671 - INFO - [sentinel2_tss_pipeline.py:745] - Jiang TSS saved: 35.4% coverage
2025-07-11 09:13:12,671 - INFO - [sentinel2_tss_pipeline.py:644] - Jiang TSS processing completed: 1 products
2025-07-11 09:13:12,722 - INFO - [sentinel2_tss_pipeline.py:1468] - ✓ Processing completed: 1 products generated
2025-07-11 09:13:12,722 - INFO - [sentinel2_tss_pipeline.py:1476] -   jiang_tss: 35.4% coverage, mean=16.77
2025-07-11 09:13:12,805 - INFO - [sentinel2_tss_pipeline.py:1494] - → Progress: 1/63 (1.6%), ETA: 4.6 minutes
2025-07-11 09:13:12,805 - INFO - [sentinel2_tss_pipeline.py:1432] - 
--------------------------------------------------------------------------------
2025-07-11 09:13:12,805 - INFO - [sentinel2_tss_pipeline.py:1433] - Processing 2/63: S2A_MSIL1C_20190108T113441_N0500_R080_T29TNF_20221217T102306
2025-07-11 09:13:12,805 - INFO - [sentinel2_tss_pipeline.py:1434] - Mode: tss_processing_only
2025-07-11 09:13:12,805 - INFO - [sentinel2_tss_pipeline.py:1435] - --------------------------------------------------------------------------------
2025-07-11 09:13:12,805 - INFO - [sentinel2_tss_pipeline.py:621] - Starting Jiang TSS processing for S2A_MSIL1C_20190108T113441_N0500_R080_T29TNF_20221217T102306
2025-07-11 09:13:12,813 - INFO - [sentinel2_tss_pipeline.py:686] - Successfully found 8 spectral bands
2025-07-11 09:13:16,743 - INFO - [sentinel2_tss_pipeline.py:384] - Successfully wrote raster: S2A_MSIL1C_20190108T113441_N0500_R080_T29TNF_20221217T102306_Jiang_TSS.tif
2025-07-11 09:13:16,907 - INFO - [sentinel2_tss_pipeline.py:745] - Jiang TSS saved: 29.0% coverage
2025-07-11 09:13:16,907 - INFO - [sentinel2_tss_pipeline.py:644] - Jiang TSS processing completed: 1 products
2025-07-11 09:13:16,958 - INFO - [sentinel2_tss_pipeline.py:1468] - ✓ Processing completed: 1 products generated
2025-07-11 09:13:16,958 - INFO - [sentinel2_tss_pipeline.py:1476] -   jiang_tss: 29.0% coverage, mean=63.31
2025-07-11 09:13:17,019 - INFO - [sentinel2_tss_pipeline.py:1494] - → Progress: 2/63 (3.2%), ETA: 4.4 minutes
2025-07-11 09:13:17,019 - INFO - [sentinel2_tss_pipeline.py:1432] - 
--------------------------------------------------------------------------------
2025-07-11 09:13:17,019 - INFO - [sentinel2_tss_pipeline.py:1433] - Processing 3/63: S2A_MSIL1C_20190115T112421_N0500_R037_T29TNF_20221216T070841
2025-07-11 09:13:17,019 - INFO - [sentinel2_tss_pipeline.py:1434] - Mode: tss_processing_only
2025-07-11 09:13:17,019 - INFO - [sentinel2_tss_pipeline.py:1435] - --------------------------------------------------------------------------------
2025-07-11 09:13:17,019 - INFO - [sentinel2_tss_pipeline.py:621] - Starting Jiang TSS processing for S2A_MSIL1C_20190115T112421_N0500_R037_T29TNF_20221216T070841
2025-07-11 09:13:17,019 - INFO - [sentinel2_tss_pipeline.py:686] - Successfully found 8 spectral bands
2025-07-11 09:13:20,938 - INFO - [sentinel2_tss_pipeline.py:384] - Successfully wrote raster: S2A_MSIL1C_20190115T112421_N0500_R037_T29TNF_20221216T070841_Jiang_TSS.tif
2025-07-11 09:13:21,120 - INFO - [sentinel2_tss_pipeline.py:745] - Jiang TSS saved: 30.2% coverage
2025-07-11 09:13:21,120 - INFO - [sentinel2_tss_pipeline.py:644] - Jiang TSS processing completed: 1 products
2025-07-11 09:13:21,160 - INFO - [sentinel2_tss_pipeline.py:1468] - ✓ Processing completed: 1 products generated
2025-07-11 09:13:21,160 - INFO - [sentinel2_tss_pipeline.py:1476] -   jiang_tss: 30.2% coverage, mean=20.64
2025-07-11 09:13:21,221 - INFO - [sentinel2_tss_pipeline.py:1494] - → Progress: 3/63 (4.8%), ETA: 4.3 minutes
2025-07-11 09:13:21,221 - INFO - [sentinel2_tss_pipeline.py:1432] - 
--------------------------------------------------------------------------------
2025-07-11 09:13:21,221 - INFO - [sentinel2_tss_pipeline.py:1433] - Processing 4/63: S2A_MSIL1C_20190125T112341_N0500_R037_T29TNF_20221203T203451
2025-07-11 09:13:21,221 - INFO - [sentinel2_tss_pipeline.py:1434] - Mode: tss_processing_only
2025-07-11 09:13:21,221 - INFO - [sentinel2_tss_pipeline.py:1435] - --------------------------------------------------------------------------------
2025-07-11 09:13:21,221 - INFO - [sentinel2_tss_pipeline.py:621] - Starting Jiang TSS processing for S2A_MSIL1C_20190125T112341_N0500_R037_T29TNF_20221203T203451
2025-07-11 09:13:21,221 - INFO - [sentinel2_tss_pipeline.py:686] - Successfully found 8 spectral bands
2025-07-11 09:13:25,162 - INFO - [sentinel2_tss_pipeline.py:384] - Successfully wrote raster: S2A_MSIL1C_20190125T112341_N0500_R037_T29TNF_20221203T203451_Jiang_TSS.tif
2025-07-11 09:13:25,365 - INFO - [sentinel2_tss_pipeline.py:745] - Jiang TSS saved: 34.8% coverage
2025-07-11 09:13:25,365 - INFO - [sentinel2_tss_pipeline.py:644] - Jiang TSS processing completed: 1 products
2025-07-11 09:13:25,413 - INFO - [sentinel2_tss_pipeline.py:1468] - ✓ Processing completed: 1 products generated
2025-07-11 09:13:25,413 - INFO - [sentinel2_tss_pipeline.py:1476] -   jiang_tss: 34.8% coverage, mean=35.58
2025-07-11 09:13:25,469 - INFO - [sentinel2_tss_pipeline.py:1494] - → Progress: 4/63 (6.3%), ETA: 4.2 minutes
2025-07-11 09:13:25,469 - INFO - [sentinel2_tss_pipeline.py:1432] - 
--------------------------------------------------------------------------------
2025-07-11 09:13:25,474 - INFO - [sentinel2_tss_pipeline.py:1433] - Processing 5/63: S2A_MSIL1C_20190204T112251_N0500_R037_T29TNF_20221124T011106
2025-07-11 09:13:25,474 - INFO - [sentinel2_tss_pipeline.py:1434] - Mode: tss_processing_only
2025-07-11 09:13:25,474 - INFO - [sentinel2_tss_pipeline.py:1435] - --------------------------------------------------------------------------------
2025-07-11 09:13:25,474 - INFO - [sentinel2_tss_pipeline.py:621] - Starting Jiang TSS processing for S2A_MSIL1C_20190204T112251_N0500_R037_T29TNF_20221124T011106
2025-07-11 09:13:25,474 - INFO - [sentinel2_tss_pipeline.py:686] - Successfully found 8 spectral bands
2025-07-11 09:13:29,192 - INFO - [sentinel2_tss_pipeline.py:384] - Successfully wrote raster: S2A_MSIL1C_20190204T112251_N0500_R037_T29TNF_20221124T011106_Jiang_TSS.tif
2025-07-11 09:13:29,364 - INFO - [sentinel2_tss_pipeline.py:745] - Jiang TSS saved: 28.7% coverage
2025-07-11 09:13:29,364 - INFO - [sentinel2_tss_pipeline.py:644] - Jiang TSS processing completed: 1 products
2025-07-11 09:13:29,415 - INFO - [sentinel2_tss_pipeline.py:1468] - ✓ Processing completed: 1 products generated
2025-07-11 09:13:29,415 - INFO - [sentinel2_tss_pipeline.py:1476] -   jiang_tss: 28.7% coverage, mean=62.18
2025-07-11 09:13:29,469 - INFO - [sentinel2_tss_pipeline.py:1494] - → Progress: 5/63 (7.9%), ETA: 4.1 minutes
2025-07-11 09:13:29,474 - INFO - [sentinel2_tss_pipeline.py:1432] - 
--------------------------------------------------------------------------------
2025-07-11 09:13:29,474 - INFO - [sentinel2_tss_pipeline.py:1433] - Processing 6/63: S2A_MSIL1C_20190214T112151_N0500_R037_T29TNF_20221126T200306
2025-07-11 09:13:29,474 - INFO - [sentinel2_tss_pipeline.py:1434] - Mode: tss_processing_only
2025-07-11 09:13:29,474 - INFO - [sentinel2_tss_pipeline.py:1435] - --------------------------------------------------------------------------------
2025-07-11 09:13:29,474 - INFO - [sentinel2_tss_pipeline.py:621] - Starting Jiang TSS processing for S2A_MSIL1C_20190214T112151_N0500_R037_T29TNF_20221126T200306
2025-07-11 09:13:29,474 - INFO - [sentinel2_tss_pipeline.py:686] - Successfully found 8 spectral bands
2025-07-11 09:13:33,337 - INFO - [sentinel2_tss_pipeline.py:384] - Successfully wrote raster: S2A_MSIL1C_20190214T112151_N0500_R037_T29TNF_20221126T200306_Jiang_TSS.tif
2025-07-11 09:13:33,520 - INFO - [sentinel2_tss_pipeline.py:745] - Jiang TSS saved: 30.5% coverage
2025-07-11 09:13:33,520 - INFO - [sentinel2_tss_pipeline.py:644] - Jiang TSS processing completed: 1 products
2025-07-11 09:13:33,571 - INFO - [sentinel2_tss_pipeline.py:1468] - ✓ Processing completed: 1 products generated
2025-07-11 09:13:33,571 - INFO - [sentinel2_tss_pipeline.py:1476] -   jiang_tss: 30.5% coverage, mean=19.62
2025-07-11 09:13:33,630 - INFO - [sentinel2_tss_pipeline.py:1494] - → Progress: 6/63 (9.5%), ETA: 4.0 minutes
2025-07-11 09:13:33,630 - INFO - [sentinel2_tss_pipeline.py:1432] - 
--------------------------------------------------------------------------------
2025-07-11 09:13:33,630 - INFO - [sentinel2_tss_pipeline.py:1433] - Processing 7/63: S2A_MSIL1C_20190224T112111_N0500_R037_T29TNF_20221201T091254
2025-07-11 09:13:33,630 - INFO - [sentinel2_tss_pipeline.py:1434] - Mode: tss_processing_only
2025-07-11 09:13:33,641 - INFO - [sentinel2_tss_pipeline.py:1435] - --------------------------------------------------------------------------------
2025-07-11 09:13:33,641 - INFO - [sentinel2_tss_pipeline.py:621] - Starting Jiang TSS processing for S2A_MSIL1C_20190224T112111_N0500_R037_T29TNF_20221201T091254
2025-07-11 09:13:33,641 - INFO - [sentinel2_tss_pipeline.py:686] - Successfully found 8 spectral bands
2025-07-11 09:13:37,469 - INFO - [sentinel2_tss_pipeline.py:384] - Successfully wrote raster: S2A_MSIL1C_20190224T112111_N0500_R037_T29TNF_20221201T091254_Jiang_TSS.tif
2025-07-11 09:13:37,650 - INFO - [sentinel2_tss_pipeline.py:745] - Jiang TSS saved: 28.1% coverage
2025-07-11 09:13:37,650 - INFO - [sentinel2_tss_pipeline.py:644] - Jiang TSS processing completed: 1 products
2025-07-11 09:13:37,701 - INFO - [sentinel2_tss_pipeline.py:1468] - ✓ Processing completed: 1 products generated
2025-07-11 09:13:37,701 - INFO - [sentinel2_tss_pipeline.py:1476] -   jiang_tss: 28.1% coverage, mean=44.21
2025-07-11 09:13:37,772 - INFO - [sentinel2_tss_pipeline.py:1494] - → Progress: 7/63 (11.1%), ETA: 3.9 minutes
2025-07-11 09:13:37,772 - INFO - [sentinel2_tss_pipeline.py:1432] - 
--------------------------------------------------------------------------------
2025-07-11 09:13:37,772 - INFO - [sentinel2_tss_pipeline.py:1433] - Processing 8/63: S2A_MSIL1C_20190309T113311_N0500_R080_T29TNF_20221120T052009
2025-07-11 09:13:37,772 - INFO - [sentinel2_tss_pipeline.py:1434] - Mode: tss_processing_only
2025-07-11 09:13:37,772 - INFO - [sentinel2_tss_pipeline.py:1435] - --------------------------------------------------------------------------------
2025-07-11 09:13:37,772 - INFO - [sentinel2_tss_pipeline.py:621] - Starting Jiang TSS processing for S2A_MSIL1C_20190309T113311_N0500_R080_T29TNF_20221120T052009
2025-07-11 09:13:37,772 - INFO - [sentinel2_tss_pipeline.py:686] - Successfully found 8 spectral bands
2025-07-11 09:13:41,515 - INFO - [sentinel2_tss_pipeline.py:384] - Successfully wrote raster: S2A_MSIL1C_20190309T113311_N0500_R080_T29TNF_20221120T052009_Jiang_TSS.tif
2025-07-11 09:13:41,669 - INFO - [sentinel2_tss_pipeline.py:745] - Jiang TSS saved: 26.0% coverage
2025-07-11 09:13:41,669 - INFO - [sentinel2_tss_pipeline.py:644] - Jiang TSS processing completed: 1 products
2025-07-11 09:13:41,728 - INFO - [sentinel2_tss_pipeline.py:1468] - ✓ Processing completed: 1 products generated
2025-07-11 09:13:41,728 - INFO - [sentinel2_tss_pipeline.py:1476] -   jiang_tss: 26.0% coverage, mean=44.80
2025-07-11 09:13:41,792 - INFO - [sentinel2_tss_pipeline.py:1494] - → Progress: 8/63 (12.7%), ETA: 3.8 minutes
2025-07-11 09:13:41,800 - INFO - [sentinel2_tss_pipeline.py:1432] - 
--------------------------------------------------------------------------------
2025-07-11 09:13:41,800 - INFO - [sentinel2_tss_pipeline.py:1433] - Processing 9/63: S2A_MSIL1C_20190316T112111_N0500_R037_T29TNF_20221114T081716
2025-07-11 09:13:41,800 - INFO - [sentinel2_tss_pipeline.py:1434] - Mode: tss_processing_only
2025-07-11 09:13:41,800 - INFO - [sentinel2_tss_pipeline.py:1435] - --------------------------------------------------------------------------------
2025-07-11 09:13:41,800 - INFO - [sentinel2_tss_pipeline.py:621] - Starting Jiang TSS processing for S2A_MSIL1C_20190316T112111_N0500_R037_T29TNF_20221114T081716
2025-07-11 09:13:41,800 - INFO - [sentinel2_tss_pipeline.py:686] - Successfully found 8 spectral bands
2025-07-11 09:13:45,419 - INFO - [sentinel2_tss_pipeline.py:384] - Successfully wrote raster: S2A_MSIL1C_20190316T112111_N0500_R037_T29TNF_20221114T081716_Jiang_TSS.tif
2025-07-11 09:13:45,582 - INFO - [sentinel2_tss_pipeline.py:745] - Jiang TSS saved: 24.8% coverage
2025-07-11 09:13:45,582 - INFO - [sentinel2_tss_pipeline.py:644] - Jiang TSS processing completed: 1 products
2025-07-11 09:13:45,632 - INFO - [sentinel2_tss_pipeline.py:1468] - ✓ Processing completed: 1 products generated
2025-07-11 09:13:45,632 - INFO - [sentinel2_tss_pipeline.py:1476] -   jiang_tss: 24.8% coverage, mean=38.31
2025-07-11 09:13:45,693 - INFO - [sentinel2_tss_pipeline.py:1494] - → Progress: 9/63 (14.3%), ETA: 3.7 minutes
2025-07-11 09:13:45,693 - INFO - [sentinel2_tss_pipeline.py:1432] - 
--------------------------------------------------------------------------------
2025-07-11 09:13:45,693 - INFO - [sentinel2_tss_pipeline.py:1433] - Processing 10/63: S2A_MSIL1C_20190319T113321_N0500_R080_T29TNF_20221116T094834
2025-07-11 09:13:45,693 - INFO - [sentinel2_tss_pipeline.py:1434] - Mode: tss_processing_only
2025-07-11 09:13:45,693 - INFO - [sentinel2_tss_pipeline.py:1435] - --------------------------------------------------------------------------------
2025-07-11 09:13:45,693 - INFO - [sentinel2_tss_pipeline.py:621] - Starting Jiang TSS processing for S2A_MSIL1C_20190319T113321_N0500_R080_T29TNF_20221116T094834
2025-07-11 09:13:45,701 - INFO - [sentinel2_tss_pipeline.py:686] - Successfully found 8 spectral bands
2025-07-11 09:13:49,445 - INFO - [sentinel2_tss_pipeline.py:384] - Successfully wrote raster: S2A_MSIL1C_20190319T113321_N0500_R080_T29TNF_20221116T094834_Jiang_TSS.tif
2025-07-11 09:13:49,607 - INFO - [sentinel2_tss_pipeline.py:745] - Jiang TSS saved: 25.2% coverage
2025-07-11 09:13:49,607 - INFO - [sentinel2_tss_pipeline.py:644] - Jiang TSS processing completed: 1 products
2025-07-11 09:13:49,656 - INFO - [sentinel2_tss_pipeline.py:1468] - ✓ Processing completed: 1 products generated
2025-07-11 09:13:49,657 - INFO - [sentinel2_tss_pipeline.py:1476] -   jiang_tss: 25.2% coverage, mean=54.99
2025-07-11 09:13:49,719 - INFO - [sentinel2_tss_pipeline.py:1494] - → Progress: 10/63 (15.9%), ETA: 3.7 minutes
2025-07-11 09:13:49,719 - INFO - [sentinel2_tss_pipeline.py:1432] - 
--------------------------------------------------------------------------------
2025-07-11 09:13:49,719 - INFO - [sentinel2_tss_pipeline.py:1433] - Processing 11/63: S2A_MSIL1C_20190326T112111_N0500_R037_T29TNF_20221114T211130
2025-07-11 09:13:49,719 - INFO - [sentinel2_tss_pipeline.py:1434] - Mode: tss_processing_only
2025-07-11 09:13:49,719 - INFO - [sentinel2_tss_pipeline.py:1435] - --------------------------------------------------------------------------------
2025-07-11 09:13:49,719 - INFO - [sentinel2_tss_pipeline.py:621] - Starting Jiang TSS processing for S2A_MSIL1C_20190326T112111_N0500_R037_T29TNF_20221114T211130
2025-07-11 09:13:49,727 - INFO - [sentinel2_tss_pipeline.py:686] - Successfully found 8 spectral bands
2025-07-11 09:13:53,432 - INFO - [sentinel2_tss_pipeline.py:384] - Successfully wrote raster: S2A_MSIL1C_20190326T112111_N0500_R037_T29TNF_20221114T211130_Jiang_TSS.tif
2025-07-11 09:13:53,583 - INFO - [sentinel2_tss_pipeline.py:745] - Jiang TSS saved: 25.1% coverage
2025-07-11 09:13:53,583 - INFO - [sentinel2_tss_pipeline.py:644] - Jiang TSS processing completed: 1 products
2025-07-11 09:13:53,632 - INFO - [sentinel2_tss_pipeline.py:1468] - ✓ Processing completed: 1 products generated
2025-07-11 09:13:53,632 - INFO - [sentinel2_tss_pipeline.py:1476] -   jiang_tss: 25.1% coverage, mean=37.41
2025-07-11 09:13:53,688 - INFO - [sentinel2_tss_pipeline.py:1494] - → Progress: 11/63 (17.5%), ETA: 3.6 minutes
2025-07-11 09:13:53,693 - INFO - [sentinel2_tss_pipeline.py:1432] - 
--------------------------------------------------------------------------------
2025-07-11 09:13:53,693 - INFO - [sentinel2_tss_pipeline.py:1433] - Processing 12/63: S2A_MSIL1C_20190329T113321_N0500_R080_T29TNF_20221116T085702
2025-07-11 09:13:53,693 - INFO - [sentinel2_tss_pipeline.py:1434] - Mode: tss_processing_only
2025-07-11 09:13:53,693 - INFO - [sentinel2_tss_pipeline.py:1435] - --------------------------------------------------------------------------------
2025-07-11 09:13:53,695 - INFO - [sentinel2_tss_pipeline.py:621] - Starting Jiang TSS processing for S2A_MSIL1C_20190329T113321_N0500_R080_T29TNF_20221116T085702
2025-07-11 09:13:53,695 - INFO - [sentinel2_tss_pipeline.py:686] - Successfully found 8 spectral bands
2025-07-11 09:13:57,469 - INFO - [sentinel2_tss_pipeline.py:384] - Successfully wrote raster: S2A_MSIL1C_20190329T113321_N0500_R080_T29TNF_20221116T085702_Jiang_TSS.tif
2025-07-11 09:13:57,619 - INFO - [sentinel2_tss_pipeline.py:745] - Jiang TSS saved: 24.7% coverage
2025-07-11 09:13:57,619 - INFO - [sentinel2_tss_pipeline.py:644] - Jiang TSS processing completed: 1 products
2025-07-11 09:13:57,670 - INFO - [sentinel2_tss_pipeline.py:1468] - ✓ Processing completed: 1 products generated
2025-07-11 09:13:57,670 - INFO - [sentinel2_tss_pipeline.py:1476] -   jiang_tss: 24.7% coverage, mean=24.32
2025-07-11 09:13:57,741 - INFO - [sentinel2_tss_pipeline.py:1494] - → Progress: 12/63 (19.0%), ETA: 3.5 minutes
2025-07-11 09:13:57,741 - INFO - [sentinel2_tss_pipeline.py:1432] - 
--------------------------------------------------------------------------------
2025-07-11 09:13:57,741 - INFO - [sentinel2_tss_pipeline.py:1433] - Processing 13/63: S2A_MSIL1C_20190428T113321_N0500_R080_T29TNF_20221026T054950
2025-07-11 09:13:57,741 - INFO - [sentinel2_tss_pipeline.py:1434] - Mode: tss_processing_only
2025-07-11 09:13:57,741 - INFO - [sentinel2_tss_pipeline.py:1435] - --------------------------------------------------------------------------------
2025-07-11 09:13:57,741 - INFO - [sentinel2_tss_pipeline.py:621] - Starting Jiang TSS processing for S2A_MSIL1C_20190428T113321_N0500_R080_T29TNF_20221026T054950
2025-07-11 09:13:57,749 - INFO - [sentinel2_tss_pipeline.py:686] - Successfully found 8 spectral bands
2025-07-11 09:14:01,500 - INFO - [sentinel2_tss_pipeline.py:384] - Successfully wrote raster: S2A_MSIL1C_20190428T113321_N0500_R080_T29TNF_20221026T054950_Jiang_TSS.tif
2025-07-11 09:14:01,637 - INFO - [sentinel2_tss_pipeline.py:745] - Jiang TSS saved: 23.3% coverage
2025-07-11 09:14:01,637 - INFO - [sentinel2_tss_pipeline.py:644] - Jiang TSS processing completed: 1 products
2025-07-11 09:14:01,688 - INFO - [sentinel2_tss_pipeline.py:1468] - ✓ Processing completed: 1 products generated
2025-07-11 09:14:01,688 - INFO - [sentinel2_tss_pipeline.py:1476] -   jiang_tss: 23.3% coverage, mean=95.29
2025-07-11 09:14:01,760 - INFO - [sentinel2_tss_pipeline.py:1494] - → Progress: 13/63 (20.6%), ETA: 3.4 minutes
2025-07-11 09:14:01,770 - INFO - [sentinel2_tss_pipeline.py:1432] - 
--------------------------------------------------------------------------------
2025-07-11 09:14:01,770 - INFO - [sentinel2_tss_pipeline.py:1433] - Processing 14/63: S2A_MSIL1C_20190505T112121_N0500_R037_T29TNF_20221221T233712
2025-07-11 09:14:01,770 - INFO - [sentinel2_tss_pipeline.py:1434] - Mode: tss_processing_only
2025-07-11 09:14:01,770 - INFO - [sentinel2_tss_pipeline.py:1435] - --------------------------------------------------------------------------------
2025-07-11 09:14:01,770 - INFO - [sentinel2_tss_pipeline.py:621] - Starting Jiang TSS processing for S2A_MSIL1C_20190505T112121_N0500_R037_T29TNF_20221221T233712
2025-07-11 09:14:01,770 - INFO - [sentinel2_tss_pipeline.py:686] - Successfully found 8 spectral bands
2025-07-11 09:14:05,407 - INFO - [sentinel2_tss_pipeline.py:384] - Successfully wrote raster: S2A_MSIL1C_20190505T112121_N0500_R037_T29TNF_20221221T233712_Jiang_TSS.tif
2025-07-11 09:14:05,547 - INFO - [sentinel2_tss_pipeline.py:745] - Jiang TSS saved: 22.5% coverage
2025-07-11 09:14:05,547 - INFO - [sentinel2_tss_pipeline.py:644] - Jiang TSS processing completed: 1 products
2025-07-11 09:14:05,594 - INFO - [sentinel2_tss_pipeline.py:1468] - ✓ Processing completed: 1 products generated
2025-07-11 09:14:05,594 - INFO - [sentinel2_tss_pipeline.py:1476] -   jiang_tss: 22.5% coverage, mean=24.80
2025-07-11 09:14:05,649 - INFO - [sentinel2_tss_pipeline.py:1494] - → Progress: 14/63 (22.2%), ETA: 3.3 minutes
2025-07-11 09:14:05,651 - INFO - [sentinel2_tss_pipeline.py:1432] - 
--------------------------------------------------------------------------------
2025-07-11 09:14:05,651 - INFO - [sentinel2_tss_pipeline.py:1433] - Processing 15/63: S2A_MSIL1C_20190525T112121_N0500_R037_T29TNF_20221205T045440
2025-07-11 09:14:05,651 - INFO - [sentinel2_tss_pipeline.py:1434] - Mode: tss_processing_only
2025-07-11 09:14:05,651 - INFO - [sentinel2_tss_pipeline.py:1435] - --------------------------------------------------------------------------------
2025-07-11 09:14:05,651 - INFO - [sentinel2_tss_pipeline.py:621] - Starting Jiang TSS processing for S2A_MSIL1C_20190525T112121_N0500_R037_T29TNF_20221205T045440
2025-07-11 09:14:05,651 - INFO - [sentinel2_tss_pipeline.py:686] - Successfully found 8 spectral bands
2025-07-11 09:14:09,521 - INFO - [sentinel2_tss_pipeline.py:384] - Successfully wrote raster: S2A_MSIL1C_20190525T112121_N0500_R037_T29TNF_20221205T045440_Jiang_TSS.tif
2025-07-11 09:14:09,657 - INFO - [sentinel2_tss_pipeline.py:745] - Jiang TSS saved: 24.6% coverage
2025-07-11 09:14:09,657 - INFO - [sentinel2_tss_pipeline.py:644] - Jiang TSS processing completed: 1 products
2025-07-11 09:14:09,707 - INFO - [sentinel2_tss_pipeline.py:1468] - ✓ Processing completed: 1 products generated
2025-07-11 09:14:09,707 - INFO - [sentinel2_tss_pipeline.py:1476] -   jiang_tss: 24.6% coverage, mean=33.33
2025-07-11 09:14:09,776 - INFO - [sentinel2_tss_pipeline.py:1494] - → Progress: 15/63 (23.8%), ETA: 3.3 minutes
2025-07-11 09:14:09,778 - INFO - [sentinel2_tss_pipeline.py:1432] - 
--------------------------------------------------------------------------------
2025-07-11 09:14:09,778 - INFO - [sentinel2_tss_pipeline.py:1433] - Processing 16/63: S2A_MSIL1C_20190528T113321_N0500_R080_T29TNF_20221212T044159
2025-07-11 09:14:09,778 - INFO - [sentinel2_tss_pipeline.py:1434] - Mode: tss_processing_only
2025-07-11 09:14:09,778 - INFO - [sentinel2_tss_pipeline.py:1435] - --------------------------------------------------------------------------------
2025-07-11 09:14:09,782 - INFO - [sentinel2_tss_pipeline.py:621] - Starting Jiang TSS processing for S2A_MSIL1C_20190528T113321_N0500_R080_T29TNF_20221212T044159
2025-07-11 09:14:09,783 - INFO - [sentinel2_tss_pipeline.py:686] - Successfully found 8 spectral bands
2025-07-11 09:14:13,573 - INFO - [sentinel2_tss_pipeline.py:384] - Successfully wrote raster: S2A_MSIL1C_20190528T113321_N0500_R080_T29TNF_20221212T044159_Jiang_TSS.tif
2025-07-11 09:14:13,714 - INFO - [sentinel2_tss_pipeline.py:745] - Jiang TSS saved: 24.4% coverage
2025-07-11 09:14:13,719 - INFO - [sentinel2_tss_pipeline.py:644] - Jiang TSS processing completed: 1 products
2025-07-11 09:14:13,766 - INFO - [sentinel2_tss_pipeline.py:1468] - ✓ Processing completed: 1 products generated
2025-07-11 09:14:13,766 - INFO - [sentinel2_tss_pipeline.py:1476] -   jiang_tss: 24.4% coverage, mean=90.86
2025-07-11 09:14:13,813 - INFO - [sentinel2_tss_pipeline.py:1494] - → Progress: 16/63 (25.4%), ETA: 3.2 minutes
2025-07-11 09:14:13,813 - INFO - [sentinel2_tss_pipeline.py:1432] - 
--------------------------------------------------------------------------------
2025-07-11 09:14:13,813 - INFO - [sentinel2_tss_pipeline.py:1433] - Processing 17/63: S2A_MSIL1C_20190627T113321_N0500_R080_T29TNF_20230716T095057
2025-07-11 09:14:13,813 - INFO - [sentinel2_tss_pipeline.py:1434] - Mode: tss_processing_only
2025-07-11 09:14:13,813 - INFO - [sentinel2_tss_pipeline.py:1435] - --------------------------------------------------------------------------------
2025-07-11 09:14:13,813 - INFO - [sentinel2_tss_pipeline.py:621] - Starting Jiang TSS processing for S2A_MSIL1C_20190627T113321_N0500_R080_T29TNF_20230716T095057
2025-07-11 09:14:13,813 - INFO - [sentinel2_tss_pipeline.py:686] - Successfully found 8 spectral bands
2025-07-11 09:14:17,552 - INFO - [sentinel2_tss_pipeline.py:384] - Successfully wrote raster: S2A_MSIL1C_20190627T113321_N0500_R080_T29TNF_20230716T095057_Jiang_TSS.tif
2025-07-11 09:14:17,704 - INFO - [sentinel2_tss_pipeline.py:745] - Jiang TSS saved: 22.5% coverage
2025-07-11 09:14:17,704 - INFO - [sentinel2_tss_pipeline.py:644] - Jiang TSS processing completed: 1 products
2025-07-11 09:14:17,755 - INFO - [sentinel2_tss_pipeline.py:1468] - ✓ Processing completed: 1 products generated
2025-07-11 09:14:17,755 - INFO - [sentinel2_tss_pipeline.py:1476] -   jiang_tss: 22.5% coverage, mean=81.66
2025-07-11 09:14:17,806 - INFO - [sentinel2_tss_pipeline.py:1494] - → Progress: 17/63 (27.0%), ETA: 3.1 minutes
2025-07-11 09:14:17,813 - INFO - [sentinel2_tss_pipeline.py:1432] - 
--------------------------------------------------------------------------------
2025-07-11 09:14:17,814 - INFO - [sentinel2_tss_pipeline.py:1433] - Processing 18/63: S2A_MSIL1C_20190717T113321_N0500_R080_T29TNF_20230724T143129
2025-07-11 09:14:17,814 - INFO - [sentinel2_tss_pipeline.py:1434] - Mode: tss_processing_only
2025-07-11 09:14:17,814 - INFO - [sentinel2_tss_pipeline.py:1435] - --------------------------------------------------------------------------------
2025-07-11 09:14:17,814 - INFO - [sentinel2_tss_pipeline.py:621] - Starting Jiang TSS processing for S2A_MSIL1C_20190717T113321_N0500_R080_T29TNF_20230724T143129
2025-07-11 09:14:17,814 - INFO - [sentinel2_tss_pipeline.py:686] - Successfully found 8 spectral bands
2025-07-11 09:14:21,344 - INFO - [sentinel2_tss_pipeline.py:384] - Successfully wrote raster: S2A_MSIL1C_20190717T113321_N0500_R080_T29TNF_20230724T143129_Jiang_TSS.tif
2025-07-11 09:14:21,484 - INFO - [sentinel2_tss_pipeline.py:745] - Jiang TSS saved: 24.1% coverage
2025-07-11 09:14:21,486 - INFO - [sentinel2_tss_pipeline.py:644] - Jiang TSS processing completed: 1 products
2025-07-11 09:14:21,532 - INFO - [sentinel2_tss_pipeline.py:1468] - ✓ Processing completed: 1 products generated
2025-07-11 09:14:21,535 - INFO - [sentinel2_tss_pipeline.py:1476] -   jiang_tss: 24.1% coverage, mean=87.84
2025-07-11 09:14:21,579 - INFO - [sentinel2_tss_pipeline.py:1494] - → Progress: 18/63 (28.6%), ETA: 3.0 minutes
2025-07-11 09:14:21,579 - INFO - [sentinel2_tss_pipeline.py:1432] - 
--------------------------------------------------------------------------------
2025-07-11 09:14:21,579 - INFO - [sentinel2_tss_pipeline.py:1433] - Processing 19/63: S2A_MSIL1C_20190803T112121_N0500_R037_T29TNF_20230718T013921
2025-07-11 09:14:21,579 - INFO - [sentinel2_tss_pipeline.py:1434] - Mode: tss_processing_only
2025-07-11 09:14:21,579 - INFO - [sentinel2_tss_pipeline.py:1435] - --------------------------------------------------------------------------------
2025-07-11 09:14:21,579 - INFO - [sentinel2_tss_pipeline.py:621] - Starting Jiang TSS processing for S2A_MSIL1C_20190803T112121_N0500_R037_T29TNF_20230718T013921
2025-07-11 09:14:21,579 - INFO - [sentinel2_tss_pipeline.py:686] - Successfully found 8 spectral bands
2025-07-11 09:14:24,792 - INFO - [sentinel2_tss_pipeline.py:384] - Successfully wrote raster: S2A_MSIL1C_20190803T112121_N0500_R037_T29TNF_20230718T013921_Jiang_TSS.tif
2025-07-11 09:14:24,905 - INFO - [sentinel2_tss_pipeline.py:745] - Jiang TSS saved: 13.5% coverage
2025-07-11 09:14:24,907 - INFO - [sentinel2_tss_pipeline.py:644] - Jiang TSS processing completed: 1 products
2025-07-11 09:14:24,947 - INFO - [sentinel2_tss_pipeline.py:1468] - ✓ Processing completed: 1 products generated
2025-07-11 09:14:24,955 - INFO - [sentinel2_tss_pipeline.py:1476] -   jiang_tss: 13.5% coverage, mean=22.80
2025-07-11 09:14:25,000 - INFO - [sentinel2_tss_pipeline.py:1494] - → Progress: 19/63 (30.2%), ETA: 3.0 minutes
2025-07-11 09:14:25,006 - INFO - [sentinel2_tss_pipeline.py:1432] - 
--------------------------------------------------------------------------------
2025-07-11 09:14:25,006 - INFO - [sentinel2_tss_pipeline.py:1433] - Processing 20/63: S2A_MSIL1C_20190813T112121_N0500_R037_T29TNF_20230506T205934
2025-07-11 09:14:25,006 - INFO - [sentinel2_tss_pipeline.py:1434] - Mode: tss_processing_only
2025-07-11 09:14:25,006 - INFO - [sentinel2_tss_pipeline.py:1435] - --------------------------------------------------------------------------------
2025-07-11 09:14:25,006 - INFO - [sentinel2_tss_pipeline.py:621] - Starting Jiang TSS processing for S2A_MSIL1C_20190813T112121_N0500_R037_T29TNF_20230506T205934
2025-07-11 09:14:25,006 - INFO - [sentinel2_tss_pipeline.py:686] - Successfully found 8 spectral bands
2025-07-11 09:14:28,407 - INFO - [sentinel2_tss_pipeline.py:384] - Successfully wrote raster: S2A_MSIL1C_20190813T112121_N0500_R037_T29TNF_20230506T205934_Jiang_TSS.tif
2025-07-11 09:14:28,547 - INFO - [sentinel2_tss_pipeline.py:745] - Jiang TSS saved: 24.7% coverage
2025-07-11 09:14:28,547 - INFO - [sentinel2_tss_pipeline.py:644] - Jiang TSS processing completed: 1 products
2025-07-11 09:14:28,595 - INFO - [sentinel2_tss_pipeline.py:1468] - ✓ Processing completed: 1 products generated
2025-07-11 09:14:28,597 - INFO - [sentinel2_tss_pipeline.py:1476] -   jiang_tss: 24.7% coverage, mean=22.96
2025-07-11 09:14:28,646 - INFO - [sentinel2_tss_pipeline.py:1494] - → Progress: 20/63 (31.7%), ETA: 2.9 minutes
2025-07-11 09:14:28,649 - INFO - [sentinel2_tss_pipeline.py:1432] - 
--------------------------------------------------------------------------------
2025-07-11 09:14:28,649 - INFO - [sentinel2_tss_pipeline.py:1433] - Processing 21/63: S2A_MSIL1C_20190816T113321_N0500_R080_T29TNF_20230713T110225
2025-07-11 09:14:28,649 - INFO - [sentinel2_tss_pipeline.py:1434] - Mode: tss_processing_only
2025-07-11 09:14:28,650 - INFO - [sentinel2_tss_pipeline.py:1435] - --------------------------------------------------------------------------------
2025-07-11 09:14:28,651 - INFO - [sentinel2_tss_pipeline.py:621] - Starting Jiang TSS processing for S2A_MSIL1C_20190816T113321_N0500_R080_T29TNF_20230713T110225
2025-07-11 09:14:28,653 - INFO - [sentinel2_tss_pipeline.py:686] - Successfully found 8 spectral bands
2025-07-11 09:14:31,895 - INFO - [sentinel2_tss_pipeline.py:384] - Successfully wrote raster: S2A_MSIL1C_20190816T113321_N0500_R080_T29TNF_20230713T110225_Jiang_TSS.tif
2025-07-11 09:14:32,037 - INFO - [sentinel2_tss_pipeline.py:745] - Jiang TSS saved: 24.5% coverage
2025-07-11 09:14:32,037 - INFO - [sentinel2_tss_pipeline.py:644] - Jiang TSS processing completed: 1 products
2025-07-11 09:14:32,086 - INFO - [sentinel2_tss_pipeline.py:1468] - ✓ Processing completed: 1 products generated
2025-07-11 09:14:32,088 - INFO - [sentinel2_tss_pipeline.py:1476] -   jiang_tss: 24.5% coverage, mean=63.64
2025-07-11 09:14:32,136 - INFO - [sentinel2_tss_pipeline.py:1494] - → Progress: 21/63 (33.3%), ETA: 2.8 minutes
2025-07-11 09:14:32,138 - INFO - [sentinel2_tss_pipeline.py:1432] - 
--------------------------------------------------------------------------------
2025-07-11 09:14:32,138 - INFO - [sentinel2_tss_pipeline.py:1433] - Processing 22/63: S2A_MSIL1C_20190823T112121_N0500_R037_T29TNF_20230506T023121
2025-07-11 09:14:32,138 - INFO - [sentinel2_tss_pipeline.py:1434] - Mode: tss_processing_only
2025-07-11 09:14:32,138 - INFO - [sentinel2_tss_pipeline.py:1435] - --------------------------------------------------------------------------------
2025-07-11 09:14:32,138 - INFO - [sentinel2_tss_pipeline.py:621] - Starting Jiang TSS processing for S2A_MSIL1C_20190823T112121_N0500_R037_T29TNF_20230506T023121
2025-07-11 09:14:32,138 - INFO - [sentinel2_tss_pipeline.py:686] - Successfully found 8 spectral bands
2025-07-11 09:14:35,317 - INFO - [sentinel2_tss_pipeline.py:384] - Successfully wrote raster: S2A_MSIL1C_20190823T112121_N0500_R037_T29TNF_20230506T023121_Jiang_TSS.tif
2025-07-11 09:14:35,431 - INFO - [sentinel2_tss_pipeline.py:745] - Jiang TSS saved: 14.7% coverage
2025-07-11 09:14:35,431 - INFO - [sentinel2_tss_pipeline.py:644] - Jiang TSS processing completed: 1 products
2025-07-11 09:14:35,480 - INFO - [sentinel2_tss_pipeline.py:1468] - ✓ Processing completed: 1 products generated
2025-07-11 09:14:35,482 - INFO - [sentinel2_tss_pipeline.py:1476] -   jiang_tss: 14.7% coverage, mean=23.39
2025-07-11 09:14:35,531 - INFO - [sentinel2_tss_pipeline.py:1494] - → Progress: 22/63 (34.9%), ETA: 2.7 minutes
2025-07-11 09:14:35,534 - INFO - [sentinel2_tss_pipeline.py:1432] - 
--------------------------------------------------------------------------------
2025-07-11 09:14:35,534 - INFO - [sentinel2_tss_pipeline.py:1433] - Processing 23/63: S2A_MSIL1C_20190826T113321_N0500_R080_T29TNF_20230719T144203
2025-07-11 09:14:35,534 - INFO - [sentinel2_tss_pipeline.py:1434] - Mode: tss_processing_only
2025-07-11 09:14:35,534 - INFO - [sentinel2_tss_pipeline.py:1435] - --------------------------------------------------------------------------------
2025-07-11 09:14:35,534 - INFO - [sentinel2_tss_pipeline.py:621] - Starting Jiang TSS processing for S2A_MSIL1C_20190826T113321_N0500_R080_T29TNF_20230719T144203
2025-07-11 09:14:35,534 - INFO - [sentinel2_tss_pipeline.py:686] - Successfully found 8 spectral bands
2025-07-11 09:14:38,938 - INFO - [sentinel2_tss_pipeline.py:384] - Successfully wrote raster: S2A_MSIL1C_20190826T113321_N0500_R080_T29TNF_20230719T144203_Jiang_TSS.tif
2025-07-11 09:14:39,078 - INFO - [sentinel2_tss_pipeline.py:745] - Jiang TSS saved: 24.6% coverage
2025-07-11 09:14:39,078 - INFO - [sentinel2_tss_pipeline.py:644] - Jiang TSS processing completed: 1 products
2025-07-11 09:14:39,127 - INFO - [sentinel2_tss_pipeline.py:1468] - ✓ Processing completed: 1 products generated
2025-07-11 09:14:39,127 - INFO - [sentinel2_tss_pipeline.py:1476] -   jiang_tss: 24.6% coverage, mean=35.51
2025-07-11 09:14:39,170 - INFO - [sentinel2_tss_pipeline.py:1494] - → Progress: 23/63 (36.5%), ETA: 2.6 minutes
2025-07-11 09:14:39,170 - INFO - [sentinel2_tss_pipeline.py:1432] - 
--------------------------------------------------------------------------------
2025-07-11 09:14:39,170 - INFO - [sentinel2_tss_pipeline.py:1433] - Processing 24/63: S2A_MSIL1C_20190902T112111_N0500_R037_T29TNF_20230702T064501
2025-07-11 09:14:39,170 - INFO - [sentinel2_tss_pipeline.py:1434] - Mode: tss_processing_only
2025-07-11 09:14:39,178 - INFO - [sentinel2_tss_pipeline.py:1435] - --------------------------------------------------------------------------------
2025-07-11 09:14:39,178 - INFO - [sentinel2_tss_pipeline.py:621] - Starting Jiang TSS processing for S2A_MSIL1C_20190902T112111_N0500_R037_T29TNF_20230702T064501
2025-07-11 09:14:39,180 - INFO - [sentinel2_tss_pipeline.py:686] - Successfully found 8 spectral bands
2025-07-11 09:14:42,580 - INFO - [sentinel2_tss_pipeline.py:384] - Successfully wrote raster: S2A_MSIL1C_20190902T112111_N0500_R037_T29TNF_20230702T064501_Jiang_TSS.tif
2025-07-11 09:14:42,723 - INFO - [sentinel2_tss_pipeline.py:745] - Jiang TSS saved: 24.7% coverage
2025-07-11 09:14:42,723 - INFO - [sentinel2_tss_pipeline.py:644] - Jiang TSS processing completed: 1 products
2025-07-11 09:14:42,774 - INFO - [sentinel2_tss_pipeline.py:1468] - ✓ Processing completed: 1 products generated
2025-07-11 09:14:42,774 - INFO - [sentinel2_tss_pipeline.py:1476] -   jiang_tss: 24.7% coverage, mean=19.89
2025-07-11 09:14:42,823 - INFO - [sentinel2_tss_pipeline.py:1494] - → Progress: 24/63 (38.1%), ETA: 2.6 minutes
2025-07-11 09:14:42,825 - INFO - [sentinel2_tss_pipeline.py:1432] - 
--------------------------------------------------------------------------------
2025-07-11 09:14:42,825 - INFO - [sentinel2_tss_pipeline.py:1433] - Processing 25/63: S2A_MSIL1C_20190905T113321_N0500_R080_T29TNF_20230501T110230
2025-07-11 09:14:42,825 - INFO - [sentinel2_tss_pipeline.py:1434] - Mode: tss_processing_only
2025-07-11 09:14:42,825 - INFO - [sentinel2_tss_pipeline.py:1435] - --------------------------------------------------------------------------------
2025-07-11 09:14:42,825 - INFO - [sentinel2_tss_pipeline.py:621] - Starting Jiang TSS processing for S2A_MSIL1C_20190905T113321_N0500_R080_T29TNF_20230501T110230
2025-07-11 09:14:42,825 - INFO - [sentinel2_tss_pipeline.py:686] - Successfully found 8 spectral bands
2025-07-11 09:14:46,136 - INFO - [sentinel2_tss_pipeline.py:384] - Successfully wrote raster: S2A_MSIL1C_20190905T113321_N0500_R080_T29TNF_20230501T110230_Jiang_TSS.tif
2025-07-11 09:14:46,281 - INFO - [sentinel2_tss_pipeline.py:745] - Jiang TSS saved: 24.6% coverage
2025-07-11 09:14:46,281 - INFO - [sentinel2_tss_pipeline.py:644] - Jiang TSS processing completed: 1 products
2025-07-11 09:14:46,328 - INFO - [sentinel2_tss_pipeline.py:1468] - ✓ Processing completed: 1 products generated
2025-07-11 09:14:46,330 - INFO - [sentinel2_tss_pipeline.py:1476] -   jiang_tss: 24.6% coverage, mean=102.01
2025-07-11 09:14:46,381 - INFO - [sentinel2_tss_pipeline.py:1494] - → Progress: 25/63 (39.7%), ETA: 2.5 minutes
2025-07-11 09:14:46,381 - INFO - [sentinel2_tss_pipeline.py:1432] - 
--------------------------------------------------------------------------------
2025-07-11 09:14:46,381 - INFO - [sentinel2_tss_pipeline.py:1433] - Processing 26/63: S2A_MSIL1C_20190912T112111_N0500_R037_T29TNF_20230503T115933
2025-07-11 09:14:46,381 - INFO - [sentinel2_tss_pipeline.py:1434] - Mode: tss_processing_only
2025-07-11 09:14:46,381 - INFO - [sentinel2_tss_pipeline.py:1435] - --------------------------------------------------------------------------------
2025-07-11 09:14:46,381 - INFO - [sentinel2_tss_pipeline.py:621] - Starting Jiang TSS processing for S2A_MSIL1C_20190912T112111_N0500_R037_T29TNF_20230503T115933
2025-07-11 09:14:46,389 - INFO - [sentinel2_tss_pipeline.py:686] - Successfully found 8 spectral bands
2025-07-11 09:14:49,743 - INFO - [sentinel2_tss_pipeline.py:384] - Successfully wrote raster: S2A_MSIL1C_20190912T112111_N0500_R037_T29TNF_20230503T115933_Jiang_TSS.tif
2025-07-11 09:14:49,887 - INFO - [sentinel2_tss_pipeline.py:745] - Jiang TSS saved: 25.2% coverage
2025-07-11 09:14:49,887 - INFO - [sentinel2_tss_pipeline.py:644] - Jiang TSS processing completed: 1 products
2025-07-11 09:14:49,936 - INFO - [sentinel2_tss_pipeline.py:1468] - ✓ Processing completed: 1 products generated
2025-07-11 09:14:49,938 - INFO - [sentinel2_tss_pipeline.py:1476] -   jiang_tss: 25.2% coverage, mean=14.69
2025-07-11 09:14:49,987 - INFO - [sentinel2_tss_pipeline.py:1494] - → Progress: 26/63 (41.3%), ETA: 2.4 minutes
2025-07-11 09:14:49,989 - INFO - [sentinel2_tss_pipeline.py:1432] - 
--------------------------------------------------------------------------------
2025-07-11 09:14:49,989 - INFO - [sentinel2_tss_pipeline.py:1433] - Processing 27/63: S2A_MSIL1C_20190915T113321_N0500_R080_T29TNF_20230501T125407
2025-07-11 09:14:49,989 - INFO - [sentinel2_tss_pipeline.py:1434] - Mode: tss_processing_only
2025-07-11 09:14:49,989 - INFO - [sentinel2_tss_pipeline.py:1435] - --------------------------------------------------------------------------------
2025-07-11 09:14:49,989 - INFO - [sentinel2_tss_pipeline.py:621] - Starting Jiang TSS processing for S2A_MSIL1C_20190915T113321_N0500_R080_T29TNF_20230501T125407
2025-07-11 09:14:49,989 - INFO - [sentinel2_tss_pipeline.py:686] - Successfully found 8 spectral bands
2025-07-11 09:14:53,340 - INFO - [sentinel2_tss_pipeline.py:384] - Successfully wrote raster: S2A_MSIL1C_20190915T113321_N0500_R080_T29TNF_20230501T125407_Jiang_TSS.tif
2025-07-11 09:14:53,480 - INFO - [sentinel2_tss_pipeline.py:745] - Jiang TSS saved: 25.2% coverage
2025-07-11 09:14:53,480 - INFO - [sentinel2_tss_pipeline.py:644] - Jiang TSS processing completed: 1 products
2025-07-11 09:14:53,531 - INFO - [sentinel2_tss_pipeline.py:1468] - ✓ Processing completed: 1 products generated
2025-07-11 09:14:53,531 - INFO - [sentinel2_tss_pipeline.py:1476] -   jiang_tss: 25.2% coverage, mean=69.62
2025-07-11 09:14:53,578 - INFO - [sentinel2_tss_pipeline.py:1494] - → Progress: 27/63 (42.9%), ETA: 2.3 minutes
2025-07-11 09:14:53,578 - INFO - [sentinel2_tss_pipeline.py:1432] - 
--------------------------------------------------------------------------------
2025-07-11 09:14:53,578 - INFO - [sentinel2_tss_pipeline.py:1433] - Processing 28/63: S2A_MSIL1C_20191002T112121_N0500_R037_T29TNF_20230612T153702
2025-07-11 09:14:53,578 - INFO - [sentinel2_tss_pipeline.py:1434] - Mode: tss_processing_only
2025-07-11 09:14:53,578 - INFO - [sentinel2_tss_pipeline.py:1435] - --------------------------------------------------------------------------------
2025-07-11 09:14:53,578 - INFO - [sentinel2_tss_pipeline.py:621] - Starting Jiang TSS processing for S2A_MSIL1C_20191002T112121_N0500_R037_T29TNF_20230612T153702
2025-07-11 09:14:53,590 - INFO - [sentinel2_tss_pipeline.py:686] - Successfully found 8 spectral bands
2025-07-11 09:14:57,147 - INFO - [sentinel2_tss_pipeline.py:384] - Successfully wrote raster: S2A_MSIL1C_20191002T112121_N0500_R037_T29TNF_20230612T153702_Jiang_TSS.tif
2025-07-11 09:14:57,310 - INFO - [sentinel2_tss_pipeline.py:745] - Jiang TSS saved: 26.3% coverage
2025-07-11 09:14:57,310 - INFO - [sentinel2_tss_pipeline.py:644] - Jiang TSS processing completed: 1 products
2025-07-11 09:14:57,359 - INFO - [sentinel2_tss_pipeline.py:1468] - ✓ Processing completed: 1 products generated
2025-07-11 09:14:57,359 - INFO - [sentinel2_tss_pipeline.py:1476] -   jiang_tss: 26.3% coverage, mean=19.78
2025-07-11 09:14:57,406 - INFO - [sentinel2_tss_pipeline.py:1494] - → Progress: 28/63 (44.4%), ETA: 2.3 minutes
2025-07-11 09:14:57,410 - INFO - [sentinel2_tss_pipeline.py:1432] - 
--------------------------------------------------------------------------------
2025-07-11 09:14:57,410 - INFO - [sentinel2_tss_pipeline.py:1433] - Processing 29/63: S2A_MSIL1C_20191005T113321_N0500_R080_T29TNF_20230610T223254
2025-07-11 09:14:57,410 - INFO - [sentinel2_tss_pipeline.py:1434] - Mode: tss_processing_only
2025-07-11 09:14:57,412 - INFO - [sentinel2_tss_pipeline.py:1435] - --------------------------------------------------------------------------------
2025-07-11 09:14:57,412 - INFO - [sentinel2_tss_pipeline.py:621] - Starting Jiang TSS processing for S2A_MSIL1C_20191005T113321_N0500_R080_T29TNF_20230610T223254
2025-07-11 09:14:57,412 - INFO - [sentinel2_tss_pipeline.py:686] - Successfully found 8 spectral bands
2025-07-11 09:15:00,765 - INFO - [sentinel2_tss_pipeline.py:384] - Successfully wrote raster: S2A_MSIL1C_20191005T113321_N0500_R080_T29TNF_20230610T223254_Jiang_TSS.tif
2025-07-11 09:15:00,918 - INFO - [sentinel2_tss_pipeline.py:745] - Jiang TSS saved: 26.8% coverage
2025-07-11 09:15:00,918 - INFO - [sentinel2_tss_pipeline.py:644] - Jiang TSS processing completed: 1 products
2025-07-11 09:15:00,967 - INFO - [sentinel2_tss_pipeline.py:1468] - ✓ Processing completed: 1 products generated
2025-07-11 09:15:00,967 - INFO - [sentinel2_tss_pipeline.py:1476] -   jiang_tss: 26.8% coverage, mean=41.84
2025-07-11 09:15:01,010 - INFO - [sentinel2_tss_pipeline.py:1494] - → Progress: 29/63 (46.0%), ETA: 2.2 minutes
2025-07-11 09:15:01,019 - INFO - [sentinel2_tss_pipeline.py:1432] - 
--------------------------------------------------------------------------------
2025-07-11 09:15:01,019 - INFO - [sentinel2_tss_pipeline.py:1433] - Processing 30/63: S2A_MSIL1C_20191022T112121_N0500_R037_T29TNF_20230615T041217
2025-07-11 09:15:01,021 - INFO - [sentinel2_tss_pipeline.py:1434] - Mode: tss_processing_only
2025-07-11 09:15:01,021 - INFO - [sentinel2_tss_pipeline.py:1435] - --------------------------------------------------------------------------------
2025-07-11 09:15:01,021 - INFO - [sentinel2_tss_pipeline.py:621] - Starting Jiang TSS processing for S2A_MSIL1C_20191022T112121_N0500_R037_T29TNF_20230615T041217
2025-07-11 09:15:01,021 - INFO - [sentinel2_tss_pipeline.py:686] - Successfully found 8 spectral bands
2025-07-11 09:15:04,550 - INFO - [sentinel2_tss_pipeline.py:384] - Successfully wrote raster: S2A_MSIL1C_20191022T112121_N0500_R037_T29TNF_20230615T041217_Jiang_TSS.tif
2025-07-11 09:15:04,733 - INFO - [sentinel2_tss_pipeline.py:745] - Jiang TSS saved: 29.1% coverage
2025-07-11 09:15:04,733 - INFO - [sentinel2_tss_pipeline.py:644] - Jiang TSS processing completed: 1 products
2025-07-11 09:15:04,774 - INFO - [sentinel2_tss_pipeline.py:1468] - ✓ Processing completed: 1 products generated
2025-07-11 09:15:04,774 - INFO - [sentinel2_tss_pipeline.py:1476] -   jiang_tss: 29.1% coverage, mean=15.02
2025-07-11 09:15:04,828 - INFO - [sentinel2_tss_pipeline.py:1494] - → Progress: 30/63 (47.6%), ETA: 2.1 minutes
2025-07-11 09:15:04,828 - INFO - [sentinel2_tss_pipeline.py:1432] - 
--------------------------------------------------------------------------------
2025-07-11 09:15:04,828 - INFO - [sentinel2_tss_pipeline.py:1433] - Processing 31/63: S2A_MSIL1C_20191025T113321_N0500_R080_T29TNF_20230713T062623
2025-07-11 09:15:04,828 - INFO - [sentinel2_tss_pipeline.py:1434] - Mode: tss_processing_only
2025-07-11 09:15:04,828 - INFO - [sentinel2_tss_pipeline.py:1435] - --------------------------------------------------------------------------------
2025-07-11 09:15:04,828 - INFO - [sentinel2_tss_pipeline.py:621] - Starting Jiang TSS processing for S2A_MSIL1C_20191025T113321_N0500_R080_T29TNF_20230713T062623
2025-07-11 09:15:04,828 - INFO - [sentinel2_tss_pipeline.py:686] - Successfully found 8 spectral bands
2025-07-11 09:15:08,257 - INFO - [sentinel2_tss_pipeline.py:384] - Successfully wrote raster: S2A_MSIL1C_20191025T113321_N0500_R080_T29TNF_20230713T062623_Jiang_TSS.tif
2025-07-11 09:15:08,410 - INFO - [sentinel2_tss_pipeline.py:745] - Jiang TSS saved: 25.5% coverage
2025-07-11 09:15:08,410 - INFO - [sentinel2_tss_pipeline.py:644] - Jiang TSS processing completed: 1 products
2025-07-11 09:15:08,461 - INFO - [sentinel2_tss_pipeline.py:1468] - ✓ Processing completed: 1 products generated
2025-07-11 09:15:08,461 - INFO - [sentinel2_tss_pipeline.py:1476] -   jiang_tss: 25.5% coverage, mean=46.82
2025-07-11 09:15:08,511 - INFO - [sentinel2_tss_pipeline.py:1494] - → Progress: 31/63 (49.2%), ETA: 2.1 minutes
2025-07-11 09:15:08,513 - INFO - [sentinel2_tss_pipeline.py:1432] - 
--------------------------------------------------------------------------------
2025-07-11 09:15:08,513 - INFO - [sentinel2_tss_pipeline.py:1433] - Processing 32/63: S2A_MSIL1C_20191121T112401_N0500_R037_T29TNF_20230614T042450
2025-07-11 09:15:08,513 - INFO - [sentinel2_tss_pipeline.py:1434] - Mode: tss_processing_only
2025-07-11 09:15:08,513 - INFO - [sentinel2_tss_pipeline.py:1435] - --------------------------------------------------------------------------------
2025-07-11 09:15:08,513 - INFO - [sentinel2_tss_pipeline.py:621] - Starting Jiang TSS processing for S2A_MSIL1C_20191121T112401_N0500_R037_T29TNF_20230614T042450
2025-07-11 09:15:08,513 - INFO - [sentinel2_tss_pipeline.py:686] - Successfully found 8 spectral bands
2025-07-11 09:15:12,392 - INFO - [sentinel2_tss_pipeline.py:384] - Successfully wrote raster: S2A_MSIL1C_20191121T112401_N0500_R037_T29TNF_20230614T042450_Jiang_TSS.tif
2025-07-11 09:15:12,605 - INFO - [sentinel2_tss_pipeline.py:745] - Jiang TSS saved: 43.0% coverage
2025-07-11 09:15:12,613 - INFO - [sentinel2_tss_pipeline.py:644] - Jiang TSS processing completed: 1 products
2025-07-11 09:15:12,657 - INFO - [sentinel2_tss_pipeline.py:1468] - ✓ Processing completed: 1 products generated
2025-07-11 09:15:12,657 - INFO - [sentinel2_tss_pipeline.py:1476] -   jiang_tss: 43.0% coverage, mean=36.81
2025-07-11 09:15:12,719 - INFO - [sentinel2_tss_pipeline.py:1494] - → Progress: 32/63 (50.8%), ETA: 2.0 minutes
2025-07-11 09:15:12,719 - INFO - [sentinel2_tss_pipeline.py:1432] - 
--------------------------------------------------------------------------------
2025-07-11 09:15:12,719 - INFO - [sentinel2_tss_pipeline.py:1433] - Processing 33/63: S2A_MSIL1C_20191201T112431_N0500_R037_T29TNF_20230608T121406
2025-07-11 09:15:12,719 - INFO - [sentinel2_tss_pipeline.py:1434] - Mode: tss_processing_only
2025-07-11 09:15:12,719 - INFO - [sentinel2_tss_pipeline.py:1435] - --------------------------------------------------------------------------------
2025-07-11 09:15:12,725 - INFO - [sentinel2_tss_pipeline.py:621] - Starting Jiang TSS processing for S2A_MSIL1C_20191201T112431_N0500_R037_T29TNF_20230608T121406
2025-07-11 09:15:12,727 - INFO - [sentinel2_tss_pipeline.py:686] - Successfully found 8 spectral bands
2025-07-11 09:15:16,233 - INFO - [sentinel2_tss_pipeline.py:384] - Successfully wrote raster: S2A_MSIL1C_20191201T112431_N0500_R037_T29TNF_20230608T121406_Jiang_TSS.tif
2025-07-11 09:15:16,408 - INFO - [sentinel2_tss_pipeline.py:745] - Jiang TSS saved: 32.6% coverage
2025-07-11 09:15:16,408 - INFO - [sentinel2_tss_pipeline.py:644] - Jiang TSS processing completed: 1 products
2025-07-11 09:15:16,458 - INFO - [sentinel2_tss_pipeline.py:1468] - ✓ Processing completed: 1 products generated
2025-07-11 09:15:16,458 - INFO - [sentinel2_tss_pipeline.py:1476] -   jiang_tss: 32.6% coverage, mean=38.05
2025-07-11 09:15:16,507 - INFO - [sentinel2_tss_pipeline.py:1494] - → Progress: 33/63 (52.4%), ETA: 1.9 minutes
2025-07-11 09:15:16,509 - INFO - [sentinel2_tss_pipeline.py:1432] - 
--------------------------------------------------------------------------------
2025-07-11 09:15:16,509 - INFO - [sentinel2_tss_pipeline.py:1433] - Processing 34/63: S2A_MSIL1C_20191204T113441_N0500_R080_T29TNF_20230609T013849
2025-07-11 09:15:16,509 - INFO - [sentinel2_tss_pipeline.py:1434] - Mode: tss_processing_only
2025-07-11 09:15:16,509 - INFO - [sentinel2_tss_pipeline.py:1435] - --------------------------------------------------------------------------------
2025-07-11 09:15:16,509 - INFO - [sentinel2_tss_pipeline.py:621] - Starting Jiang TSS processing for S2A_MSIL1C_20191204T113441_N0500_R080_T29TNF_20230609T013849
2025-07-11 09:15:16,509 - INFO - [sentinel2_tss_pipeline.py:686] - Successfully found 8 spectral bands
2025-07-11 09:15:20,113 - INFO - [sentinel2_tss_pipeline.py:384] - Successfully wrote raster: S2A_MSIL1C_20191204T113441_N0500_R080_T29TNF_20230609T013849_Jiang_TSS.tif
2025-07-11 09:15:20,276 - INFO - [sentinel2_tss_pipeline.py:745] - Jiang TSS saved: 28.2% coverage
2025-07-11 09:15:20,276 - INFO - [sentinel2_tss_pipeline.py:644] - Jiang TSS processing completed: 1 products
2025-07-11 09:15:20,327 - INFO - [sentinel2_tss_pipeline.py:1468] - ✓ Processing completed: 1 products generated
2025-07-11 09:15:20,327 - INFO - [sentinel2_tss_pipeline.py:1476] -   jiang_tss: 28.2% coverage, mean=32.65
2025-07-11 09:15:20,376 - INFO - [sentinel2_tss_pipeline.py:1494] - → Progress: 34/63 (54.0%), ETA: 1.9 minutes
2025-07-11 09:15:20,378 - INFO - [sentinel2_tss_pipeline.py:1432] - 
--------------------------------------------------------------------------------
2025-07-11 09:15:20,378 - INFO - [sentinel2_tss_pipeline.py:1433] - Processing 35/63: S2A_MSIL1C_20191231T112451_N0500_R037_T29TNF_20230607T140223
2025-07-11 09:15:20,378 - INFO - [sentinel2_tss_pipeline.py:1434] - Mode: tss_processing_only
2025-07-11 09:15:20,378 - INFO - [sentinel2_tss_pipeline.py:1435] - --------------------------------------------------------------------------------
2025-07-11 09:15:20,378 - INFO - [sentinel2_tss_pipeline.py:621] - Starting Jiang TSS processing for S2A_MSIL1C_20191231T112451_N0500_R037_T29TNF_20230607T140223
2025-07-11 09:15:20,378 - INFO - [sentinel2_tss_pipeline.py:686] - Successfully found 8 spectral bands
2025-07-11 09:15:23,911 - INFO - [sentinel2_tss_pipeline.py:384] - Successfully wrote raster: S2A_MSIL1C_20191231T112451_N0500_R037_T29TNF_20230607T140223_Jiang_TSS.tif
2025-07-11 09:15:24,095 - INFO - [sentinel2_tss_pipeline.py:745] - Jiang TSS saved: 29.5% coverage
2025-07-11 09:15:24,095 - INFO - [sentinel2_tss_pipeline.py:644] - Jiang TSS processing completed: 1 products
2025-07-11 09:15:24,136 - INFO - [sentinel2_tss_pipeline.py:1468] - ✓ Processing completed: 1 products generated
2025-07-11 09:15:24,136 - INFO - [sentinel2_tss_pipeline.py:1476] -   jiang_tss: 29.5% coverage, mean=65.38
2025-07-11 09:15:24,188 - INFO - [sentinel2_tss_pipeline.py:1494] - → Progress: 35/63 (55.6%), ETA: 1.8 minutes
2025-07-11 09:15:24,188 - INFO - [sentinel2_tss_pipeline.py:1432] - 
--------------------------------------------------------------------------------
2025-07-11 09:15:24,188 - INFO - [sentinel2_tss_pipeline.py:1433] - Processing 36/63: S2B_MSIL1C_20190103T113459_N0500_R080_T29TNF_20221215T055117
2025-07-11 09:15:24,195 - INFO - [sentinel2_tss_pipeline.py:1434] - Mode: tss_processing_only
2025-07-11 09:15:24,195 - INFO - [sentinel2_tss_pipeline.py:1435] - --------------------------------------------------------------------------------
2025-07-11 09:15:24,195 - INFO - [sentinel2_tss_pipeline.py:621] - Starting Jiang TSS processing for S2B_MSIL1C_20190103T113459_N0500_R080_T29TNF_20221215T055117
2025-07-11 09:15:24,197 - INFO - [sentinel2_tss_pipeline.py:686] - Successfully found 8 spectral bands
2025-07-11 09:15:27,662 - INFO - [sentinel2_tss_pipeline.py:384] - Successfully wrote raster: S2B_MSIL1C_20190103T113459_N0500_R080_T29TNF_20221215T055117_Jiang_TSS.tif
2025-07-11 09:15:27,835 - INFO - [sentinel2_tss_pipeline.py:745] - Jiang TSS saved: 29.2% coverage
2025-07-11 09:15:27,835 - INFO - [sentinel2_tss_pipeline.py:644] - Jiang TSS processing completed: 1 products
2025-07-11 09:15:27,884 - INFO - [sentinel2_tss_pipeline.py:1468] - ✓ Processing completed: 1 products generated
2025-07-11 09:15:27,886 - INFO - [sentinel2_tss_pipeline.py:1476] -   jiang_tss: 29.2% coverage, mean=41.82
2025-07-11 09:15:27,938 - INFO - [sentinel2_tss_pipeline.py:1494] - → Progress: 36/63 (57.1%), ETA: 1.7 minutes
2025-07-11 09:15:27,938 - INFO - [sentinel2_tss_pipeline.py:1432] - 
--------------------------------------------------------------------------------
2025-07-11 09:15:27,938 - INFO - [sentinel2_tss_pipeline.py:1433] - Processing 37/63: S2B_MSIL1C_20190110T112439_N0500_R037_T29TNF_20221217T124437
2025-07-11 09:15:27,938 - INFO - [sentinel2_tss_pipeline.py:1434] - Mode: tss_processing_only
2025-07-11 09:15:27,938 - INFO - [sentinel2_tss_pipeline.py:1435] - --------------------------------------------------------------------------------
2025-07-11 09:15:27,938 - INFO - [sentinel2_tss_pipeline.py:621] - Starting Jiang TSS processing for S2B_MSIL1C_20190110T112439_N0500_R037_T29TNF_20221217T124437
2025-07-11 09:15:27,938 - INFO - [sentinel2_tss_pipeline.py:686] - Successfully found 8 spectral bands
2025-07-11 09:15:31,474 - INFO - [sentinel2_tss_pipeline.py:384] - Successfully wrote raster: S2B_MSIL1C_20190110T112439_N0500_R037_T29TNF_20221217T124437_Jiang_TSS.tif
2025-07-11 09:15:31,679 - INFO - [sentinel2_tss_pipeline.py:745] - Jiang TSS saved: 35.5% coverage
2025-07-11 09:15:31,679 - INFO - [sentinel2_tss_pipeline.py:644] - Jiang TSS processing completed: 1 products
2025-07-11 09:15:31,735 - INFO - [sentinel2_tss_pipeline.py:1468] - ✓ Processing completed: 1 products generated
2025-07-11 09:15:31,735 - INFO - [sentinel2_tss_pipeline.py:1476] -   jiang_tss: 35.5% coverage, mean=26.47
2025-07-11 09:15:31,781 - INFO - [sentinel2_tss_pipeline.py:1494] - → Progress: 37/63 (58.7%), ETA: 1.7 minutes
2025-07-11 09:15:31,799 - INFO - [sentinel2_tss_pipeline.py:1432] - 
--------------------------------------------------------------------------------
2025-07-11 09:15:31,799 - INFO - [sentinel2_tss_pipeline.py:1433] - Processing 38/63: S2B_MSIL1C_20190113T113429_N0500_R080_T29TNF_20221208T050642
2025-07-11 09:15:31,799 - INFO - [sentinel2_tss_pipeline.py:1434] - Mode: tss_processing_only
2025-07-11 09:15:31,799 - INFO - [sentinel2_tss_pipeline.py:1435] - --------------------------------------------------------------------------------
2025-07-11 09:15:31,799 - INFO - [sentinel2_tss_pipeline.py:621] - Starting Jiang TSS processing for S2B_MSIL1C_20190113T113429_N0500_R080_T29TNF_20221208T050642
2025-07-11 09:15:31,799 - INFO - [sentinel2_tss_pipeline.py:686] - Successfully found 8 spectral bands
2025-07-11 09:15:35,432 - INFO - [sentinel2_tss_pipeline.py:384] - Successfully wrote raster: S2B_MSIL1C_20190113T113429_N0500_R080_T29TNF_20221208T050642_Jiang_TSS.tif
2025-07-11 09:15:35,616 - INFO - [sentinel2_tss_pipeline.py:745] - Jiang TSS saved: 29.0% coverage
2025-07-11 09:15:35,618 - INFO - [sentinel2_tss_pipeline.py:644] - Jiang TSS processing completed: 1 products
2025-07-11 09:15:35,663 - INFO - [sentinel2_tss_pipeline.py:1468] - ✓ Processing completed: 1 products generated
2025-07-11 09:15:35,663 - INFO - [sentinel2_tss_pipeline.py:1476] -   jiang_tss: 29.0% coverage, mean=54.47
2025-07-11 09:15:35,709 - INFO - [sentinel2_tss_pipeline.py:1494] - → Progress: 38/63 (60.3%), ETA: 1.6 minutes
2025-07-11 09:15:35,709 - INFO - [sentinel2_tss_pipeline.py:1432] - 
--------------------------------------------------------------------------------
2025-07-11 09:15:35,709 - INFO - [sentinel2_tss_pipeline.py:1433] - Processing 39/63: S2B_MSIL1C_20190202T113319_N0500_R080_T29TNF_20221209T035228
2025-07-11 09:15:35,709 - INFO - [sentinel2_tss_pipeline.py:1434] - Mode: tss_processing_only
2025-07-11 09:15:35,709 - INFO - [sentinel2_tss_pipeline.py:1435] - --------------------------------------------------------------------------------
2025-07-11 09:15:35,717 - INFO - [sentinel2_tss_pipeline.py:621] - Starting Jiang TSS processing for S2B_MSIL1C_20190202T113319_N0500_R080_T29TNF_20221209T035228
2025-07-11 09:15:35,717 - INFO - [sentinel2_tss_pipeline.py:686] - Successfully found 8 spectral bands
2025-07-11 09:15:39,157 - INFO - [sentinel2_tss_pipeline.py:384] - Successfully wrote raster: S2B_MSIL1C_20190202T113319_N0500_R080_T29TNF_20221209T035228_Jiang_TSS.tif
2025-07-11 09:15:39,317 - INFO - [sentinel2_tss_pipeline.py:745] - Jiang TSS saved: 27.6% coverage
2025-07-11 09:15:39,317 - INFO - [sentinel2_tss_pipeline.py:644] - Jiang TSS processing completed: 1 products
2025-07-11 09:15:39,368 - INFO - [sentinel2_tss_pipeline.py:1468] - ✓ Processing completed: 1 products generated
2025-07-11 09:15:39,368 - INFO - [sentinel2_tss_pipeline.py:1476] -   jiang_tss: 27.6% coverage, mean=137.25
2025-07-11 09:15:39,419 - INFO - [sentinel2_tss_pipeline.py:1494] - → Progress: 39/63 (61.9%), ETA: 1.5 minutes
2025-07-11 09:15:39,419 - INFO - [sentinel2_tss_pipeline.py:1432] - 
--------------------------------------------------------------------------------
2025-07-11 09:15:39,419 - INFO - [sentinel2_tss_pipeline.py:1433] - Processing 40/63: S2B_MSIL1C_20190212T113319_N0500_R080_T29TNF_20221128T222242
2025-07-11 09:15:39,419 - INFO - [sentinel2_tss_pipeline.py:1434] - Mode: tss_processing_only
2025-07-11 09:15:39,419 - INFO - [sentinel2_tss_pipeline.py:1435] - --------------------------------------------------------------------------------
2025-07-11 09:15:39,419 - INFO - [sentinel2_tss_pipeline.py:621] - Starting Jiang TSS processing for S2B_MSIL1C_20190212T113319_N0500_R080_T29TNF_20221128T222242
2025-07-11 09:15:39,419 - INFO - [sentinel2_tss_pipeline.py:686] - Successfully found 8 spectral bands
2025-07-11 09:15:42,813 - INFO - [sentinel2_tss_pipeline.py:384] - Successfully wrote raster: S2B_MSIL1C_20190212T113319_N0500_R080_T29TNF_20221128T222242_Jiang_TSS.tif
2025-07-11 09:15:42,977 - INFO - [sentinel2_tss_pipeline.py:745] - Jiang TSS saved: 27.1% coverage
2025-07-11 09:15:42,977 - INFO - [sentinel2_tss_pipeline.py:644] - Jiang TSS processing completed: 1 products
2025-07-11 09:15:43,028 - INFO - [sentinel2_tss_pipeline.py:1468] - ✓ Processing completed: 1 products generated
2025-07-11 09:15:43,032 - INFO - [sentinel2_tss_pipeline.py:1476] -   jiang_tss: 27.1% coverage, mean=36.56
2025-07-11 09:15:43,078 - INFO - [sentinel2_tss_pipeline.py:1494] - → Progress: 40/63 (63.5%), ETA: 1.5 minutes
2025-07-11 09:15:43,078 - INFO - [sentinel2_tss_pipeline.py:1432] - 
--------------------------------------------------------------------------------
2025-07-11 09:15:43,078 - INFO - [sentinel2_tss_pipeline.py:1433] - Processing 41/63: S2B_MSIL1C_20190219T112119_N0500_R037_T29TNF_20221126T143003
2025-07-11 09:15:43,078 - INFO - [sentinel2_tss_pipeline.py:1434] - Mode: tss_processing_only
2025-07-11 09:15:43,078 - INFO - [sentinel2_tss_pipeline.py:1435] - --------------------------------------------------------------------------------
2025-07-11 09:15:43,078 - INFO - [sentinel2_tss_pipeline.py:621] - Starting Jiang TSS processing for S2B_MSIL1C_20190219T112119_N0500_R037_T29TNF_20221126T143003
2025-07-11 09:15:43,078 - INFO - [sentinel2_tss_pipeline.py:686] - Successfully found 8 spectral bands
2025-07-11 09:15:46,539 - INFO - [sentinel2_tss_pipeline.py:384] - Successfully wrote raster: S2B_MSIL1C_20190219T112119_N0500_R037_T29TNF_20221126T143003_Jiang_TSS.tif
2025-07-11 09:15:46,724 - INFO - [sentinel2_tss_pipeline.py:745] - Jiang TSS saved: 30.9% coverage
2025-07-11 09:15:46,724 - INFO - [sentinel2_tss_pipeline.py:644] - Jiang TSS processing completed: 1 products
2025-07-11 09:15:46,773 - INFO - [sentinel2_tss_pipeline.py:1468] - ✓ Processing completed: 1 products generated
2025-07-11 09:15:46,775 - INFO - [sentinel2_tss_pipeline.py:1476] -   jiang_tss: 30.9% coverage, mean=51.03
2025-07-11 09:15:46,823 - INFO - [sentinel2_tss_pipeline.py:1494] - → Progress: 41/63 (65.1%), ETA: 1.4 minutes
2025-07-11 09:15:46,823 - INFO - [sentinel2_tss_pipeline.py:1432] - 
--------------------------------------------------------------------------------
2025-07-11 09:15:46,823 - INFO - [sentinel2_tss_pipeline.py:1433] - Processing 42/63: S2B_MSIL1C_20190311T112109_N0500_R037_T29TNF_20221124T015923
2025-07-11 09:15:46,823 - INFO - [sentinel2_tss_pipeline.py:1434] - Mode: tss_processing_only
2025-07-11 09:15:46,823 - INFO - [sentinel2_tss_pipeline.py:1435] - --------------------------------------------------------------------------------
2025-07-11 09:15:46,823 - INFO - [sentinel2_tss_pipeline.py:621] - Starting Jiang TSS processing for S2B_MSIL1C_20190311T112109_N0500_R037_T29TNF_20221124T015923
2025-07-11 09:15:46,823 - INFO - [sentinel2_tss_pipeline.py:686] - Successfully found 8 spectral bands
2025-07-11 09:15:50,257 - INFO - [sentinel2_tss_pipeline.py:384] - Successfully wrote raster: S2B_MSIL1C_20190311T112109_N0500_R037_T29TNF_20221124T015923_Jiang_TSS.tif
2025-07-11 09:15:50,423 - INFO - [sentinel2_tss_pipeline.py:745] - Jiang TSS saved: 26.8% coverage
2025-07-11 09:15:50,423 - INFO - [sentinel2_tss_pipeline.py:644] - Jiang TSS processing completed: 1 products
2025-07-11 09:15:50,469 - INFO - [sentinel2_tss_pipeline.py:1468] - ✓ Processing completed: 1 products generated
2025-07-11 09:15:50,472 - INFO - [sentinel2_tss_pipeline.py:1476] -   jiang_tss: 26.8% coverage, mean=44.03
2025-07-11 09:15:50,516 - INFO - [sentinel2_tss_pipeline.py:1494] - → Progress: 42/63 (66.7%), ETA: 1.4 minutes
2025-07-11 09:15:50,516 - INFO - [sentinel2_tss_pipeline.py:1432] - 
--------------------------------------------------------------------------------
2025-07-11 09:15:50,516 - INFO - [sentinel2_tss_pipeline.py:1433] - Processing 43/63: S2B_MSIL1C_20190314T113319_N0500_R080_T29TNF_20221113T220401
2025-07-11 09:15:50,516 - INFO - [sentinel2_tss_pipeline.py:1434] - Mode: tss_processing_only
2025-07-11 09:15:50,516 - INFO - [sentinel2_tss_pipeline.py:1435] - --------------------------------------------------------------------------------
2025-07-11 09:15:50,516 - INFO - [sentinel2_tss_pipeline.py:621] - Starting Jiang TSS processing for S2B_MSIL1C_20190314T113319_N0500_R080_T29TNF_20221113T220401
2025-07-11 09:15:50,516 - INFO - [sentinel2_tss_pipeline.py:686] - Successfully found 8 spectral bands
2025-07-11 09:15:53,764 - INFO - [sentinel2_tss_pipeline.py:384] - Successfully wrote raster: S2B_MSIL1C_20190314T113319_N0500_R080_T29TNF_20221113T220401_Jiang_TSS.tif
2025-07-11 09:15:53,907 - INFO - [sentinel2_tss_pipeline.py:745] - Jiang TSS saved: 24.4% coverage
2025-07-11 09:15:53,907 - INFO - [sentinel2_tss_pipeline.py:644] - Jiang TSS processing completed: 1 products
2025-07-11 09:15:53,957 - INFO - [sentinel2_tss_pipeline.py:1468] - ✓ Processing completed: 1 products generated
2025-07-11 09:15:53,957 - INFO - [sentinel2_tss_pipeline.py:1476] -   jiang_tss: 24.4% coverage, mean=90.66
2025-07-11 09:15:54,000 - INFO - [sentinel2_tss_pipeline.py:1494] - → Progress: 43/63 (68.3%), ETA: 1.3 minutes
2025-07-11 09:15:54,000 - INFO - [sentinel2_tss_pipeline.py:1432] - 
--------------------------------------------------------------------------------
2025-07-11 09:15:54,000 - INFO - [sentinel2_tss_pipeline.py:1433] - Processing 44/63: S2B_MSIL1C_20190321T112119_N0500_R037_T29TNF_20221114T145852
2025-07-11 09:15:54,000 - INFO - [sentinel2_tss_pipeline.py:1434] - Mode: tss_processing_only
2025-07-11 09:15:54,000 - INFO - [sentinel2_tss_pipeline.py:1435] - --------------------------------------------------------------------------------
2025-07-11 09:15:54,000 - INFO - [sentinel2_tss_pipeline.py:621] - Starting Jiang TSS processing for S2B_MSIL1C_20190321T112119_N0500_R037_T29TNF_20221114T145852
2025-07-11 09:15:54,000 - INFO - [sentinel2_tss_pipeline.py:686] - Successfully found 8 spectral bands
2025-07-11 09:15:57,320 - INFO - [sentinel2_tss_pipeline.py:384] - Successfully wrote raster: S2B_MSIL1C_20190321T112119_N0500_R037_T29TNF_20221114T145852_Jiang_TSS.tif
2025-07-11 09:15:57,474 - INFO - [sentinel2_tss_pipeline.py:745] - Jiang TSS saved: 25.5% coverage
2025-07-11 09:15:57,474 - INFO - [sentinel2_tss_pipeline.py:644] - Jiang TSS processing completed: 1 products
2025-07-11 09:15:57,523 - INFO - [sentinel2_tss_pipeline.py:1468] - ✓ Processing completed: 1 products generated
2025-07-11 09:15:57,523 - INFO - [sentinel2_tss_pipeline.py:1476] -   jiang_tss: 25.5% coverage, mean=44.69
2025-07-11 09:15:57,563 - INFO - [sentinel2_tss_pipeline.py:1494] - → Progress: 44/63 (69.8%), ETA: 1.2 minutes
2025-07-11 09:15:57,563 - INFO - [sentinel2_tss_pipeline.py:1432] - 
--------------------------------------------------------------------------------
2025-07-11 09:15:57,563 - INFO - [sentinel2_tss_pipeline.py:1433] - Processing 45/63: S2B_MSIL1C_20190324T113319_N0500_R080_T29TNF_20221111T040340
2025-07-11 09:15:57,563 - INFO - [sentinel2_tss_pipeline.py:1434] - Mode: tss_processing_only
2025-07-11 09:15:57,563 - INFO - [sentinel2_tss_pipeline.py:1435] - --------------------------------------------------------------------------------
2025-07-11 09:15:57,563 - INFO - [sentinel2_tss_pipeline.py:621] - Starting Jiang TSS processing for S2B_MSIL1C_20190324T113319_N0500_R080_T29TNF_20221111T040340
2025-07-11 09:15:57,578 - INFO - [sentinel2_tss_pipeline.py:686] - Successfully found 8 spectral bands
2025-07-11 09:16:00,855 - INFO - [sentinel2_tss_pipeline.py:384] - Successfully wrote raster: S2B_MSIL1C_20190324T113319_N0500_R080_T29TNF_20221111T040340_Jiang_TSS.tif
2025-07-11 09:16:00,997 - INFO - [sentinel2_tss_pipeline.py:745] - Jiang TSS saved: 24.6% coverage
2025-07-11 09:16:01,000 - INFO - [sentinel2_tss_pipeline.py:644] - Jiang TSS processing completed: 1 products
2025-07-11 09:16:01,047 - INFO - [sentinel2_tss_pipeline.py:1468] - ✓ Processing completed: 1 products generated
2025-07-11 09:16:01,047 - INFO - [sentinel2_tss_pipeline.py:1476] -   jiang_tss: 24.6% coverage, mean=50.19
2025-07-11 09:16:01,094 - INFO - [sentinel2_tss_pipeline.py:1494] - → Progress: 45/63 (71.4%), ETA: 1.2 minutes
2025-07-11 09:16:01,096 - INFO - [sentinel2_tss_pipeline.py:1432] - 
--------------------------------------------------------------------------------
2025-07-11 09:16:01,096 - INFO - [sentinel2_tss_pipeline.py:1433] - Processing 46/63: S2B_MSIL1C_20190420T112119_N0500_R037_T29TNF_20221027T072251
2025-07-11 09:16:01,096 - INFO - [sentinel2_tss_pipeline.py:1434] - Mode: tss_processing_only
2025-07-11 09:16:01,098 - INFO - [sentinel2_tss_pipeline.py:1435] - --------------------------------------------------------------------------------
2025-07-11 09:16:01,098 - INFO - [sentinel2_tss_pipeline.py:621] - Starting Jiang TSS processing for S2B_MSIL1C_20190420T112119_N0500_R037_T29TNF_20221027T072251
2025-07-11 09:16:01,098 - INFO - [sentinel2_tss_pipeline.py:686] - Successfully found 8 spectral bands
2025-07-11 09:16:04,397 - INFO - [sentinel2_tss_pipeline.py:384] - Successfully wrote raster: S2B_MSIL1C_20190420T112119_N0500_R037_T29TNF_20221027T072251_Jiang_TSS.tif
2025-07-11 09:16:04,551 - INFO - [sentinel2_tss_pipeline.py:745] - Jiang TSS saved: 24.6% coverage
2025-07-11 09:16:04,551 - INFO - [sentinel2_tss_pipeline.py:644] - Jiang TSS processing completed: 1 products
2025-07-11 09:16:04,601 - INFO - [sentinel2_tss_pipeline.py:1468] - ✓ Processing completed: 1 products generated
2025-07-11 09:16:04,601 - INFO - [sentinel2_tss_pipeline.py:1476] -   jiang_tss: 24.6% coverage, mean=26.27
2025-07-11 09:16:04,652 - INFO - [sentinel2_tss_pipeline.py:1494] - → Progress: 46/63 (73.0%), ETA: 1.1 minutes
2025-07-11 09:16:04,652 - INFO - [sentinel2_tss_pipeline.py:1432] - 
--------------------------------------------------------------------------------
2025-07-11 09:16:04,652 - INFO - [sentinel2_tss_pipeline.py:1433] - Processing 47/63: S2B_MSIL1C_20190430T112119_N0500_R037_T29TNF_20221027T205235
2025-07-11 09:16:04,657 - INFO - [sentinel2_tss_pipeline.py:1434] - Mode: tss_processing_only
2025-07-11 09:16:04,657 - INFO - [sentinel2_tss_pipeline.py:1435] - --------------------------------------------------------------------------------
2025-07-11 09:16:04,657 - INFO - [sentinel2_tss_pipeline.py:621] - Starting Jiang TSS processing for S2B_MSIL1C_20190430T112119_N0500_R037_T29TNF_20221027T205235
2025-07-11 09:16:04,660 - INFO - [sentinel2_tss_pipeline.py:686] - Successfully found 8 spectral bands
2025-07-11 09:16:08,007 - INFO - [sentinel2_tss_pipeline.py:384] - Successfully wrote raster: S2B_MSIL1C_20190430T112119_N0500_R037_T29TNF_20221027T205235_Jiang_TSS.tif
2025-07-11 09:16:08,147 - INFO - [sentinel2_tss_pipeline.py:745] - Jiang TSS saved: 20.4% coverage
2025-07-11 09:16:08,147 - INFO - [sentinel2_tss_pipeline.py:644] - Jiang TSS processing completed: 1 products
2025-07-11 09:16:08,190 - INFO - [sentinel2_tss_pipeline.py:1468] - ✓ Processing completed: 1 products generated
2025-07-11 09:16:08,190 - INFO - [sentinel2_tss_pipeline.py:1476] -   jiang_tss: 20.4% coverage, mean=32.41
2025-07-11 09:16:08,241 - INFO - [sentinel2_tss_pipeline.py:1494] - → Progress: 47/63 (74.6%), ETA: 1.0 minutes
2025-07-11 09:16:08,241 - INFO - [sentinel2_tss_pipeline.py:1432] - 
--------------------------------------------------------------------------------
2025-07-11 09:16:08,241 - INFO - [sentinel2_tss_pipeline.py:1433] - Processing 48/63: S2B_MSIL1C_20190503T113329_N0500_R080_T29TNF_20221221T030334
2025-07-11 09:16:08,241 - INFO - [sentinel2_tss_pipeline.py:1434] - Mode: tss_processing_only
2025-07-11 09:16:08,241 - INFO - [sentinel2_tss_pipeline.py:1435] - --------------------------------------------------------------------------------
2025-07-11 09:16:08,241 - INFO - [sentinel2_tss_pipeline.py:621] - Starting Jiang TSS processing for S2B_MSIL1C_20190503T113329_N0500_R080_T29TNF_20221221T030334
2025-07-11 09:16:08,249 - INFO - [sentinel2_tss_pipeline.py:686] - Successfully found 8 spectral bands
2025-07-11 09:16:11,700 - INFO - [sentinel2_tss_pipeline.py:384] - Successfully wrote raster: S2B_MSIL1C_20190503T113329_N0500_R080_T29TNF_20221221T030334_Jiang_TSS.tif
2025-07-11 09:16:11,844 - INFO - [sentinel2_tss_pipeline.py:745] - Jiang TSS saved: 24.5% coverage
2025-07-11 09:16:11,844 - INFO - [sentinel2_tss_pipeline.py:644] - Jiang TSS processing completed: 1 products
2025-07-11 09:16:11,906 - INFO - [sentinel2_tss_pipeline.py:1468] - ✓ Processing completed: 1 products generated
2025-07-11 09:16:11,906 - INFO - [sentinel2_tss_pipeline.py:1476] -   jiang_tss: 24.5% coverage, mean=87.52
2025-07-11 09:16:11,955 - INFO - [sentinel2_tss_pipeline.py:1494] - → Progress: 48/63 (76.2%), ETA: 1.0 minutes
2025-07-11 09:16:11,955 - INFO - [sentinel2_tss_pipeline.py:1432] - 
--------------------------------------------------------------------------------
2025-07-11 09:16:11,955 - INFO - [sentinel2_tss_pipeline.py:1433] - Processing 49/63: S2B_MSIL1C_20190513T113329_N0500_R080_T29TNF_20221204T191129
2025-07-11 09:16:11,955 - INFO - [sentinel2_tss_pipeline.py:1434] - Mode: tss_processing_only
2025-07-11 09:16:11,955 - INFO - [sentinel2_tss_pipeline.py:1435] - --------------------------------------------------------------------------------
2025-07-11 09:16:11,955 - INFO - [sentinel2_tss_pipeline.py:621] - Starting Jiang TSS processing for S2B_MSIL1C_20190513T113329_N0500_R080_T29TNF_20221204T191129
2025-07-11 09:16:11,955 - INFO - [sentinel2_tss_pipeline.py:686] - Successfully found 8 spectral bands
2025-07-11 09:16:15,219 - INFO - [sentinel2_tss_pipeline.py:384] - Successfully wrote raster: S2B_MSIL1C_20190513T113329_N0500_R080_T29TNF_20221204T191129_Jiang_TSS.tif
2025-07-11 09:16:15,362 - INFO - [sentinel2_tss_pipeline.py:745] - Jiang TSS saved: 24.5% coverage
2025-07-11 09:16:15,362 - INFO - [sentinel2_tss_pipeline.py:644] - Jiang TSS processing completed: 1 products
2025-07-11 09:16:15,421 - INFO - [sentinel2_tss_pipeline.py:1468] - ✓ Processing completed: 1 products generated
2025-07-11 09:16:15,421 - INFO - [sentinel2_tss_pipeline.py:1476] -   jiang_tss: 24.5% coverage, mean=51.96
2025-07-11 09:16:15,469 - INFO - [sentinel2_tss_pipeline.py:1494] - → Progress: 49/63 (77.8%), ETA: 0.9 minutes
2025-07-11 09:16:15,472 - INFO - [sentinel2_tss_pipeline.py:1432] - 
--------------------------------------------------------------------------------
2025-07-11 09:16:15,472 - INFO - [sentinel2_tss_pipeline.py:1433] - Processing 50/63: S2B_MSIL1C_20190530T112119_N0500_R037_T29TNF_20221205T112440
2025-07-11 09:16:15,472 - INFO - [sentinel2_tss_pipeline.py:1434] - Mode: tss_processing_only
2025-07-11 09:16:15,472 - INFO - [sentinel2_tss_pipeline.py:1435] - --------------------------------------------------------------------------------
2025-07-11 09:16:15,472 - INFO - [sentinel2_tss_pipeline.py:621] - Starting Jiang TSS processing for S2B_MSIL1C_20190530T112119_N0500_R037_T29TNF_20221205T112440
2025-07-11 09:16:15,472 - INFO - [sentinel2_tss_pipeline.py:686] - Successfully found 8 spectral bands
2025-07-11 09:16:18,820 - INFO - [sentinel2_tss_pipeline.py:384] - Successfully wrote raster: S2B_MSIL1C_20190530T112119_N0500_R037_T29TNF_20221205T112440_Jiang_TSS.tif
2025-07-11 09:16:19,013 - INFO - [sentinel2_tss_pipeline.py:745] - Jiang TSS saved: 24.7% coverage
2025-07-11 09:16:19,013 - INFO - [sentinel2_tss_pipeline.py:644] - Jiang TSS processing completed: 1 products
2025-07-11 09:16:19,115 - INFO - [sentinel2_tss_pipeline.py:1468] - ✓ Processing completed: 1 products generated
2025-07-11 09:16:19,115 - INFO - [sentinel2_tss_pipeline.py:1476] -   jiang_tss: 24.7% coverage, mean=21.61
2025-07-11 09:16:19,163 - INFO - [sentinel2_tss_pipeline.py:1494] - → Progress: 50/63 (79.4%), ETA: 0.8 minutes
2025-07-11 09:16:19,165 - INFO - [sentinel2_tss_pipeline.py:1432] - 
--------------------------------------------------------------------------------
2025-07-11 09:16:19,165 - INFO - [sentinel2_tss_pipeline.py:1433] - Processing 51/63: S2B_MSIL1C_20190609T112119_N0500_R037_T29TNF_20230605T072549
2025-07-11 09:16:19,165 - INFO - [sentinel2_tss_pipeline.py:1434] - Mode: tss_processing_only
2025-07-11 09:16:19,165 - INFO - [sentinel2_tss_pipeline.py:1435] - --------------------------------------------------------------------------------
2025-07-11 09:16:19,165 - INFO - [sentinel2_tss_pipeline.py:621] - Starting Jiang TSS processing for S2B_MSIL1C_20190609T112119_N0500_R037_T29TNF_20230605T072549
2025-07-11 09:16:19,165 - INFO - [sentinel2_tss_pipeline.py:686] - Successfully found 8 spectral bands
2025-07-11 09:16:22,469 - INFO - [sentinel2_tss_pipeline.py:384] - Successfully wrote raster: S2B_MSIL1C_20190609T112119_N0500_R037_T29TNF_20230605T072549_Jiang_TSS.tif
2025-07-11 09:16:22,632 - INFO - [sentinel2_tss_pipeline.py:745] - Jiang TSS saved: 17.3% coverage
2025-07-11 09:16:22,632 - INFO - [sentinel2_tss_pipeline.py:644] - Jiang TSS processing completed: 1 products
2025-07-11 09:16:22,804 - INFO - [sentinel2_tss_pipeline.py:1468] - ✓ Processing completed: 1 products generated
2025-07-11 09:16:22,804 - INFO - [sentinel2_tss_pipeline.py:1476] -   jiang_tss: 17.3% coverage, mean=20.25
2025-07-11 09:16:22,853 - INFO - [sentinel2_tss_pipeline.py:1494] - → Progress: 51/63 (81.0%), ETA: 0.8 minutes
2025-07-11 09:16:22,853 - INFO - [sentinel2_tss_pipeline.py:1432] - 
--------------------------------------------------------------------------------
2025-07-11 09:16:22,855 - INFO - [sentinel2_tss_pipeline.py:1433] - Processing 52/63: S2B_MSIL1C_20190612T113329_N0500_R080_T29TNF_20221218T224615
2025-07-11 09:16:22,855 - INFO - [sentinel2_tss_pipeline.py:1434] - Mode: tss_processing_only
2025-07-11 09:16:22,855 - INFO - [sentinel2_tss_pipeline.py:1435] - --------------------------------------------------------------------------------
2025-07-11 09:16:22,855 - INFO - [sentinel2_tss_pipeline.py:621] - Starting Jiang TSS processing for S2B_MSIL1C_20190612T113329_N0500_R080_T29TNF_20221218T224615
2025-07-11 09:16:22,855 - INFO - [sentinel2_tss_pipeline.py:686] - Successfully found 8 spectral bands
2025-07-11 09:16:26,555 - INFO - [sentinel2_tss_pipeline.py:384] - Successfully wrote raster: S2B_MSIL1C_20190612T113329_N0500_R080_T29TNF_20221218T224615_Jiang_TSS.tif
2025-07-11 09:16:26,756 - INFO - [sentinel2_tss_pipeline.py:745] - Jiang TSS saved: 25.5% coverage
2025-07-11 09:16:26,756 - INFO - [sentinel2_tss_pipeline.py:644] - Jiang TSS processing completed: 1 products
2025-07-11 09:16:26,961 - INFO - [sentinel2_tss_pipeline.py:1468] - ✓ Processing completed: 1 products generated
2025-07-11 09:16:26,961 - INFO - [sentinel2_tss_pipeline.py:1476] -   jiang_tss: 25.5% coverage, mean=81.88
2025-07-11 09:16:27,012 - INFO - [sentinel2_tss_pipeline.py:1494] - → Progress: 52/63 (82.5%), ETA: 0.7 minutes
2025-07-11 09:16:27,012 - INFO - [sentinel2_tss_pipeline.py:1432] - 
--------------------------------------------------------------------------------
2025-07-11 09:16:27,012 - INFO - [sentinel2_tss_pipeline.py:1433] - Processing 53/63: S2B_MSIL1C_20190709T112119_N0500_R037_T29TNF_20230806T051129
2025-07-11 09:16:27,012 - INFO - [sentinel2_tss_pipeline.py:1434] - Mode: tss_processing_only
2025-07-11 09:16:27,012 - INFO - [sentinel2_tss_pipeline.py:1435] - --------------------------------------------------------------------------------
2025-07-11 09:16:27,012 - INFO - [sentinel2_tss_pipeline.py:621] - Starting Jiang TSS processing for S2B_MSIL1C_20190709T112119_N0500_R037_T29TNF_20230806T051129
2025-07-11 09:16:27,012 - INFO - [sentinel2_tss_pipeline.py:686] - Successfully found 8 spectral bands
2025-07-11 09:16:30,637 - INFO - [sentinel2_tss_pipeline.py:384] - Successfully wrote raster: S2B_MSIL1C_20190709T112119_N0500_R037_T29TNF_20230806T051129_Jiang_TSS.tif
2025-07-11 09:16:30,832 - INFO - [sentinel2_tss_pipeline.py:745] - Jiang TSS saved: 21.5% coverage
2025-07-11 09:16:30,832 - INFO - [sentinel2_tss_pipeline.py:644] - Jiang TSS processing completed: 1 products
2025-07-11 09:16:31,004 - INFO - [sentinel2_tss_pipeline.py:1468] - ✓ Processing completed: 1 products generated
2025-07-11 09:16:31,004 - INFO - [sentinel2_tss_pipeline.py:1476] -   jiang_tss: 21.5% coverage, mean=10.06
2025-07-11 09:16:31,055 - INFO - [sentinel2_tss_pipeline.py:1494] - → Progress: 53/63 (84.1%), ETA: 0.6 minutes
2025-07-11 09:16:31,055 - INFO - [sentinel2_tss_pipeline.py:1432] - 
--------------------------------------------------------------------------------
2025-07-11 09:16:31,063 - INFO - [sentinel2_tss_pipeline.py:1433] - Processing 54/63: S2B_MSIL1C_20190719T112119_N0500_R037_T29TNF_20230722T232957
2025-07-11 09:16:31,063 - INFO - [sentinel2_tss_pipeline.py:1434] - Mode: tss_processing_only
2025-07-11 09:16:31,063 - INFO - [sentinel2_tss_pipeline.py:1435] - --------------------------------------------------------------------------------
2025-07-11 09:16:31,063 - INFO - [sentinel2_tss_pipeline.py:621] - Starting Jiang TSS processing for S2B_MSIL1C_20190719T112119_N0500_R037_T29TNF_20230722T232957
2025-07-11 09:16:31,063 - INFO - [sentinel2_tss_pipeline.py:686] - Successfully found 8 spectral bands
2025-07-11 09:16:34,663 - INFO - [sentinel2_tss_pipeline.py:384] - Successfully wrote raster: S2B_MSIL1C_20190719T112119_N0500_R037_T29TNF_20230722T232957_Jiang_TSS.tif
2025-07-11 09:16:34,837 - INFO - [sentinel2_tss_pipeline.py:745] - Jiang TSS saved: 20.1% coverage
2025-07-11 09:16:34,844 - INFO - [sentinel2_tss_pipeline.py:644] - Jiang TSS processing completed: 1 products
2025-07-11 09:16:35,010 - INFO - [sentinel2_tss_pipeline.py:1468] - ✓ Processing completed: 1 products generated
2025-07-11 09:16:35,010 - INFO - [sentinel2_tss_pipeline.py:1476] -   jiang_tss: 20.1% coverage, mean=19.20
2025-07-11 09:16:35,071 - INFO - [sentinel2_tss_pipeline.py:1494] - → Progress: 54/63 (85.7%), ETA: 0.6 minutes
2025-07-11 09:16:35,071 - INFO - [sentinel2_tss_pipeline.py:1432] - 
--------------------------------------------------------------------------------
2025-07-11 09:16:35,071 - INFO - [sentinel2_tss_pipeline.py:1433] - Processing 55/63: S2B_MSIL1C_20190729T112119_N0500_R037_T29TNF_20230719T071130
2025-07-11 09:16:35,071 - INFO - [sentinel2_tss_pipeline.py:1434] - Mode: tss_processing_only
2025-07-11 09:16:35,071 - INFO - [sentinel2_tss_pipeline.py:1435] - --------------------------------------------------------------------------------
2025-07-11 09:16:35,071 - INFO - [sentinel2_tss_pipeline.py:621] - Starting Jiang TSS processing for S2B_MSIL1C_20190729T112119_N0500_R037_T29TNF_20230719T071130
2025-07-11 09:16:35,071 - INFO - [sentinel2_tss_pipeline.py:686] - Successfully found 8 spectral bands
2025-07-11 09:16:38,930 - INFO - [sentinel2_tss_pipeline.py:384] - Successfully wrote raster: S2B_MSIL1C_20190729T112119_N0500_R037_T29TNF_20230719T071130_Jiang_TSS.tif
2025-07-11 09:16:39,139 - INFO - [sentinel2_tss_pipeline.py:745] - Jiang TSS saved: 27.3% coverage
2025-07-11 09:16:39,139 - INFO - [sentinel2_tss_pipeline.py:644] - Jiang TSS processing completed: 1 products
2025-07-11 09:16:39,313 - INFO - [sentinel2_tss_pipeline.py:1468] - ✓ Processing completed: 1 products generated
2025-07-11 09:16:39,313 - INFO - [sentinel2_tss_pipeline.py:1476] -   jiang_tss: 27.3% coverage, mean=11.12
2025-07-11 09:16:39,360 - INFO - [sentinel2_tss_pipeline.py:1494] - → Progress: 55/63 (87.3%), ETA: 0.5 minutes
2025-07-11 09:16:39,360 - INFO - [sentinel2_tss_pipeline.py:1432] - 
--------------------------------------------------------------------------------
2025-07-11 09:16:39,360 - INFO - [sentinel2_tss_pipeline.py:1433] - Processing 56/63: S2B_MSIL1C_20190801T113329_N0500_R080_T29TNF_20230708T005403
2025-07-11 09:16:39,360 - INFO - [sentinel2_tss_pipeline.py:1434] - Mode: tss_processing_only
2025-07-11 09:16:39,375 - INFO - [sentinel2_tss_pipeline.py:1435] - --------------------------------------------------------------------------------
2025-07-11 09:16:39,375 - INFO - [sentinel2_tss_pipeline.py:621] - Starting Jiang TSS processing for S2B_MSIL1C_20190801T113329_N0500_R080_T29TNF_20230708T005403
2025-07-11 09:16:39,375 - INFO - [sentinel2_tss_pipeline.py:686] - Successfully found 8 spectral bands
2025-07-11 09:16:43,278 - INFO - [sentinel2_tss_pipeline.py:384] - Successfully wrote raster: S2B_MSIL1C_20190801T113329_N0500_R080_T29TNF_20230708T005403_Jiang_TSS.tif
2025-07-11 09:16:43,464 - INFO - [sentinel2_tss_pipeline.py:745] - Jiang TSS saved: 23.7% coverage
2025-07-11 09:16:43,464 - INFO - [sentinel2_tss_pipeline.py:644] - Jiang TSS processing completed: 1 products
2025-07-11 09:16:43,648 - INFO - [sentinel2_tss_pipeline.py:1468] - ✓ Processing completed: 1 products generated
2025-07-11 09:16:43,648 - INFO - [sentinel2_tss_pipeline.py:1476] -   jiang_tss: 23.7% coverage, mean=105.46
2025-07-11 09:16:43,709 - INFO - [sentinel2_tss_pipeline.py:1494] - → Progress: 56/63 (88.9%), ETA: 0.4 minutes
2025-07-11 09:16:43,717 - INFO - [sentinel2_tss_pipeline.py:1432] - 
--------------------------------------------------------------------------------
2025-07-11 09:16:43,717 - INFO - [sentinel2_tss_pipeline.py:1433] - Processing 57/63: S2B_MSIL1C_20190811T113329_N0500_R080_T29TNF_20230723T063824
2025-07-11 09:16:43,719 - INFO - [sentinel2_tss_pipeline.py:1434] - Mode: tss_processing_only
2025-07-11 09:16:43,719 - INFO - [sentinel2_tss_pipeline.py:1435] - --------------------------------------------------------------------------------
2025-07-11 09:16:43,719 - INFO - [sentinel2_tss_pipeline.py:621] - Starting Jiang TSS processing for S2B_MSIL1C_20190811T113329_N0500_R080_T29TNF_20230723T063824
2025-07-11 09:16:43,719 - INFO - [sentinel2_tss_pipeline.py:686] - Successfully found 8 spectral bands
2025-07-11 09:16:47,434 - INFO - [sentinel2_tss_pipeline.py:384] - Successfully wrote raster: S2B_MSIL1C_20190811T113329_N0500_R080_T29TNF_20230723T063824_Jiang_TSS.tif
2025-07-11 09:16:47,638 - INFO - [sentinel2_tss_pipeline.py:745] - Jiang TSS saved: 26.5% coverage
2025-07-11 09:16:47,638 - INFO - [sentinel2_tss_pipeline.py:644] - Jiang TSS processing completed: 1 products
2025-07-11 09:16:47,821 - INFO - [sentinel2_tss_pipeline.py:1468] - ✓ Processing completed: 1 products generated
2025-07-11 09:16:47,821 - INFO - [sentinel2_tss_pipeline.py:1476] -   jiang_tss: 26.5% coverage, mean=40.98
2025-07-11 09:16:47,875 - INFO - [sentinel2_tss_pipeline.py:1494] - → Progress: 57/63 (90.5%), ETA: 0.4 minutes
2025-07-11 09:16:47,880 - INFO - [sentinel2_tss_pipeline.py:1432] - 
--------------------------------------------------------------------------------
2025-07-11 09:16:47,880 - INFO - [sentinel2_tss_pipeline.py:1433] - Processing 58/63: S2B_MSIL1C_20190821T113329_N0500_R080_T29TNF_20230719T062507
2025-07-11 09:16:47,882 - INFO - [sentinel2_tss_pipeline.py:1434] - Mode: tss_processing_only
2025-07-11 09:16:47,882 - INFO - [sentinel2_tss_pipeline.py:1435] - --------------------------------------------------------------------------------
2025-07-11 09:16:47,882 - INFO - [sentinel2_tss_pipeline.py:621] - Starting Jiang TSS processing for S2B_MSIL1C_20190821T113329_N0500_R080_T29TNF_20230719T062507
2025-07-11 09:16:47,882 - INFO - [sentinel2_tss_pipeline.py:686] - Successfully found 8 spectral bands
2025-07-11 09:16:51,638 - INFO - [sentinel2_tss_pipeline.py:384] - Successfully wrote raster: S2B_MSIL1C_20190821T113329_N0500_R080_T29TNF_20230719T062507_Jiang_TSS.tif
2025-07-11 09:16:51,833 - INFO - [sentinel2_tss_pipeline.py:745] - Jiang TSS saved: 24.5% coverage
2025-07-11 09:16:51,833 - INFO - [sentinel2_tss_pipeline.py:644] - Jiang TSS processing completed: 1 products
2025-07-11 09:16:52,007 - INFO - [sentinel2_tss_pipeline.py:1468] - ✓ Processing completed: 1 products generated
2025-07-11 09:16:52,007 - INFO - [sentinel2_tss_pipeline.py:1476] -   jiang_tss: 24.5% coverage, mean=81.49
2025-07-11 09:16:52,066 - INFO - [sentinel2_tss_pipeline.py:1494] - → Progress: 58/63 (92.1%), ETA: 0.3 minutes
2025-07-11 09:16:52,068 - INFO - [sentinel2_tss_pipeline.py:1432] - 
--------------------------------------------------------------------------------
2025-07-11 09:16:52,068 - INFO - [sentinel2_tss_pipeline.py:1433] - Processing 59/63: S2B_MSIL1C_20190907T112119_N0500_R037_T29TNF_20230705T054931
2025-07-11 09:16:52,068 - INFO - [sentinel2_tss_pipeline.py:1434] - Mode: tss_processing_only
2025-07-11 09:16:52,068 - INFO - [sentinel2_tss_pipeline.py:1435] - --------------------------------------------------------------------------------
2025-07-11 09:16:52,068 - INFO - [sentinel2_tss_pipeline.py:621] - Starting Jiang TSS processing for S2B_MSIL1C_20190907T112119_N0500_R037_T29TNF_20230705T054931
2025-07-11 09:16:52,068 - INFO - [sentinel2_tss_pipeline.py:686] - Successfully found 8 spectral bands
2025-07-11 09:16:55,688 - INFO - [sentinel2_tss_pipeline.py:384] - Successfully wrote raster: S2B_MSIL1C_20190907T112119_N0500_R037_T29TNF_20230705T054931_Jiang_TSS.tif
2025-07-11 09:16:55,891 - INFO - [sentinel2_tss_pipeline.py:745] - Jiang TSS saved: 25.0% coverage
2025-07-11 09:16:55,891 - INFO - [sentinel2_tss_pipeline.py:644] - Jiang TSS processing completed: 1 products
2025-07-11 09:16:56,064 - INFO - [sentinel2_tss_pipeline.py:1468] - ✓ Processing completed: 1 products generated
2025-07-11 09:16:56,064 - INFO - [sentinel2_tss_pipeline.py:1476] -   jiang_tss: 25.0% coverage, mean=21.59
2025-07-11 09:16:56,125 - INFO - [sentinel2_tss_pipeline.py:1494] - → Progress: 59/63 (93.7%), ETA: 0.3 minutes
2025-07-11 09:16:56,125 - INFO - [sentinel2_tss_pipeline.py:1432] - 
--------------------------------------------------------------------------------
2025-07-11 09:16:56,125 - INFO - [sentinel2_tss_pipeline.py:1433] - Processing 60/63: S2B_MSIL1C_20190910T113319_N0500_R080_T29TNF_20230704T130604
2025-07-11 09:16:56,125 - INFO - [sentinel2_tss_pipeline.py:1434] - Mode: tss_processing_only
2025-07-11 09:16:56,125 - INFO - [sentinel2_tss_pipeline.py:1435] - --------------------------------------------------------------------------------
2025-07-11 09:16:56,125 - INFO - [sentinel2_tss_pipeline.py:621] - Starting Jiang TSS processing for S2B_MSIL1C_20190910T113319_N0500_R080_T29TNF_20230704T130604
2025-07-11 09:16:56,133 - INFO - [sentinel2_tss_pipeline.py:686] - Successfully found 8 spectral bands
2025-07-11 09:16:59,750 - INFO - [sentinel2_tss_pipeline.py:384] - Successfully wrote raster: S2B_MSIL1C_20190910T113319_N0500_R080_T29TNF_20230704T130604_Jiang_TSS.tif
2025-07-11 09:16:59,961 - INFO - [sentinel2_tss_pipeline.py:745] - Jiang TSS saved: 26.6% coverage
2025-07-11 09:16:59,963 - INFO - [sentinel2_tss_pipeline.py:644] - Jiang TSS processing completed: 1 products
2025-07-11 09:17:00,136 - INFO - [sentinel2_tss_pipeline.py:1468] - ✓ Processing completed: 1 products generated
2025-07-11 09:17:00,136 - INFO - [sentinel2_tss_pipeline.py:1476] -   jiang_tss: 26.6% coverage, mean=92.44
2025-07-11 09:17:00,188 - INFO - [sentinel2_tss_pipeline.py:1494] - → Progress: 60/63 (95.2%), ETA: 0.2 minutes
2025-07-11 09:17:00,188 - INFO - [sentinel2_tss_pipeline.py:1432] - 
--------------------------------------------------------------------------------
2025-07-11 09:17:00,188 - INFO - [sentinel2_tss_pipeline.py:1433] - Processing 61/63: S2B_MSIL1C_20191007T112119_N0500_R037_T29TNF_20230623T085737
2025-07-11 09:17:00,188 - INFO - [sentinel2_tss_pipeline.py:1434] - Mode: tss_processing_only
2025-07-11 09:17:00,188 - INFO - [sentinel2_tss_pipeline.py:1435] - --------------------------------------------------------------------------------
2025-07-11 09:17:00,188 - INFO - [sentinel2_tss_pipeline.py:621] - Starting Jiang TSS processing for S2B_MSIL1C_20191007T112119_N0500_R037_T29TNF_20230623T085737
2025-07-11 09:17:00,188 - INFO - [sentinel2_tss_pipeline.py:686] - Successfully found 8 spectral bands
2025-07-11 09:17:03,761 - INFO - [sentinel2_tss_pipeline.py:384] - Successfully wrote raster: S2B_MSIL1C_20191007T112119_N0500_R037_T29TNF_20230623T085737_Jiang_TSS.tif
2025-07-11 09:17:03,974 - INFO - [sentinel2_tss_pipeline.py:745] - Jiang TSS saved: 26.0% coverage
2025-07-11 09:17:03,974 - INFO - [sentinel2_tss_pipeline.py:644] - Jiang TSS processing completed: 1 products
2025-07-11 09:17:04,148 - INFO - [sentinel2_tss_pipeline.py:1468] - ✓ Processing completed: 1 products generated
2025-07-11 09:17:04,148 - INFO - [sentinel2_tss_pipeline.py:1476] -   jiang_tss: 26.0% coverage, mean=31.54
2025-07-11 09:17:04,198 - INFO - [sentinel2_tss_pipeline.py:1494] - → Progress: 61/63 (96.8%), ETA: 0.1 minutes
2025-07-11 09:17:04,206 - INFO - [sentinel2_tss_pipeline.py:1432] - 
--------------------------------------------------------------------------------
2025-07-11 09:17:04,206 - INFO - [sentinel2_tss_pipeline.py:1433] - Processing 62/63: S2B_MSIL1C_20191010T113319_N0500_R080_T29TNF_20230714T085813
2025-07-11 09:17:04,206 - INFO - [sentinel2_tss_pipeline.py:1434] - Mode: tss_processing_only
2025-07-11 09:17:04,206 - INFO - [sentinel2_tss_pipeline.py:1435] - --------------------------------------------------------------------------------
2025-07-11 09:17:04,206 - INFO - [sentinel2_tss_pipeline.py:621] - Starting Jiang TSS processing for S2B_MSIL1C_20191010T113319_N0500_R080_T29TNF_20230714T085813
2025-07-11 09:17:04,206 - INFO - [sentinel2_tss_pipeline.py:686] - Successfully found 8 spectral bands
2025-07-11 09:17:07,720 - INFO - [sentinel2_tss_pipeline.py:384] - Successfully wrote raster: S2B_MSIL1C_20191010T113319_N0500_R080_T29TNF_20230714T085813_Jiang_TSS.tif
2025-07-11 09:17:07,923 - INFO - [sentinel2_tss_pipeline.py:745] - Jiang TSS saved: 25.4% coverage
2025-07-11 09:17:07,923 - INFO - [sentinel2_tss_pipeline.py:644] - Jiang TSS processing completed: 1 products
2025-07-11 09:17:08,108 - INFO - [sentinel2_tss_pipeline.py:1468] - ✓ Processing completed: 1 products generated
2025-07-11 09:17:08,108 - INFO - [sentinel2_tss_pipeline.py:1476] -   jiang_tss: 25.4% coverage, mean=62.84
2025-07-11 09:17:08,160 - INFO - [sentinel2_tss_pipeline.py:1494] - → Progress: 62/63 (98.4%), ETA: 0.1 minutes
2025-07-11 09:17:08,160 - INFO - [sentinel2_tss_pipeline.py:1432] - 
--------------------------------------------------------------------------------
2025-07-11 09:17:08,168 - INFO - [sentinel2_tss_pipeline.py:1433] - Processing 63/63: S2B_MSIL1C_20191229T113359_N0500_R080_T29TNF_20230607T174510
2025-07-11 09:17:08,168 - INFO - [sentinel2_tss_pipeline.py:1434] - Mode: tss_processing_only
2025-07-11 09:17:08,168 - INFO - [sentinel2_tss_pipeline.py:1435] - --------------------------------------------------------------------------------
2025-07-11 09:17:08,170 - INFO - [sentinel2_tss_pipeline.py:621] - Starting Jiang TSS processing for S2B_MSIL1C_20191229T113359_N0500_R080_T29TNF_20230607T174510
2025-07-11 09:17:08,170 - INFO - [sentinel2_tss_pipeline.py:686] - Successfully found 8 spectral bands
2025-07-11 09:17:11,729 - INFO - [sentinel2_tss_pipeline.py:384] - Successfully wrote raster: S2B_MSIL1C_20191229T113359_N0500_R080_T29TNF_20230607T174510_Jiang_TSS.tif
2025-07-11 09:17:11,954 - INFO - [sentinel2_tss_pipeline.py:745] - Jiang TSS saved: 29.4% coverage
2025-07-11 09:17:11,954 - INFO - [sentinel2_tss_pipeline.py:644] - Jiang TSS processing completed: 1 products
2025-07-11 09:17:12,128 - INFO - [sentinel2_tss_pipeline.py:1468] - ✓ Processing completed: 1 products generated
2025-07-11 09:17:12,128 - INFO - [sentinel2_tss_pipeline.py:1476] -   jiang_tss: 29.4% coverage, mean=113.17
2025-07-11 09:17:12,178 - INFO - [sentinel2_tss_pipeline.py:1494] - → Progress: 63/63 (100.0%), ETA: 0.0 minutes
2025-07-11 11:54:59,764 - INFO - [sentinel2_tss_pipeline.py:3541] - Application finished successfully
