2025-07-21 10:44:26,424 - INFO - [sentinel2_tss_pipeline.py:6132] - Auto-detected SNAP_HOME: C:\Program Files\esa-snap
2025-07-21 10:44:26,424 - INFO - [sentinel2_tss_pipeline.py:6173] - ================================================================================
2025-07-21 10:44:26,424 - INFO - [sentinel2_tss_pipeline.py:6174] - UNIFIED S2 PROCESSING & TSS ESTIMATION PIPELINE v1.0
2025-07-21 10:44:26,424 - INFO - [sentinel2_tss_pipeline.py:6175] - ================================================================================
2025-07-21 10:44:26,424 - INFO - [sentinel2_tss_pipeline.py:6176] - SNAP_HOME: C:\Program Files\esa-snap
2025-07-21 10:44:26,424 - INFO - [sentinel2_tss_pipeline.py:6177] - GPT: C:\Program Files\esa-snap\bin\gpt.exe
2025-07-21 10:44:26,424 - INFO - [sentinel2_tss_pipeline.py:6178] - Python: 3.9.22 | packaged by conda-forge | (main, Apr 10 2025, 22:07:06) [MSC v.1929 64 bit (AMD64)]
2025-07-21 10:44:26,424 - INFO - [sentinel2_tss_pipeline.py:6179] - Platform: win32
2025-07-21 10:44:26,424 - INFO - [sentinel2_tss_pipeline.py:6180] - Working Directory: C:\Users\pedro.goncalves\OneDrive - LNEG - Laboratorio Nacional de Energia e Geologia\GitHub\sentinel2-tss-pipeline
2025-07-21 10:44:26,424 - INFO - [sentinel2_tss_pipeline.py:6181] - ================================================================================
2025-07-21 10:44:26,424 - INFO - [sentinel2_tss_pipeline.py:6190] - Starting GUI application...
2025-07-21 10:46:01,365 - INFO - [sentinel2_tss_pipeline.py:2559] - SNAP_HOME: C:\Program Files\esa-snap
2025-07-21 10:46:06,181 - INFO - [sentinel2_tss_pipeline.py:2570] - ✓ GPT validated: C:\Program Files\esa-snap\bin\gpt.exe
2025-07-21 10:46:06,181 - INFO - [sentinel2_tss_pipeline.py:2677] - Complete processing graph saved: s2_complete_processing_with_subset.xml
2025-07-21 10:46:06,181 - INFO - [sentinel2_tss_pipeline.py:2599] - ✓ Processing graph created for mode: complete_pipeline
2025-07-21 10:46:06,181 - INFO - [sentinel2_tss_pipeline.py:2136] - Initialized Advanced Aquatic Processor with scientific algorithms
2025-07-21 10:46:06,181 - INFO - [sentinel2_tss_pipeline.py:1010] - Initialized Jiang TSS Processor with clean methodology
2025-07-21 10:46:06,181 - INFO - [sentinel2_tss_pipeline.py:1013] - Jiang TSS enabled: True
2025-07-21 10:46:06,181 - INFO - [sentinel2_tss_pipeline.py:1014] - Advanced algorithms enabled: True
2025-07-21 10:46:06,181 - INFO - [sentinel2_tss_pipeline.py:1016] - Working algorithms available:
2025-07-21 10:46:06,181 - INFO - [sentinel2_tss_pipeline.py:1017] -   ✓ Water Clarity: True
2025-07-21 10:46:06,181 - INFO - [sentinel2_tss_pipeline.py:1018] -   ✓ HAB Detection: True
2025-07-21 10:46:06,181 - INFO - [sentinel2_tss_pipeline.py:1019] - Note: Only Sentinel-2 compatible algorithms included
2025-07-21 10:46:06,181 - INFO - [sentinel2_tss_pipeline.py:3311] - Initialized Unified S2-TSS Processor - Mode: complete_pipeline
2025-07-21 10:46:06,181 - INFO - [sentinel2_tss_pipeline.py:5694] - TEST MODE: Processing only 2 products
2025-07-21 10:46:06,197 - INFO - [sentinel2_tss_pipeline.py:3385] - 
--------------------------------------------------------------------------------
2025-07-21 10:46:06,197 - INFO - [sentinel2_tss_pipeline.py:3386] - Processing 1/2: S2A_MSIL1C_20190105T112441_N0500_R037_T29TNF_20221215T164753
2025-07-21 10:46:06,197 - INFO - [sentinel2_tss_pipeline.py:3387] - Mode: complete_pipeline
2025-07-21 10:46:06,197 - INFO - [sentinel2_tss_pipeline.py:3388] - --------------------------------------------------------------------------------
2025-07-21 10:46:06,197 - INFO - [sentinel2_tss_pipeline.py:2846] - Processing: S2A_MSIL1C_20190105T112441_N0500_R037_T29TNF_20221215T164753.zip
2025-07-21 10:46:06,197 - INFO - [sentinel2_tss_pipeline.py:2847] -   Mode: complete_pipeline
2025-07-21 10:46:06,197 - INFO - [sentinel2_tss_pipeline.py:2848] -   Resolution: 10m
2025-07-21 10:46:06,197 - INFO - [sentinel2_tss_pipeline.py:2849] -   ECMWF: True
2025-07-21 10:46:06,197 - INFO - [sentinel2_tss_pipeline.py:2995] - Starting S2 processing with C2RCC...
2025-07-21 10:51:34,987 - INFO - [sentinel2_tss_pipeline.py:3157] - ============================================================
2025-07-21 10:51:34,987 - INFO - [sentinel2_tss_pipeline.py:3158] - C2RCC OUTPUT VERIFICATION REPORT
2025-07-21 10:51:34,987 - INFO - [sentinel2_tss_pipeline.py:3159] - ============================================================
2025-07-21 10:51:34,987 - INFO - [sentinel2_tss_pipeline.py:3162] - C2RCC file: Resampled_S2A_20190105T112441_T29TNF_Subset_C2RCC.dim (20.8 MB)
2025-07-21 10:51:34,987 - INFO - [sentinel2_tss_pipeline.py:3163] - Data folder: Resampled_S2A_20190105T112441_T29TNF_Subset_C2RCC.data
2025-07-21 10:51:34,987 - INFO - [sentinel2_tss_pipeline.py:3166] - 
🧪 SNAP TSM/CHL PRODUCTS (Critical for Analysis):
2025-07-21 10:51:34,987 - INFO - [sentinel2_tss_pipeline.py:3178] - ℹ️  TSM/CHL products will be calculated from IOP products
2025-07-21 10:51:34,995 - INFO - [sentinel2_tss_pipeline.py:3179] -    Using SNAP formulas:
2025-07-21 10:51:34,995 - INFO - [sentinel2_tss_pipeline.py:3180] -    • TSM = TSMfac * (bpart + bwit)^TSMexp
2025-07-21 10:51:34,995 - INFO - [sentinel2_tss_pipeline.py:3181] -    • CHL = apig^CHLexp * CHLfac
2025-07-21 10:51:34,995 - INFO - [sentinel2_tss_pipeline.py:3184] - 
🔬 SNAP IOP PRODUCTS (5/6 available):
2025-07-21 10:51:34,998 - INFO - [sentinel2_tss_pipeline.py:3189] -    ✓ iop_apig.img (128414.5 KB)
2025-07-21 10:51:34,998 - INFO - [sentinel2_tss_pipeline.py:3189] -    ✓ iop_adet.img (128414.5 KB)
2025-07-21 10:51:34,998 - INFO - [sentinel2_tss_pipeline.py:3189] -    ✓ iop_agelb.img (128414.5 KB)
2025-07-21 10:51:34,998 - INFO - [sentinel2_tss_pipeline.py:3189] -    ✓ iop_bpart.img (128414.5 KB)
2025-07-21 10:51:34,998 - INFO - [sentinel2_tss_pipeline.py:3189] -    ✓ iop_bwit.img (128414.5 KB)
2025-07-21 10:51:34,998 - INFO - [sentinel2_tss_pipeline.py:3189] -    ✗ iop_btot.img (missing/empty)
2025-07-21 10:51:34,998 - INFO - [sentinel2_tss_pipeline.py:3192] - 
🌊 JIANG TSS READINESS (0/8 bands):
2025-07-21 10:51:34,998 - WARNING - [sentinel2_tss_pipeline.py:3196] - ⚠ PARTIAL: Only 0/8 rhow bands available
2025-07-21 10:51:34,998 - WARNING - [sentinel2_tss_pipeline.py:3198] -    Missing bands: ['rhow_B1.img', 'rhow_B2.img', 'rhow_B3.img', 'rhow_B4.img', 'rhow_B5.img', 'rhow_B6.img', 'rhow_B7.img', 'rhow_B8A.img']
2025-07-21 10:51:34,998 - INFO - [sentinel2_tss_pipeline.py:3201] - 
📊 OVERALL ASSESSMENT:
2025-07-21 10:51:34,998 - WARNING - [sentinel2_tss_pipeline.py:3210] - ⚠ LIMITED: Missing critical components
2025-07-21 10:51:34,998 - INFO - [sentinel2_tss_pipeline.py:3212] - ============================================================
2025-07-21 10:51:34,998 - INFO - [sentinel2_tss_pipeline.py:2916] - ✅ S2 processing SUCCESS: S2A_MSIL1C_20190105T112441_N0500_R037_T29TNF_20221215T164753.zip
2025-07-21 10:51:34,998 - INFO - [sentinel2_tss_pipeline.py:2917] -    Output: Resampled_S2A_20190105T112441_T29TNF_Subset_C2RCC.dim (20.8MB)
2025-07-21 10:51:34,998 - INFO - [sentinel2_tss_pipeline.py:2918] -    Processing time: 5.5 minutes
2025-07-21 10:51:34,998 - INFO - [sentinel2_tss_pipeline.py:2925] - Calculating missing SNAP TSM/CHL concentrations from IOP products...
2025-07-21 10:51:35,006 - INFO - [sentinel2_tss_pipeline.py:760] - SNAP TSM/CHL Calculator initialized:
2025-07-21 10:51:35,006 - INFO - [sentinel2_tss_pipeline.py:761] -   TSM formula: TSM = 1.06 * (bpart + bwit)^0.942
2025-07-21 10:51:35,006 - INFO - [sentinel2_tss_pipeline.py:762] -   CHL formula: CHL = apig^1.04 * 21.0
2025-07-21 10:51:35,006 - INFO - [sentinel2_tss_pipeline.py:767] - Calculating SNAP TSM/CHL from IOP products...
2025-07-21 10:51:35,231 - INFO - [sentinel2_tss_pipeline.py:793] - ✓ Loaded apig: (10980, 2994), mean=0.0340
2025-07-21 10:51:35,462 - INFO - [sentinel2_tss_pipeline.py:793] - ✓ Loaded bpart: (10980, 2994), mean=0.5250
2025-07-21 10:51:35,685 - INFO - [sentinel2_tss_pipeline.py:793] - ✓ Loaded bwit: (10980, 2994), mean=0.1841
2025-07-21 10:51:35,687 - INFO - [sentinel2_tss_pipeline.py:803] - Calculating CHL concentration from iop_apig...
2025-07-21 10:51:36,114 - INFO - [sentinel2_tss_pipeline.py:832] - CHL calculation: 27075849 valid pixels out of 27075849 processed
2025-07-21 10:51:37,778 - INFO - [sentinel2_tss_pipeline.py:559] - Successfully wrote raster: conc_chl.img
2025-07-21 10:51:37,952 - INFO - [sentinel2_tss_pipeline.py:851] - ✓ CHL concentration saved: 82.4% coverage, mean=0.797 mg/m³
2025-07-21 10:51:37,954 - INFO - [sentinel2_tss_pipeline.py:861] - Calculating TSM concentration from bpart + bwit (btot approximation)...
2025-07-21 10:51:38,421 - INFO - [sentinel2_tss_pipeline.py:893] - TSM calculation: 27075849 valid pixels out of 27075849 processed
2025-07-21 10:51:39,973 - INFO - [sentinel2_tss_pipeline.py:559] - Successfully wrote raster: conc_tsm.img
2025-07-21 10:51:40,143 - INFO - [sentinel2_tss_pipeline.py:912] - ✓ TSM concentration saved: 82.4% coverage, mean=0.882 g/m³
2025-07-21 10:51:40,165 - INFO - [sentinel2_tss_pipeline.py:2938] - ✅ SNAP TSM calculation successful!
2025-07-21 10:51:40,173 - INFO - [sentinel2_tss_pipeline.py:2941] - ✅ SNAP CHL calculation successful!
2025-07-21 10:51:40,175 - INFO - [sentinel2_tss_pipeline.py:3157] - ============================================================
2025-07-21 10:51:40,175 - INFO - [sentinel2_tss_pipeline.py:3158] - C2RCC OUTPUT VERIFICATION REPORT
2025-07-21 10:51:40,175 - INFO - [sentinel2_tss_pipeline.py:3159] - ============================================================
2025-07-21 10:51:40,175 - INFO - [sentinel2_tss_pipeline.py:3162] - C2RCC file: Resampled_S2A_20190105T112441_T29TNF_Subset_C2RCC.dim (20.8 MB)
2025-07-21 10:51:40,175 - INFO - [sentinel2_tss_pipeline.py:3163] - Data folder: Resampled_S2A_20190105T112441_T29TNF_Subset_C2RCC.data
2025-07-21 10:51:40,175 - INFO - [sentinel2_tss_pipeline.py:3166] - 
🧪 SNAP TSM/CHL PRODUCTS (Critical for Analysis):
2025-07-21 10:51:40,175 - INFO - [sentinel2_tss_pipeline.py:3168] - ✅ SUCCESS: Both TSM and CHL products available!
2025-07-21 10:51:40,175 - INFO - [sentinel2_tss_pipeline.py:3169] -    ✓ TSM: conc_tsm.img (0.0 KB)
2025-07-21 10:51:40,175 - INFO - [sentinel2_tss_pipeline.py:3170] -    ✓ CHL: conc_chl.img (0.0 KB)
2025-07-21 10:51:40,175 - INFO - [sentinel2_tss_pipeline.py:3175] -    ⚠ Uncertainties: Not available (calculated products)
2025-07-21 10:51:40,175 - INFO - [sentinel2_tss_pipeline.py:3184] - 
🔬 SNAP IOP PRODUCTS (5/6 available):
2025-07-21 10:51:40,175 - INFO - [sentinel2_tss_pipeline.py:3189] -    ✓ iop_apig.img (128414.5 KB)
2025-07-21 10:51:40,175 - INFO - [sentinel2_tss_pipeline.py:3189] -    ✓ iop_adet.img (128414.5 KB)
2025-07-21 10:51:40,175 - INFO - [sentinel2_tss_pipeline.py:3189] -    ✓ iop_agelb.img (128414.5 KB)
2025-07-21 10:51:40,183 - INFO - [sentinel2_tss_pipeline.py:3189] -    ✓ iop_bpart.img (128414.5 KB)
2025-07-21 10:51:40,183 - INFO - [sentinel2_tss_pipeline.py:3189] -    ✓ iop_bwit.img (128414.5 KB)
2025-07-21 10:51:40,183 - INFO - [sentinel2_tss_pipeline.py:3189] -    ✗ iop_btot.img (missing/empty)
2025-07-21 10:51:40,183 - INFO - [sentinel2_tss_pipeline.py:3192] - 
🌊 JIANG TSS READINESS (0/8 bands):
2025-07-21 10:51:40,183 - WARNING - [sentinel2_tss_pipeline.py:3196] - ⚠ PARTIAL: Only 0/8 rhow bands available
2025-07-21 10:51:40,183 - WARNING - [sentinel2_tss_pipeline.py:3198] -    Missing bands: ['rhow_B1.img', 'rhow_B2.img', 'rhow_B3.img', 'rhow_B4.img', 'rhow_B5.img', 'rhow_B6.img', 'rhow_B7.img', 'rhow_B8A.img']
2025-07-21 10:51:40,183 - INFO - [sentinel2_tss_pipeline.py:3201] - 
📊 OVERALL ASSESSMENT:
2025-07-21 10:51:40,183 - WARNING - [sentinel2_tss_pipeline.py:3210] - ⚠ LIMITED: Missing critical components
2025-07-21 10:51:40,183 - INFO - [sentinel2_tss_pipeline.py:3212] - ============================================================
2025-07-21 10:51:40,183 - INFO - [sentinel2_tss_pipeline.py:2946] - 📊 UPDATED SNAP PRODUCTS STATUS:
2025-07-21 10:51:40,183 - INFO - [sentinel2_tss_pipeline.py:2947] -    TSM=True, CHL=True, Uncertainties=False
2025-07-21 10:51:40,183 - INFO - [sentinel2_tss_pipeline.py:3226] - Starting TSS processing for S2A_MSIL1C_20190105T112441_N0500_R037_T29TNF_20221215T164753.zip
2025-07-21 10:51:40,183 - INFO - [sentinel2_tss_pipeline.py:2136] - Initialized Advanced Aquatic Processor with scientific algorithms
2025-07-21 10:51:40,183 - INFO - [sentinel2_tss_pipeline.py:1010] - Initialized Jiang TSS Processor with clean methodology
2025-07-21 10:51:40,183 - INFO - [sentinel2_tss_pipeline.py:1013] - Jiang TSS enabled: True
2025-07-21 10:51:40,183 - INFO - [sentinel2_tss_pipeline.py:1014] - Advanced algorithms enabled: True
2025-07-21 10:51:40,183 - INFO - [sentinel2_tss_pipeline.py:1016] - Working algorithms available:
2025-07-21 10:51:40,183 - INFO - [sentinel2_tss_pipeline.py:1017] -   ✓ Water Clarity: True
2025-07-21 10:51:40,183 - INFO - [sentinel2_tss_pipeline.py:1018] -   ✓ HAB Detection: True
2025-07-21 10:51:40,183 - INFO - [sentinel2_tss_pipeline.py:1019] - Note: Only Sentinel-2 compatible algorithms included
2025-07-21 10:51:40,193 - INFO - [sentinel2_tss_pipeline.py:1085] - Starting CORRECTED Jiang TSS processing for S2A_MSIL1C_20190105T112441_N0500_R037_T29TNF_20221215T164753.zip
2025-07-21 10:51:40,193 - ERROR - [sentinel2_tss_pipeline.py:1052] - Missing required bands: ['443nm (rhow_B1.img)', '490nm (rhow_B2.img)', '560nm (rhow_B3.img)', '665nm (rhow_B4.img)', '705nm (rhow_B5.img)', '740nm (rhow_B6.img)', '783nm (rhow_B7.img)', '865nm (rhow_B8A.img)']
2025-07-21 10:51:40,193 - ERROR - [sentinel2_tss_pipeline.py:3417] - Processing failed: Failed to load required bands
2025-07-21 10:51:40,307 - INFO - [sentinel2_tss_pipeline.py:3385] - 
--------------------------------------------------------------------------------
2025-07-21 10:51:40,307 - INFO - [sentinel2_tss_pipeline.py:3386] - Processing 2/2: S2A_MSIL1C_20190108T113441_N0500_R080_T29TNF_20221217T102306
2025-07-21 10:51:40,307 - INFO - [sentinel2_tss_pipeline.py:3387] - Mode: complete_pipeline
2025-07-21 10:51:40,307 - INFO - [sentinel2_tss_pipeline.py:3388] - --------------------------------------------------------------------------------
2025-07-21 10:51:40,307 - INFO - [sentinel2_tss_pipeline.py:2846] - Processing: S2A_MSIL1C_20190108T113441_N0500_R080_T29TNF_20221217T102306.zip
2025-07-21 10:51:40,307 - INFO - [sentinel2_tss_pipeline.py:2847] -   Mode: complete_pipeline
2025-07-21 10:51:40,307 - INFO - [sentinel2_tss_pipeline.py:2848] -   Resolution: 10m
2025-07-21 10:51:40,307 - INFO - [sentinel2_tss_pipeline.py:2849] -   ECMWF: True
2025-07-21 10:51:40,307 - INFO - [sentinel2_tss_pipeline.py:2995] - Starting S2 processing with C2RCC...
2025-07-21 10:57:02,444 - INFO - [sentinel2_tss_pipeline.py:3157] - ============================================================
2025-07-21 10:57:02,445 - INFO - [sentinel2_tss_pipeline.py:3158] - C2RCC OUTPUT VERIFICATION REPORT
2025-07-21 10:57:02,446 - INFO - [sentinel2_tss_pipeline.py:3159] - ============================================================
2025-07-21 10:57:02,446 - INFO - [sentinel2_tss_pipeline.py:3162] - C2RCC file: Resampled_S2A_20190108T113441_T29TNF_Subset_C2RCC.dim (20.7 MB)
2025-07-21 10:57:02,447 - INFO - [sentinel2_tss_pipeline.py:3163] - Data folder: Resampled_S2A_20190108T113441_T29TNF_Subset_C2RCC.data
2025-07-21 10:57:02,447 - INFO - [sentinel2_tss_pipeline.py:3166] - 
🧪 SNAP TSM/CHL PRODUCTS (Critical for Analysis):
2025-07-21 10:57:02,448 - INFO - [sentinel2_tss_pipeline.py:3178] - ℹ️  TSM/CHL products will be calculated from IOP products
2025-07-21 10:57:02,448 - INFO - [sentinel2_tss_pipeline.py:3179] -    Using SNAP formulas:
2025-07-21 10:57:02,449 - INFO - [sentinel2_tss_pipeline.py:3180] -    • TSM = TSMfac * (bpart + bwit)^TSMexp
2025-07-21 10:57:02,449 - INFO - [sentinel2_tss_pipeline.py:3181] -    • CHL = apig^CHLexp * CHLfac
2025-07-21 10:57:02,449 - INFO - [sentinel2_tss_pipeline.py:3184] - 
🔬 SNAP IOP PRODUCTS (5/6 available):
2025-07-21 10:57:02,450 - INFO - [sentinel2_tss_pipeline.py:3189] -    ✓ iop_apig.img (128414.5 KB)
2025-07-21 10:57:02,451 - INFO - [sentinel2_tss_pipeline.py:3189] -    ✓ iop_adet.img (128414.5 KB)
2025-07-21 10:57:02,451 - INFO - [sentinel2_tss_pipeline.py:3189] -    ✓ iop_agelb.img (128414.5 KB)
2025-07-21 10:57:02,452 - INFO - [sentinel2_tss_pipeline.py:3189] -    ✓ iop_bpart.img (128414.5 KB)
2025-07-21 10:57:02,452 - INFO - [sentinel2_tss_pipeline.py:3189] -    ✓ iop_bwit.img (128414.5 KB)
2025-07-21 10:57:02,452 - INFO - [sentinel2_tss_pipeline.py:3189] -    ✗ iop_btot.img (missing/empty)
2025-07-21 10:57:02,453 - INFO - [sentinel2_tss_pipeline.py:3192] - 
🌊 JIANG TSS READINESS (0/8 bands):
2025-07-21 10:57:02,453 - WARNING - [sentinel2_tss_pipeline.py:3196] - ⚠ PARTIAL: Only 0/8 rhow bands available
2025-07-21 10:57:02,454 - WARNING - [sentinel2_tss_pipeline.py:3198] -    Missing bands: ['rhow_B1.img', 'rhow_B2.img', 'rhow_B3.img', 'rhow_B4.img', 'rhow_B5.img', 'rhow_B6.img', 'rhow_B7.img', 'rhow_B8A.img']
2025-07-21 10:57:02,455 - INFO - [sentinel2_tss_pipeline.py:3201] - 
📊 OVERALL ASSESSMENT:
2025-07-21 10:57:02,456 - WARNING - [sentinel2_tss_pipeline.py:3210] - ⚠ LIMITED: Missing critical components
2025-07-21 10:57:02,456 - INFO - [sentinel2_tss_pipeline.py:3212] - ============================================================
2025-07-21 10:57:02,456 - INFO - [sentinel2_tss_pipeline.py:2916] - ✅ S2 processing SUCCESS: S2A_MSIL1C_20190108T113441_N0500_R080_T29TNF_20221217T102306.zip
2025-07-21 10:57:02,457 - INFO - [sentinel2_tss_pipeline.py:2917] -    Output: Resampled_S2A_20190108T113441_T29TNF_Subset_C2RCC.dim (20.7MB)
2025-07-21 10:57:02,457 - INFO - [sentinel2_tss_pipeline.py:2918] -    Processing time: 5.4 minutes
2025-07-21 10:57:02,458 - INFO - [sentinel2_tss_pipeline.py:2925] - Calculating missing SNAP TSM/CHL concentrations from IOP products...
2025-07-21 10:57:02,458 - INFO - [sentinel2_tss_pipeline.py:760] - SNAP TSM/CHL Calculator initialized:
2025-07-21 10:57:02,459 - INFO - [sentinel2_tss_pipeline.py:761] -   TSM formula: TSM = 1.06 * (bpart + bwit)^0.942
2025-07-21 10:57:02,459 - INFO - [sentinel2_tss_pipeline.py:762] -   CHL formula: CHL = apig^1.04 * 21.0
2025-07-21 10:57:02,460 - INFO - [sentinel2_tss_pipeline.py:767] - Calculating SNAP TSM/CHL from IOP products...
2025-07-21 10:57:02,703 - INFO - [sentinel2_tss_pipeline.py:793] - ✓ Loaded apig: (10980, 2994), mean=0.4889
2025-07-21 10:57:02,948 - INFO - [sentinel2_tss_pipeline.py:793] - ✓ Loaded bpart: (10980, 2994), mean=0.4945
2025-07-21 10:57:03,193 - INFO - [sentinel2_tss_pipeline.py:793] - ✓ Loaded bwit: (10980, 2994), mean=1.1904
2025-07-21 10:57:03,194 - INFO - [sentinel2_tss_pipeline.py:803] - Calculating CHL concentration from iop_apig...
2025-07-21 10:57:03,695 - INFO - [sentinel2_tss_pipeline.py:832] - CHL calculation: 27118445 valid pixels out of 27118445 processed
2025-07-21 10:57:05,319 - INFO - [sentinel2_tss_pipeline.py:559] - Successfully wrote raster: conc_chl.img
2025-07-21 10:57:05,498 - INFO - [sentinel2_tss_pipeline.py:851] - ✓ CHL concentration saved: 82.5% coverage, mean=12.265 mg/m³
2025-07-21 10:57:05,499 - INFO - [sentinel2_tss_pipeline.py:861] - Calculating TSM concentration from bpart + bwit (btot approximation)...
2025-07-21 10:57:06,003 - INFO - [sentinel2_tss_pipeline.py:893] - TSM calculation: 27118445 valid pixels out of 27118445 processed
2025-07-21 10:57:07,642 - INFO - [sentinel2_tss_pipeline.py:559] - Successfully wrote raster: conc_tsm.img
2025-07-21 10:57:07,828 - INFO - [sentinel2_tss_pipeline.py:912] - ✓ TSM concentration saved: 82.5% coverage, mean=2.031 g/m³
2025-07-21 10:57:07,858 - INFO - [sentinel2_tss_pipeline.py:2938] - ✅ SNAP TSM calculation successful!
2025-07-21 10:57:07,858 - INFO - [sentinel2_tss_pipeline.py:2941] - ✅ SNAP CHL calculation successful!
2025-07-21 10:57:07,858 - INFO - [sentinel2_tss_pipeline.py:3157] - ============================================================
2025-07-21 10:57:07,858 - INFO - [sentinel2_tss_pipeline.py:3158] - C2RCC OUTPUT VERIFICATION REPORT
2025-07-21 10:57:07,858 - INFO - [sentinel2_tss_pipeline.py:3159] - ============================================================
2025-07-21 10:57:07,858 - INFO - [sentinel2_tss_pipeline.py:3162] - C2RCC file: Resampled_S2A_20190108T113441_T29TNF_Subset_C2RCC.dim (20.7 MB)
2025-07-21 10:57:07,867 - INFO - [sentinel2_tss_pipeline.py:3163] - Data folder: Resampled_S2A_20190108T113441_T29TNF_Subset_C2RCC.data
2025-07-21 10:57:07,867 - INFO - [sentinel2_tss_pipeline.py:3166] - 
🧪 SNAP TSM/CHL PRODUCTS (Critical for Analysis):
2025-07-21 10:57:07,867 - INFO - [sentinel2_tss_pipeline.py:3168] - ✅ SUCCESS: Both TSM and CHL products available!
2025-07-21 10:57:07,869 - INFO - [sentinel2_tss_pipeline.py:3169] -    ✓ TSM: conc_tsm.img (0.0 KB)
2025-07-21 10:57:07,869 - INFO - [sentinel2_tss_pipeline.py:3170] -    ✓ CHL: conc_chl.img (0.0 KB)
2025-07-21 10:57:07,869 - INFO - [sentinel2_tss_pipeline.py:3175] -    ⚠ Uncertainties: Not available (calculated products)
2025-07-21 10:57:07,869 - INFO - [sentinel2_tss_pipeline.py:3184] - 
🔬 SNAP IOP PRODUCTS (5/6 available):
2025-07-21 10:57:07,869 - INFO - [sentinel2_tss_pipeline.py:3189] -    ✓ iop_apig.img (128414.5 KB)
2025-07-21 10:57:07,869 - INFO - [sentinel2_tss_pipeline.py:3189] -    ✓ iop_adet.img (128414.5 KB)
2025-07-21 10:57:07,869 - INFO - [sentinel2_tss_pipeline.py:3189] -    ✓ iop_agelb.img (128414.5 KB)
2025-07-21 10:57:07,869 - INFO - [sentinel2_tss_pipeline.py:3189] -    ✓ iop_bpart.img (128414.5 KB)
2025-07-21 10:57:07,869 - INFO - [sentinel2_tss_pipeline.py:3189] -    ✓ iop_bwit.img (128414.5 KB)
2025-07-21 10:57:07,877 - INFO - [sentinel2_tss_pipeline.py:3189] -    ✗ iop_btot.img (missing/empty)
2025-07-21 10:57:07,877 - INFO - [sentinel2_tss_pipeline.py:3192] - 
🌊 JIANG TSS READINESS (0/8 bands):
2025-07-21 10:57:07,877 - WARNING - [sentinel2_tss_pipeline.py:3196] - ⚠ PARTIAL: Only 0/8 rhow bands available
2025-07-21 10:57:07,879 - WARNING - [sentinel2_tss_pipeline.py:3198] -    Missing bands: ['rhow_B1.img', 'rhow_B2.img', 'rhow_B3.img', 'rhow_B4.img', 'rhow_B5.img', 'rhow_B6.img', 'rhow_B7.img', 'rhow_B8A.img']
2025-07-21 10:57:07,879 - INFO - [sentinel2_tss_pipeline.py:3201] - 
📊 OVERALL ASSESSMENT:
2025-07-21 10:57:07,879 - WARNING - [sentinel2_tss_pipeline.py:3210] - ⚠ LIMITED: Missing critical components
2025-07-21 10:57:07,879 - INFO - [sentinel2_tss_pipeline.py:3212] - ============================================================
2025-07-21 10:57:07,879 - INFO - [sentinel2_tss_pipeline.py:2946] - 📊 UPDATED SNAP PRODUCTS STATUS:
2025-07-21 10:57:07,879 - INFO - [sentinel2_tss_pipeline.py:2947] -    TSM=True, CHL=True, Uncertainties=False
2025-07-21 10:57:07,879 - INFO - [sentinel2_tss_pipeline.py:3226] - Starting TSS processing for S2A_MSIL1C_20190108T113441_N0500_R080_T29TNF_20221217T102306.zip
2025-07-21 10:57:07,879 - INFO - [sentinel2_tss_pipeline.py:2136] - Initialized Advanced Aquatic Processor with scientific algorithms
2025-07-21 10:57:07,879 - INFO - [sentinel2_tss_pipeline.py:1010] - Initialized Jiang TSS Processor with clean methodology
2025-07-21 10:57:07,879 - INFO - [sentinel2_tss_pipeline.py:1013] - Jiang TSS enabled: True
2025-07-21 10:57:07,879 - INFO - [sentinel2_tss_pipeline.py:1014] - Advanced algorithms enabled: True
2025-07-21 10:57:07,879 - INFO - [sentinel2_tss_pipeline.py:1016] - Working algorithms available:
2025-07-21 10:57:07,887 - INFO - [sentinel2_tss_pipeline.py:1017] -   ✓ Water Clarity: True
2025-07-21 10:57:07,887 - INFO - [sentinel2_tss_pipeline.py:1018] -   ✓ HAB Detection: True
2025-07-21 10:57:07,887 - INFO - [sentinel2_tss_pipeline.py:1019] - Note: Only Sentinel-2 compatible algorithms included
2025-07-21 10:57:07,889 - INFO - [sentinel2_tss_pipeline.py:1085] - Starting CORRECTED Jiang TSS processing for S2A_MSIL1C_20190108T113441_N0500_R080_T29TNF_20221217T102306.zip
2025-07-21 10:57:07,889 - ERROR - [sentinel2_tss_pipeline.py:1052] - Missing required bands: ['443nm (rhow_B1.img)', '490nm (rhow_B2.img)', '560nm (rhow_B3.img)', '665nm (rhow_B4.img)', '705nm (rhow_B5.img)', '740nm (rhow_B6.img)', '783nm (rhow_B7.img)', '865nm (rhow_B8A.img)']
2025-07-21 10:57:07,889 - ERROR - [sentinel2_tss_pipeline.py:3417] - Processing failed: Failed to load required bands
