2025-07-22 23:05:21,135 - INFO - [sentinel2_tss_pipeline.py:231] - Logging configured - File: unified_s2_tss_20250722_230521.log
2025-07-22 23:05:21,143 - INFO - [sentinel2_tss_pipeline.py:7373] - ================================================================================
2025-07-22 23:05:21,143 - INFO - [sentinel2_tss_pipeline.py:7374] - UNIFIED S2 PROCESSING & TSS ESTIMATION PIPELINE v1.0
2025-07-22 23:05:21,144 - INFO - [sentinel2_tss_pipeline.py:7375] - ================================================================================
2025-07-22 23:05:21,144 - INFO - [sentinel2_tss_pipeline.py:7376] - SNAP_HOME: C:\Program Files\esa-snap
2025-07-22 23:05:21,145 - INFO - [sentinel2_tss_pipeline.py:7377] - GPT: C:\Program Files\esa-snap\bin\gpt.exe
2025-07-22 23:05:21,146 - INFO - [sentinel2_tss_pipeline.py:7378] - Python: 3.9.22 | packaged by conda-forge | (main, Apr 10 2025, 22:07:06) [MSC v.1929 64 bit (AMD64)]
2025-07-22 23:05:21,146 - INFO - [sentinel2_tss_pipeline.py:7379] - Platform: win32
2025-07-22 23:05:21,147 - INFO - [sentinel2_tss_pipeline.py:7380] - Working Directory: C:\Users\pedro.goncalves\OneDrive - LNEG - Laboratorio Nacional de Energia e Geologia\GitHub\sentinel2-tss-pipeline
2025-07-22 23:05:21,147 - INFO - [sentinel2_tss_pipeline.py:7381] - ================================================================================
2025-07-22 23:05:21,148 - INFO - [sentinel2_tss_pipeline.py:7390] - Starting GUI application...
2025-07-22 23:05:21,274 - INFO - [sentinel2_tss_pipeline.py:5152] - Added enable_marine_visualization attribute (ENABLED)
2025-07-22 23:05:21,275 - INFO - [sentinel2_tss_pipeline.py:5156] - Added marine_viz_config attribute
2025-07-22 23:05:21,275 - INFO - [sentinel2_tss_pipeline.py:5166] - Creating MarineVisualizationConfig class for full functionality...
2025-07-22 23:05:21,277 - INFO - [sentinel2_tss_pipeline.py:5196] - ✓ Created complete MarineVisualizationConfig - ALL FEATURES ENABLED
2025-07-22 23:05:21,277 - INFO - [sentinel2_tss_pipeline.py:5234] - ============================================================
2025-07-22 23:05:21,278 - INFO - [sentinel2_tss_pipeline.py:5235] - MARINE VISUALIZATION SYSTEM STATUS:
2025-07-22 23:05:21,278 - INFO - [sentinel2_tss_pipeline.py:5236] - ✓ Marine visualization enabled: True
2025-07-22 23:05:21,278 - INFO - [sentinel2_tss_pipeline.py:5237] - ✓ Marine config created: True
2025-07-22 23:05:21,279 - INFO - [sentinel2_tss_pipeline.py:5240] - ENABLED MARINE VISUALIZATION FEATURES:
2025-07-22 23:05:21,280 - INFO - [sentinel2_tss_pipeline.py:5241] -   ✓ Natural color RGB: True
2025-07-22 23:05:21,280 - INFO - [sentinel2_tss_pipeline.py:5242] -   ✓ False color RGB: True
2025-07-22 23:05:21,281 - INFO - [sentinel2_tss_pipeline.py:5243] -   ✓ Water-specific RGB: True
2025-07-22 23:05:21,281 - INFO - [sentinel2_tss_pipeline.py:5244] -   ✓ Research RGB combinations: True
2025-07-22 23:05:21,282 - INFO - [sentinel2_tss_pipeline.py:5245] -   ✓ Water quality indices: True
2025-07-22 23:05:21,282 - INFO - [sentinel2_tss_pipeline.py:5246] -   ✓ Chlorophyll indices: True
2025-07-22 23:05:21,283 - INFO - [sentinel2_tss_pipeline.py:5247] -   ✓ Turbidity indices: True
2025-07-22 23:05:21,284 - INFO - [sentinel2_tss_pipeline.py:5248] -   ✓ Advanced indices: True
2025-07-22 23:05:21,284 - INFO - [sentinel2_tss_pipeline.py:5249] -   ✓ Contrast enhancement: True
2025-07-22 23:05:21,285 - INFO - [sentinel2_tss_pipeline.py:5251] - ✓ Advanced algorithms enabled: True
2025-07-22 23:05:21,285 - INFO - [sentinel2_tss_pipeline.py:5252] - ✓ Advanced config created: True
2025-07-22 23:05:21,286 - INFO - [sentinel2_tss_pipeline.py:5253] - ============================================================
2025-07-22 23:05:21,286 - INFO - [sentinel2_tss_pipeline.py:5254] - 🎨 MARINE VISUALIZATION SYSTEM READY FOR PRODUCTION! 🎨
2025-07-22 23:05:21,287 - INFO - [sentinel2_tss_pipeline.py:5255] - Expected outputs per product:
2025-07-22 23:05:21,287 - INFO - [sentinel2_tss_pipeline.py:5256] -   • Multiple RGB composites (natural, false color, water-specific)
2025-07-22 23:05:21,288 - INFO - [sentinel2_tss_pipeline.py:5257] -   • Water quality spectral indices (NDWI, NDCI, NDTI, etc.)
2025-07-22 23:05:21,288 - INFO - [sentinel2_tss_pipeline.py:5258] -   • Chlorophyll indices (CIG, etc.)
2025-07-22 23:05:21,289 - INFO - [sentinel2_tss_pipeline.py:5259] -   • Turbidity indices (TSI, etc.)
2025-07-22 23:05:21,289 - INFO - [sentinel2_tss_pipeline.py:5260] -   • Advanced marine indices (FUI, SDD, CDOM, etc.)
2025-07-22 23:05:21,290 - INFO - [sentinel2_tss_pipeline.py:5261] -   • All outputs in GeoTIFF format with metadata
2025-07-22 23:05:21,290 - INFO - [sentinel2_tss_pipeline.py:5262] - ============================================================
2025-07-22 23:06:04,248 - INFO - [sentinel2_tss_pipeline.py:6577] - ✓ Marine visualization settings updated from GUI
2025-07-22 23:06:04,249 - INFO - [sentinel2_tss_pipeline.py:6618] - Configuration update completed - Marine visualization OPERATIONAL!
2025-07-22 23:06:04,249 - INFO - [sentinel2_tss_pipeline.py:6634] - Active marine visualization features: Natural RGB, False Color RGB, Water-specific RGB, Water Quality Indices, Chlorophyll Indices, Turbidity Indices
2025-07-22 23:06:05,586 - INFO - [sentinel2_tss_pipeline.py:3292] - SNAP_HOME: C:\Program Files\esa-snap
2025-07-22 23:06:10,845 - INFO - [sentinel2_tss_pipeline.py:3303] - ✓ GPT validated: C:\Program Files\esa-snap\bin\gpt.exe
2025-07-22 23:06:10,846 - INFO - [sentinel2_tss_pipeline.py:3410] - Complete processing graph saved: s2_complete_processing_with_subset.xml
2025-07-22 23:06:10,847 - INFO - [sentinel2_tss_pipeline.py:3332] - ✓ Processing graph created for mode: complete_pipeline
2025-07-22 23:06:10,847 - INFO - [sentinel2_tss_pipeline.py:2772] - Initialized S2 Marine Visualization Processor
2025-07-22 23:06:10,848 - INFO - [sentinel2_tss_pipeline.py:2773] - Configuration settings:
2025-07-22 23:06:10,849 - INFO - [sentinel2_tss_pipeline.py:2774] -   Natural color RGB: True
2025-07-22 23:06:10,849 - INFO - [sentinel2_tss_pipeline.py:2775] -   False color RGB: True
2025-07-22 23:06:10,850 - INFO - [sentinel2_tss_pipeline.py:2776] -   Water-specific RGB: True
2025-07-22 23:06:10,850 - INFO - [sentinel2_tss_pipeline.py:2777] -   Research RGB: True
2025-07-22 23:06:10,851 - INFO - [sentinel2_tss_pipeline.py:2778] -   Water quality indices: True
2025-07-22 23:06:10,851 - INFO - [sentinel2_tss_pipeline.py:2779] -   Chlorophyll indices: True
2025-07-22 23:06:10,852 - INFO - [sentinel2_tss_pipeline.py:2780] -   Turbidity indices: True
2025-07-22 23:06:10,852 - INFO - [sentinel2_tss_pipeline.py:2781] -   Advanced indices: True
2025-07-22 23:06:10,852 - INFO - [sentinel2_tss_pipeline.py:2782] -   Output format: GeoTIFF
2025-07-22 23:06:10,853 - INFO - [sentinel2_tss_pipeline.py:2783] -   Contrast enhancement: True
2025-07-22 23:06:10,853 - INFO - [sentinel2_tss_pipeline.py:2784] -   Contrast method: percentile_stretch
2025-07-22 23:06:10,853 - INFO - [sentinel2_tss_pipeline.py:2785] -   Export metadata: True
2025-07-22 23:06:10,855 - INFO - [sentinel2_tss_pipeline.py:2786] -   Create overview images: True
2025-07-22 23:06:10,855 - INFO - [sentinel2_tss_pipeline.py:2801] - Expected products: ~11 RGB composites + ~13 spectral indices
2025-07-22 23:06:10,856 - INFO - [sentinel2_tss_pipeline.py:2802] - Marine visualization processor ready for processing
2025-07-22 23:06:10,856 - INFO - [sentinel2_tss_pipeline.py:1021] - Marine visualization processor initialized
2025-07-22 23:06:10,857 - INFO - [sentinel2_tss_pipeline.py:2131] - Initialized Advanced Aquatic Processor with scientific algorithms
2025-07-22 23:06:10,857 - INFO - [sentinel2_tss_pipeline.py:1034] - Initialized Jiang TSS Processor with enhanced methodology
2025-07-22 23:06:10,858 - INFO - [sentinel2_tss_pipeline.py:1037] - Jiang TSS enabled: True
2025-07-22 23:06:10,858 - INFO - [sentinel2_tss_pipeline.py:1038] - Advanced algorithms enabled: True
2025-07-22 23:06:10,859 - INFO - [sentinel2_tss_pipeline.py:1039] - Marine visualization enabled: True
2025-07-22 23:06:10,859 - INFO - [sentinel2_tss_pipeline.py:1042] - Working algorithms available:
2025-07-22 23:06:10,860 - INFO - [sentinel2_tss_pipeline.py:1043] -   ✓ Water Clarity: True
2025-07-22 23:06:10,860 - INFO - [sentinel2_tss_pipeline.py:1044] -   ✓ HAB Detection: True
2025-07-22 23:06:10,861 - INFO - [sentinel2_tss_pipeline.py:1045] - Note: Only Sentinel-2 compatible algorithms included
2025-07-22 23:06:10,862 - INFO - [sentinel2_tss_pipeline.py:1051] - Marine visualization configuration:
2025-07-22 23:06:10,862 - INFO - [sentinel2_tss_pipeline.py:1052] -   ✓ Natural color RGB: True
2025-07-22 23:06:10,863 - INFO - [sentinel2_tss_pipeline.py:1053] -   ✓ False color RGB: True
2025-07-22 23:06:10,863 - INFO - [sentinel2_tss_pipeline.py:1054] -   ✓ Water-specific RGB: True
2025-07-22 23:06:10,864 - INFO - [sentinel2_tss_pipeline.py:1055] -   ✓ Research RGB: True
2025-07-22 23:06:10,864 - INFO - [sentinel2_tss_pipeline.py:1056] -   ✓ Water quality indices: True
2025-07-22 23:06:10,865 - INFO - [sentinel2_tss_pipeline.py:1057] -   ✓ Chlorophyll indices: True
2025-07-22 23:06:10,865 - INFO - [sentinel2_tss_pipeline.py:1058] -   ✓ Turbidity indices: True
2025-07-22 23:06:10,866 - INFO - [sentinel2_tss_pipeline.py:1059] -   ✓ Advanced indices: True
2025-07-22 23:06:10,866 - INFO - [sentinel2_tss_pipeline.py:1060] -   Output format: GeoTIFF
2025-07-22 23:06:10,867 - INFO - [sentinel2_tss_pipeline.py:1061] -   Contrast enhancement: True
2025-07-22 23:06:10,868 - INFO - [sentinel2_tss_pipeline.py:1065] - Jiang TSS Processor initialization completed successfully
2025-07-22 23:06:10,868 - INFO - [sentinel2_tss_pipeline.py:4023] - Initialized Unified S2-TSS Processor - Mode: complete_pipeline
2025-07-22 23:06:10,869 - INFO - [sentinel2_tss_pipeline.py:6894] - TEST MODE: Processing only 2 products
2025-07-22 23:06:10,870 - INFO - [sentinel2_tss_pipeline.py:4097] - 
--------------------------------------------------------------------------------
2025-07-22 23:06:10,870 - INFO - [sentinel2_tss_pipeline.py:4098] - Processing 1/2: S2A_MSIL1C_20190105T112441_N0500_R037_T29TNF_20221215T164753
2025-07-22 23:06:10,871 - INFO - [sentinel2_tss_pipeline.py:4099] - Mode: complete_pipeline
2025-07-22 23:06:10,871 - INFO - [sentinel2_tss_pipeline.py:4100] - --------------------------------------------------------------------------------
2025-07-22 23:06:10,872 - INFO - [sentinel2_tss_pipeline.py:4114] - Step 1: S2 Processing (L1C → C2RCC)
2025-07-22 23:06:10,872 - INFO - [sentinel2_tss_pipeline.py:3579] - Processing: S2A_MSIL1C_20190105T112441_N0500_R037_T29TNF_20221215T164753.zip
2025-07-22 23:06:10,873 - INFO - [sentinel2_tss_pipeline.py:3580] -   Mode: complete_pipeline
2025-07-22 23:06:10,873 - INFO - [sentinel2_tss_pipeline.py:3581] -   Resolution: 10m
2025-07-22 23:06:10,874 - INFO - [sentinel2_tss_pipeline.py:3582] -   ECMWF: True
2025-07-22 23:06:10,876 - WARNING - [sentinel2_tss_pipeline.py:3594] - System health issues detected:
2025-07-22 23:06:10,876 - WARNING - [sentinel2_tss_pipeline.py:3596] -   - Very high memory usage: 98.7%
2025-07-22 23:06:10,877 - INFO - [sentinel2_tss_pipeline.py:3728] - Starting S2 processing with C2RCC...
2025-07-22 23:36:37,143 - INFO - [sentinel2_tss_pipeline.py:3890] - ============================================================
2025-07-22 23:36:37,159 - INFO - [sentinel2_tss_pipeline.py:3891] - C2RCC OUTPUT VERIFICATION REPORT
2025-07-22 23:36:37,160 - INFO - [sentinel2_tss_pipeline.py:3892] - ============================================================
2025-07-22 23:36:37,161 - INFO - [sentinel2_tss_pipeline.py:3895] - C2RCC file: Resampled_S2A_20190105T112441_T29TNF_Subset_C2RCC.dim (20.8 MB)
2025-07-22 23:36:37,161 - INFO - [sentinel2_tss_pipeline.py:3896] - Data folder: Resampled_S2A_20190105T112441_T29TNF_Subset_C2RCC.data
2025-07-22 23:36:37,162 - INFO - [sentinel2_tss_pipeline.py:3899] - 
🧪 SNAP TSM/CHL PRODUCTS (Critical for Analysis):
2025-07-22 23:36:37,162 - INFO - [sentinel2_tss_pipeline.py:3911] - ℹ️  TSM/CHL products will be calculated from IOP products
2025-07-22 23:36:37,163 - INFO - [sentinel2_tss_pipeline.py:3912] -    Using SNAP formulas:
2025-07-22 23:36:37,163 - INFO - [sentinel2_tss_pipeline.py:3913] -    • TSM = TSMfac * (bpart + bwit)^TSMexp
2025-07-22 23:36:37,164 - INFO - [sentinel2_tss_pipeline.py:3914] -    • CHL = apig^CHLexp * CHLfac
2025-07-22 23:36:37,164 - INFO - [sentinel2_tss_pipeline.py:3917] - 
🔬 SNAP IOP PRODUCTS (5/6 available):
2025-07-22 23:36:37,165 - INFO - [sentinel2_tss_pipeline.py:3922] -    ✓ iop_apig.img (250524.1 KB)
2025-07-22 23:36:37,165 - INFO - [sentinel2_tss_pipeline.py:3922] -    ✓ iop_adet.img (250524.1 KB)
2025-07-22 23:36:37,166 - INFO - [sentinel2_tss_pipeline.py:3922] -    ✓ iop_agelb.img (250524.1 KB)
2025-07-22 23:36:37,166 - INFO - [sentinel2_tss_pipeline.py:3922] -    ✓ iop_bpart.img (250524.1 KB)
2025-07-22 23:36:37,167 - INFO - [sentinel2_tss_pipeline.py:3922] -    ✓ iop_bwit.img (250524.1 KB)
2025-07-22 23:36:37,167 - INFO - [sentinel2_tss_pipeline.py:3922] -    ✗ iop_btot.img (missing/empty)
2025-07-22 23:36:37,168 - INFO - [sentinel2_tss_pipeline.py:3925] - 
🌊 JIANG TSS READINESS (0/8 bands):
2025-07-22 23:36:37,169 - WARNING - [sentinel2_tss_pipeline.py:3929] - ⚠ PARTIAL: Only 0/8 rhow bands available
2025-07-22 23:36:37,170 - WARNING - [sentinel2_tss_pipeline.py:3931] -    Missing bands: ['rhow_B1.img', 'rhow_B2.img', 'rhow_B3.img', 'rhow_B4.img', 'rhow_B5.img', 'rhow_B6.img', 'rhow_B7.img', 'rhow_B8A.img']
2025-07-22 23:36:37,170 - INFO - [sentinel2_tss_pipeline.py:3934] - 
📊 OVERALL ASSESSMENT:
2025-07-22 23:36:37,171 - WARNING - [sentinel2_tss_pipeline.py:3943] - ⚠ LIMITED: Missing critical components
2025-07-22 23:36:37,171 - INFO - [sentinel2_tss_pipeline.py:3945] - ============================================================
2025-07-22 23:36:37,171 - INFO - [sentinel2_tss_pipeline.py:3649] - ✅ S2 processing SUCCESS: S2A_MSIL1C_20190105T112441_N0500_R037_T29TNF_20221215T164753.zip
2025-07-22 23:36:37,172 - INFO - [sentinel2_tss_pipeline.py:3650] -    Output: Resampled_S2A_20190105T112441_T29TNF_Subset_C2RCC.dim (20.8MB)
2025-07-22 23:36:37,172 - INFO - [sentinel2_tss_pipeline.py:3651] -    Processing time: 30.4 minutes
2025-07-22 23:36:37,173 - INFO - [sentinel2_tss_pipeline.py:3658] - Calculating missing SNAP TSM/CHL concentrations from IOP products...
2025-07-22 23:36:37,174 - INFO - [sentinel2_tss_pipeline.py:776] - SNAP TSM/CHL Calculator initialized:
2025-07-22 23:36:37,174 - INFO - [sentinel2_tss_pipeline.py:777] -   TSM formula: TSM = 1.06 * (bpart + bwit)^0.942
2025-07-22 23:36:37,175 - INFO - [sentinel2_tss_pipeline.py:778] -   CHL formula: CHL = apig^1.04 * 21.0
2025-07-22 23:36:37,176 - INFO - [sentinel2_tss_pipeline.py:783] - Calculating SNAP TSM/CHL from IOP products...
2025-07-22 23:36:37,931 - INFO - [sentinel2_tss_pipeline.py:809] - ✓ Loaded apig: (5841, 10980), mean=0.0150
2025-07-22 23:36:38,641 - INFO - [sentinel2_tss_pipeline.py:809] - ✓ Loaded bpart: (5841, 10980), mean=0.1731
2025-07-22 23:36:39,362 - INFO - [sentinel2_tss_pipeline.py:809] - ✓ Loaded bwit: (5841, 10980), mean=0.0502
2025-07-22 23:36:39,363 - INFO - [sentinel2_tss_pipeline.py:819] - Calculating CHL concentration from iop_apig...
2025-07-22 23:36:40,042 - INFO - [sentinel2_tss_pipeline.py:848] - CHL calculation: 22718979 valid pixels out of 22718979 processed
2025-07-22 23:36:42,274 - INFO - [sentinel2_tss_pipeline.py:575] - Successfully wrote raster: conc_chl.img
2025-07-22 23:36:42,543 - INFO - [sentinel2_tss_pipeline.py:867] - ✓ CHL concentration saved: 35.4% coverage, mean=0.836 mg/m³
2025-07-22 23:36:42,544 - INFO - [sentinel2_tss_pipeline.py:877] - Calculating TSM concentration from bpart + bwit (btot approximation)...
2025-07-22 23:36:43,295 - INFO - [sentinel2_tss_pipeline.py:909] - TSM calculation: 22718979 valid pixels out of 22718979 processed
2025-07-22 23:36:45,444 - INFO - [sentinel2_tss_pipeline.py:575] - Successfully wrote raster: conc_tsm.img
2025-07-22 23:36:45,723 - INFO - [sentinel2_tss_pipeline.py:928] - ✓ TSM concentration saved: 35.4% coverage, mean=0.655 g/m³
2025-07-22 23:36:45,915 - INFO - [sentinel2_tss_pipeline.py:3671] - ✅ SNAP TSM calculation successful!
2025-07-22 23:36:45,916 - INFO - [sentinel2_tss_pipeline.py:3674] - ✅ SNAP CHL calculation successful!
2025-07-22 23:36:45,919 - INFO - [sentinel2_tss_pipeline.py:3890] - ============================================================
2025-07-22 23:36:45,919 - INFO - [sentinel2_tss_pipeline.py:3891] - C2RCC OUTPUT VERIFICATION REPORT
2025-07-22 23:36:45,920 - INFO - [sentinel2_tss_pipeline.py:3892] - ============================================================
2025-07-22 23:36:45,920 - INFO - [sentinel2_tss_pipeline.py:3895] - C2RCC file: Resampled_S2A_20190105T112441_T29TNF_Subset_C2RCC.dim (20.8 MB)
2025-07-22 23:36:45,921 - INFO - [sentinel2_tss_pipeline.py:3896] - Data folder: Resampled_S2A_20190105T112441_T29TNF_Subset_C2RCC.data
2025-07-22 23:36:45,921 - INFO - [sentinel2_tss_pipeline.py:3899] - 
🧪 SNAP TSM/CHL PRODUCTS (Critical for Analysis):
2025-07-22 23:36:45,922 - INFO - [sentinel2_tss_pipeline.py:3901] - ✅ SUCCESS: Both TSM and CHL products available!
2025-07-22 23:36:45,922 - INFO - [sentinel2_tss_pipeline.py:3902] -    ✓ TSM: conc_tsm.img (0.0 KB)
2025-07-22 23:36:45,923 - INFO - [sentinel2_tss_pipeline.py:3903] -    ✓ CHL: conc_chl.img (0.0 KB)
2025-07-22 23:36:45,923 - INFO - [sentinel2_tss_pipeline.py:3908] -    ⚠ Uncertainties: Not available (calculated products)
2025-07-22 23:36:45,924 - INFO - [sentinel2_tss_pipeline.py:3917] - 
🔬 SNAP IOP PRODUCTS (5/6 available):
2025-07-22 23:36:45,924 - INFO - [sentinel2_tss_pipeline.py:3922] -    ✓ iop_apig.img (250524.1 KB)
2025-07-22 23:36:45,925 - INFO - [sentinel2_tss_pipeline.py:3922] -    ✓ iop_adet.img (250524.1 KB)
2025-07-22 23:36:45,925 - INFO - [sentinel2_tss_pipeline.py:3922] -    ✓ iop_agelb.img (250524.1 KB)
2025-07-22 23:36:45,926 - INFO - [sentinel2_tss_pipeline.py:3922] -    ✓ iop_bpart.img (250524.1 KB)
2025-07-22 23:36:45,926 - INFO - [sentinel2_tss_pipeline.py:3922] -    ✓ iop_bwit.img (250524.1 KB)
2025-07-22 23:36:45,927 - INFO - [sentinel2_tss_pipeline.py:3922] -    ✗ iop_btot.img (missing/empty)
2025-07-22 23:36:45,927 - INFO - [sentinel2_tss_pipeline.py:3925] - 
🌊 JIANG TSS READINESS (0/8 bands):
2025-07-22 23:36:45,928 - WARNING - [sentinel2_tss_pipeline.py:3929] - ⚠ PARTIAL: Only 0/8 rhow bands available
2025-07-22 23:36:45,928 - WARNING - [sentinel2_tss_pipeline.py:3931] -    Missing bands: ['rhow_B1.img', 'rhow_B2.img', 'rhow_B3.img', 'rhow_B4.img', 'rhow_B5.img', 'rhow_B6.img', 'rhow_B7.img', 'rhow_B8A.img']
2025-07-22 23:36:45,929 - INFO - [sentinel2_tss_pipeline.py:3934] - 
📊 OVERALL ASSESSMENT:
2025-07-22 23:36:45,929 - WARNING - [sentinel2_tss_pipeline.py:3943] - ⚠ LIMITED: Missing critical components
2025-07-22 23:36:45,930 - INFO - [sentinel2_tss_pipeline.py:3945] - ============================================================
2025-07-22 23:36:45,930 - INFO - [sentinel2_tss_pipeline.py:3679] - 📊 UPDATED SNAP PRODUCTS STATUS:
2025-07-22 23:36:45,931 - INFO - [sentinel2_tss_pipeline.py:3680] -    TSM=True, CHL=True, Uncertainties=False
2025-07-22 23:36:45,931 - ERROR - [sentinel2_tss_pipeline.py:3706] - Unexpected error processing S2A_MSIL1C_20190105T112441_N0500_R037_T29TNF_20221215T164753.zip: 'S2Processor' object has no attribute '_process_tss_stage'
2025-07-22 23:36:45,932 - ERROR - [sentinel2_tss_pipeline.py:4121] - S2 processing failed, skipping TSS: Unexpected error processing S2A_MSIL1C_20190105T112441_N0500_R037_T29TNF_20221215T164753.zip: 'S2Processor' object has no attribute '_process_tss_stage'
2025-07-22 23:36:45,942 - INFO - [sentinel2_tss_pipeline.py:4097] - 
--------------------------------------------------------------------------------
2025-07-22 23:36:45,942 - INFO - [sentinel2_tss_pipeline.py:4098] - Processing 2/2: S2A_MSIL1C_20190108T113441_N0500_R080_T29TNF_20221217T102306
2025-07-22 23:36:45,943 - INFO - [sentinel2_tss_pipeline.py:4099] - Mode: complete_pipeline
2025-07-22 23:36:45,943 - INFO - [sentinel2_tss_pipeline.py:4100] - --------------------------------------------------------------------------------
2025-07-22 23:36:45,944 - INFO - [sentinel2_tss_pipeline.py:4114] - Step 1: S2 Processing (L1C → C2RCC)
2025-07-22 23:36:45,944 - INFO - [sentinel2_tss_pipeline.py:3579] - Processing: S2A_MSIL1C_20190108T113441_N0500_R080_T29TNF_20221217T102306.zip
2025-07-22 23:36:45,945 - INFO - [sentinel2_tss_pipeline.py:3580] -   Mode: complete_pipeline
2025-07-22 23:36:45,945 - INFO - [sentinel2_tss_pipeline.py:3581] -   Resolution: 10m
2025-07-22 23:36:45,946 - INFO - [sentinel2_tss_pipeline.py:3582] -   ECMWF: True
2025-07-22 23:36:45,947 - INFO - [sentinel2_tss_pipeline.py:3728] - Starting S2 processing with C2RCC...
2025-07-22 23:54:41,975 - INFO - [sentinel2_tss_pipeline.py:3890] - ============================================================
2025-07-22 23:54:41,976 - INFO - [sentinel2_tss_pipeline.py:3891] - C2RCC OUTPUT VERIFICATION REPORT
2025-07-22 23:54:41,976 - INFO - [sentinel2_tss_pipeline.py:3892] - ============================================================
2025-07-22 23:54:41,977 - INFO - [sentinel2_tss_pipeline.py:3895] - C2RCC file: Resampled_S2A_20190108T113441_T29TNF_Subset_C2RCC.dim (20.7 MB)
2025-07-22 23:54:41,977 - INFO - [sentinel2_tss_pipeline.py:3896] - Data folder: Resampled_S2A_20190108T113441_T29TNF_Subset_C2RCC.data
2025-07-22 23:54:41,978 - INFO - [sentinel2_tss_pipeline.py:3899] - 
🧪 SNAP TSM/CHL PRODUCTS (Critical for Analysis):
2025-07-22 23:54:41,979 - INFO - [sentinel2_tss_pipeline.py:3911] - ℹ️  TSM/CHL products will be calculated from IOP products
2025-07-22 23:54:41,979 - INFO - [sentinel2_tss_pipeline.py:3912] -    Using SNAP formulas:
2025-07-22 23:54:41,979 - INFO - [sentinel2_tss_pipeline.py:3913] -    • TSM = TSMfac * (bpart + bwit)^TSMexp
2025-07-22 23:54:41,980 - INFO - [sentinel2_tss_pipeline.py:3914] -    • CHL = apig^CHLexp * CHLfac
2025-07-22 23:54:41,981 - INFO - [sentinel2_tss_pipeline.py:3917] - 
🔬 SNAP IOP PRODUCTS (5/6 available):
2025-07-22 23:54:41,981 - INFO - [sentinel2_tss_pipeline.py:3922] -    ✓ iop_apig.img (250524.1 KB)
2025-07-22 23:54:41,982 - INFO - [sentinel2_tss_pipeline.py:3922] -    ✓ iop_adet.img (250524.1 KB)
2025-07-22 23:54:41,982 - INFO - [sentinel2_tss_pipeline.py:3922] -    ✓ iop_agelb.img (250524.1 KB)
2025-07-22 23:54:41,983 - INFO - [sentinel2_tss_pipeline.py:3922] -    ✓ iop_bpart.img (250524.1 KB)
2025-07-22 23:54:41,983 - INFO - [sentinel2_tss_pipeline.py:3922] -    ✓ iop_bwit.img (250524.1 KB)
2025-07-22 23:54:41,984 - INFO - [sentinel2_tss_pipeline.py:3922] -    ✗ iop_btot.img (missing/empty)
2025-07-22 23:54:41,984 - INFO - [sentinel2_tss_pipeline.py:3925] - 
🌊 JIANG TSS READINESS (0/8 bands):
2025-07-22 23:54:41,985 - WARNING - [sentinel2_tss_pipeline.py:3929] - ⚠ PARTIAL: Only 0/8 rhow bands available
2025-07-22 23:54:41,985 - WARNING - [sentinel2_tss_pipeline.py:3931] -    Missing bands: ['rhow_B1.img', 'rhow_B2.img', 'rhow_B3.img', 'rhow_B4.img', 'rhow_B5.img', 'rhow_B6.img', 'rhow_B7.img', 'rhow_B8A.img']
2025-07-22 23:54:41,986 - INFO - [sentinel2_tss_pipeline.py:3934] - 
📊 OVERALL ASSESSMENT:
2025-07-22 23:54:41,986 - WARNING - [sentinel2_tss_pipeline.py:3943] - ⚠ LIMITED: Missing critical components
2025-07-22 23:54:41,987 - INFO - [sentinel2_tss_pipeline.py:3945] - ============================================================
2025-07-22 23:54:41,987 - INFO - [sentinel2_tss_pipeline.py:3649] - ✅ S2 processing SUCCESS: S2A_MSIL1C_20190108T113441_N0500_R080_T29TNF_20221217T102306.zip
2025-07-22 23:54:41,988 - INFO - [sentinel2_tss_pipeline.py:3650] -    Output: Resampled_S2A_20190108T113441_T29TNF_Subset_C2RCC.dim (20.7MB)
2025-07-22 23:54:41,988 - INFO - [sentinel2_tss_pipeline.py:3651] -    Processing time: 17.9 minutes
2025-07-22 23:54:41,989 - INFO - [sentinel2_tss_pipeline.py:3658] - Calculating missing SNAP TSM/CHL concentrations from IOP products...
2025-07-22 23:54:41,989 - INFO - [sentinel2_tss_pipeline.py:776] - SNAP TSM/CHL Calculator initialized:
2025-07-22 23:54:41,990 - INFO - [sentinel2_tss_pipeline.py:777] -   TSM formula: TSM = 1.06 * (bpart + bwit)^0.942
2025-07-22 23:54:41,990 - INFO - [sentinel2_tss_pipeline.py:778] -   CHL formula: CHL = apig^1.04 * 21.0
2025-07-22 23:54:41,991 - INFO - [sentinel2_tss_pipeline.py:783] - Calculating SNAP TSM/CHL from IOP products...
2025-07-22 23:54:42,718 - INFO - [sentinel2_tss_pipeline.py:809] - ✓ Loaded apig: (5841, 10980), mean=0.1622
2025-07-22 23:54:43,460 - INFO - [sentinel2_tss_pipeline.py:809] - ✓ Loaded bpart: (5841, 10980), mean=0.1605
2025-07-22 23:54:44,318 - INFO - [sentinel2_tss_pipeline.py:809] - ✓ Loaded bwit: (5841, 10980), mean=0.4381
2025-07-22 23:54:44,326 - INFO - [sentinel2_tss_pipeline.py:819] - Calculating CHL concentration from iop_apig...
2025-07-22 23:54:44,926 - INFO - [sentinel2_tss_pipeline.py:848] - CHL calculation: 18614363 valid pixels out of 18614363 processed
2025-07-22 23:54:46,815 - INFO - [sentinel2_tss_pipeline.py:575] - Successfully wrote raster: conc_chl.img
2025-07-22 23:54:47,043 - INFO - [sentinel2_tss_pipeline.py:867] - ✓ CHL concentration saved: 29.0% coverage, mean=11.566 mg/m³
2025-07-22 23:54:47,043 - INFO - [sentinel2_tss_pipeline.py:877] - Calculating TSM concentration from bpart + bwit (btot approximation)...
2025-07-22 23:54:47,708 - INFO - [sentinel2_tss_pipeline.py:909] - TSM calculation: 18614363 valid pixels out of 18614363 processed
2025-07-22 23:54:49,648 - INFO - [sentinel2_tss_pipeline.py:575] - Successfully wrote raster: conc_tsm.img
2025-07-22 23:54:49,896 - INFO - [sentinel2_tss_pipeline.py:928] - ✓ TSM concentration saved: 29.0% coverage, mean=2.049 g/m³
2025-07-22 23:54:50,088 - INFO - [sentinel2_tss_pipeline.py:3671] - ✅ SNAP TSM calculation successful!
2025-07-22 23:54:50,089 - INFO - [sentinel2_tss_pipeline.py:3674] - ✅ SNAP CHL calculation successful!
2025-07-22 23:54:50,092 - INFO - [sentinel2_tss_pipeline.py:3890] - ============================================================
2025-07-22 23:54:50,092 - INFO - [sentinel2_tss_pipeline.py:3891] - C2RCC OUTPUT VERIFICATION REPORT
2025-07-22 23:54:50,093 - INFO - [sentinel2_tss_pipeline.py:3892] - ============================================================
2025-07-22 23:54:50,093 - INFO - [sentinel2_tss_pipeline.py:3895] - C2RCC file: Resampled_S2A_20190108T113441_T29TNF_Subset_C2RCC.dim (20.7 MB)
2025-07-22 23:54:50,094 - INFO - [sentinel2_tss_pipeline.py:3896] - Data folder: Resampled_S2A_20190108T113441_T29TNF_Subset_C2RCC.data
2025-07-22 23:54:50,094 - INFO - [sentinel2_tss_pipeline.py:3899] - 
🧪 SNAP TSM/CHL PRODUCTS (Critical for Analysis):
2025-07-22 23:54:50,095 - INFO - [sentinel2_tss_pipeline.py:3901] - ✅ SUCCESS: Both TSM and CHL products available!
2025-07-22 23:54:50,095 - INFO - [sentinel2_tss_pipeline.py:3902] -    ✓ TSM: conc_tsm.img (0.0 KB)
2025-07-22 23:54:50,096 - INFO - [sentinel2_tss_pipeline.py:3903] -    ✓ CHL: conc_chl.img (0.0 KB)
2025-07-22 23:54:50,097 - INFO - [sentinel2_tss_pipeline.py:3908] -    ⚠ Uncertainties: Not available (calculated products)
2025-07-22 23:54:50,097 - INFO - [sentinel2_tss_pipeline.py:3917] - 
🔬 SNAP IOP PRODUCTS (5/6 available):
2025-07-22 23:54:50,098 - INFO - [sentinel2_tss_pipeline.py:3922] -    ✓ iop_apig.img (250524.1 KB)
2025-07-22 23:54:50,098 - INFO - [sentinel2_tss_pipeline.py:3922] -    ✓ iop_adet.img (250524.1 KB)
2025-07-22 23:54:50,098 - INFO - [sentinel2_tss_pipeline.py:3922] -    ✓ iop_agelb.img (250524.1 KB)
2025-07-22 23:54:50,099 - INFO - [sentinel2_tss_pipeline.py:3922] -    ✓ iop_bpart.img (250524.1 KB)
2025-07-22 23:54:50,100 - INFO - [sentinel2_tss_pipeline.py:3922] -    ✓ iop_bwit.img (250524.1 KB)
2025-07-22 23:54:50,100 - INFO - [sentinel2_tss_pipeline.py:3922] -    ✗ iop_btot.img (missing/empty)
2025-07-22 23:54:50,101 - INFO - [sentinel2_tss_pipeline.py:3925] - 
🌊 JIANG TSS READINESS (0/8 bands):
2025-07-22 23:54:50,101 - WARNING - [sentinel2_tss_pipeline.py:3929] - ⚠ PARTIAL: Only 0/8 rhow bands available
2025-07-22 23:54:50,102 - WARNING - [sentinel2_tss_pipeline.py:3931] -    Missing bands: ['rhow_B1.img', 'rhow_B2.img', 'rhow_B3.img', 'rhow_B4.img', 'rhow_B5.img', 'rhow_B6.img', 'rhow_B7.img', 'rhow_B8A.img']
2025-07-22 23:54:50,102 - INFO - [sentinel2_tss_pipeline.py:3934] - 
📊 OVERALL ASSESSMENT:
2025-07-22 23:54:50,102 - WARNING - [sentinel2_tss_pipeline.py:3943] - ⚠ LIMITED: Missing critical components
2025-07-22 23:54:50,103 - INFO - [sentinel2_tss_pipeline.py:3945] - ============================================================
2025-07-22 23:54:50,103 - INFO - [sentinel2_tss_pipeline.py:3679] - 📊 UPDATED SNAP PRODUCTS STATUS:
2025-07-22 23:54:50,104 - INFO - [sentinel2_tss_pipeline.py:3680] -    TSM=True, CHL=True, Uncertainties=False
2025-07-22 23:54:50,105 - ERROR - [sentinel2_tss_pipeline.py:3706] - Unexpected error processing S2A_MSIL1C_20190108T113441_N0500_R080_T29TNF_20221217T102306.zip: 'S2Processor' object has no attribute '_process_tss_stage'
2025-07-22 23:54:50,105 - ERROR - [sentinel2_tss_pipeline.py:4121] - S2 processing failed, skipping TSS: Unexpected error processing S2A_MSIL1C_20190108T113441_N0500_R080_T29TNF_20221217T102306.zip: 'S2Processor' object has no attribute '_process_tss_stage'
2025-07-23 09:04:09,486 - INFO - [sentinel2_tss_pipeline.py:7394] - Application finished successfully
