2025-07-21 18:54:39,601 - INFO - [sentinel2_tss_pipeline.py:6308] - ================================================================================
2025-07-21 18:54:39,602 - INFO - [sentinel2_tss_pipeline.py:6309] - UNIFIED S2 PROCESSING & TSS ESTIMATION PIPELINE v1.0
2025-07-21 18:54:39,602 - INFO - [sentinel2_tss_pipeline.py:6310] - ================================================================================
2025-07-21 18:54:39,603 - INFO - [sentinel2_tss_pipeline.py:6311] - SNAP_HOME: C:\Program Files\esa-snap
2025-07-21 18:54:39,603 - INFO - [sentinel2_tss_pipeline.py:6312] - GPT: C:\Program Files\esa-snap\bin\gpt.exe
2025-07-21 18:54:39,604 - INFO - [sentinel2_tss_pipeline.py:6313] - Python: 3.9.22 | packaged by conda-forge | (main, Apr 10 2025, 22:07:06) [MSC v.1929 64 bit (AMD64)]
2025-07-21 18:54:39,605 - INFO - [sentinel2_tss_pipeline.py:6314] - Platform: win32
2025-07-21 18:54:39,605 - INFO - [sentinel2_tss_pipeline.py:6315] - Working Directory: C:\Users\pedro.goncalves\OneDrive - LNEG - Laboratorio Nacional de Energia e Geologia\GitHub\sentinel2-tss-pipeline
2025-07-21 18:54:39,606 - INFO - [sentinel2_tss_pipeline.py:6316] - ================================================================================
2025-07-21 18:54:39,606 - INFO - [sentinel2_tss_pipeline.py:6325] - Starting GUI application...
2025-07-21 19:03:07,409 - INFO - [sentinel2_tss_pipeline.py:2491] - SNAP_HOME: C:\Program Files\esa-snap
2025-07-21 19:03:12,499 - INFO - [sentinel2_tss_pipeline.py:2502] - ✓ GPT validated: C:\Program Files\esa-snap\bin\gpt.exe
2025-07-21 19:03:12,502 - INFO - [sentinel2_tss_pipeline.py:2617] - FIXED processing graph saved: s2_complete_processing_with_subset.xml
2025-07-21 19:03:12,503 - INFO - [sentinel2_tss_pipeline.py:2531] - ✓ Processing graph created for mode: complete_pipeline
2025-07-21 19:03:12,504 - INFO - [sentinel2_tss_pipeline.py:2068] - Initialized Advanced Aquatic Processor with scientific algorithms
2025-07-21 19:03:12,505 - INFO - [sentinel2_tss_pipeline.py:1010] - Initialized Jiang TSS Processor with clean methodology
2025-07-21 19:03:12,505 - INFO - [sentinel2_tss_pipeline.py:1013] - Jiang TSS enabled: True
2025-07-21 19:03:12,506 - INFO - [sentinel2_tss_pipeline.py:1014] - Advanced algorithms enabled: True
2025-07-21 19:03:12,506 - INFO - [sentinel2_tss_pipeline.py:1016] - Working algorithms available:
2025-07-21 19:03:12,507 - INFO - [sentinel2_tss_pipeline.py:1017] -   ✓ Water Clarity: True
2025-07-21 19:03:12,508 - INFO - [sentinel2_tss_pipeline.py:1018] -   ✓ HAB Detection: True
2025-07-21 19:03:12,508 - INFO - [sentinel2_tss_pipeline.py:1019] - Note: Only Sentinel-2 compatible algorithms included
2025-07-21 19:03:12,509 - INFO - [sentinel2_tss_pipeline.py:3446] - Initialized Unified S2-TSS Processor - Mode: complete_pipeline
2025-07-21 19:03:12,510 - INFO - [sentinel2_tss_pipeline.py:5829] - TEST MODE: Processing only 2 products
2025-07-21 19:03:12,510 - INFO - [sentinel2_tss_pipeline.py:3520] - 
--------------------------------------------------------------------------------
2025-07-21 19:03:12,511 - INFO - [sentinel2_tss_pipeline.py:3521] - Processing 1/2: S2A_MSIL1C_20190105T112441_N0500_R037_T29TNF_20221215T164753
2025-07-21 19:03:12,512 - INFO - [sentinel2_tss_pipeline.py:3522] - Mode: complete_pipeline
2025-07-21 19:03:12,512 - INFO - [sentinel2_tss_pipeline.py:3523] - --------------------------------------------------------------------------------
2025-07-21 19:03:12,513 - INFO - [sentinel2_tss_pipeline.py:2793] - Processing: S2A_MSIL1C_20190105T112441_N0500_R037_T29TNF_20221215T164753.zip
2025-07-21 19:03:12,513 - INFO - [sentinel2_tss_pipeline.py:2794] -   Mode: complete_pipeline
2025-07-21 19:03:12,514 - INFO - [sentinel2_tss_pipeline.py:2795] -   Resolution: 10m
2025-07-21 19:03:12,514 - INFO - [sentinel2_tss_pipeline.py:2796] -   ECMWF: True
2025-07-21 19:03:12,518 - INFO - [sentinel2_tss_pipeline.py:2942] - Starting COMPLETE S2 processing (all bands for current + future modules)...
2025-07-21 19:03:30,734 - ERROR - [sentinel2_tss_pipeline.py:2964] - ❌ GPT processing failed
2025-07-21 19:03:30,736 - ERROR - [sentinel2_tss_pipeline.py:2965] - Return code: 1
2025-07-21 19:03:30,736 - ERROR - [sentinel2_tss_pipeline.py:2967] - GPT stderr: INFO: org.esa.snap.core.gpf.operators.tooladapter.ToolAdapterIO: Initializing external tool adapters
INFO: org.esa.snap.core.util.EngineVersionCheckActivator: Please check regularly for new updates for the best SNAP experience.
1708 [main] INFO hdf.hdflib.HDFLibrary - HDF4 library: 
1709 [main] INFO hdf.hdflib.HDFLibrary -  successfully loaded.
1715 [main] INFO hdf.hdf5lib.H5 - HDF5 library: 
1715 [main] INFO hdf.hdf5lib.H5 -  successfully loaded.
INFO: eu.esa.opt.dataio.s2.ortho.S2OrthoProductReaderPlugIn: Building product reader - EPSG:32629
WARNING: org.esa.snap.core.metadata.GenericXmlMetadata: Metadata: the path to element [metadata_level] does not exist
WARNING: org.esa.snap.core.metadata.GenericXmlMetadata: Metadata: the path to element [granuleidentifier] does not exist
WARNING: org.esa.snap.core.metadata.GenericXmlMetadata: Metadata: the path to element [bandid] does not exist

Error: [NodeId: Subset] Operator 'SubsetOp': Value for 'Source Bands' is invalid: 'sun_zenith'. Allo...
2025-07-21 19:03:30,737 - ERROR - [sentinel2_tss_pipeline.py:2911] - ❌ S2 processing FAILED: S2A_MSIL1C_20190105T112441_N0500_R037_T29TNF_20221215T164753.zip
2025-07-21 19:03:30,737 - INFO - [sentinel2_tss_pipeline.py:3556] - ✓ Processing completed: 0 products generated
2025-07-21 19:03:30,913 - INFO - [sentinel2_tss_pipeline.py:3605] - → Progress: 1/2 (50.0%), ETA: 0.4 minutes
2025-07-21 19:03:30,915 - INFO - [sentinel2_tss_pipeline.py:3520] - 
--------------------------------------------------------------------------------
2025-07-21 19:03:30,916 - INFO - [sentinel2_tss_pipeline.py:3521] - Processing 2/2: S2A_MSIL1C_20190108T113441_N0500_R080_T29TNF_20221217T102306
2025-07-21 19:03:30,916 - INFO - [sentinel2_tss_pipeline.py:3522] - Mode: complete_pipeline
2025-07-21 19:03:30,916 - INFO - [sentinel2_tss_pipeline.py:3523] - --------------------------------------------------------------------------------
2025-07-21 19:03:30,917 - INFO - [sentinel2_tss_pipeline.py:2793] - Processing: S2A_MSIL1C_20190108T113441_N0500_R080_T29TNF_20221217T102306.zip
2025-07-21 19:03:30,917 - INFO - [sentinel2_tss_pipeline.py:2794] -   Mode: complete_pipeline
2025-07-21 19:03:30,918 - INFO - [sentinel2_tss_pipeline.py:2795] -   Resolution: 10m
2025-07-21 19:03:30,919 - INFO - [sentinel2_tss_pipeline.py:2796] -   ECMWF: True
2025-07-21 19:03:30,921 - INFO - [sentinel2_tss_pipeline.py:2942] - Starting COMPLETE S2 processing (all bands for current + future modules)...
2025-07-21 19:03:49,843 - ERROR - [sentinel2_tss_pipeline.py:2964] - ❌ GPT processing failed
2025-07-21 19:03:49,844 - ERROR - [sentinel2_tss_pipeline.py:2965] - Return code: 1
2025-07-21 19:03:49,845 - ERROR - [sentinel2_tss_pipeline.py:2967] - GPT stderr: INFO: org.esa.snap.core.gpf.operators.tooladapter.ToolAdapterIO: Initializing external tool adapters
INFO: org.esa.snap.core.util.EngineVersionCheckActivator: Please check regularly for new updates for the best SNAP experience.
1915 [main] INFO hdf.hdflib.HDFLibrary - HDF4 library: 
1915 [main] INFO hdf.hdflib.HDFLibrary -  successfully loaded.
1922 [main] INFO hdf.hdf5lib.H5 - HDF5 library: 
1922 [main] INFO hdf.hdf5lib.H5 -  successfully loaded.
INFO: eu.esa.opt.dataio.s2.ortho.S2OrthoProductReaderPlugIn: Building product reader - EPSG:32629
WARNING: org.esa.snap.core.metadata.GenericXmlMetadata: Metadata: the path to element [metadata_level] does not exist
WARNING: org.esa.snap.core.metadata.GenericXmlMetadata: Metadata: the path to element [granuleidentifier] does not exist
WARNING: org.esa.snap.core.metadata.GenericXmlMetadata: Metadata: the path to element [bandid] does not exist

Error: [NodeId: Subset] Operator 'SubsetOp': Value for 'Source Bands' is invalid: 'sun_zenith'. Allo...
2025-07-21 19:03:49,845 - ERROR - [sentinel2_tss_pipeline.py:2911] - ❌ S2 processing FAILED: S2A_MSIL1C_20190108T113441_N0500_R080_T29TNF_20221217T102306.zip
2025-07-21 19:03:49,846 - INFO - [sentinel2_tss_pipeline.py:3556] - ✓ Processing completed: 0 products generated
2025-07-21 19:03:50,040 - INFO - [sentinel2_tss_pipeline.py:3605] - → Progress: 2/2 (100.0%), ETA: 0.0 minutes
2025-07-21 19:05:21,758 - INFO - [sentinel2_tss_pipeline.py:6332] - Application interrupted by user
