2025-07-22 09:32:35,036 - INFO - [sentinel2_tss_pipeline.py:6402] - ================================================================================
2025-07-22 09:32:35,037 - INFO - [sentinel2_tss_pipeline.py:6403] - UNIFIED S2 PROCESSING & TSS ESTIMATION PIPELINE v1.0
2025-07-22 09:32:35,038 - INFO - [sentinel2_tss_pipeline.py:6404] - ================================================================================
2025-07-22 09:32:35,038 - INFO - [sentinel2_tss_pipeline.py:6405] - SNAP_HOME: C:\Program Files\esa-snap
2025-07-22 09:32:35,039 - INFO - [sentinel2_tss_pipeline.py:6406] - GPT: C:\Program Files\esa-snap\bin\gpt.exe
2025-07-22 09:32:35,047 - INFO - [sentinel2_tss_pipeline.py:6407] - Python: 3.9.22 | packaged by conda-forge | (main, Apr 10 2025, 22:07:06) [MSC v.1929 64 bit (AMD64)]
2025-07-22 09:32:35,048 - INFO - [sentinel2_tss_pipeline.py:6408] - Platform: win32
2025-07-22 09:32:35,049 - INFO - [sentinel2_tss_pipeline.py:6409] - Working Directory: C:\Users\pedro.goncalves\OneDrive - LNEG - Laboratorio Nacional de Energia e Geologia\GitHub\sentinel2-tss-pipeline
2025-07-22 09:32:35,049 - INFO - [sentinel2_tss_pipeline.py:6410] - ================================================================================
2025-07-22 09:32:35,050 - INFO - [sentinel2_tss_pipeline.py:6419] - Starting GUI application...
2025-07-22 09:33:16,976 - INFO - [sentinel2_tss_pipeline.py:2491] - SNAP_HOME: C:\Program Files\esa-snap
2025-07-22 09:33:22,160 - INFO - [sentinel2_tss_pipeline.py:2502] - ✓ GPT validated: C:\Program Files\esa-snap\bin\gpt.exe
2025-07-22 09:33:22,161 - INFO - [sentinel2_tss_pipeline.py:2552] - Processing with spatial subset using Read operator
2025-07-22 09:33:22,162 - INFO - [sentinel2_tss_pipeline.py:2689] - S2 processing graph saved: s2_complete_processing_with_subset.xml
2025-07-22 09:33:22,163 - INFO - [sentinel2_tss_pipeline.py:2531] - ✓ Processing graph created for mode: complete_pipeline
2025-07-22 09:33:22,164 - INFO - [sentinel2_tss_pipeline.py:2068] - Initialized Advanced Aquatic Processor with scientific algorithms
2025-07-22 09:33:22,164 - INFO - [sentinel2_tss_pipeline.py:1010] - Initialized Jiang TSS Processor with clean methodology
2025-07-22 09:33:22,165 - INFO - [sentinel2_tss_pipeline.py:1013] - Jiang TSS enabled: True
2025-07-22 09:33:22,165 - INFO - [sentinel2_tss_pipeline.py:1014] - Advanced algorithms enabled: True
2025-07-22 09:33:22,166 - INFO - [sentinel2_tss_pipeline.py:1016] - Working algorithms available:
2025-07-22 09:33:22,167 - INFO - [sentinel2_tss_pipeline.py:1017] -   ✓ Water Clarity: True
2025-07-22 09:33:22,167 - INFO - [sentinel2_tss_pipeline.py:1018] -   ✓ HAB Detection: True
2025-07-22 09:33:22,168 - INFO - [sentinel2_tss_pipeline.py:1019] - Note: Only Sentinel-2 compatible algorithms included
2025-07-22 09:33:22,168 - INFO - [sentinel2_tss_pipeline.py:3540] - Initialized Unified S2-TSS Processor - Mode: complete_pipeline
2025-07-22 09:33:22,169 - INFO - [sentinel2_tss_pipeline.py:5923] - TEST MODE: Processing only 2 products
2025-07-22 09:33:22,170 - INFO - [sentinel2_tss_pipeline.py:3614] - 
--------------------------------------------------------------------------------
2025-07-22 09:33:22,171 - INFO - [sentinel2_tss_pipeline.py:3615] - Processing 1/2: S2A_MSIL1C_20190105T112441_N0500_R037_T29TNF_20221215T164753
2025-07-22 09:33:22,171 - INFO - [sentinel2_tss_pipeline.py:3616] - Mode: complete_pipeline
2025-07-22 09:33:22,172 - INFO - [sentinel2_tss_pipeline.py:3617] - --------------------------------------------------------------------------------
2025-07-22 09:33:22,173 - INFO - [sentinel2_tss_pipeline.py:2887] - Processing: S2A_MSIL1C_20190105T112441_N0500_R037_T29TNF_20221215T164753.zip
2025-07-22 09:33:22,174 - INFO - [sentinel2_tss_pipeline.py:2888] -   Mode: complete_pipeline
2025-07-22 09:33:22,175 - INFO - [sentinel2_tss_pipeline.py:2889] -   Resolution: 10m
2025-07-22 09:33:22,175 - INFO - [sentinel2_tss_pipeline.py:2890] -   ECMWF: True
2025-07-22 09:33:22,178 - INFO - [sentinel2_tss_pipeline.py:3036] - Starting COMPLETE S2 processing (all bands for current + future modules)...
2025-07-22 09:33:39,319 - ERROR - [sentinel2_tss_pipeline.py:3058] - ❌ GPT processing failed
2025-07-22 09:33:39,320 - ERROR - [sentinel2_tss_pipeline.py:3059] - Return code: 1
2025-07-22 09:33:39,321 - ERROR - [sentinel2_tss_pipeline.py:3061] - GPT stderr: INFO: org.esa.snap.core.gpf.operators.tooladapter.ToolAdapterIO: Initializing external tool adapters
INFO: org.esa.snap.core.util.EngineVersionCheckActivator: Please check regularly for new updates for the best SNAP experience.
1570 [main] INFO hdf.hdflib.HDFLibrary - HDF4 library: 
1570 [main] INFO hdf.hdflib.HDFLibrary -  successfully loaded.
1576 [main] INFO hdf.hdf5lib.H5 - HDF5 library: 
1576 [main] INFO hdf.hdf5lib.H5 -  successfully loaded.
INFO: eu.esa.opt.dataio.s2.ortho.S2OrthoProductReaderPlugIn: Building product reader - EPSG:32629
WARNING: org.esa.snap.core.metadata.GenericXmlMetadata: Metadata: the path to element [metadata_level] does not exist
WARNING: org.esa.snap.core.metadata.GenericXmlMetadata: Metadata: the path to element [granuleidentifier] does not exist
WARNING: org.esa.snap.core.metadata.GenericXmlMetadata: Metadata: the path to element [bandid] does not exist

Error: [NodeId: c2rcc_msi] Source must be a resampled S2 MSI L1C product
org.esa.snap.core.gpf.graph...
2025-07-22 09:33:39,322 - ERROR - [sentinel2_tss_pipeline.py:3005] - ❌ S2 processing FAILED: S2A_MSIL1C_20190105T112441_N0500_R037_T29TNF_20221215T164753.zip
2025-07-22 09:33:39,322 - INFO - [sentinel2_tss_pipeline.py:3650] - ✓ Processing completed: 0 products generated
2025-07-22 09:33:39,480 - INFO - [sentinel2_tss_pipeline.py:3699] - → Progress: 1/2 (50.0%), ETA: 0.4 minutes
2025-07-22 09:33:39,481 - INFO - [sentinel2_tss_pipeline.py:3614] - 
--------------------------------------------------------------------------------
2025-07-22 09:33:39,482 - INFO - [sentinel2_tss_pipeline.py:3615] - Processing 2/2: S2A_MSIL1C_20190108T113441_N0500_R080_T29TNF_20221217T102306
2025-07-22 09:33:39,482 - INFO - [sentinel2_tss_pipeline.py:3616] - Mode: complete_pipeline
2025-07-22 09:33:39,483 - INFO - [sentinel2_tss_pipeline.py:3617] - --------------------------------------------------------------------------------
2025-07-22 09:33:39,484 - INFO - [sentinel2_tss_pipeline.py:2887] - Processing: S2A_MSIL1C_20190108T113441_N0500_R080_T29TNF_20221217T102306.zip
2025-07-22 09:33:39,484 - INFO - [sentinel2_tss_pipeline.py:2888] -   Mode: complete_pipeline
2025-07-22 09:33:39,485 - INFO - [sentinel2_tss_pipeline.py:2889] -   Resolution: 10m
2025-07-22 09:33:39,485 - INFO - [sentinel2_tss_pipeline.py:2890] -   ECMWF: True
2025-07-22 09:33:39,488 - INFO - [sentinel2_tss_pipeline.py:3036] - Starting COMPLETE S2 processing (all bands for current + future modules)...
2025-07-22 09:33:56,396 - ERROR - [sentinel2_tss_pipeline.py:3058] - ❌ GPT processing failed
2025-07-22 09:33:56,397 - ERROR - [sentinel2_tss_pipeline.py:3059] - Return code: 1
2025-07-22 09:33:56,398 - ERROR - [sentinel2_tss_pipeline.py:3061] - GPT stderr: INFO: org.esa.snap.core.gpf.operators.tooladapter.ToolAdapterIO: Initializing external tool adapters
INFO: org.esa.snap.core.util.EngineVersionCheckActivator: Please check regularly for new updates for the best SNAP experience.
1569 [main] INFO hdf.hdflib.HDFLibrary - HDF4 library: 
1569 [main] INFO hdf.hdflib.HDFLibrary -  successfully loaded.
1574 [main] INFO hdf.hdf5lib.H5 - HDF5 library: 
1574 [main] INFO hdf.hdf5lib.H5 -  successfully loaded.
INFO: eu.esa.opt.dataio.s2.ortho.S2OrthoProductReaderPlugIn: Building product reader - EPSG:32629
WARNING: org.esa.snap.core.metadata.GenericXmlMetadata: Metadata: the path to element [metadata_level] does not exist
WARNING: org.esa.snap.core.metadata.GenericXmlMetadata: Metadata: the path to element [granuleidentifier] does not exist
WARNING: org.esa.snap.core.metadata.GenericXmlMetadata: Metadata: the path to element [bandid] does not exist

Error: [NodeId: c2rcc_msi] Source must be a resampled S2 MSI L1C product
org.esa.snap.core.gpf.graph...
2025-07-22 09:33:56,398 - ERROR - [sentinel2_tss_pipeline.py:3005] - ❌ S2 processing FAILED: S2A_MSIL1C_20190108T113441_N0500_R080_T29TNF_20221217T102306.zip
2025-07-22 09:33:56,399 - INFO - [sentinel2_tss_pipeline.py:3650] - ✓ Processing completed: 0 products generated
2025-07-22 09:33:56,574 - INFO - [sentinel2_tss_pipeline.py:3699] - → Progress: 2/2 (100.0%), ETA: 0.0 minutes
2025-07-22 10:14:13,894 - INFO - [sentinel2_tss_pipeline.py:6423] - Application finished successfully
