2025-07-22 10:53:59,892 - INFO - [sentinel2_tss_pipeline.py:6266] - Auto-detected SNAP_HOME: C:\Program Files\esa-snap
2025-07-22 10:53:59,893 - INFO - [sentinel2_tss_pipeline.py:6307] - ================================================================================
2025-07-22 10:53:59,894 - INFO - [sentinel2_tss_pipeline.py:6308] - UNIFIED S2 PROCESSING & TSS ESTIMATION PIPELINE v1.0
2025-07-22 10:53:59,894 - INFO - [sentinel2_tss_pipeline.py:6309] - ================================================================================
2025-07-22 10:53:59,895 - INFO - [sentinel2_tss_pipeline.py:6310] - SNAP_HOME: C:\Program Files\esa-snap
2025-07-22 10:53:59,895 - INFO - [sentinel2_tss_pipeline.py:6311] - GPT: C:\Program Files\esa-snap\bin\gpt.exe
2025-07-22 10:53:59,896 - INFO - [sentinel2_tss_pipeline.py:6312] - Python: 3.9.22 | packaged by conda-forge | (main, Apr 10 2025, 22:07:06) [MSC v.1929 64 bit (AMD64)]
2025-07-22 10:53:59,896 - INFO - [sentinel2_tss_pipeline.py:6313] - Platform: win32
2025-07-22 10:53:59,897 - INFO - [sentinel2_tss_pipeline.py:6314] - Working Directory: C:\Users\pedro.goncalves\OneDrive - LNEG - Laboratorio Nacional de Energia e Geologia\GitHub\sentinel2-tss-pipeline
2025-07-22 10:53:59,898 - INFO - [sentinel2_tss_pipeline.py:6315] - ================================================================================
2025-07-22 10:53:59,898 - INFO - [sentinel2_tss_pipeline.py:6324] - Starting GUI application...
2025-07-22 10:54:45,383 - INFO - [sentinel2_tss_pipeline.py:2491] - SNAP_HOME: C:\Program Files\esa-snap
2025-07-22 10:54:50,383 - INFO - [sentinel2_tss_pipeline.py:2502] - ✓ GPT validated: C:\Program Files\esa-snap\bin\gpt.exe
2025-07-22 10:54:50,384 - INFO - [sentinel2_tss_pipeline.py:2552] - Processing with spatial subset using Read operator (SNAP native)
2025-07-22 10:54:50,385 - INFO - [sentinel2_tss_pipeline.py:2685] - Complete band support graph saved: s2_complete_processing_with_subset.xml
2025-07-22 10:54:50,386 - INFO - [sentinel2_tss_pipeline.py:2531] - ✓ Processing graph created for mode: complete_pipeline
2025-07-22 10:54:50,386 - INFO - [sentinel2_tss_pipeline.py:2068] - Initialized Advanced Aquatic Processor with scientific algorithms
2025-07-22 10:54:50,387 - INFO - [sentinel2_tss_pipeline.py:1010] - Initialized Jiang TSS Processor with clean methodology
2025-07-22 10:54:50,388 - INFO - [sentinel2_tss_pipeline.py:1013] - Jiang TSS enabled: True
2025-07-22 10:54:50,389 - INFO - [sentinel2_tss_pipeline.py:1014] - Advanced algorithms enabled: True
2025-07-22 10:54:50,390 - INFO - [sentinel2_tss_pipeline.py:1016] - Working algorithms available:
2025-07-22 10:54:50,390 - INFO - [sentinel2_tss_pipeline.py:1017] -   ✓ Water Clarity: True
2025-07-22 10:54:50,391 - INFO - [sentinel2_tss_pipeline.py:1018] -   ✓ HAB Detection: True
2025-07-22 10:54:50,392 - INFO - [sentinel2_tss_pipeline.py:1019] - Note: Only Sentinel-2 compatible algorithms included
2025-07-22 10:54:50,392 - INFO - [sentinel2_tss_pipeline.py:3445] - Initialized Unified S2-TSS Processor - Mode: complete_pipeline
2025-07-22 10:54:50,393 - INFO - [sentinel2_tss_pipeline.py:5828] - TEST MODE: Processing only 2 products
2025-07-22 10:54:50,394 - INFO - [sentinel2_tss_pipeline.py:3519] - 
--------------------------------------------------------------------------------
2025-07-22 10:54:50,394 - INFO - [sentinel2_tss_pipeline.py:3520] - Processing 1/2: S2A_MSIL1C_20190105T112441_N0500_R037_T29TNF_20221215T164753
2025-07-22 10:54:50,395 - INFO - [sentinel2_tss_pipeline.py:3521] - Mode: complete_pipeline
2025-07-22 10:54:50,395 - INFO - [sentinel2_tss_pipeline.py:3522] - --------------------------------------------------------------------------------
2025-07-22 10:54:50,396 - INFO - [sentinel2_tss_pipeline.py:2792] - Processing: S2A_MSIL1C_20190105T112441_N0500_R037_T29TNF_20221215T164753.zip
2025-07-22 10:54:50,397 - INFO - [sentinel2_tss_pipeline.py:2793] -   Mode: complete_pipeline
2025-07-22 10:54:50,398 - INFO - [sentinel2_tss_pipeline.py:2794] -   Resolution: 10m
2025-07-22 10:54:50,398 - INFO - [sentinel2_tss_pipeline.py:2795] -   ECMWF: True
2025-07-22 10:54:50,400 - INFO - [sentinel2_tss_pipeline.py:2941] - Starting COMPLETE S2 processing (all bands for current + future modules)...
2025-07-22 10:55:09,454 - ERROR - [sentinel2_tss_pipeline.py:2963] - ❌ GPT processing failed
2025-07-22 10:55:09,455 - ERROR - [sentinel2_tss_pipeline.py:2964] - Return code: 1
2025-07-22 10:55:09,456 - ERROR - [sentinel2_tss_pipeline.py:2966] - GPT stderr: INFO: org.esa.snap.core.gpf.operators.tooladapter.ToolAdapterIO: Initializing external tool adapters
INFO: org.esa.snap.core.util.EngineVersionCheckActivator: Please check regularly for new updates for the best SNAP experience.
1722 [main] INFO hdf.hdflib.HDFLibrary - HDF4 library: 
1722 [main] INFO hdf.hdflib.HDFLibrary -  successfully loaded.
1729 [main] INFO hdf.hdf5lib.H5 - HDF5 library: 
1729 [main] INFO hdf.hdf5lib.H5 -  successfully loaded.
INFO: eu.esa.opt.dataio.s2.ortho.S2OrthoProductReaderPlugIn: Building product reader - EPSG:32629
WARNING: org.esa.snap.core.metadata.GenericXmlMetadata: Metadata: the path to element [metadata_level] does not exist
WARNING: org.esa.snap.core.metadata.GenericXmlMetadata: Metadata: the path to element [granuleidentifier] does not exist
WARNING: org.esa.snap.core.metadata.GenericXmlMetadata: Metadata: the path to element [bandid] does not exist

Error: [NodeId: c2rcc_msi] Source must be a resampled S2 MSI L1C product
org.esa.snap.core.gpf.graph...
2025-07-22 10:55:09,457 - ERROR - [sentinel2_tss_pipeline.py:2910] - ❌ S2 processing FAILED: S2A_MSIL1C_20190105T112441_N0500_R037_T29TNF_20221215T164753.zip
2025-07-22 10:55:09,457 - INFO - [sentinel2_tss_pipeline.py:3555] - ✓ Processing completed: 0 products generated
2025-07-22 10:55:09,623 - INFO - [sentinel2_tss_pipeline.py:3604] - → Progress: 1/2 (50.0%), ETA: 0.4 minutes
2025-07-22 10:55:09,624 - INFO - [sentinel2_tss_pipeline.py:3519] - 
--------------------------------------------------------------------------------
2025-07-22 10:55:09,625 - INFO - [sentinel2_tss_pipeline.py:3520] - Processing 2/2: S2A_MSIL1C_20190108T113441_N0500_R080_T29TNF_20221217T102306
2025-07-22 10:55:09,626 - INFO - [sentinel2_tss_pipeline.py:3521] - Mode: complete_pipeline
2025-07-22 10:55:09,626 - INFO - [sentinel2_tss_pipeline.py:3522] - --------------------------------------------------------------------------------
2025-07-22 10:55:09,627 - INFO - [sentinel2_tss_pipeline.py:2792] - Processing: S2A_MSIL1C_20190108T113441_N0500_R080_T29TNF_20221217T102306.zip
2025-07-22 10:55:09,628 - INFO - [sentinel2_tss_pipeline.py:2793] -   Mode: complete_pipeline
2025-07-22 10:55:09,628 - INFO - [sentinel2_tss_pipeline.py:2794] -   Resolution: 10m
2025-07-22 10:55:09,628 - INFO - [sentinel2_tss_pipeline.py:2795] -   ECMWF: True
2025-07-22 10:55:09,630 - INFO - [sentinel2_tss_pipeline.py:2941] - Starting COMPLETE S2 processing (all bands for current + future modules)...
2025-07-22 10:55:26,912 - ERROR - [sentinel2_tss_pipeline.py:2963] - ❌ GPT processing failed
2025-07-22 10:55:26,913 - ERROR - [sentinel2_tss_pipeline.py:2964] - Return code: 1
2025-07-22 10:55:26,914 - ERROR - [sentinel2_tss_pipeline.py:2966] - GPT stderr: INFO: org.esa.snap.core.gpf.operators.tooladapter.ToolAdapterIO: Initializing external tool adapters
INFO: org.esa.snap.core.util.EngineVersionCheckActivator: Please check regularly for new updates for the best SNAP experience.
1609 [main] INFO hdf.hdflib.HDFLibrary - HDF4 library: 
1609 [main] INFO hdf.hdflib.HDFLibrary -  successfully loaded.
1614 [main] INFO hdf.hdf5lib.H5 - HDF5 library: 
1614 [main] INFO hdf.hdf5lib.H5 -  successfully loaded.
INFO: eu.esa.opt.dataio.s2.ortho.S2OrthoProductReaderPlugIn: Building product reader - EPSG:32629
WARNING: org.esa.snap.core.metadata.GenericXmlMetadata: Metadata: the path to element [metadata_level] does not exist
WARNING: org.esa.snap.core.metadata.GenericXmlMetadata: Metadata: the path to element [granuleidentifier] does not exist
WARNING: org.esa.snap.core.metadata.GenericXmlMetadata: Metadata: the path to element [bandid] does not exist

Error: [NodeId: c2rcc_msi] Source must be a resampled S2 MSI L1C product
org.esa.snap.core.gpf.graph...
2025-07-22 10:55:26,914 - ERROR - [sentinel2_tss_pipeline.py:2910] - ❌ S2 processing FAILED: S2A_MSIL1C_20190108T113441_N0500_R080_T29TNF_20221217T102306.zip
2025-07-22 10:55:26,915 - INFO - [sentinel2_tss_pipeline.py:3555] - ✓ Processing completed: 0 products generated
2025-07-22 10:55:27,075 - INFO - [sentinel2_tss_pipeline.py:3604] - → Progress: 2/2 (100.0%), ETA: 0.0 minutes
