2025-07-22 10:15:10,127 - INFO - [sentinel2_tss_pipeline.py:6320] - ================================================================================
2025-07-22 10:15:10,128 - INFO - [sentinel2_tss_pipeline.py:6321] - UNIFIED S2 PROCESSING & TSS ESTIMATION PIPELINE v1.0
2025-07-22 10:15:10,128 - INFO - [sentinel2_tss_pipeline.py:6322] - ================================================================================
2025-07-22 10:15:10,129 - INFO - [sentinel2_tss_pipeline.py:6323] - SNAP_HOME: C:\Program Files\esa-snap
2025-07-22 10:15:10,130 - INFO - [sentinel2_tss_pipeline.py:6324] - GPT: C:\Program Files\esa-snap\bin\gpt.exe
2025-07-22 10:15:10,137 - INFO - [sentinel2_tss_pipeline.py:6325] - Python: 3.9.22 | packaged by conda-forge | (main, Apr 10 2025, 22:07:06) [MSC v.1929 64 bit (AMD64)]
2025-07-22 10:15:10,138 - INFO - [sentinel2_tss_pipeline.py:6326] - Platform: win32
2025-07-22 10:15:10,138 - INFO - [sentinel2_tss_pipeline.py:6327] - Working Directory: C:\Users\pedro.goncalves\OneDrive - LNEG - Laboratorio Nacional de Energia e Geologia\GitHub\sentinel2-tss-pipeline
2025-07-22 10:15:10,139 - INFO - [sentinel2_tss_pipeline.py:6328] - ================================================================================
2025-07-22 10:15:10,140 - INFO - [sentinel2_tss_pipeline.py:6337] - Starting GUI application...
2025-07-22 10:16:04,206 - INFO - [sentinel2_tss_pipeline.py:2491] - SNAP_HOME: C:\Program Files\esa-snap
2025-07-22 10:16:09,693 - INFO - [sentinel2_tss_pipeline.py:2502] - ✓ GPT validated: C:\Program Files\esa-snap\bin\gpt.exe
2025-07-22 10:16:09,694 - INFO - [sentinel2_tss_pipeline.py:2552] - Processing with spatial subset - using correct order for C2RCC
2025-07-22 10:16:09,696 - INFO - [sentinel2_tss_pipeline.py:2698] - WORKING S2 processing graph saved: s2_complete_processing_with_subset.xml
2025-07-22 10:16:09,697 - INFO - [sentinel2_tss_pipeline.py:2531] - ✓ Processing graph created for mode: complete_pipeline
2025-07-22 10:16:09,697 - INFO - [sentinel2_tss_pipeline.py:2068] - Initialized Advanced Aquatic Processor with scientific algorithms
2025-07-22 10:16:09,698 - INFO - [sentinel2_tss_pipeline.py:1010] - Initialized Jiang TSS Processor with clean methodology
2025-07-22 10:16:09,698 - INFO - [sentinel2_tss_pipeline.py:1013] - Jiang TSS enabled: True
2025-07-22 10:16:09,699 - INFO - [sentinel2_tss_pipeline.py:1014] - Advanced algorithms enabled: True
2025-07-22 10:16:09,700 - INFO - [sentinel2_tss_pipeline.py:1016] - Working algorithms available:
2025-07-22 10:16:09,700 - INFO - [sentinel2_tss_pipeline.py:1017] -   ✓ Water Clarity: True
2025-07-22 10:16:09,701 - INFO - [sentinel2_tss_pipeline.py:1018] -   ✓ HAB Detection: True
2025-07-22 10:16:09,701 - INFO - [sentinel2_tss_pipeline.py:1019] - Note: Only Sentinel-2 compatible algorithms included
2025-07-22 10:16:09,702 - INFO - [sentinel2_tss_pipeline.py:3458] - Initialized Unified S2-TSS Processor - Mode: complete_pipeline
2025-07-22 10:16:09,703 - INFO - [sentinel2_tss_pipeline.py:5841] - TEST MODE: Processing only 2 products
2025-07-22 10:16:09,704 - INFO - [sentinel2_tss_pipeline.py:3532] - 
--------------------------------------------------------------------------------
2025-07-22 10:16:09,704 - INFO - [sentinel2_tss_pipeline.py:3533] - Processing 1/2: S2A_MSIL1C_20190105T112441_N0500_R037_T29TNF_20221215T164753
2025-07-22 10:16:09,705 - INFO - [sentinel2_tss_pipeline.py:3534] - Mode: complete_pipeline
2025-07-22 10:16:09,705 - INFO - [sentinel2_tss_pipeline.py:3535] - --------------------------------------------------------------------------------
2025-07-22 10:16:09,706 - INFO - [sentinel2_tss_pipeline.py:2805] - Processing: S2A_MSIL1C_20190105T112441_N0500_R037_T29TNF_20221215T164753.zip
2025-07-22 10:16:09,707 - INFO - [sentinel2_tss_pipeline.py:2806] -   Mode: complete_pipeline
2025-07-22 10:16:09,708 - INFO - [sentinel2_tss_pipeline.py:2807] -   Resolution: 10m
2025-07-22 10:16:09,708 - INFO - [sentinel2_tss_pipeline.py:2808] -   ECMWF: True
2025-07-22 10:16:09,711 - INFO - [sentinel2_tss_pipeline.py:2954] - Starting COMPLETE S2 processing (all bands for current + future modules)...
2025-07-22 10:16:29,484 - ERROR - [sentinel2_tss_pipeline.py:2976] - ❌ GPT processing failed
2025-07-22 10:16:29,484 - ERROR - [sentinel2_tss_pipeline.py:2977] - Return code: 1
2025-07-22 10:16:29,485 - ERROR - [sentinel2_tss_pipeline.py:2979] - GPT stderr: INFO: org.esa.snap.core.gpf.operators.tooladapter.ToolAdapterIO: Initializing external tool adapters
INFO: org.esa.snap.core.util.EngineVersionCheckActivator: Please check regularly for new updates for the best SNAP experience.
INFO: eu.esa.opt.dataio.s2.ortho.S2OrthoProductReaderPlugIn: Building product reader - EPSG:32629
WARNING: org.esa.snap.core.metadata.GenericXmlMetadata: Metadata: the path to element [metadata_level] does not exist
WARNING: org.esa.snap.core.metadata.GenericXmlMetadata: Metadata: the path to element [granuleidentifier] does not exist
WARNING: org.esa.snap.core.metadata.GenericXmlMetadata: Metadata: the path to element [bandid] does not exist

Error: [NodeId: c2rcc_msi] Source must be a resampled S2 MSI L1C product
org.esa.snap.core.gpf.graph.GraphException: [NodeId: c2rcc_msi] Source must be a resampled S2 MSI L1C product
	at org.esa.snap.core.gpf.graph.NodeContext.initTargetProduct(NodeContext.java:79)
	at org.esa.snap.core.gpf.graph.GraphContext.initNodeConte...
2025-07-22 10:16:29,486 - ERROR - [sentinel2_tss_pipeline.py:2923] - ❌ S2 processing FAILED: S2A_MSIL1C_20190105T112441_N0500_R037_T29TNF_20221215T164753.zip
2025-07-22 10:16:29,487 - INFO - [sentinel2_tss_pipeline.py:3568] - ✓ Processing completed: 0 products generated
2025-07-22 10:16:29,688 - INFO - [sentinel2_tss_pipeline.py:3617] - → Progress: 1/2 (50.0%), ETA: 0.4 minutes
2025-07-22 10:16:29,690 - INFO - [sentinel2_tss_pipeline.py:3532] - 
--------------------------------------------------------------------------------
2025-07-22 10:16:29,691 - INFO - [sentinel2_tss_pipeline.py:3533] - Processing 2/2: S2A_MSIL1C_20190108T113441_N0500_R080_T29TNF_20221217T102306
2025-07-22 10:16:29,691 - INFO - [sentinel2_tss_pipeline.py:3534] - Mode: complete_pipeline
2025-07-22 10:16:29,692 - INFO - [sentinel2_tss_pipeline.py:3535] - --------------------------------------------------------------------------------
2025-07-22 10:16:29,693 - INFO - [sentinel2_tss_pipeline.py:2805] - Processing: S2A_MSIL1C_20190108T113441_N0500_R080_T29TNF_20221217T102306.zip
2025-07-22 10:16:29,694 - INFO - [sentinel2_tss_pipeline.py:2806] -   Mode: complete_pipeline
2025-07-22 10:16:29,694 - INFO - [sentinel2_tss_pipeline.py:2807] -   Resolution: 10m
2025-07-22 10:16:29,695 - INFO - [sentinel2_tss_pipeline.py:2808] -   ECMWF: True
2025-07-22 10:16:29,697 - INFO - [sentinel2_tss_pipeline.py:2954] - Starting COMPLETE S2 processing (all bands for current + future modules)...
2025-07-22 10:16:47,303 - ERROR - [sentinel2_tss_pipeline.py:2976] - ❌ GPT processing failed
2025-07-22 10:16:47,304 - ERROR - [sentinel2_tss_pipeline.py:2977] - Return code: 1
2025-07-22 10:16:47,304 - ERROR - [sentinel2_tss_pipeline.py:2979] - GPT stderr: INFO: org.esa.snap.core.gpf.operators.tooladapter.ToolAdapterIO: Initializing external tool adapters
INFO: org.esa.snap.core.util.EngineVersionCheckActivator: Please check regularly for new updates for the best SNAP experience.
INFO: eu.esa.opt.dataio.s2.ortho.S2OrthoProductReaderPlugIn: Building product reader - EPSG:32629
WARNING: org.esa.snap.core.metadata.GenericXmlMetadata: Metadata: the path to element [metadata_level] does not exist
WARNING: org.esa.snap.core.metadata.GenericXmlMetadata: Metadata: the path to element [granuleidentifier] does not exist
WARNING: org.esa.snap.core.metadata.GenericXmlMetadata: Metadata: the path to element [bandid] does not exist

Error: [NodeId: c2rcc_msi] Source must be a resampled S2 MSI L1C product
org.esa.snap.core.gpf.graph.GraphException: [NodeId: c2rcc_msi] Source must be a resampled S2 MSI L1C product
	at org.esa.snap.core.gpf.graph.NodeContext.initTargetProduct(NodeContext.java:79)
	at org.esa.snap.core.gpf.graph.GraphContext.initNodeConte...
2025-07-22 10:16:47,305 - ERROR - [sentinel2_tss_pipeline.py:2923] - ❌ S2 processing FAILED: S2A_MSIL1C_20190108T113441_N0500_R080_T29TNF_20221217T102306.zip
2025-07-22 10:16:47,306 - INFO - [sentinel2_tss_pipeline.py:3568] - ✓ Processing completed: 0 products generated
2025-07-22 10:16:47,585 - INFO - [sentinel2_tss_pipeline.py:3617] - → Progress: 2/2 (100.0%), ETA: 0.0 minutes
2025-07-22 10:17:35,916 - INFO - [sentinel2_tss_pipeline.py:6341] - Application finished successfully
