2025-07-21 12:49:22,993 - INFO - [sentinel2_tss_pipeline.py:6102] - ================================================================================
2025-07-21 12:49:22,994 - INFO - [sentinel2_tss_pipeline.py:6103] - UNIFIED S2 PROCESSING & TSS ESTIMATION PIPELINE v1.0
2025-07-21 12:49:22,994 - INFO - [sentinel2_tss_pipeline.py:6104] - ================================================================================
2025-07-21 12:49:22,995 - INFO - [sentinel2_tss_pipeline.py:6105] - SNAP_HOME: C:\Program Files\esa-snap
2025-07-21 12:49:22,996 - INFO - [sentinel2_tss_pipeline.py:6106] - GPT: C:\Program Files\esa-snap\bin\gpt.exe
2025-07-21 12:49:22,996 - INFO - [sentinel2_tss_pipeline.py:6107] - Python: 3.9.22 | packaged by conda-forge | (main, Apr 10 2025, 22:07:06) [MSC v.1929 64 bit (AMD64)]
2025-07-21 12:49:22,997 - INFO - [sentinel2_tss_pipeline.py:6108] - Platform: win32
2025-07-21 12:49:22,997 - INFO - [sentinel2_tss_pipeline.py:6109] - Working Directory: C:\Users\pedro.goncalves\OneDrive - LNEG - Laboratorio Nacional de Energia e Geologia\GitHub\sentinel2-tss-pipeline
2025-07-21 12:49:22,998 - INFO - [sentinel2_tss_pipeline.py:6110] - ================================================================================
2025-07-21 12:49:22,999 - INFO - [sentinel2_tss_pipeline.py:6119] - Starting GUI application...
2025-07-21 12:55:23,337 - INFO - [sentinel2_tss_pipeline.py:2477] - SNAP_HOME: C:\Program Files\esa-snap
2025-07-21 12:55:27,860 - INFO - [sentinel2_tss_pipeline.py:2488] - ✓ GPT validated: C:\Program Files\esa-snap\bin\gpt.exe
2025-07-21 12:55:27,863 - INFO - [sentinel2_tss_pipeline.py:2595] - Complete processing graph saved: s2_complete_processing_with_subset.xml
2025-07-21 12:55:27,863 - INFO - [sentinel2_tss_pipeline.py:2517] - ✓ Processing graph created for mode: complete_pipeline
2025-07-21 12:55:27,864 - INFO - [sentinel2_tss_pipeline.py:2054] - Initialized Advanced Aquatic Processor with scientific algorithms
2025-07-21 12:55:27,865 - INFO - [sentinel2_tss_pipeline.py:1010] - Initialized Jiang TSS Processor with clean methodology
2025-07-21 12:55:27,865 - INFO - [sentinel2_tss_pipeline.py:1013] - Jiang TSS enabled: True
2025-07-21 12:55:27,866 - INFO - [sentinel2_tss_pipeline.py:1014] - Advanced algorithms enabled: True
2025-07-21 12:55:27,867 - INFO - [sentinel2_tss_pipeline.py:1016] - Working algorithms available:
2025-07-21 12:55:27,867 - INFO - [sentinel2_tss_pipeline.py:1017] -   ✓ Water Clarity: True
2025-07-21 12:55:27,868 - INFO - [sentinel2_tss_pipeline.py:1018] -   ✓ HAB Detection: True
2025-07-21 12:55:27,868 - INFO - [sentinel2_tss_pipeline.py:1019] - Note: Only Sentinel-2 compatible algorithms included
2025-07-21 12:55:27,869 - INFO - [sentinel2_tss_pipeline.py:3240] - Initialized Unified S2-TSS Processor - Mode: complete_pipeline
2025-07-21 12:55:27,869 - INFO - [sentinel2_tss_pipeline.py:5623] - TEST MODE: Processing only 2 products
2025-07-21 12:55:27,870 - INFO - [sentinel2_tss_pipeline.py:3314] - 
--------------------------------------------------------------------------------
2025-07-21 12:55:27,870 - INFO - [sentinel2_tss_pipeline.py:3315] - Processing 1/2: S2A_MSIL1C_20190105T112441_N0500_R037_T29TNF_20221215T164753
2025-07-21 12:55:27,871 - INFO - [sentinel2_tss_pipeline.py:3316] - Mode: complete_pipeline
2025-07-21 12:55:27,871 - INFO - [sentinel2_tss_pipeline.py:3317] - --------------------------------------------------------------------------------
2025-07-21 12:55:27,872 - INFO - [sentinel2_tss_pipeline.py:2764] - Processing: S2A_MSIL1C_20190105T112441_N0500_R037_T29TNF_20221215T164753.zip
2025-07-21 12:55:27,873 - INFO - [sentinel2_tss_pipeline.py:2765] -   Mode: complete_pipeline
2025-07-21 12:55:27,873 - INFO - [sentinel2_tss_pipeline.py:2766] -   Resolution: 10m
2025-07-21 12:55:27,874 - INFO - [sentinel2_tss_pipeline.py:2767] -   ECMWF: True
2025-07-21 12:55:27,876 - INFO - [sentinel2_tss_pipeline.py:2913] - Starting S2 processing with C2RCC...
2025-07-21 13:00:59,971 - INFO - [sentinel2_tss_pipeline.py:3029] - 🔍 DEBUG: Checking for rhow bands in: D:/GSEU_WP5/02_TSS_Results\C2RCC_Products\Resampled_S2A_20190105T112441_T29TNF_Subset_C2RCC.data
2025-07-21 13:00:59,971 - INFO - [sentinel2_tss_pipeline.py:3047] - 🔍 DEBUG: rhow_B1.img does not exist
2025-07-21 13:00:59,971 - INFO - [sentinel2_tss_pipeline.py:3047] - 🔍 DEBUG: rhow_B2.img does not exist
2025-07-21 13:00:59,979 - INFO - [sentinel2_tss_pipeline.py:3047] - 🔍 DEBUG: rhow_B3.img does not exist
2025-07-21 13:00:59,979 - INFO - [sentinel2_tss_pipeline.py:3047] - 🔍 DEBUG: rhow_B4.img does not exist
2025-07-21 13:00:59,980 - INFO - [sentinel2_tss_pipeline.py:3047] - 🔍 DEBUG: rhow_B5.img does not exist
2025-07-21 13:00:59,981 - INFO - [sentinel2_tss_pipeline.py:3047] - 🔍 DEBUG: rhow_B6.img does not exist
2025-07-21 13:00:59,981 - INFO - [sentinel2_tss_pipeline.py:3047] - 🔍 DEBUG: rhow_B7.img does not exist
2025-07-21 13:00:59,982 - INFO - [sentinel2_tss_pipeline.py:3047] - 🔍 DEBUG: rhow_B8A.img does not exist
2025-07-21 13:00:59,982 - INFO - [sentinel2_tss_pipeline.py:3086] - ============================================================
2025-07-21 13:00:59,983 - INFO - [sentinel2_tss_pipeline.py:3087] - C2RCC OUTPUT VERIFICATION REPORT
2025-07-21 13:00:59,983 - INFO - [sentinel2_tss_pipeline.py:3088] - ============================================================
2025-07-21 13:00:59,984 - INFO - [sentinel2_tss_pipeline.py:3091] - C2RCC file: Resampled_S2A_20190105T112441_T29TNF_Subset_C2RCC.dim (20.8 MB)
2025-07-21 13:00:59,984 - INFO - [sentinel2_tss_pipeline.py:3092] - Data folder: Resampled_S2A_20190105T112441_T29TNF_Subset_C2RCC.data
2025-07-21 13:00:59,984 - INFO - [sentinel2_tss_pipeline.py:3095] - 
🧪 SNAP TSM/CHL PRODUCTS (Critical for Analysis):
2025-07-21 13:00:59,984 - INFO - [sentinel2_tss_pipeline.py:3107] - ℹ️  TSM/CHL products will be calculated from IOP products
2025-07-21 13:00:59,984 - INFO - [sentinel2_tss_pipeline.py:3108] -    Using SNAP formulas:
2025-07-21 13:00:59,984 - INFO - [sentinel2_tss_pipeline.py:3109] -    • TSM = TSMfac * (bpart + bwit)^TSMexp
2025-07-21 13:00:59,984 - INFO - [sentinel2_tss_pipeline.py:3110] -    • CHL = apig^CHLexp * CHLfac
2025-07-21 13:00:59,984 - INFO - [sentinel2_tss_pipeline.py:3113] - 
🔬 SNAP IOP PRODUCTS (5/6 available):
2025-07-21 13:00:59,984 - INFO - [sentinel2_tss_pipeline.py:3118] -    ✓ iop_apig.img (128414.5 KB)
2025-07-21 13:00:59,984 - INFO - [sentinel2_tss_pipeline.py:3118] -    ✓ iop_adet.img (128414.5 KB)
2025-07-21 13:00:59,989 - INFO - [sentinel2_tss_pipeline.py:3118] -    ✓ iop_agelb.img (128414.5 KB)
2025-07-21 13:00:59,989 - INFO - [sentinel2_tss_pipeline.py:3118] -    ✓ iop_bpart.img (128414.5 KB)
2025-07-21 13:00:59,989 - INFO - [sentinel2_tss_pipeline.py:3118] -    ✓ iop_bwit.img (128414.5 KB)
2025-07-21 13:00:59,989 - INFO - [sentinel2_tss_pipeline.py:3118] -    ✗ iop_btot.img (missing/empty)
2025-07-21 13:00:59,991 - INFO - [sentinel2_tss_pipeline.py:3121] - 
🌊 JIANG TSS READINESS (0/8 bands):
2025-07-21 13:00:59,991 - WARNING - [sentinel2_tss_pipeline.py:3125] - ⚠ PARTIAL: Only 0/8 rhow bands available
2025-07-21 13:00:59,991 - WARNING - [sentinel2_tss_pipeline.py:3127] -    Missing bands: ['rhow_B1.img', 'rhow_B2.img', 'rhow_B3.img', 'rhow_B4.img', 'rhow_B5.img', 'rhow_B6.img', 'rhow_B7.img', 'rhow_B8A.img']
2025-07-21 13:00:59,991 - INFO - [sentinel2_tss_pipeline.py:3130] - 
📊 OVERALL ASSESSMENT:
2025-07-21 13:00:59,991 - WARNING - [sentinel2_tss_pipeline.py:3139] - ⚠ LIMITED: Missing critical components
2025-07-21 13:00:59,991 - INFO - [sentinel2_tss_pipeline.py:3141] - ============================================================
2025-07-21 13:00:59,991 - INFO - [sentinel2_tss_pipeline.py:2834] - ✅ S2 processing SUCCESS: S2A_MSIL1C_20190105T112441_N0500_R037_T29TNF_20221215T164753.zip
2025-07-21 13:00:59,991 - INFO - [sentinel2_tss_pipeline.py:2835] -    Output: Resampled_S2A_20190105T112441_T29TNF_Subset_C2RCC.dim (20.8MB)
2025-07-21 13:00:59,991 - INFO - [sentinel2_tss_pipeline.py:2836] -    Processing time: 5.5 minutes
2025-07-21 13:00:59,991 - INFO - [sentinel2_tss_pipeline.py:2843] - Calculating missing SNAP TSM/CHL concentrations from IOP products...
2025-07-21 13:00:59,991 - INFO - [sentinel2_tss_pipeline.py:760] - SNAP TSM/CHL Calculator initialized:
2025-07-21 13:00:59,991 - INFO - [sentinel2_tss_pipeline.py:761] -   TSM formula: TSM = 1.06 * (bpart + bwit)^0.942
2025-07-21 13:00:59,991 - INFO - [sentinel2_tss_pipeline.py:762] -   CHL formula: CHL = apig^1.04 * 21.0
2025-07-21 13:00:59,991 - INFO - [sentinel2_tss_pipeline.py:767] - Calculating SNAP TSM/CHL from IOP products...
2025-07-21 13:01:00,237 - INFO - [sentinel2_tss_pipeline.py:793] - ✓ Loaded apig: (10980, 2994), mean=0.0340
2025-07-21 13:01:00,467 - INFO - [sentinel2_tss_pipeline.py:793] - ✓ Loaded bpart: (10980, 2994), mean=0.5250
2025-07-21 13:01:00,716 - INFO - [sentinel2_tss_pipeline.py:793] - ✓ Loaded bwit: (10980, 2994), mean=0.1841
2025-07-21 13:01:00,716 - INFO - [sentinel2_tss_pipeline.py:803] - Calculating CHL concentration from iop_apig...
2025-07-21 13:01:01,164 - INFO - [sentinel2_tss_pipeline.py:832] - CHL calculation: 27075849 valid pixels out of 27075849 processed
2025-07-21 13:01:02,773 - INFO - [sentinel2_tss_pipeline.py:559] - Successfully wrote raster: conc_chl.img
2025-07-21 13:01:02,944 - INFO - [sentinel2_tss_pipeline.py:851] - ✓ CHL concentration saved: 82.4% coverage, mean=0.797 mg/m³
2025-07-21 13:01:02,944 - INFO - [sentinel2_tss_pipeline.py:861] - Calculating TSM concentration from bpart + bwit (btot approximation)...
2025-07-21 13:01:03,439 - INFO - [sentinel2_tss_pipeline.py:893] - TSM calculation: 27075849 valid pixels out of 27075849 processed
2025-07-21 13:01:04,988 - INFO - [sentinel2_tss_pipeline.py:559] - Successfully wrote raster: conc_tsm.img
2025-07-21 13:01:05,159 - INFO - [sentinel2_tss_pipeline.py:912] - ✓ TSM concentration saved: 82.4% coverage, mean=0.882 g/m³
2025-07-21 13:01:05,190 - INFO - [sentinel2_tss_pipeline.py:2856] - ✅ SNAP TSM calculation successful!
2025-07-21 13:01:05,192 - INFO - [sentinel2_tss_pipeline.py:2859] - ✅ SNAP CHL calculation successful!
2025-07-21 13:01:05,192 - INFO - [sentinel2_tss_pipeline.py:3029] - 🔍 DEBUG: Checking for rhow bands in: D:/GSEU_WP5/02_TSS_Results\C2RCC_Products\Resampled_S2A_20190105T112441_T29TNF_Subset_C2RCC.data
2025-07-21 13:01:05,192 - INFO - [sentinel2_tss_pipeline.py:3047] - 🔍 DEBUG: rhow_B1.img does not exist
2025-07-21 13:01:05,192 - INFO - [sentinel2_tss_pipeline.py:3047] - 🔍 DEBUG: rhow_B2.img does not exist
2025-07-21 13:01:05,192 - INFO - [sentinel2_tss_pipeline.py:3047] - 🔍 DEBUG: rhow_B3.img does not exist
2025-07-21 13:01:05,192 - INFO - [sentinel2_tss_pipeline.py:3047] - 🔍 DEBUG: rhow_B4.img does not exist
2025-07-21 13:01:05,192 - INFO - [sentinel2_tss_pipeline.py:3047] - 🔍 DEBUG: rhow_B5.img does not exist
2025-07-21 13:01:05,192 - INFO - [sentinel2_tss_pipeline.py:3047] - 🔍 DEBUG: rhow_B6.img does not exist
2025-07-21 13:01:05,192 - INFO - [sentinel2_tss_pipeline.py:3047] - 🔍 DEBUG: rhow_B7.img does not exist
2025-07-21 13:01:05,201 - INFO - [sentinel2_tss_pipeline.py:3047] - 🔍 DEBUG: rhow_B8A.img does not exist
2025-07-21 13:01:05,202 - INFO - [sentinel2_tss_pipeline.py:3086] - ============================================================
2025-07-21 13:01:05,202 - INFO - [sentinel2_tss_pipeline.py:3087] - C2RCC OUTPUT VERIFICATION REPORT
2025-07-21 13:01:05,203 - INFO - [sentinel2_tss_pipeline.py:3088] - ============================================================
2025-07-21 13:01:05,203 - INFO - [sentinel2_tss_pipeline.py:3091] - C2RCC file: Resampled_S2A_20190105T112441_T29TNF_Subset_C2RCC.dim (20.8 MB)
2025-07-21 13:01:05,203 - INFO - [sentinel2_tss_pipeline.py:3092] - Data folder: Resampled_S2A_20190105T112441_T29TNF_Subset_C2RCC.data
2025-07-21 13:01:05,204 - INFO - [sentinel2_tss_pipeline.py:3095] - 
🧪 SNAP TSM/CHL PRODUCTS (Critical for Analysis):
2025-07-21 13:01:05,205 - INFO - [sentinel2_tss_pipeline.py:3097] - ✅ SUCCESS: Both TSM and CHL products available!
2025-07-21 13:01:05,205 - INFO - [sentinel2_tss_pipeline.py:3098] -    ✓ TSM: conc_tsm.img (0.0 KB)
2025-07-21 13:01:05,206 - INFO - [sentinel2_tss_pipeline.py:3099] -    ✓ CHL: conc_chl.img (0.0 KB)
2025-07-21 13:01:05,206 - INFO - [sentinel2_tss_pipeline.py:3104] -    ⚠ Uncertainties: Not available (calculated products)
2025-07-21 13:01:05,206 - INFO - [sentinel2_tss_pipeline.py:3113] - 
🔬 SNAP IOP PRODUCTS (5/6 available):
2025-07-21 13:01:05,206 - INFO - [sentinel2_tss_pipeline.py:3118] -    ✓ iop_apig.img (128414.5 KB)
2025-07-21 13:01:05,206 - INFO - [sentinel2_tss_pipeline.py:3118] -    ✓ iop_adet.img (128414.5 KB)
2025-07-21 13:01:05,206 - INFO - [sentinel2_tss_pipeline.py:3118] -    ✓ iop_agelb.img (128414.5 KB)
2025-07-21 13:01:05,206 - INFO - [sentinel2_tss_pipeline.py:3118] -    ✓ iop_bpart.img (128414.5 KB)
2025-07-21 13:01:05,206 - INFO - [sentinel2_tss_pipeline.py:3118] -    ✓ iop_bwit.img (128414.5 KB)
2025-07-21 13:01:05,206 - INFO - [sentinel2_tss_pipeline.py:3118] -    ✗ iop_btot.img (missing/empty)
2025-07-21 13:01:05,206 - INFO - [sentinel2_tss_pipeline.py:3121] - 
🌊 JIANG TSS READINESS (0/8 bands):
2025-07-21 13:01:05,211 - WARNING - [sentinel2_tss_pipeline.py:3125] - ⚠ PARTIAL: Only 0/8 rhow bands available
2025-07-21 13:01:05,211 - WARNING - [sentinel2_tss_pipeline.py:3127] -    Missing bands: ['rhow_B1.img', 'rhow_B2.img', 'rhow_B3.img', 'rhow_B4.img', 'rhow_B5.img', 'rhow_B6.img', 'rhow_B7.img', 'rhow_B8A.img']
2025-07-21 13:01:05,211 - INFO - [sentinel2_tss_pipeline.py:3130] - 
📊 OVERALL ASSESSMENT:
2025-07-21 13:01:05,211 - WARNING - [sentinel2_tss_pipeline.py:3139] - ⚠ LIMITED: Missing critical components
2025-07-21 13:01:05,213 - INFO - [sentinel2_tss_pipeline.py:3141] - ============================================================
2025-07-21 13:01:05,213 - INFO - [sentinel2_tss_pipeline.py:2864] - 📊 UPDATED SNAP PRODUCTS STATUS:
2025-07-21 13:01:05,213 - INFO - [sentinel2_tss_pipeline.py:2865] -    TSM=True, CHL=True, Uncertainties=False
2025-07-21 13:01:05,213 - INFO - [sentinel2_tss_pipeline.py:3155] - Starting TSS processing for S2A_MSIL1C_20190105T112441_N0500_R037_T29TNF_20221215T164753.zip
2025-07-21 13:01:05,213 - INFO - [sentinel2_tss_pipeline.py:2054] - Initialized Advanced Aquatic Processor with scientific algorithms
2025-07-21 13:01:05,213 - INFO - [sentinel2_tss_pipeline.py:1010] - Initialized Jiang TSS Processor with clean methodology
2025-07-21 13:01:05,213 - INFO - [sentinel2_tss_pipeline.py:1013] - Jiang TSS enabled: True
2025-07-21 13:01:05,213 - INFO - [sentinel2_tss_pipeline.py:1014] - Advanced algorithms enabled: True
2025-07-21 13:01:05,213 - INFO - [sentinel2_tss_pipeline.py:1016] - Working algorithms available:
2025-07-21 13:01:05,213 - INFO - [sentinel2_tss_pipeline.py:1017] -   ✓ Water Clarity: True
2025-07-21 13:01:05,213 - INFO - [sentinel2_tss_pipeline.py:1018] -   ✓ HAB Detection: True
2025-07-21 13:01:05,213 - INFO - [sentinel2_tss_pipeline.py:1019] - Note: Only Sentinel-2 compatible algorithms included
2025-07-21 13:01:05,213 - INFO - [sentinel2_tss_pipeline.py:1085] - Starting CORRECTED Jiang TSS processing for S2A_MSIL1C_20190105T112441_N0500_R037_T29TNF_20221215T164753.zip
2025-07-21 13:01:05,213 - ERROR - [sentinel2_tss_pipeline.py:1052] - Missing required bands: ['443nm (rhow_B1.img)', '490nm (rhow_B2.img)', '560nm (rhow_B3.img)', '665nm (rhow_B4.img)', '705nm (rhow_B5.img)', '740nm (rhow_B6.img)', '783nm (rhow_B7.img)', '865nm (rhow_B8A.img)']
2025-07-21 13:01:05,213 - ERROR - [sentinel2_tss_pipeline.py:3346] - Processing failed: Failed to load required bands
2025-07-21 13:01:05,337 - INFO - [sentinel2_tss_pipeline.py:3314] - 
--------------------------------------------------------------------------------
2025-07-21 13:01:05,337 - INFO - [sentinel2_tss_pipeline.py:3315] - Processing 2/2: S2A_MSIL1C_20190108T113441_N0500_R080_T29TNF_20221217T102306
2025-07-21 13:01:05,337 - INFO - [sentinel2_tss_pipeline.py:3316] - Mode: complete_pipeline
2025-07-21 13:01:05,337 - INFO - [sentinel2_tss_pipeline.py:3317] - --------------------------------------------------------------------------------
2025-07-21 13:01:05,337 - INFO - [sentinel2_tss_pipeline.py:2764] - Processing: S2A_MSIL1C_20190108T113441_N0500_R080_T29TNF_20221217T102306.zip
2025-07-21 13:01:05,337 - INFO - [sentinel2_tss_pipeline.py:2765] -   Mode: complete_pipeline
2025-07-21 13:01:05,337 - INFO - [sentinel2_tss_pipeline.py:2766] -   Resolution: 10m
2025-07-21 13:01:05,337 - INFO - [sentinel2_tss_pipeline.py:2767] -   ECMWF: True
2025-07-21 13:01:05,337 - INFO - [sentinel2_tss_pipeline.py:2913] - Starting S2 processing with C2RCC...
2025-07-21 13:06:33,071 - INFO - [sentinel2_tss_pipeline.py:3029] - 🔍 DEBUG: Checking for rhow bands in: D:/GSEU_WP5/02_TSS_Results\C2RCC_Products\Resampled_S2A_20190108T113441_T29TNF_Subset_C2RCC.data
2025-07-21 13:06:33,072 - INFO - [sentinel2_tss_pipeline.py:3047] - 🔍 DEBUG: rhow_B1.img does not exist
2025-07-21 13:06:33,073 - INFO - [sentinel2_tss_pipeline.py:3047] - 🔍 DEBUG: rhow_B2.img does not exist
2025-07-21 13:06:33,073 - INFO - [sentinel2_tss_pipeline.py:3047] - 🔍 DEBUG: rhow_B3.img does not exist
2025-07-21 13:06:33,074 - INFO - [sentinel2_tss_pipeline.py:3047] - 🔍 DEBUG: rhow_B4.img does not exist
2025-07-21 13:06:33,074 - INFO - [sentinel2_tss_pipeline.py:3047] - 🔍 DEBUG: rhow_B5.img does not exist
2025-07-21 13:06:33,074 - INFO - [sentinel2_tss_pipeline.py:3047] - 🔍 DEBUG: rhow_B6.img does not exist
2025-07-21 13:06:33,074 - INFO - [sentinel2_tss_pipeline.py:3047] - 🔍 DEBUG: rhow_B7.img does not exist
2025-07-21 13:06:33,074 - INFO - [sentinel2_tss_pipeline.py:3047] - 🔍 DEBUG: rhow_B8A.img does not exist
2025-07-21 13:06:33,074 - INFO - [sentinel2_tss_pipeline.py:3086] - ============================================================
2025-07-21 13:06:33,074 - INFO - [sentinel2_tss_pipeline.py:3087] - C2RCC OUTPUT VERIFICATION REPORT
2025-07-21 13:06:33,074 - INFO - [sentinel2_tss_pipeline.py:3088] - ============================================================
2025-07-21 13:06:33,074 - INFO - [sentinel2_tss_pipeline.py:3091] - C2RCC file: Resampled_S2A_20190108T113441_T29TNF_Subset_C2RCC.dim (20.7 MB)
2025-07-21 13:06:33,079 - INFO - [sentinel2_tss_pipeline.py:3092] - Data folder: Resampled_S2A_20190108T113441_T29TNF_Subset_C2RCC.data
2025-07-21 13:06:33,079 - INFO - [sentinel2_tss_pipeline.py:3095] - 
🧪 SNAP TSM/CHL PRODUCTS (Critical for Analysis):
2025-07-21 13:06:33,079 - INFO - [sentinel2_tss_pipeline.py:3107] - ℹ️  TSM/CHL products will be calculated from IOP products
2025-07-21 13:06:33,079 - INFO - [sentinel2_tss_pipeline.py:3108] -    Using SNAP formulas:
2025-07-21 13:06:33,081 - INFO - [sentinel2_tss_pipeline.py:3109] -    • TSM = TSMfac * (bpart + bwit)^TSMexp
2025-07-21 13:06:33,081 - INFO - [sentinel2_tss_pipeline.py:3110] -    • CHL = apig^CHLexp * CHLfac
2025-07-21 13:06:33,081 - INFO - [sentinel2_tss_pipeline.py:3113] - 
🔬 SNAP IOP PRODUCTS (5/6 available):
2025-07-21 13:06:33,081 - INFO - [sentinel2_tss_pipeline.py:3118] -    ✓ iop_apig.img (128414.5 KB)
2025-07-21 13:06:33,081 - INFO - [sentinel2_tss_pipeline.py:3118] -    ✓ iop_adet.img (128414.5 KB)
2025-07-21 13:06:33,081 - INFO - [sentinel2_tss_pipeline.py:3118] -    ✓ iop_agelb.img (128414.5 KB)
2025-07-21 13:06:33,081 - INFO - [sentinel2_tss_pipeline.py:3118] -    ✓ iop_bpart.img (128414.5 KB)
2025-07-21 13:06:33,081 - INFO - [sentinel2_tss_pipeline.py:3118] -    ✓ iop_bwit.img (128414.5 KB)
2025-07-21 13:06:33,081 - INFO - [sentinel2_tss_pipeline.py:3118] -    ✗ iop_btot.img (missing/empty)
2025-07-21 13:06:33,081 - INFO - [sentinel2_tss_pipeline.py:3121] - 
🌊 JIANG TSS READINESS (0/8 bands):
2025-07-21 13:06:33,081 - WARNING - [sentinel2_tss_pipeline.py:3125] - ⚠ PARTIAL: Only 0/8 rhow bands available
2025-07-21 13:06:33,081 - WARNING - [sentinel2_tss_pipeline.py:3127] -    Missing bands: ['rhow_B1.img', 'rhow_B2.img', 'rhow_B3.img', 'rhow_B4.img', 'rhow_B5.img', 'rhow_B6.img', 'rhow_B7.img', 'rhow_B8A.img']
2025-07-21 13:06:33,081 - INFO - [sentinel2_tss_pipeline.py:3130] - 
📊 OVERALL ASSESSMENT:
2025-07-21 13:06:33,081 - WARNING - [sentinel2_tss_pipeline.py:3139] - ⚠ LIMITED: Missing critical components
2025-07-21 13:06:33,081 - INFO - [sentinel2_tss_pipeline.py:3141] - ============================================================
2025-07-21 13:06:33,081 - INFO - [sentinel2_tss_pipeline.py:2834] - ✅ S2 processing SUCCESS: S2A_MSIL1C_20190108T113441_N0500_R080_T29TNF_20221217T102306.zip
2025-07-21 13:06:33,081 - INFO - [sentinel2_tss_pipeline.py:2835] -    Output: Resampled_S2A_20190108T113441_T29TNF_Subset_C2RCC.dim (20.7MB)
2025-07-21 13:06:33,089 - INFO - [sentinel2_tss_pipeline.py:2836] -    Processing time: 5.5 minutes
2025-07-21 13:06:33,089 - INFO - [sentinel2_tss_pipeline.py:2843] - Calculating missing SNAP TSM/CHL concentrations from IOP products...
2025-07-21 13:06:33,090 - INFO - [sentinel2_tss_pipeline.py:760] - SNAP TSM/CHL Calculator initialized:
2025-07-21 13:06:33,090 - INFO - [sentinel2_tss_pipeline.py:761] -   TSM formula: TSM = 1.06 * (bpart + bwit)^0.942
2025-07-21 13:06:33,091 - INFO - [sentinel2_tss_pipeline.py:762] -   CHL formula: CHL = apig^1.04 * 21.0
2025-07-21 13:06:33,091 - INFO - [sentinel2_tss_pipeline.py:767] - Calculating SNAP TSM/CHL from IOP products...
2025-07-21 13:06:33,308 - INFO - [sentinel2_tss_pipeline.py:793] - ✓ Loaded apig: (10980, 2994), mean=0.4889
2025-07-21 13:06:33,545 - INFO - [sentinel2_tss_pipeline.py:793] - ✓ Loaded bpart: (10980, 2994), mean=0.4945
2025-07-21 13:06:33,772 - INFO - [sentinel2_tss_pipeline.py:793] - ✓ Loaded bwit: (10980, 2994), mean=1.1904
2025-07-21 13:06:33,773 - INFO - [sentinel2_tss_pipeline.py:803] - Calculating CHL concentration from iop_apig...
2025-07-21 13:06:34,229 - INFO - [sentinel2_tss_pipeline.py:832] - CHL calculation: 27118445 valid pixels out of 27118445 processed
2025-07-21 13:06:35,719 - INFO - [sentinel2_tss_pipeline.py:559] - Successfully wrote raster: conc_chl.img
2025-07-21 13:06:35,904 - INFO - [sentinel2_tss_pipeline.py:851] - ✓ CHL concentration saved: 82.5% coverage, mean=12.265 mg/m³
2025-07-21 13:06:35,904 - INFO - [sentinel2_tss_pipeline.py:861] - Calculating TSM concentration from bpart + bwit (btot approximation)...
2025-07-21 13:06:36,380 - INFO - [sentinel2_tss_pipeline.py:893] - TSM calculation: 27118445 valid pixels out of 27118445 processed
2025-07-21 13:06:37,864 - INFO - [sentinel2_tss_pipeline.py:559] - Successfully wrote raster: conc_tsm.img
2025-07-21 13:06:38,031 - INFO - [sentinel2_tss_pipeline.py:912] - ✓ TSM concentration saved: 82.5% coverage, mean=2.031 g/m³
2025-07-21 13:06:38,058 - INFO - [sentinel2_tss_pipeline.py:2856] - ✅ SNAP TSM calculation successful!
2025-07-21 13:06:38,058 - INFO - [sentinel2_tss_pipeline.py:2859] - ✅ SNAP CHL calculation successful!
2025-07-21 13:06:38,058 - INFO - [sentinel2_tss_pipeline.py:3029] - 🔍 DEBUG: Checking for rhow bands in: D:/GSEU_WP5/02_TSS_Results\C2RCC_Products\Resampled_S2A_20190108T113441_T29TNF_Subset_C2RCC.data
2025-07-21 13:06:38,058 - INFO - [sentinel2_tss_pipeline.py:3047] - 🔍 DEBUG: rhow_B1.img does not exist
2025-07-21 13:06:38,058 - INFO - [sentinel2_tss_pipeline.py:3047] - 🔍 DEBUG: rhow_B2.img does not exist
2025-07-21 13:06:38,066 - INFO - [sentinel2_tss_pipeline.py:3047] - 🔍 DEBUG: rhow_B3.img does not exist
2025-07-21 13:06:38,067 - INFO - [sentinel2_tss_pipeline.py:3047] - 🔍 DEBUG: rhow_B4.img does not exist
2025-07-21 13:06:38,067 - INFO - [sentinel2_tss_pipeline.py:3047] - 🔍 DEBUG: rhow_B5.img does not exist
2025-07-21 13:06:38,068 - INFO - [sentinel2_tss_pipeline.py:3047] - 🔍 DEBUG: rhow_B6.img does not exist
2025-07-21 13:06:38,069 - INFO - [sentinel2_tss_pipeline.py:3047] - 🔍 DEBUG: rhow_B7.img does not exist
2025-07-21 13:06:38,069 - INFO - [sentinel2_tss_pipeline.py:3047] - 🔍 DEBUG: rhow_B8A.img does not exist
2025-07-21 13:06:38,070 - INFO - [sentinel2_tss_pipeline.py:3086] - ============================================================
2025-07-21 13:06:38,070 - INFO - [sentinel2_tss_pipeline.py:3087] - C2RCC OUTPUT VERIFICATION REPORT
2025-07-21 13:06:38,071 - INFO - [sentinel2_tss_pipeline.py:3088] - ============================================================
2025-07-21 13:06:38,071 - INFO - [sentinel2_tss_pipeline.py:3091] - C2RCC file: Resampled_S2A_20190108T113441_T29TNF_Subset_C2RCC.dim (20.7 MB)
2025-07-21 13:06:38,071 - INFO - [sentinel2_tss_pipeline.py:3092] - Data folder: Resampled_S2A_20190108T113441_T29TNF_Subset_C2RCC.data
2025-07-21 13:06:38,072 - INFO - [sentinel2_tss_pipeline.py:3095] - 
🧪 SNAP TSM/CHL PRODUCTS (Critical for Analysis):
2025-07-21 13:06:38,072 - INFO - [sentinel2_tss_pipeline.py:3097] - ✅ SUCCESS: Both TSM and CHL products available!
2025-07-21 13:06:38,072 - INFO - [sentinel2_tss_pipeline.py:3098] -    ✓ TSM: conc_tsm.img (0.0 KB)
2025-07-21 13:06:38,072 - INFO - [sentinel2_tss_pipeline.py:3099] -    ✓ CHL: conc_chl.img (0.0 KB)
2025-07-21 13:06:38,072 - INFO - [sentinel2_tss_pipeline.py:3104] -    ⚠ Uncertainties: Not available (calculated products)
2025-07-21 13:06:38,072 - INFO - [sentinel2_tss_pipeline.py:3113] - 
🔬 SNAP IOP PRODUCTS (5/6 available):
2025-07-21 13:06:38,072 - INFO - [sentinel2_tss_pipeline.py:3118] -    ✓ iop_apig.img (128414.5 KB)
2025-07-21 13:06:38,072 - INFO - [sentinel2_tss_pipeline.py:3118] -    ✓ iop_adet.img (128414.5 KB)
2025-07-21 13:06:38,072 - INFO - [sentinel2_tss_pipeline.py:3118] -    ✓ iop_agelb.img (128414.5 KB)
2025-07-21 13:06:38,072 - INFO - [sentinel2_tss_pipeline.py:3118] -    ✓ iop_bpart.img (128414.5 KB)
2025-07-21 13:06:38,077 - INFO - [sentinel2_tss_pipeline.py:3118] -    ✓ iop_bwit.img (128414.5 KB)
2025-07-21 13:06:38,077 - INFO - [sentinel2_tss_pipeline.py:3118] -    ✗ iop_btot.img (missing/empty)
2025-07-21 13:06:38,077 - INFO - [sentinel2_tss_pipeline.py:3121] - 
🌊 JIANG TSS READINESS (0/8 bands):
2025-07-21 13:06:38,077 - WARNING - [sentinel2_tss_pipeline.py:3125] - ⚠ PARTIAL: Only 0/8 rhow bands available
2025-07-21 13:06:38,077 - WARNING - [sentinel2_tss_pipeline.py:3127] -    Missing bands: ['rhow_B1.img', 'rhow_B2.img', 'rhow_B3.img', 'rhow_B4.img', 'rhow_B5.img', 'rhow_B6.img', 'rhow_B7.img', 'rhow_B8A.img']
2025-07-21 13:06:38,077 - INFO - [sentinel2_tss_pipeline.py:3130] - 
📊 OVERALL ASSESSMENT:
2025-07-21 13:06:38,077 - WARNING - [sentinel2_tss_pipeline.py:3139] - ⚠ LIMITED: Missing critical components
2025-07-21 13:06:38,077 - INFO - [sentinel2_tss_pipeline.py:3141] - ============================================================
2025-07-21 13:06:38,077 - INFO - [sentinel2_tss_pipeline.py:2864] - 📊 UPDATED SNAP PRODUCTS STATUS:
2025-07-21 13:06:38,077 - INFO - [sentinel2_tss_pipeline.py:2865] -    TSM=True, CHL=True, Uncertainties=False
2025-07-21 13:06:38,077 - INFO - [sentinel2_tss_pipeline.py:3155] - Starting TSS processing for S2A_MSIL1C_20190108T113441_N0500_R080_T29TNF_20221217T102306.zip
2025-07-21 13:06:38,077 - INFO - [sentinel2_tss_pipeline.py:2054] - Initialized Advanced Aquatic Processor with scientific algorithms
2025-07-21 13:06:38,077 - INFO - [sentinel2_tss_pipeline.py:1010] - Initialized Jiang TSS Processor with clean methodology
2025-07-21 13:06:38,077 - INFO - [sentinel2_tss_pipeline.py:1013] - Jiang TSS enabled: True
2025-07-21 13:06:38,077 - INFO - [sentinel2_tss_pipeline.py:1014] - Advanced algorithms enabled: True
2025-07-21 13:06:38,077 - INFO - [sentinel2_tss_pipeline.py:1016] - Working algorithms available:
2025-07-21 13:06:38,077 - INFO - [sentinel2_tss_pipeline.py:1017] -   ✓ Water Clarity: True
2025-07-21 13:06:38,077 - INFO - [sentinel2_tss_pipeline.py:1018] -   ✓ HAB Detection: True
2025-07-21 13:06:38,077 - INFO - [sentinel2_tss_pipeline.py:1019] - Note: Only Sentinel-2 compatible algorithms included
2025-07-21 13:06:38,077 - INFO - [sentinel2_tss_pipeline.py:1085] - Starting CORRECTED Jiang TSS processing for S2A_MSIL1C_20190108T113441_N0500_R080_T29TNF_20221217T102306.zip
2025-07-21 13:06:38,087 - ERROR - [sentinel2_tss_pipeline.py:1052] - Missing required bands: ['443nm (rhow_B1.img)', '490nm (rhow_B2.img)', '560nm (rhow_B3.img)', '665nm (rhow_B4.img)', '705nm (rhow_B5.img)', '740nm (rhow_B6.img)', '783nm (rhow_B7.img)', '865nm (rhow_B8A.img)']
2025-07-21 13:06:38,087 - ERROR - [sentinel2_tss_pipeline.py:3346] - Processing failed: Failed to load required bands
