2025-07-23 10:00:46,831 - INFO - [sentinel2_tss_pipeline.py:231] - Logging configured - File: unified_s2_tss_20250723_100046.log
2025-07-23 10:00:46,839 - INFO - [sentinel2_tss_pipeline.py:7635] - Auto-detected SNAP_HOME: C:\Program Files\esa-snap
2025-07-23 10:00:46,840 - INFO - [sentinel2_tss_pipeline.py:7676] - ================================================================================
2025-07-23 10:00:46,840 - INFO - [sentinel2_tss_pipeline.py:7677] - UNIFIED S2 PROCESSING & TSS ESTIMATION PIPELINE v1.0
2025-07-23 10:00:46,841 - INFO - [sentinel2_tss_pipeline.py:7678] - ================================================================================
2025-07-23 10:00:46,841 - INFO - [sentinel2_tss_pipeline.py:7679] - SNAP_HOME: C:\Program Files\esa-snap
2025-07-23 10:00:46,842 - INFO - [sentinel2_tss_pipeline.py:7680] - GPT: C:\Program Files\esa-snap\bin\gpt.exe
2025-07-23 10:00:46,843 - INFO - [sentinel2_tss_pipeline.py:7681] - Python: 3.9.22 | packaged by conda-forge | (main, Apr 10 2025, 22:07:06) [MSC v.1929 64 bit (AMD64)]
2025-07-23 10:00:46,843 - INFO - [sentinel2_tss_pipeline.py:7682] - Platform: win32
2025-07-23 10:00:46,844 - INFO - [sentinel2_tss_pipeline.py:7683] - Working Directory: C:\Users\pedro.goncalves\OneDrive - LNEG - Laboratorio Nacional de Energia e Geologia\GitHub\sentinel2-tss-pipeline
2025-07-23 10:00:46,845 - INFO - [sentinel2_tss_pipeline.py:7684] - ================================================================================
2025-07-23 10:00:46,845 - INFO - [sentinel2_tss_pipeline.py:7693] - Starting GUI application...
2025-07-23 10:00:46,992 - INFO - [sentinel2_tss_pipeline.py:5455] - Added enable_marine_visualization attribute (ENABLED)
2025-07-23 10:00:46,993 - INFO - [sentinel2_tss_pipeline.py:5459] - Added marine_viz_config attribute
2025-07-23 10:00:46,993 - INFO - [sentinel2_tss_pipeline.py:5469] - Creating MarineVisualizationConfig class for full functionality...
2025-07-23 10:00:46,994 - INFO - [sentinel2_tss_pipeline.py:5499] - ✓ Created complete MarineVisualizationConfig - ALL FEATURES ENABLED
2025-07-23 10:00:46,995 - INFO - [sentinel2_tss_pipeline.py:5537] - ============================================================
2025-07-23 10:00:46,996 - INFO - [sentinel2_tss_pipeline.py:5538] - MARINE VISUALIZATION SYSTEM STATUS:
2025-07-23 10:00:46,996 - INFO - [sentinel2_tss_pipeline.py:5539] - ✓ Marine visualization enabled: True
2025-07-23 10:00:46,997 - INFO - [sentinel2_tss_pipeline.py:5540] - ✓ Marine config created: True
2025-07-23 10:00:46,998 - INFO - [sentinel2_tss_pipeline.py:5543] - ENABLED MARINE VISUALIZATION FEATURES:
2025-07-23 10:00:46,998 - INFO - [sentinel2_tss_pipeline.py:5544] -   ✓ Natural color RGB: True
2025-07-23 10:00:46,999 - INFO - [sentinel2_tss_pipeline.py:5545] -   ✓ False color RGB: True
2025-07-23 10:00:46,999 - INFO - [sentinel2_tss_pipeline.py:5546] -   ✓ Water-specific RGB: True
2025-07-23 10:00:47,000 - INFO - [sentinel2_tss_pipeline.py:5547] -   ✓ Research RGB combinations: True
2025-07-23 10:00:47,001 - INFO - [sentinel2_tss_pipeline.py:5548] -   ✓ Water quality indices: True
2025-07-23 10:00:47,001 - INFO - [sentinel2_tss_pipeline.py:5549] -   ✓ Chlorophyll indices: True
2025-07-23 10:00:47,001 - INFO - [sentinel2_tss_pipeline.py:5550] -   ✓ Turbidity indices: True
2025-07-23 10:00:47,002 - INFO - [sentinel2_tss_pipeline.py:5551] -   ✓ Advanced indices: True
2025-07-23 10:00:47,002 - INFO - [sentinel2_tss_pipeline.py:5552] -   ✓ Contrast enhancement: True
2025-07-23 10:00:47,002 - INFO - [sentinel2_tss_pipeline.py:5554] - ✓ Advanced algorithms enabled: True
2025-07-23 10:00:47,003 - INFO - [sentinel2_tss_pipeline.py:5555] - ✓ Advanced config created: True
2025-07-23 10:00:47,003 - INFO - [sentinel2_tss_pipeline.py:5556] - ============================================================
2025-07-23 10:00:47,004 - INFO - [sentinel2_tss_pipeline.py:5557] - 🎨 MARINE VISUALIZATION SYSTEM READY FOR PRODUCTION! 🎨
2025-07-23 10:00:47,005 - INFO - [sentinel2_tss_pipeline.py:5558] - Expected outputs per product:
2025-07-23 10:00:47,005 - INFO - [sentinel2_tss_pipeline.py:5559] -   • Multiple RGB composites (natural, false color, water-specific)
2025-07-23 10:00:47,005 - INFO - [sentinel2_tss_pipeline.py:5560] -   • Water quality spectral indices (NDWI, NDCI, NDTI, etc.)
2025-07-23 10:00:47,007 - INFO - [sentinel2_tss_pipeline.py:5561] -   • Chlorophyll indices (CIG, etc.)
2025-07-23 10:00:47,007 - INFO - [sentinel2_tss_pipeline.py:5562] -   • Turbidity indices (TSI, etc.)
2025-07-23 10:00:47,008 - INFO - [sentinel2_tss_pipeline.py:5563] -   • Advanced marine indices (FUI, SDD, CDOM, etc.)
2025-07-23 10:00:47,009 - INFO - [sentinel2_tss_pipeline.py:5564] -   • All outputs in GeoTIFF format with metadata
2025-07-23 10:00:47,009 - INFO - [sentinel2_tss_pipeline.py:5565] - ============================================================
2025-07-23 10:02:06,254 - INFO - [sentinel2_tss_pipeline.py:6880] - ✓ Marine visualization settings updated from GUI
2025-07-23 10:02:06,255 - INFO - [sentinel2_tss_pipeline.py:6921] - Configuration update completed - Marine visualization OPERATIONAL!
2025-07-23 10:02:06,256 - INFO - [sentinel2_tss_pipeline.py:6937] - Active marine visualization features: Natural RGB, False Color RGB, Water-specific RGB, Water Quality Indices, Chlorophyll Indices, Turbidity Indices
2025-07-23 10:02:07,809 - INFO - [sentinel2_tss_pipeline.py:3457] - SNAP_HOME: C:\Program Files\esa-snap
2025-07-23 10:02:12,281 - INFO - [sentinel2_tss_pipeline.py:3468] - ✓ GPT validated: C:\Program Files\esa-snap\bin\gpt.exe
2025-07-23 10:02:12,283 - INFO - [sentinel2_tss_pipeline.py:3575] - Complete processing graph saved: s2_complete_processing_with_subset.xml
2025-07-23 10:02:12,283 - INFO - [sentinel2_tss_pipeline.py:3497] - ✓ Processing graph created for mode: complete_pipeline
2025-07-23 10:02:12,284 - INFO - [sentinel2_tss_pipeline.py:2937] - Initialized S2 Marine Visualization Processor
2025-07-23 10:02:12,284 - INFO - [sentinel2_tss_pipeline.py:2938] - Configuration settings:
2025-07-23 10:02:12,285 - INFO - [sentinel2_tss_pipeline.py:2939] -   Natural color RGB: True
2025-07-23 10:02:12,286 - INFO - [sentinel2_tss_pipeline.py:2940] -   False color RGB: True
2025-07-23 10:02:12,286 - INFO - [sentinel2_tss_pipeline.py:2941] -   Water-specific RGB: True
2025-07-23 10:02:12,287 - INFO - [sentinel2_tss_pipeline.py:2942] -   Research RGB: True
2025-07-23 10:02:12,287 - INFO - [sentinel2_tss_pipeline.py:2943] -   Water quality indices: True
2025-07-23 10:02:12,288 - INFO - [sentinel2_tss_pipeline.py:2944] -   Chlorophyll indices: True
2025-07-23 10:02:12,288 - INFO - [sentinel2_tss_pipeline.py:2945] -   Turbidity indices: True
2025-07-23 10:02:12,289 - INFO - [sentinel2_tss_pipeline.py:2946] -   Advanced indices: True
2025-07-23 10:02:12,290 - INFO - [sentinel2_tss_pipeline.py:2947] -   Output format: GeoTIFF
2025-07-23 10:02:12,290 - INFO - [sentinel2_tss_pipeline.py:2948] -   Contrast enhancement: True
2025-07-23 10:02:12,291 - INFO - [sentinel2_tss_pipeline.py:2949] -   Contrast method: percentile_stretch
2025-07-23 10:02:12,291 - INFO - [sentinel2_tss_pipeline.py:2950] -   Export metadata: True
2025-07-23 10:02:12,292 - INFO - [sentinel2_tss_pipeline.py:2951] -   Create overview images: True
2025-07-23 10:02:12,292 - INFO - [sentinel2_tss_pipeline.py:2966] - Expected products: ~11 RGB composites + ~13 spectral indices
2025-07-23 10:02:12,293 - INFO - [sentinel2_tss_pipeline.py:2967] - Marine visualization processor ready for processing
2025-07-23 10:02:12,293 - INFO - [sentinel2_tss_pipeline.py:1146] - Marine visualization processor initialized
2025-07-23 10:02:12,294 - INFO - [sentinel2_tss_pipeline.py:2296] - Initialized Advanced Aquatic Processor with scientific algorithms
2025-07-23 10:02:12,294 - INFO - [sentinel2_tss_pipeline.py:1159] - Initialized Jiang TSS Processor with enhanced methodology
2025-07-23 10:02:12,295 - INFO - [sentinel2_tss_pipeline.py:1162] - Jiang TSS enabled: True
2025-07-23 10:02:12,295 - INFO - [sentinel2_tss_pipeline.py:1163] - Advanced algorithms enabled: True
2025-07-23 10:02:12,296 - INFO - [sentinel2_tss_pipeline.py:1164] - Marine visualization enabled: True
2025-07-23 10:02:12,296 - INFO - [sentinel2_tss_pipeline.py:1167] - Working algorithms available:
2025-07-23 10:02:12,297 - INFO - [sentinel2_tss_pipeline.py:1168] -   ✓ Water Clarity: True
2025-07-23 10:02:12,297 - INFO - [sentinel2_tss_pipeline.py:1169] -   ✓ HAB Detection: True
2025-07-23 10:02:12,298 - INFO - [sentinel2_tss_pipeline.py:1170] - Note: Only Sentinel-2 compatible algorithms included
2025-07-23 10:02:12,299 - INFO - [sentinel2_tss_pipeline.py:1176] - Marine visualization configuration:
2025-07-23 10:02:12,299 - INFO - [sentinel2_tss_pipeline.py:1177] -   ✓ Natural color RGB: True
2025-07-23 10:02:12,299 - INFO - [sentinel2_tss_pipeline.py:1178] -   ✓ False color RGB: True
2025-07-23 10:02:12,300 - INFO - [sentinel2_tss_pipeline.py:1179] -   ✓ Water-specific RGB: True
2025-07-23 10:02:12,301 - INFO - [sentinel2_tss_pipeline.py:1180] -   ✓ Research RGB: True
2025-07-23 10:02:12,302 - INFO - [sentinel2_tss_pipeline.py:1181] -   ✓ Water quality indices: True
2025-07-23 10:02:12,302 - INFO - [sentinel2_tss_pipeline.py:1182] -   ✓ Chlorophyll indices: True
2025-07-23 10:02:12,303 - INFO - [sentinel2_tss_pipeline.py:1183] -   ✓ Turbidity indices: True
2025-07-23 10:02:12,303 - INFO - [sentinel2_tss_pipeline.py:1184] -   ✓ Advanced indices: True
2025-07-23 10:02:12,304 - INFO - [sentinel2_tss_pipeline.py:1185] -   Output format: GeoTIFF
2025-07-23 10:02:12,304 - INFO - [sentinel2_tss_pipeline.py:1186] -   Contrast enhancement: True
2025-07-23 10:02:12,305 - INFO - [sentinel2_tss_pipeline.py:1190] - Jiang TSS Processor initialization completed successfully
2025-07-23 10:02:12,305 - INFO - [sentinel2_tss_pipeline.py:4326] - Initialized Unified S2-TSS Processor - Mode: complete_pipeline
2025-07-23 10:02:12,306 - INFO - [sentinel2_tss_pipeline.py:7197] - TEST MODE: Processing only 2 products
2025-07-23 10:02:12,307 - INFO - [sentinel2_tss_pipeline.py:4400] - 
--------------------------------------------------------------------------------
2025-07-23 10:02:12,307 - INFO - [sentinel2_tss_pipeline.py:4401] - Processing 1/2: S2A_MSIL1C_20190105T112441_N0500_R037_T29TNF_20221215T164753
2025-07-23 10:02:12,307 - INFO - [sentinel2_tss_pipeline.py:4402] - Mode: complete_pipeline
2025-07-23 10:02:12,308 - INFO - [sentinel2_tss_pipeline.py:4403] - --------------------------------------------------------------------------------
2025-07-23 10:02:12,309 - INFO - [sentinel2_tss_pipeline.py:4417] - Step 1: S2 Processing (L1C → C2RCC)
2025-07-23 10:02:12,309 - INFO - [sentinel2_tss_pipeline.py:3753] - Processing: S2A_MSIL1C_20190105T112441_N0500_R037_T29TNF_20221215T164753.zip
2025-07-23 10:02:12,310 - INFO - [sentinel2_tss_pipeline.py:3754] -   Mode: complete_pipeline
2025-07-23 10:02:12,310 - INFO - [sentinel2_tss_pipeline.py:3755] -   Resolution: 10m
2025-07-23 10:02:12,311 - INFO - [sentinel2_tss_pipeline.py:3756] -   ECMWF: True
2025-07-23 10:02:12,312 - INFO - [sentinel2_tss_pipeline.py:3815] - Starting S2 processing with C2RCC...
2025-07-23 10:02:12,313 - INFO - [sentinel2_tss_pipeline.py:3924] - Starting S2 processing with C2RCC...
2025-07-23 10:14:52,411 - INFO - [sentinel2_tss_pipeline.py:3970] - ============================================================
2025-07-23 10:14:52,412 - INFO - [sentinel2_tss_pipeline.py:3971] - C2RCC OUTPUT VERIFICATION REPORT
2025-07-23 10:14:52,413 - INFO - [sentinel2_tss_pipeline.py:3972] - ============================================================
2025-07-23 10:14:52,414 - INFO - [sentinel2_tss_pipeline.py:3973] - C2RCC file: Resampled_S2A_20190105T112441_T29TNF_Subset_C2RCC.dim (20.8 MB)
2025-07-23 10:14:52,415 - INFO - [sentinel2_tss_pipeline.py:3974] - Data folder: Resampled_S2A_20190105T112441_T29TNF_Subset_C2RCC.data
2025-07-23 10:14:52,415 - INFO - [sentinel2_tss_pipeline.py:3984] - 
🧪 SNAP TSM/CHL PRODUCTS (Critical for Analysis):
2025-07-23 10:14:52,416 - WARNING - [sentinel2_tss_pipeline.py:4005] -    ✗ TSM: conc_tsm.img (missing/empty)
2025-07-23 10:14:52,416 - WARNING - [sentinel2_tss_pipeline.py:4005] -    ✗ CHL: conc_chl.img (missing/empty)
2025-07-23 10:14:52,417 - WARNING - [sentinel2_tss_pipeline.py:4005] -    ✗ TSM uncertainties: unc_tsm.img (missing/empty)
2025-07-23 10:14:52,418 - WARNING - [sentinel2_tss_pipeline.py:4005] -    ✗ CHL uncertainties: unc_chl.img (missing/empty)
2025-07-23 10:14:52,418 - INFO - [sentinel2_tss_pipeline.py:4021] - ℹ️  TSM/CHL products will be calculated from IOP products
2025-07-23 10:14:52,419 - INFO - [sentinel2_tss_pipeline.py:4022] -    Using SNAP formulas:
2025-07-23 10:14:52,419 - INFO - [sentinel2_tss_pipeline.py:4023] -    • TSM = TSMfac * (bpart + bwit)^TSMexp
2025-07-23 10:14:52,420 - INFO - [sentinel2_tss_pipeline.py:4024] -    • CHL = apig^CHLexp * CHLfac
2025-07-23 10:14:52,421 - INFO - [sentinel2_tss_pipeline.py:4027] - 
🔬 SNAP IOP PRODUCTS (5/6 available):
2025-07-23 10:14:52,422 - INFO - [sentinel2_tss_pipeline.py:4037] -    ✓ iop_apig.img (250524.1 KB)
2025-07-23 10:14:52,423 - INFO - [sentinel2_tss_pipeline.py:4037] -    ✓ iop_adet.img (250524.1 KB)
2025-07-23 10:14:52,423 - INFO - [sentinel2_tss_pipeline.py:4037] -    ✓ iop_agelb.img (250524.1 KB)
2025-07-23 10:14:52,424 - INFO - [sentinel2_tss_pipeline.py:4037] -    ✓ iop_bpart.img (250524.1 KB)
2025-07-23 10:14:52,425 - INFO - [sentinel2_tss_pipeline.py:4037] -    ✓ iop_bwit.img (250524.1 KB)
2025-07-23 10:14:52,426 - INFO - [sentinel2_tss_pipeline.py:4158] - 🔄 Calculating missing iop_btot from bpart + bwit...
2025-07-23 10:14:53,070 - INFO - [sentinel2_tss_pipeline.py:4186] - Calculated btot: shape=(5841, 10980), valid_pixels=64134180
2025-07-23 10:14:55,225 - INFO - [sentinel2_tss_pipeline.py:607] - Successfully wrote raster: iop_btot.img
2025-07-23 10:14:55,233 - INFO - [sentinel2_tss_pipeline.py:4199] - ✅ Successfully calculated and saved iop_btot.img (112085.5 KB)
2025-07-23 10:14:55,251 - INFO - [sentinel2_tss_pipeline.py:4043] -    ✓ iop_btot.img (calculated from bpart + bwit)
2025-07-23 10:14:55,252 - INFO - [sentinel2_tss_pipeline.py:4051] - 
🌊 JIANG TSS READINESS:
2025-07-23 10:14:55,252 - INFO - [sentinel2_tss_pipeline.py:4244] - 🔍 Checking for rhow bands in: D:/GSEU_WP5/02_TSS_Results\C2RCC_Products\Resampled_S2A_20190105T112441_T29TNF_Subset_C2RCC.data
2025-07-23 10:14:55,253 - INFO - [sentinel2_tss_pipeline.py:4251] - ✓ Found band 443nm: rtoa_B1.img
2025-07-23 10:14:55,254 - INFO - [sentinel2_tss_pipeline.py:4251] - ✓ Found band 490nm: rtoa_B2.img
2025-07-23 10:14:55,255 - INFO - [sentinel2_tss_pipeline.py:4251] - ✓ Found band 560nm: rtoa_B3.img
2025-07-23 10:14:55,256 - INFO - [sentinel2_tss_pipeline.py:4251] - ✓ Found band 665nm: rtoa_B4.img
2025-07-23 10:14:55,257 - INFO - [sentinel2_tss_pipeline.py:4251] - ✓ Found band 705nm: rtoa_B5.img
2025-07-23 10:14:55,258 - INFO - [sentinel2_tss_pipeline.py:4251] - ✓ Found band 740nm: rtoa_B6.img
2025-07-23 10:14:55,258 - INFO - [sentinel2_tss_pipeline.py:4251] - ✓ Found band 783nm: rtoa_B7.img
2025-07-23 10:14:55,259 - INFO - [sentinel2_tss_pipeline.py:4251] - ✓ Found band 865nm: rtoa_B8A.img
2025-07-23 10:14:55,260 - INFO - [sentinel2_tss_pipeline.py:4256] - 📊 Loaded 8/8 required rhow bands
2025-07-23 10:14:55,260 - INFO - [sentinel2_tss_pipeline.py:4056] - ✅ EXCELLENT: All 8/8 rhow bands available
2025-07-23 10:14:55,261 - INFO - [sentinel2_tss_pipeline.py:4079] - 
📊 OVERALL ASSESSMENT:
2025-07-23 10:14:55,261 - INFO - [sentinel2_tss_pipeline.py:4091] - ✅ ADEQUATE: Jiang TSS ready, some products missing
2025-07-23 10:14:55,262 - INFO - [sentinel2_tss_pipeline.py:4097] - ============================================================
2025-07-23 10:14:55,263 - INFO - [sentinel2_tss_pipeline.py:3826] - ✅ S2 processing SUCCESS: S2A_MSIL1C_20190105T112441_N0500_R037_T29TNF_20221215T164753.zip
2025-07-23 10:14:55,263 - INFO - [sentinel2_tss_pipeline.py:3827] -    Output: Resampled_S2A_20190105T112441_T29TNF_Subset_C2RCC.dim (20.8MB)
2025-07-23 10:14:55,264 - INFO - [sentinel2_tss_pipeline.py:3828] -    Processing time: 12.7 minutes
2025-07-23 10:14:55,265 - INFO - [sentinel2_tss_pipeline.py:3835] - Calculating missing SNAP TSM/CHL concentrations from IOP products...
2025-07-23 10:14:55,265 - INFO - [sentinel2_tss_pipeline.py:813] - SNAP TSM/CHL Calculator initialized:
2025-07-23 10:14:55,266 - INFO - [sentinel2_tss_pipeline.py:814] -   TSM formula: TSM = 1.06 * (bpart + bwit)^0.942
2025-07-23 10:14:55,266 - INFO - [sentinel2_tss_pipeline.py:815] -   CHL formula: CHL = apig^1.04 * 21.0
2025-07-23 10:14:55,267 - INFO - [sentinel2_tss_pipeline.py:820] - Calculating SNAP TSM/CHL from IOP products...
2025-07-23 10:14:55,697 - INFO - [sentinel2_tss_pipeline.py:846] - ✓ Loaded apig: (5841, 10980), mean=0.0150
2025-07-23 10:14:56,116 - INFO - [sentinel2_tss_pipeline.py:846] - ✓ Loaded bpart: (5841, 10980), mean=0.1731
2025-07-23 10:14:56,533 - INFO - [sentinel2_tss_pipeline.py:846] - ✓ Loaded bwit: (5841, 10980), mean=0.0502
2025-07-23 10:14:56,534 - INFO - [sentinel2_tss_pipeline.py:856] - Calculating CHL concentration from iop_apig...
2025-07-23 10:14:57,153 - INFO - [sentinel2_tss_pipeline.py:885] - CHL calculation: 22718979 valid pixels out of 22718979 processed
2025-07-23 10:14:59,233 - INFO - [sentinel2_tss_pipeline.py:607] - Successfully wrote raster: conc_chl.img
2025-07-23 10:14:59,508 - INFO - [sentinel2_tss_pipeline.py:904] - ✓ CHL concentration saved: 35.4% coverage, mean=0.836 mg/m³
2025-07-23 10:14:59,509 - INFO - [sentinel2_tss_pipeline.py:914] - Calculating TSM concentration from bpart + bwit (btot approximation)...
2025-07-23 10:15:00,239 - INFO - [sentinel2_tss_pipeline.py:946] - TSM calculation: 22718979 valid pixels out of 22718979 processed
2025-07-23 10:15:02,263 - INFO - [sentinel2_tss_pipeline.py:607] - Successfully wrote raster: conc_tsm.img
2025-07-23 10:15:02,526 - INFO - [sentinel2_tss_pipeline.py:965] - ✓ TSM concentration saved: 35.4% coverage, mean=0.655 g/m³
2025-07-23 10:15:02,622 - INFO - [sentinel2_tss_pipeline.py:3848] - ✅ SNAP TSM calculation successful!
2025-07-23 10:15:02,623 - INFO - [sentinel2_tss_pipeline.py:3851] - ✅ SNAP CHL calculation successful!
2025-07-23 10:15:02,624 - INFO - [sentinel2_tss_pipeline.py:3970] - ============================================================
2025-07-23 10:15:02,625 - INFO - [sentinel2_tss_pipeline.py:3971] - C2RCC OUTPUT VERIFICATION REPORT
2025-07-23 10:15:02,625 - INFO - [sentinel2_tss_pipeline.py:3972] - ============================================================
2025-07-23 10:15:02,626 - INFO - [sentinel2_tss_pipeline.py:3973] - C2RCC file: Resampled_S2A_20190105T112441_T29TNF_Subset_C2RCC.dim (20.8 MB)
2025-07-23 10:15:02,627 - INFO - [sentinel2_tss_pipeline.py:3974] - Data folder: Resampled_S2A_20190105T112441_T29TNF_Subset_C2RCC.data
2025-07-23 10:15:02,627 - INFO - [sentinel2_tss_pipeline.py:3984] - 
🧪 SNAP TSM/CHL PRODUCTS (Critical for Analysis):
2025-07-23 10:15:02,628 - INFO - [sentinel2_tss_pipeline.py:3995] -    ✓ TSM: conc_tsm.img (112175.3 KB)
2025-07-23 10:15:02,629 - INFO - [sentinel2_tss_pipeline.py:3995] -    ✓ CHL: conc_chl.img (116870.4 KB)
2025-07-23 10:15:02,630 - WARNING - [sentinel2_tss_pipeline.py:4005] -    ✗ TSM uncertainties: unc_tsm.img (missing/empty)
2025-07-23 10:15:02,630 - WARNING - [sentinel2_tss_pipeline.py:4005] -    ✗ CHL uncertainties: unc_chl.img (missing/empty)
2025-07-23 10:15:02,631 - INFO - [sentinel2_tss_pipeline.py:4018] - ✅ SUCCESS: Both TSM and CHL products available!
2025-07-23 10:15:02,631 - INFO - [sentinel2_tss_pipeline.py:4019] -    ⚠ Uncertainties: Not available (calculated products)
2025-07-23 10:15:02,632 - INFO - [sentinel2_tss_pipeline.py:4027] - 
🔬 SNAP IOP PRODUCTS (5/6 available):
2025-07-23 10:15:02,633 - INFO - [sentinel2_tss_pipeline.py:4037] -    ✓ iop_apig.img (250524.1 KB)
2025-07-23 10:15:02,634 - INFO - [sentinel2_tss_pipeline.py:4037] -    ✓ iop_adet.img (250524.1 KB)
2025-07-23 10:15:02,634 - INFO - [sentinel2_tss_pipeline.py:4037] -    ✓ iop_agelb.img (250524.1 KB)
2025-07-23 10:15:02,635 - INFO - [sentinel2_tss_pipeline.py:4037] -    ✓ iop_bpart.img (250524.1 KB)
2025-07-23 10:15:02,636 - INFO - [sentinel2_tss_pipeline.py:4037] -    ✓ iop_bwit.img (250524.1 KB)
2025-07-23 10:15:02,636 - INFO - [sentinel2_tss_pipeline.py:4037] -    ✓ iop_btot.img (112085.5 KB)
2025-07-23 10:15:02,637 - INFO - [sentinel2_tss_pipeline.py:4051] - 
🌊 JIANG TSS READINESS:
2025-07-23 10:15:02,638 - INFO - [sentinel2_tss_pipeline.py:4244] - 🔍 Checking for rhow bands in: D:/GSEU_WP5/02_TSS_Results\C2RCC_Products\Resampled_S2A_20190105T112441_T29TNF_Subset_C2RCC.data
2025-07-23 10:15:02,639 - INFO - [sentinel2_tss_pipeline.py:4251] - ✓ Found band 443nm: rtoa_B1.img
2025-07-23 10:15:02,640 - INFO - [sentinel2_tss_pipeline.py:4251] - ✓ Found band 490nm: rtoa_B2.img
2025-07-23 10:15:02,640 - INFO - [sentinel2_tss_pipeline.py:4251] - ✓ Found band 560nm: rtoa_B3.img
2025-07-23 10:15:02,641 - INFO - [sentinel2_tss_pipeline.py:4251] - ✓ Found band 665nm: rtoa_B4.img
2025-07-23 10:15:02,642 - INFO - [sentinel2_tss_pipeline.py:4251] - ✓ Found band 705nm: rtoa_B5.img
2025-07-23 10:15:02,643 - INFO - [sentinel2_tss_pipeline.py:4251] - ✓ Found band 740nm: rtoa_B6.img
2025-07-23 10:15:02,644 - INFO - [sentinel2_tss_pipeline.py:4251] - ✓ Found band 783nm: rtoa_B7.img
2025-07-23 10:15:02,644 - INFO - [sentinel2_tss_pipeline.py:4251] - ✓ Found band 865nm: rtoa_B8A.img
2025-07-23 10:15:02,645 - INFO - [sentinel2_tss_pipeline.py:4256] - 📊 Loaded 8/8 required rhow bands
2025-07-23 10:15:02,645 - INFO - [sentinel2_tss_pipeline.py:4056] - ✅ EXCELLENT: All 8/8 rhow bands available
2025-07-23 10:15:02,646 - INFO - [sentinel2_tss_pipeline.py:4079] - 
📊 OVERALL ASSESSMENT:
2025-07-23 10:15:02,647 - INFO - [sentinel2_tss_pipeline.py:4088] - 👍 GOOD: Jiang TSS ready, SNAP products will be calculated
2025-07-23 10:15:02,647 - INFO - [sentinel2_tss_pipeline.py:4097] - ============================================================
2025-07-23 10:15:02,648 - INFO - [sentinel2_tss_pipeline.py:3857] - 📊 UPDATED SNAP PRODUCTS STATUS:
2025-07-23 10:15:02,649 - INFO - [sentinel2_tss_pipeline.py:3858] -    TSM=True, CHL=True, Uncertainties=False
2025-07-23 10:15:02,649 - INFO - [sentinel2_tss_pipeline.py:3868] - ✅ S2 processing completed - ready for TSS processing
2025-07-23 10:15:02,650 - INFO - [sentinel2_tss_pipeline.py:3869] - ℹ️  TSS processing (Jiang + Marine Viz) handled by separate processors
2025-07-23 10:15:02,779 - INFO - [sentinel2_tss_pipeline.py:4433] - Step 2: TSS Processing (Jiang)
2025-07-23 10:15:02,781 - INFO - [sentinel2_tss_pipeline.py:1268] - Starting comprehensive TSS processing for S2A_MSIL1C_20190105T112441_N0500_R037_T29TNF_20221215T164753
2025-07-23 10:15:02,784 - INFO - [sentinel2_tss_pipeline.py:1240] - Successfully found 12 spectral bands for Jiang TSS
2025-07-23 10:15:06,054 - INFO - [sentinel2_tss_pipeline.py:1442] - Applying Jiang methodology (exact R translation)
2025-07-23 10:15:07,822 - INFO - [sentinel2_tss_pipeline.py:1560] - Processing 64128295 valid pixels with corrected Jiang algorithm
2025-07-23 12:04:10,468 - INFO - [sentinel2_tss_pipeline.py:1495] - CORRECTED Jiang processing completed:
2025-07-23 12:04:10,470 - INFO - [sentinel2_tss_pipeline.py:1496] -   Valid pixels: 64128295/64134180 (100.0%)
2025-07-23 12:04:10,647 - INFO - [sentinel2_tss_pipeline.py:1504] - Water type distribution (corrected algorithm):
2025-07-23 12:04:10,711 - INFO - [sentinel2_tss_pipeline.py:1515] -   560nm (Type I (Clear water)): 63879284 pixels (99.6%)
2025-07-23 12:04:10,775 - INFO - [sentinel2_tss_pipeline.py:1515] -   665nm (Type II (Moderately turbid)): 39365 pixels (0.1%)
2025-07-23 12:04:10,839 - INFO - [sentinel2_tss_pipeline.py:1515] -   740nm (Type III (Highly turbid)): 16884 pixels (0.0%)
2025-07-23 12:04:10,912 - INFO - [sentinel2_tss_pipeline.py:1515] -   865nm (Type IV (Extremely turbid)): 192762 pixels (0.3%)
2025-07-23 12:04:11,329 - INFO - [sentinel2_tss_pipeline.py:1291] - Processing advanced algorithms
2025-07-23 12:04:11,330 - INFO - [sentinel2_tss_pipeline.py:1346] - Processing working advanced aquatic algorithms
2025-07-23 12:04:11,331 - INFO - [sentinel2_tss_pipeline.py:1359] - Calculating water clarity indices
2025-07-23 12:04:11,332 - INFO - [sentinel2_tss_pipeline.py:2321] - Calculating water clarity indices
2025-07-23 12:04:12,270 - INFO - [sentinel2_tss_pipeline.py:2356] - Water clarity calculated for 64128295 pixels
2025-07-23 12:04:12,541 - INFO - [sentinel2_tss_pipeline.py:2357] - Mean Secchi depth: 7.56 m
2025-07-23 12:04:12,814 - INFO - [sentinel2_tss_pipeline.py:2358] - Mean clarity index: 0.789
2025-07-23 12:04:12,815 - INFO - [sentinel2_tss_pipeline.py:1373] - Water clarity calculation completed: 6 products
2025-07-23 12:04:12,816 - INFO - [sentinel2_tss_pipeline.py:1382] - Detecting harmful algal blooms using Sentinel-2 spectral analysis
2025-07-23 12:04:13,957 - INFO - [sentinel2_tss_pipeline.py:2378] - Detecting harmful algal blooms using Sentinel-2 spectral analysis
2025-07-23 12:04:14,066 - INFO - [sentinel2_tss_pipeline.py:2400] - Calculating NDCI (Normalized Difference Chlorophyll Index)
2025-07-23 12:04:14,945 - INFO - [sentinel2_tss_pipeline.py:2430] - NDCI calculated for 64128309 pixels
2025-07-23 12:04:14,946 - INFO - [sentinel2_tss_pipeline.py:2434] - Calculating Fluorescence Line Height (FLH)
2025-07-23 12:04:15,739 - INFO - [sentinel2_tss_pipeline.py:2463] - FLH calculated for 64134180 pixels
2025-07-23 12:04:15,740 - INFO - [sentinel2_tss_pipeline.py:2467] - Calculating Maximum Chlorophyll Index (MCI)
2025-07-23 12:04:16,755 - INFO - [sentinel2_tss_pipeline.py:2500] - MCI calculated for 64134180 pixels
2025-07-23 12:04:17,649 - INFO - [sentinel2_tss_pipeline.py:2543] - HAB detection completed using algorithms: NDCI, FLH, MCI
2025-07-23 12:04:17,650 - INFO - [sentinel2_tss_pipeline.py:2544] - Processed 64134180 pixels
2025-07-23 12:04:17,650 - INFO - [sentinel2_tss_pipeline.py:2545] - High risk: 307901 pixels (0.5%)
2025-07-23 12:04:17,651 - INFO - [sentinel2_tss_pipeline.py:2546] - Medium risk: 276533 pixels (0.4%)
2025-07-23 12:04:17,651 - INFO - [sentinel2_tss_pipeline.py:2547] - Low risk: 40659994 pixels (63.4%)
2025-07-23 12:04:17,693 - INFO - [sentinel2_tss_pipeline.py:1403] - HAB detection completed: 11 products
2025-07-23 12:04:17,693 - INFO - [sentinel2_tss_pipeline.py:1410] - Working advanced algorithms completed: 17 products generated
2025-07-23 12:04:17,910 - INFO - [sentinel2_tss_pipeline.py:1296] - Advanced algorithms completed: 17 additional products
2025-07-23 12:04:17,911 - INFO - [sentinel2_tss_pipeline.py:1304] - Processing marine visualizations (RGB + indices)
2025-07-23 12:04:17,912 - INFO - [sentinel2_tss_pipeline.py:2975] - Starting marine visualization processing for S2A_MSIL1C_20190105T112441_N0500_R037_T29TNF_20221215T164753
2025-07-23 12:04:17,916 - INFO - [sentinel2_tss_pipeline.py:3075] - Band loading results:
2025-07-23 12:04:17,917 - INFO - [sentinel2_tss_pipeline.py:3076] -   Found 12 bands: [443, 490, 560, 665, 705, 740, 783, 842, 865, 945, 1610, 2190]
2025-07-23 12:04:21,310 - INFO - [sentinel2_tss_pipeline.py:2998] - Generating RGB composites...
2025-07-23 12:04:21,311 - INFO - [sentinel2_tss_pipeline.py:3109] - Available wavelengths for RGB: [443, 490, 560, 665, 705, 740, 783, 842, 865, 945, 1610, 2190]
2025-07-23 12:04:21,312 - INFO - [sentinel2_tss_pipeline.py:3141] - Creating natural_color: R=665nm, G=560nm, B=490nm
2025-07-23 12:04:28,726 - INFO - [sentinel2_tss_pipeline.py:3161] - ✓ natural_color: 99.5% coverage, 176.9MB
2025-07-23 12:04:28,727 - INFO - [sentinel2_tss_pipeline.py:3141] - Creating natural_with_contrast: R=665nm, G=560nm, B=443nm
2025-07-23 12:04:35,637 - INFO - [sentinel2_tss_pipeline.py:3161] - ✓ natural_with_contrast: 99.7% coverage, 177.8MB
2025-07-23 12:04:35,638 - INFO - [sentinel2_tss_pipeline.py:3141] - Creating false_color_infrared: R=842nm, G=665nm, B=560nm
2025-07-23 12:04:42,715 - INFO - [sentinel2_tss_pipeline.py:3161] - ✓ false_color_infrared: 100.0% coverage, 187.9MB
2025-07-23 12:04:42,716 - INFO - [sentinel2_tss_pipeline.py:3141] - Creating false_color_nir: R=865nm, G=665nm, B=560nm
2025-07-23 12:04:49,936 - INFO - [sentinel2_tss_pipeline.py:3161] - ✓ false_color_nir: 100.0% coverage, 189.0MB
2025-07-23 12:04:49,937 - INFO - [sentinel2_tss_pipeline.py:3141] - Creating turbidity_enhanced: R=865nm, G=705nm, B=560nm
2025-07-23 12:04:57,040 - INFO - [sentinel2_tss_pipeline.py:3161] - ✓ turbidity_enhanced: 100.0% coverage, 189.6MB
2025-07-23 12:04:57,041 - INFO - [sentinel2_tss_pipeline.py:3141] - Creating chlorophyll_enhanced: R=705nm, G=665nm, B=560nm
2025-07-23 12:05:04,125 - INFO - [sentinel2_tss_pipeline.py:3161] - ✓ chlorophyll_enhanced: 99.5% coverage, 182.9MB
2025-07-23 12:05:04,126 - INFO - [sentinel2_tss_pipeline.py:3141] - Creating coastal_aerosol: R=865nm, G=665nm, B=443nm
2025-07-23 12:05:10,914 - INFO - [sentinel2_tss_pipeline.py:3161] - ✓ coastal_aerosol: 100.0% coverage, 185.6MB
2025-07-23 12:05:10,915 - INFO - [sentinel2_tss_pipeline.py:3141] - Creating sediment_transport: R=2190nm, G=865nm, B=665nm
2025-07-23 12:05:17,990 - INFO - [sentinel2_tss_pipeline.py:3161] - ✓ sediment_transport: 100.0% coverage, 187.4MB
2025-07-23 12:05:17,991 - INFO - [sentinel2_tss_pipeline.py:3141] - Creating water_quality: R=842nm, G=705nm, B=490nm
2025-07-23 12:05:25,155 - INFO - [sentinel2_tss_pipeline.py:3161] - ✓ water_quality: 100.0% coverage, 192.3MB
2025-07-23 12:05:25,156 - INFO - [sentinel2_tss_pipeline.py:3141] - Creating atmospheric_penetration: R=2190nm, G=1610nm, B=865nm
2025-07-23 12:05:32,007 - INFO - [sentinel2_tss_pipeline.py:3161] - ✓ atmospheric_penetration: 100.0% coverage, 177.0MB
2025-07-23 12:05:32,008 - INFO - [sentinel2_tss_pipeline.py:3141] - Creating research_marine: R=740nm, G=705nm, B=665nm
2025-07-23 12:05:38,957 - INFO - [sentinel2_tss_pipeline.py:3161] - ✓ research_marine: 100.0% coverage, 187.1MB
2025-07-23 12:05:38,958 - INFO - [sentinel2_tss_pipeline.py:3141] - Creating bathymetric: R=560nm, G=490nm, B=443nm
2025-07-23 12:05:46,287 - INFO - [sentinel2_tss_pipeline.py:3161] - ✓ bathymetric: 99.7% coverage, 178.6MB
2025-07-23 12:05:46,343 - INFO - [sentinel2_tss_pipeline.py:3004] - Generating spectral indices...
2025-07-23 12:05:50,321 - INFO - [sentinel2_tss_pipeline.py:607] - Successfully wrote raster: S2A_MSIL1C_20190105T112441_N0500_R037_T29TNF_20221215T164753_NDTI.tif
2025-07-23 12:05:50,864 - INFO - [sentinel2_tss_pipeline.py:3231] - ✓ Generated index: NDTI (100.0% coverage)
2025-07-23 12:05:55,744 - INFO - [sentinel2_tss_pipeline.py:607] - Successfully wrote raster: S2A_MSIL1C_20190105T112441_N0500_R037_T29TNF_20221215T164753_NDWI.tif
2025-07-23 12:05:56,251 - INFO - [sentinel2_tss_pipeline.py:3231] - ✓ Generated index: NDWI (100.0% coverage)
2025-07-23 12:06:01,198 - INFO - [sentinel2_tss_pipeline.py:607] - Successfully wrote raster: S2A_MSIL1C_20190105T112441_N0500_R037_T29TNF_20221215T164753_MNDWI.tif
2025-07-23 12:06:01,671 - INFO - [sentinel2_tss_pipeline.py:3231] - ✓ Generated index: MNDWI (100.0% coverage)
2025-07-23 12:06:06,489 - INFO - [sentinel2_tss_pipeline.py:607] - Successfully wrote raster: S2A_MSIL1C_20190105T112441_N0500_R037_T29TNF_20221215T164753_NDVI.tif
2025-07-23 12:06:06,972 - INFO - [sentinel2_tss_pipeline.py:3231] - ✓ Generated index: NDVI (100.0% coverage)
2025-07-23 12:06:11,874 - INFO - [sentinel2_tss_pipeline.py:607] - Successfully wrote raster: S2A_MSIL1C_20190105T112441_N0500_R037_T29TNF_20221215T164753_GNDVI.tif
2025-07-23 12:06:12,424 - INFO - [sentinel2_tss_pipeline.py:3231] - ✓ Generated index: GNDVI (100.0% coverage)
2025-07-23 12:06:17,384 - INFO - [sentinel2_tss_pipeline.py:607] - Successfully wrote raster: S2A_MSIL1C_20190105T112441_N0500_R037_T29TNF_20221215T164753_NDCI.tif
2025-07-23 12:06:17,868 - INFO - [sentinel2_tss_pipeline.py:3231] - ✓ Generated index: NDCI (100.0% coverage)
2025-07-23 12:06:22,836 - INFO - [sentinel2_tss_pipeline.py:607] - Successfully wrote raster: S2A_MSIL1C_20190105T112441_N0500_R037_T29TNF_20221215T164753_CHL_RED_EDGE.tif
2025-07-23 12:06:23,319 - INFO - [sentinel2_tss_pipeline.py:3231] - ✓ Generated index: CHL_RED_EDGE (100.0% coverage)
2025-07-23 12:06:28,129 - INFO - [sentinel2_tss_pipeline.py:607] - Successfully wrote raster: S2A_MSIL1C_20190105T112441_N0500_R037_T29TNF_20221215T164753_TSI.tif
2025-07-23 12:06:28,631 - INFO - [sentinel2_tss_pipeline.py:3231] - ✓ Generated index: TSI (100.0% coverage)
2025-07-23 12:06:33,740 - INFO - [sentinel2_tss_pipeline.py:607] - Successfully wrote raster: S2A_MSIL1C_20190105T112441_N0500_R037_T29TNF_20221215T164753_NGRDI.tif
2025-07-23 12:06:34,257 - INFO - [sentinel2_tss_pipeline.py:3231] - ✓ Generated index: NGRDI (100.0% coverage)
2025-07-23 12:06:39,669 - INFO - [sentinel2_tss_pipeline.py:607] - Successfully wrote raster: S2A_MSIL1C_20190105T112441_N0500_R037_T29TNF_20221215T164753_BSI.tif
2025-07-23 12:06:40,226 - INFO - [sentinel2_tss_pipeline.py:3231] - ✓ Generated index: BSI (100.0% coverage)
2025-07-23 12:06:45,903 - INFO - [sentinel2_tss_pipeline.py:607] - Successfully wrote raster: S2A_MSIL1C_20190105T112441_N0500_R037_T29TNF_20221215T164753_FUI.tif
2025-07-23 12:06:46,446 - INFO - [sentinel2_tss_pipeline.py:3231] - ✓ Generated index: FUI (100.0% coverage)
2025-07-23 12:06:51,788 - INFO - [sentinel2_tss_pipeline.py:607] - Successfully wrote raster: S2A_MSIL1C_20190105T112441_N0500_R037_T29TNF_20221215T164753_SDD.tif
2025-07-23 12:06:52,296 - INFO - [sentinel2_tss_pipeline.py:3231] - ✓ Generated index: SDD (100.0% coverage)
2025-07-23 12:06:57,189 - INFO - [sentinel2_tss_pipeline.py:607] - Successfully wrote raster: S2A_MSIL1C_20190105T112441_N0500_R037_T29TNF_20221215T164753_CDOM.tif
2025-07-23 12:06:57,759 - INFO - [sentinel2_tss_pipeline.py:3231] - ✓ Generated index: CDOM (100.0% coverage)
2025-07-23 12:06:57,786 - INFO - [sentinel2_tss_pipeline.py:3425] - Visualization summary created: S2A_MSIL1C_20190105T112441_N0500_R037_T29TNF_20221215T164753_VisualizationSummary.txt
2025-07-23 12:06:57,788 - INFO - [sentinel2_tss_pipeline.py:3016] - Marine visualization completed:
2025-07-23 12:06:57,790 - INFO - [sentinel2_tss_pipeline.py:3017] -   RGB composites: 12
2025-07-23 12:06:57,791 - INFO - [sentinel2_tss_pipeline.py:3018] -   Spectral indices: 13
2025-07-23 12:06:57,791 - INFO - [sentinel2_tss_pipeline.py:3019] -   Total products: 25
2025-07-23 12:06:58,053 - INFO - [sentinel2_tss_pipeline.py:1314] - Marine visualization completed: 12 RGB composites + 13 spectral indices
2025-07-23 12:06:58,055 - INFO - [sentinel2_tss_pipeline.py:1952] - Saving 23 products:
2025-07-23 12:06:58,055 - INFO - [sentinel2_tss_pipeline.py:1953] -   Core Jiang products: 6
2025-07-23 12:06:58,056 - INFO - [sentinel2_tss_pipeline.py:1954] -   Advanced products: 17
2025-07-23 12:07:02,548 - INFO - [sentinel2_tss_pipeline.py:607] - Successfully wrote raster: S2A_MSIL1C_20190105T112441_N0500_R037_T29TNF_20221215T164753_Jiang_Absorption.tif
2025-07-23 12:07:07,693 - INFO - [sentinel2_tss_pipeline.py:607] - Successfully wrote raster: S2A_MSIL1C_20190105T112441_N0500_R037_T29TNF_20221215T164753_Jiang_Backscattering.tif
2025-07-23 12:07:10,302 - INFO - [sentinel2_tss_pipeline.py:607] - Successfully wrote raster: S2A_MSIL1C_20190105T112441_N0500_R037_T29TNF_20221215T164753_Jiang_ReferenceBand.tif
2025-07-23 12:07:15,325 - INFO - [sentinel2_tss_pipeline.py:607] - Successfully wrote raster: S2A_MSIL1C_20190105T112441_N0500_R037_T29TNF_20221215T164753_Jiang_TSS.tif
2025-07-23 12:07:17,804 - INFO - [sentinel2_tss_pipeline.py:607] - Successfully wrote raster: S2A_MSIL1C_20190105T112441_N0500_R037_T29TNF_20221215T164753_Jiang_WaterTypes.tif
2025-07-23 12:07:20,351 - INFO - [sentinel2_tss_pipeline.py:607] - Successfully wrote raster: S2A_MSIL1C_20190105T112441_N0500_R037_T29TNF_20221215T164753_Jiang_ValidMask.tif
2025-07-23 12:07:25,855 - INFO - [sentinel2_tss_pipeline.py:607] - Successfully wrote raster: S2A_MSIL1C_20190105T112441_N0500_R037_T29TNF_20221215T164753_Clarity_Secchidepth.tif
2025-07-23 12:07:31,190 - INFO - [sentinel2_tss_pipeline.py:607] - Successfully wrote raster: S2A_MSIL1C_20190105T112441_N0500_R037_T29TNF_20221215T164753_Clarity_Clarityindex.tif
2025-07-23 12:07:36,583 - INFO - [sentinel2_tss_pipeline.py:607] - Successfully wrote raster: S2A_MSIL1C_20190105T112441_N0500_R037_T29TNF_20221215T164753_Clarity_Euphoticdepth.tif
2025-07-23 12:07:42,003 - INFO - [sentinel2_tss_pipeline.py:607] - Successfully wrote raster: S2A_MSIL1C_20190105T112441_N0500_R037_T29TNF_20221215T164753_Clarity_Diffuseattenuation.tif
2025-07-23 12:07:47,342 - INFO - [sentinel2_tss_pipeline.py:607] - Successfully wrote raster: S2A_MSIL1C_20190105T112441_N0500_R037_T29TNF_20221215T164753_Clarity_Beamattenuation.tif
2025-07-23 12:07:52,529 - INFO - [sentinel2_tss_pipeline.py:607] - Successfully wrote raster: S2A_MSIL1C_20190105T112441_N0500_R037_T29TNF_20221215T164753_Clarity_Turbidityproxy.tif
2025-07-23 12:07:54,805 - INFO - [sentinel2_tss_pipeline.py:607] - Successfully wrote raster: S2A_MSIL1C_20190105T112441_N0500_R037_T29TNF_20221215T164753_HAB_Probability.tif
2025-07-23 12:07:57,659 - INFO - [sentinel2_tss_pipeline.py:607] - Successfully wrote raster: S2A_MSIL1C_20190105T112441_N0500_R037_T29TNF_20221215T164753_HAB_Risk_Level.tif
2025-07-23 12:08:00,368 - INFO - [sentinel2_tss_pipeline.py:607] - Successfully wrote raster: S2A_MSIL1C_20190105T112441_N0500_R037_T29TNF_20221215T164753_HAB_High_Biomass_Alert.tif
2025-07-23 12:08:02,912 - INFO - [sentinel2_tss_pipeline.py:607] - Successfully wrote raster: S2A_MSIL1C_20190105T112441_N0500_R037_T29TNF_20221215T164753_HAB_Extreme_Biomass_Alert.tif
2025-07-23 12:08:05,695 - INFO - [sentinel2_tss_pipeline.py:607] - Successfully wrote raster: S2A_MSIL1C_20190105T112441_N0500_R037_T29TNF_20221215T164753_HAB_Ndci_Bloom.tif
2025-07-23 12:08:08,175 - INFO - [sentinel2_tss_pipeline.py:607] - Successfully wrote raster: S2A_MSIL1C_20190105T112441_N0500_R037_T29TNF_20221215T164753_HAB_Flh_Bloom.tif
2025-07-23 12:08:10,745 - INFO - [sentinel2_tss_pipeline.py:607] - Successfully wrote raster: S2A_MSIL1C_20190105T112441_N0500_R037_T29TNF_20221215T164753_HAB_Mci_Bloom.tif
2025-07-23 12:08:13,592 - INFO - [sentinel2_tss_pipeline.py:607] - Successfully wrote raster: S2A_MSIL1C_20190105T112441_N0500_R037_T29TNF_20221215T164753_HAB_Cyanobacteria_Bloom.tif
2025-07-23 12:08:18,809 - INFO - [sentinel2_tss_pipeline.py:607] - Successfully wrote raster: S2A_MSIL1C_20190105T112441_N0500_R037_T29TNF_20221215T164753_HAB_Ndci_Values.tif
2025-07-23 12:08:24,126 - INFO - [sentinel2_tss_pipeline.py:607] - Successfully wrote raster: S2A_MSIL1C_20190105T112441_N0500_R037_T29TNF_20221215T164753_HAB_Flh_Values.tif
2025-07-23 12:08:29,431 - INFO - [sentinel2_tss_pipeline.py:607] - Successfully wrote raster: S2A_MSIL1C_20190105T112441_N0500_R037_T29TNF_20221215T164753_HAB_Mci_Values.tif
2025-07-23 12:08:30,021 - INFO - [sentinel2_tss_pipeline.py:2105] - Water type legend created: S2A_MSIL1C_20190105T112441_N0500_R037_T29TNF_20221215T164753_WaterTypes_Legend.txt
2025-07-23 12:08:30,022 - INFO - [sentinel2_tss_pipeline.py:2030] - Product saving completed:
2025-07-23 12:08:30,023 - INFO - [sentinel2_tss_pipeline.py:2031] -   Successfully saved: 23 products
2025-07-23 12:08:30,024 - INFO - [sentinel2_tss_pipeline.py:2032] -   Skipped (no data): 0 products
2025-07-23 12:08:30,024 - INFO - [sentinel2_tss_pipeline.py:2033] -   Total attempted: 23 products
2025-07-23 12:08:30,025 - INFO - [sentinel2_tss_pipeline.py:2034] -   Output folder: D:/GSEU_WP5/02_TSS_Results\TSS_Products\S2A_MSIL1C_20190105T112441_N0500_R037_T29TNF_20221215T164753
2025-07-23 12:08:30,574 - INFO - [sentinel2_tss_pipeline.py:2172] - === COMPLETE PROCESSING SUMMARY: S2A_MSIL1C_20190105T112441_N0500_R037_T29TNF_20221215T164753 ===
2025-07-23 12:08:30,575 - INFO - [sentinel2_tss_pipeline.py:2173] - Total coverage: 100.0%
2025-07-23 12:08:30,575 - INFO - [sentinel2_tss_pipeline.py:2174] - TSS range: -3586202.25 - 147867536.00 g/m³
2025-07-23 12:08:30,576 - INFO - [sentinel2_tss_pipeline.py:2175] - TSS mean: 21.06 g/m³
2025-07-23 12:08:30,813 - INFO - [sentinel2_tss_pipeline.py:2183] - Jiang water type classification results:
2025-07-23 12:08:30,891 - INFO - [sentinel2_tss_pipeline.py:2194] -   560nm (Type I (Clear)): 63879284 pixels (99.6%)
2025-07-23 12:08:30,955 - INFO - [sentinel2_tss_pipeline.py:2194] -   665nm (Type II (Moderately turbid)): 39365 pixels (0.1%)
2025-07-23 12:08:31,021 - INFO - [sentinel2_tss_pipeline.py:2194] -   740nm (Type III (Highly turbid)): 16884 pixels (0.0%)
2025-07-23 12:08:31,130 - INFO - [sentinel2_tss_pipeline.py:2194] -   865nm (Type IV (Extremely turbid)): 192762 pixels (0.3%)
2025-07-23 12:08:31,414 - INFO - [sentinel2_tss_pipeline.py:2216] - HAB detection: 41244428 pixels with bloom risk (307901 high risk)
2025-07-23 12:08:31,415 - INFO - [sentinel2_tss_pipeline.py:2218] - ============================================================
2025-07-23 12:08:31,446 - INFO - [sentinel2_tss_pipeline.py:2154] - Product index created: S2A_MSIL1C_20190105T112441_N0500_R037_T29TNF_20221215T164753_ProductIndex.txt
2025-07-23 12:08:31,470 - INFO - [sentinel2_tss_pipeline.py:1329] - Complete TSS processing summary:
2025-07-23 12:08:31,471 - INFO - [sentinel2_tss_pipeline.py:1330] -   Jiang products: 6
2025-07-23 12:08:31,472 - INFO - [sentinel2_tss_pipeline.py:1331] -   Advanced products: 17
2025-07-23 12:08:31,472 - INFO - [sentinel2_tss_pipeline.py:1332] -   Visualization products: 25
2025-07-23 12:08:31,473 - INFO - [sentinel2_tss_pipeline.py:1333] -   Total products: 23
2025-07-23 12:08:32,546 - INFO - [sentinel2_tss_pipeline.py:4456] - ✅ TSS processing completed successfully
2025-07-23 12:08:32,563 - INFO - [sentinel2_tss_pipeline.py:4489] - ✓ Processing completed: 26 products generated
2025-07-23 12:08:32,563 - INFO - [sentinel2_tss_pipeline.py:4500] -   s2_processing: 20.8MB, status=completed
2025-07-23 12:08:32,564 - INFO - [sentinel2_tss_pipeline.py:4497] -   snap_chl: 35.4% coverage, mean=0.84
2025-07-23 12:08:32,565 - INFO - [sentinel2_tss_pipeline.py:4497] -   snap_tsm: 35.4% coverage, mean=0.66
2025-07-23 12:08:32,565 - INFO - [sentinel2_tss_pipeline.py:4497] -   absorption: 100.0% coverage, mean=0.16
2025-07-23 12:08:32,566 - INFO - [sentinel2_tss_pipeline.py:4497] -   backscattering: 100.0% coverage, mean=0.17
2025-07-23 12:08:32,566 - INFO - [sentinel2_tss_pipeline.py:4497] -   reference_band: 100.0% coverage, mean=561.03
2025-07-23 12:08:32,567 - INFO - [sentinel2_tss_pipeline.py:4497] -   tss: 100.0% coverage, mean=21.06
2025-07-23 12:08:32,567 - INFO - [sentinel2_tss_pipeline.py:4497] -   water_type_classification: 100.0% coverage, mean=1.01
2025-07-23 12:08:32,568 - INFO - [sentinel2_tss_pipeline.py:4497] -   valid_mask: 100.0% coverage, mean=1.00
2025-07-23 12:08:32,569 - INFO - [sentinel2_tss_pipeline.py:4497] -   secchi_depth: 100.0% coverage, mean=7.56
2025-07-23 12:08:32,569 - INFO - [sentinel2_tss_pipeline.py:4497] -   clarity_index: 100.0% coverage, mean=0.79
2025-07-23 12:08:32,570 - INFO - [sentinel2_tss_pipeline.py:4497] -   euphotic_depth: 100.0% coverage, mean=20.47
2025-07-23 12:08:32,570 - INFO - [sentinel2_tss_pipeline.py:4497] -   diffuse_attenuation: 100.0% coverage, mean=0.42
2025-07-23 12:08:32,571 - INFO - [sentinel2_tss_pipeline.py:4497] -   beam_attenuation: 100.0% coverage, mean=0.33
2025-07-23 12:08:32,572 - INFO - [sentinel2_tss_pipeline.py:4497] -   turbidity_proxy: 100.0% coverage, mean=165.67
2025-07-23 12:08:32,572 - INFO - [sentinel2_tss_pipeline.py:4497] -   hab_probability: 100.0% coverage, mean=0.20
2025-07-23 12:08:32,573 - INFO - [sentinel2_tss_pipeline.py:4497] -   hab_risk_level: 100.0% coverage, mean=0.66
2025-07-23 12:08:32,574 - INFO - [sentinel2_tss_pipeline.py:4497] -   high_biomass_alert: 100.0% coverage, mean=0.00
2025-07-23 12:08:32,574 - INFO - [sentinel2_tss_pipeline.py:4497] -   extreme_biomass_alert: 100.0% coverage, mean=0.00
2025-07-23 12:08:32,575 - INFO - [sentinel2_tss_pipeline.py:4497] -   ndci_bloom: 100.0% coverage, mean=0.64
2025-07-23 12:08:32,575 - INFO - [sentinel2_tss_pipeline.py:4497] -   flh_bloom: 100.0% coverage, mean=0.01
2025-07-23 12:08:32,576 - INFO - [sentinel2_tss_pipeline.py:4497] -   mci_bloom: 100.0% coverage, mean=0.01
2025-07-23 12:08:32,577 - INFO - [sentinel2_tss_pipeline.py:4497] -   cyanobacteria_bloom: 100.0% coverage, mean=0.64
2025-07-23 12:08:32,577 - INFO - [sentinel2_tss_pipeline.py:4497] -   ndci_values: 100.0% coverage, mean=0.09
2025-07-23 12:08:32,578 - INFO - [sentinel2_tss_pipeline.py:4497] -   flh_values: 100.0% coverage, mean=-0.01
2025-07-23 12:08:32,578 - INFO - [sentinel2_tss_pipeline.py:4497] -   mci_values: 100.0% coverage, mean=-0.01
2025-07-23 12:08:32,851 - INFO - [sentinel2_tss_pipeline.py:4538] - → Progress: 1/2 (50.0%), ETA: 126.4 minutes
2025-07-23 12:08:32,857 - INFO - [sentinel2_tss_pipeline.py:4400] - 
--------------------------------------------------------------------------------
2025-07-23 12:08:32,857 - INFO - [sentinel2_tss_pipeline.py:4401] - Processing 2/2: S2A_MSIL1C_20190108T113441_N0500_R080_T29TNF_20221217T102306
2025-07-23 12:08:32,859 - INFO - [sentinel2_tss_pipeline.py:4402] - Mode: complete_pipeline
2025-07-23 12:08:32,859 - INFO - [sentinel2_tss_pipeline.py:4403] - --------------------------------------------------------------------------------
2025-07-23 12:08:32,860 - INFO - [sentinel2_tss_pipeline.py:4417] - Step 1: S2 Processing (L1C → C2RCC)
2025-07-23 12:08:32,861 - INFO - [sentinel2_tss_pipeline.py:3753] - Processing: S2A_MSIL1C_20190108T113441_N0500_R080_T29TNF_20221217T102306.zip
2025-07-23 12:08:32,861 - INFO - [sentinel2_tss_pipeline.py:3754] -   Mode: complete_pipeline
2025-07-23 12:08:32,862 - INFO - [sentinel2_tss_pipeline.py:3755] -   Resolution: 10m
2025-07-23 12:08:32,863 - INFO - [sentinel2_tss_pipeline.py:3756] -   ECMWF: True
2025-07-23 12:08:32,866 - INFO - [sentinel2_tss_pipeline.py:3815] - Starting S2 processing with C2RCC...
2025-07-23 12:08:32,866 - INFO - [sentinel2_tss_pipeline.py:3924] - Starting S2 processing with C2RCC...
2025-07-23 12:24:54,259 - INFO - [sentinel2_tss_pipeline.py:3970] - ============================================================
2025-07-23 12:24:54,260 - INFO - [sentinel2_tss_pipeline.py:3971] - C2RCC OUTPUT VERIFICATION REPORT
2025-07-23 12:24:54,261 - INFO - [sentinel2_tss_pipeline.py:3972] - ============================================================
2025-07-23 12:24:54,262 - INFO - [sentinel2_tss_pipeline.py:3973] - C2RCC file: Resampled_S2A_20190108T113441_T29TNF_Subset_C2RCC.dim (20.7 MB)
2025-07-23 12:24:54,262 - INFO - [sentinel2_tss_pipeline.py:3974] - Data folder: Resampled_S2A_20190108T113441_T29TNF_Subset_C2RCC.data
2025-07-23 12:24:54,263 - INFO - [sentinel2_tss_pipeline.py:3984] - 
🧪 SNAP TSM/CHL PRODUCTS (Critical for Analysis):
2025-07-23 12:24:54,263 - WARNING - [sentinel2_tss_pipeline.py:4005] -    ✗ TSM: conc_tsm.img (missing/empty)
2025-07-23 12:24:54,264 - WARNING - [sentinel2_tss_pipeline.py:4005] -    ✗ CHL: conc_chl.img (missing/empty)
2025-07-23 12:24:54,265 - WARNING - [sentinel2_tss_pipeline.py:4005] -    ✗ TSM uncertainties: unc_tsm.img (missing/empty)
2025-07-23 12:24:54,265 - WARNING - [sentinel2_tss_pipeline.py:4005] -    ✗ CHL uncertainties: unc_chl.img (missing/empty)
2025-07-23 12:24:54,266 - INFO - [sentinel2_tss_pipeline.py:4021] - ℹ️  TSM/CHL products will be calculated from IOP products
2025-07-23 12:24:54,267 - INFO - [sentinel2_tss_pipeline.py:4022] -    Using SNAP formulas:
2025-07-23 12:24:54,267 - INFO - [sentinel2_tss_pipeline.py:4023] -    • TSM = TSMfac * (bpart + bwit)^TSMexp
2025-07-23 12:24:54,268 - INFO - [sentinel2_tss_pipeline.py:4024] -    • CHL = apig^CHLexp * CHLfac
2025-07-23 12:24:54,268 - INFO - [sentinel2_tss_pipeline.py:4027] - 
🔬 SNAP IOP PRODUCTS (5/6 available):
2025-07-23 12:24:54,269 - INFO - [sentinel2_tss_pipeline.py:4037] -    ✓ iop_apig.img (250524.1 KB)
2025-07-23 12:24:54,270 - INFO - [sentinel2_tss_pipeline.py:4037] -    ✓ iop_adet.img (250524.1 KB)
2025-07-23 12:24:54,271 - INFO - [sentinel2_tss_pipeline.py:4037] -    ✓ iop_agelb.img (250524.1 KB)
2025-07-23 12:24:54,272 - INFO - [sentinel2_tss_pipeline.py:4037] -    ✓ iop_bpart.img (250524.1 KB)
2025-07-23 12:24:54,273 - INFO - [sentinel2_tss_pipeline.py:4037] -    ✓ iop_bwit.img (250524.1 KB)
2025-07-23 12:24:54,275 - INFO - [sentinel2_tss_pipeline.py:4158] - 🔄 Calculating missing iop_btot from bpart + bwit...
2025-07-23 12:24:55,017 - INFO - [sentinel2_tss_pipeline.py:4186] - Calculated btot: shape=(5841, 10980), valid_pixels=64134180
2025-07-23 12:24:57,748 - INFO - [sentinel2_tss_pipeline.py:607] - Successfully wrote raster: iop_btot.img
2025-07-23 12:24:57,762 - INFO - [sentinel2_tss_pipeline.py:4199] - ✅ Successfully calculated and saved iop_btot.img (89820.8 KB)
2025-07-23 12:24:57,791 - INFO - [sentinel2_tss_pipeline.py:4043] -    ✓ iop_btot.img (calculated from bpart + bwit)
2025-07-23 12:24:57,791 - INFO - [sentinel2_tss_pipeline.py:4051] - 
🌊 JIANG TSS READINESS:
2025-07-23 12:24:57,792 - INFO - [sentinel2_tss_pipeline.py:4244] - 🔍 Checking for rhow bands in: D:/GSEU_WP5/02_TSS_Results\C2RCC_Products\Resampled_S2A_20190108T113441_T29TNF_Subset_C2RCC.data
2025-07-23 12:24:57,794 - INFO - [sentinel2_tss_pipeline.py:4251] - ✓ Found band 443nm: rtoa_B1.img
2025-07-23 12:24:57,795 - INFO - [sentinel2_tss_pipeline.py:4251] - ✓ Found band 490nm: rtoa_B2.img
2025-07-23 12:24:57,796 - INFO - [sentinel2_tss_pipeline.py:4251] - ✓ Found band 560nm: rtoa_B3.img
2025-07-23 12:24:57,796 - INFO - [sentinel2_tss_pipeline.py:4251] - ✓ Found band 665nm: rtoa_B4.img
2025-07-23 12:24:57,797 - INFO - [sentinel2_tss_pipeline.py:4251] - ✓ Found band 705nm: rtoa_B5.img
2025-07-23 12:24:57,798 - INFO - [sentinel2_tss_pipeline.py:4251] - ✓ Found band 740nm: rtoa_B6.img
2025-07-23 12:24:57,799 - INFO - [sentinel2_tss_pipeline.py:4251] - ✓ Found band 783nm: rtoa_B7.img
2025-07-23 12:24:57,800 - INFO - [sentinel2_tss_pipeline.py:4251] - ✓ Found band 865nm: rtoa_B8A.img
2025-07-23 12:24:57,801 - INFO - [sentinel2_tss_pipeline.py:4256] - 📊 Loaded 8/8 required rhow bands
2025-07-23 12:24:57,801 - INFO - [sentinel2_tss_pipeline.py:4056] - ✅ EXCELLENT: All 8/8 rhow bands available
2025-07-23 12:24:57,802 - INFO - [sentinel2_tss_pipeline.py:4079] - 
📊 OVERALL ASSESSMENT:
2025-07-23 12:24:57,802 - INFO - [sentinel2_tss_pipeline.py:4091] - ✅ ADEQUATE: Jiang TSS ready, some products missing
2025-07-23 12:24:57,803 - INFO - [sentinel2_tss_pipeline.py:4097] - ============================================================
2025-07-23 12:24:57,804 - INFO - [sentinel2_tss_pipeline.py:3826] - ✅ S2 processing SUCCESS: S2A_MSIL1C_20190108T113441_N0500_R080_T29TNF_20221217T102306.zip
2025-07-23 12:24:57,804 - INFO - [sentinel2_tss_pipeline.py:3827] -    Output: Resampled_S2A_20190108T113441_T29TNF_Subset_C2RCC.dim (20.7MB)
2025-07-23 12:24:57,805 - INFO - [sentinel2_tss_pipeline.py:3828] -    Processing time: 16.4 minutes
2025-07-23 12:24:57,805 - INFO - [sentinel2_tss_pipeline.py:3835] - Calculating missing SNAP TSM/CHL concentrations from IOP products...
2025-07-23 12:24:57,806 - INFO - [sentinel2_tss_pipeline.py:813] - SNAP TSM/CHL Calculator initialized:
2025-07-23 12:24:57,806 - INFO - [sentinel2_tss_pipeline.py:814] -   TSM formula: TSM = 1.06 * (bpart + bwit)^0.942
2025-07-23 12:24:57,807 - INFO - [sentinel2_tss_pipeline.py:815] -   CHL formula: CHL = apig^1.04 * 21.0
2025-07-23 12:24:57,807 - INFO - [sentinel2_tss_pipeline.py:820] - Calculating SNAP TSM/CHL from IOP products...
2025-07-23 12:24:58,347 - INFO - [sentinel2_tss_pipeline.py:846] - ✓ Loaded apig: (5841, 10980), mean=0.1622
2025-07-23 12:24:58,883 - INFO - [sentinel2_tss_pipeline.py:846] - ✓ Loaded bpart: (5841, 10980), mean=0.1605
2025-07-23 12:24:59,449 - INFO - [sentinel2_tss_pipeline.py:846] - ✓ Loaded bwit: (5841, 10980), mean=0.4381
2025-07-23 12:24:59,450 - INFO - [sentinel2_tss_pipeline.py:856] - Calculating CHL concentration from iop_apig...
2025-07-23 12:25:00,265 - INFO - [sentinel2_tss_pipeline.py:885] - CHL calculation: 18614363 valid pixels out of 18614363 processed
2025-07-23 12:25:03,005 - INFO - [sentinel2_tss_pipeline.py:607] - Successfully wrote raster: conc_chl.img
2025-07-23 12:25:03,231 - INFO - [sentinel2_tss_pipeline.py:904] - ✓ CHL concentration saved: 29.0% coverage, mean=11.566 mg/m³
2025-07-23 12:25:03,232 - INFO - [sentinel2_tss_pipeline.py:914] - Calculating TSM concentration from bpart + bwit (btot approximation)...
2025-07-23 12:25:04,077 - INFO - [sentinel2_tss_pipeline.py:946] - TSM calculation: 18614363 valid pixels out of 18614363 processed
2025-07-23 12:25:06,876 - INFO - [sentinel2_tss_pipeline.py:607] - Successfully wrote raster: conc_tsm.img
2025-07-23 12:25:07,094 - INFO - [sentinel2_tss_pipeline.py:965] - ✓ TSM concentration saved: 29.0% coverage, mean=2.049 g/m³
2025-07-23 12:25:07,167 - INFO - [sentinel2_tss_pipeline.py:3848] - ✅ SNAP TSM calculation successful!
2025-07-23 12:25:07,168 - INFO - [sentinel2_tss_pipeline.py:3851] - ✅ SNAP CHL calculation successful!
2025-07-23 12:25:07,169 - INFO - [sentinel2_tss_pipeline.py:3970] - ============================================================
2025-07-23 12:25:07,170 - INFO - [sentinel2_tss_pipeline.py:3971] - C2RCC OUTPUT VERIFICATION REPORT
2025-07-23 12:25:07,170 - INFO - [sentinel2_tss_pipeline.py:3972] - ============================================================
2025-07-23 12:25:07,171 - INFO - [sentinel2_tss_pipeline.py:3973] - C2RCC file: Resampled_S2A_20190108T113441_T29TNF_Subset_C2RCC.dim (20.7 MB)
2025-07-23 12:25:07,171 - INFO - [sentinel2_tss_pipeline.py:3974] - Data folder: Resampled_S2A_20190108T113441_T29TNF_Subset_C2RCC.data
2025-07-23 12:25:07,172 - INFO - [sentinel2_tss_pipeline.py:3984] - 
🧪 SNAP TSM/CHL PRODUCTS (Critical for Analysis):
2025-07-23 12:25:07,173 - INFO - [sentinel2_tss_pipeline.py:3995] -    ✓ TSM: conc_tsm.img (89946.8 KB)
2025-07-23 12:25:07,174 - INFO - [sentinel2_tss_pipeline.py:3995] -    ✓ CHL: conc_chl.img (89752.8 KB)
2025-07-23 12:25:07,175 - WARNING - [sentinel2_tss_pipeline.py:4005] -    ✗ TSM uncertainties: unc_tsm.img (missing/empty)
2025-07-23 12:25:07,175 - WARNING - [sentinel2_tss_pipeline.py:4005] -    ✗ CHL uncertainties: unc_chl.img (missing/empty)
2025-07-23 12:25:07,176 - INFO - [sentinel2_tss_pipeline.py:4018] - ✅ SUCCESS: Both TSM and CHL products available!
2025-07-23 12:25:07,176 - INFO - [sentinel2_tss_pipeline.py:4019] -    ⚠ Uncertainties: Not available (calculated products)
2025-07-23 12:25:07,177 - INFO - [sentinel2_tss_pipeline.py:4027] - 
🔬 SNAP IOP PRODUCTS (5/6 available):
2025-07-23 12:25:07,178 - INFO - [sentinel2_tss_pipeline.py:4037] -    ✓ iop_apig.img (250524.1 KB)
2025-07-23 12:25:07,179 - INFO - [sentinel2_tss_pipeline.py:4037] -    ✓ iop_adet.img (250524.1 KB)
2025-07-23 12:25:07,180 - INFO - [sentinel2_tss_pipeline.py:4037] -    ✓ iop_agelb.img (250524.1 KB)
2025-07-23 12:25:07,182 - INFO - [sentinel2_tss_pipeline.py:4037] -    ✓ iop_bpart.img (250524.1 KB)
2025-07-23 12:25:07,183 - INFO - [sentinel2_tss_pipeline.py:4037] -    ✓ iop_bwit.img (250524.1 KB)
2025-07-23 12:25:07,183 - INFO - [sentinel2_tss_pipeline.py:4037] -    ✓ iop_btot.img (89820.8 KB)
2025-07-23 12:25:07,184 - INFO - [sentinel2_tss_pipeline.py:4051] - 
🌊 JIANG TSS READINESS:
2025-07-23 12:25:07,184 - INFO - [sentinel2_tss_pipeline.py:4244] - 🔍 Checking for rhow bands in: D:/GSEU_WP5/02_TSS_Results\C2RCC_Products\Resampled_S2A_20190108T113441_T29TNF_Subset_C2RCC.data
2025-07-23 12:25:07,186 - INFO - [sentinel2_tss_pipeline.py:4251] - ✓ Found band 443nm: rtoa_B1.img
2025-07-23 12:25:07,186 - INFO - [sentinel2_tss_pipeline.py:4251] - ✓ Found band 490nm: rtoa_B2.img
2025-07-23 12:25:07,187 - INFO - [sentinel2_tss_pipeline.py:4251] - ✓ Found band 560nm: rtoa_B3.img
2025-07-23 12:25:07,188 - INFO - [sentinel2_tss_pipeline.py:4251] - ✓ Found band 665nm: rtoa_B4.img
2025-07-23 12:25:07,189 - INFO - [sentinel2_tss_pipeline.py:4251] - ✓ Found band 705nm: rtoa_B5.img
2025-07-23 12:25:07,190 - INFO - [sentinel2_tss_pipeline.py:4251] - ✓ Found band 740nm: rtoa_B6.img
2025-07-23 12:25:07,191 - INFO - [sentinel2_tss_pipeline.py:4251] - ✓ Found band 783nm: rtoa_B7.img
2025-07-23 12:25:07,192 - INFO - [sentinel2_tss_pipeline.py:4251] - ✓ Found band 865nm: rtoa_B8A.img
2025-07-23 12:25:07,193 - INFO - [sentinel2_tss_pipeline.py:4256] - 📊 Loaded 8/8 required rhow bands
2025-07-23 12:25:07,193 - INFO - [sentinel2_tss_pipeline.py:4056] - ✅ EXCELLENT: All 8/8 rhow bands available
2025-07-23 12:25:07,194 - INFO - [sentinel2_tss_pipeline.py:4079] - 
📊 OVERALL ASSESSMENT:
2025-07-23 12:25:07,194 - INFO - [sentinel2_tss_pipeline.py:4088] - 👍 GOOD: Jiang TSS ready, SNAP products will be calculated
2025-07-23 12:25:07,195 - INFO - [sentinel2_tss_pipeline.py:4097] - ============================================================
2025-07-23 12:25:07,195 - INFO - [sentinel2_tss_pipeline.py:3857] - 📊 UPDATED SNAP PRODUCTS STATUS:
2025-07-23 12:25:07,196 - INFO - [sentinel2_tss_pipeline.py:3858] -    TSM=True, CHL=True, Uncertainties=False
2025-07-23 12:25:07,196 - INFO - [sentinel2_tss_pipeline.py:3868] - ✅ S2 processing completed - ready for TSS processing
2025-07-23 12:25:07,197 - INFO - [sentinel2_tss_pipeline.py:3869] - ℹ️  TSS processing (Jiang + Marine Viz) handled by separate processors
2025-07-23 12:25:07,381 - INFO - [sentinel2_tss_pipeline.py:4433] - Step 2: TSS Processing (Jiang)
2025-07-23 12:25:07,383 - INFO - [sentinel2_tss_pipeline.py:1268] - Starting comprehensive TSS processing for S2A_MSIL1C_20190108T113441_N0500_R080_T29TNF_20221217T102306
2025-07-23 12:25:07,388 - INFO - [sentinel2_tss_pipeline.py:1240] - Successfully found 12 spectral bands for Jiang TSS
2025-07-23 12:25:11,368 - INFO - [sentinel2_tss_pipeline.py:1442] - Applying Jiang methodology (exact R translation)
2025-07-23 12:25:13,250 - INFO - [sentinel2_tss_pipeline.py:1560] - Processing 41213921 valid pixels with corrected Jiang algorithm
2025-07-23 12:34:09,116 - INFO - [sentinel2_tss_pipeline.py:7700] - Application interrupted by user
