2025-07-22 10:59:50,039 - INFO - [sentinel2_tss_pipeline.py:6357] - ================================================================================
2025-07-22 10:59:50,040 - INFO - [sentinel2_tss_pipeline.py:6358] - UNIFIED S2 PROCESSING & TSS ESTIMATION PIPELINE v1.0
2025-07-22 10:59:50,041 - INFO - [sentinel2_tss_pipeline.py:6359] - ================================================================================
2025-07-22 10:59:50,041 - INFO - [sentinel2_tss_pipeline.py:6360] - SNAP_HOME: C:\Program Files\esa-snap
2025-07-22 10:59:50,042 - INFO - [sentinel2_tss_pipeline.py:6361] - GPT: C:\Program Files\esa-snap\bin\gpt.exe
2025-07-22 10:59:50,043 - INFO - [sentinel2_tss_pipeline.py:6362] - Python: 3.9.22 | packaged by conda-forge | (main, Apr 10 2025, 22:07:06) [MSC v.1929 64 bit (AMD64)]
2025-07-22 10:59:50,043 - INFO - [sentinel2_tss_pipeline.py:6363] - Platform: win32
2025-07-22 10:59:50,044 - INFO - [sentinel2_tss_pipeline.py:6364] - Working Directory: C:\Users\pedro.goncalves\OneDrive - LNEG - Laboratorio Nacional de Energia e Geologia\GitHub\sentinel2-tss-pipeline
2025-07-22 10:59:50,045 - INFO - [sentinel2_tss_pipeline.py:6365] - ================================================================================
2025-07-22 10:59:50,046 - INFO - [sentinel2_tss_pipeline.py:6374] - Starting GUI application...
2025-07-22 11:00:46,130 - INFO - [sentinel2_tss_pipeline.py:2491] - SNAP_HOME: C:\Program Files\esa-snap
2025-07-22 11:00:51,097 - INFO - [sentinel2_tss_pipeline.py:2502] - ✓ GPT validated: C:\Program Files\esa-snap\bin\gpt.exe
2025-07-22 11:00:51,098 - INFO - [sentinel2_tss_pipeline.py:2552] - Processing with spatial subset using Read operator (SNAP native)
2025-07-22 11:00:51,100 - INFO - [sentinel2_tss_pipeline.py:2681] - Working graph with all bands saved: s2_complete_processing_with_subset.xml
2025-07-22 11:00:51,100 - INFO - [sentinel2_tss_pipeline.py:2531] - ✓ Processing graph created for mode: complete_pipeline
2025-07-22 11:00:51,101 - INFO - [sentinel2_tss_pipeline.py:2068] - Initialized Advanced Aquatic Processor with scientific algorithms
2025-07-22 11:00:51,101 - INFO - [sentinel2_tss_pipeline.py:1010] - Initialized Jiang TSS Processor with clean methodology
2025-07-22 11:00:51,102 - INFO - [sentinel2_tss_pipeline.py:1013] - Jiang TSS enabled: True
2025-07-22 11:00:51,102 - INFO - [sentinel2_tss_pipeline.py:1014] - Advanced algorithms enabled: True
2025-07-22 11:00:51,103 - INFO - [sentinel2_tss_pipeline.py:1016] - Working algorithms available:
2025-07-22 11:00:51,103 - INFO - [sentinel2_tss_pipeline.py:1017] -   ✓ Water Clarity: True
2025-07-22 11:00:51,104 - INFO - [sentinel2_tss_pipeline.py:1018] -   ✓ HAB Detection: True
2025-07-22 11:00:51,104 - INFO - [sentinel2_tss_pipeline.py:1019] - Note: Only Sentinel-2 compatible algorithms included
2025-07-22 11:00:51,105 - INFO - [sentinel2_tss_pipeline.py:3495] - Initialized Unified S2-TSS Processor - Mode: complete_pipeline
2025-07-22 11:00:51,105 - INFO - [sentinel2_tss_pipeline.py:5878] - TEST MODE: Processing only 2 products
2025-07-22 11:00:51,106 - INFO - [sentinel2_tss_pipeline.py:3569] - 
--------------------------------------------------------------------------------
2025-07-22 11:00:51,107 - INFO - [sentinel2_tss_pipeline.py:3570] - Processing 1/2: S2A_MSIL1C_20190105T112441_N0500_R037_T29TNF_20221215T164753
2025-07-22 11:00:51,107 - INFO - [sentinel2_tss_pipeline.py:3571] - Mode: complete_pipeline
2025-07-22 11:00:51,108 - INFO - [sentinel2_tss_pipeline.py:3572] - --------------------------------------------------------------------------------
2025-07-22 11:00:51,109 - INFO - [sentinel2_tss_pipeline.py:2842] - Processing: S2A_MSIL1C_20190105T112441_N0500_R037_T29TNF_20221215T164753.zip
2025-07-22 11:00:51,109 - INFO - [sentinel2_tss_pipeline.py:2843] -   Mode: complete_pipeline
2025-07-22 11:00:51,110 - INFO - [sentinel2_tss_pipeline.py:2844] -   Resolution: 10m
2025-07-22 11:00:51,110 - INFO - [sentinel2_tss_pipeline.py:2845] -   ECMWF: True
2025-07-22 11:00:51,113 - INFO - [sentinel2_tss_pipeline.py:2991] - Starting COMPLETE S2 processing (all bands for current + future modules)...
2025-07-22 11:01:08,530 - ERROR - [sentinel2_tss_pipeline.py:3013] - ❌ GPT processing failed
2025-07-22 11:01:08,531 - ERROR - [sentinel2_tss_pipeline.py:3014] - Return code: 1
2025-07-22 11:01:08,532 - ERROR - [sentinel2_tss_pipeline.py:3016] - GPT stderr: INFO: org.esa.snap.core.gpf.operators.tooladapter.ToolAdapterIO: Initializing external tool adapters
INFO: org.esa.snap.core.util.EngineVersionCheckActivator: Please check regularly for new updates for the best SNAP experience.
1518 [main] INFO hdf.hdflib.HDFLibrary - HDF4 library: 
1518 [main] INFO hdf.hdflib.HDFLibrary -  successfully loaded.
1524 [main] INFO hdf.hdf5lib.H5 - HDF5 library: 
1524 [main] INFO hdf.hdf5lib.H5 -  successfully loaded.
INFO: eu.esa.opt.dataio.s2.ortho.S2OrthoProductReaderPlugIn: Building product reader - EPSG:32629
WARNING: org.esa.snap.core.metadata.GenericXmlMetadata: Metadata: the path to element [metadata_level] does not exist
WARNING: org.esa.snap.core.metadata.GenericXmlMetadata: Metadata: the path to element [granuleidentifier] does not exist
WARNING: org.esa.snap.core.metadata.GenericXmlMetadata: Metadata: the path to element [bandid] does not exist

Error: [NodeId: c2rcc_msi] Source must be a resampled S2 MSI L1C product
org.esa.snap.core.gpf.graph...
2025-07-22 11:01:08,532 - ERROR - [sentinel2_tss_pipeline.py:2960] - ❌ S2 processing FAILED: S2A_MSIL1C_20190105T112441_N0500_R037_T29TNF_20221215T164753.zip
2025-07-22 11:01:08,533 - INFO - [sentinel2_tss_pipeline.py:3605] - ✓ Processing completed: 0 products generated
2025-07-22 11:01:08,696 - INFO - [sentinel2_tss_pipeline.py:3654] - → Progress: 1/2 (50.0%), ETA: 0.4 minutes
2025-07-22 11:01:08,699 - INFO - [sentinel2_tss_pipeline.py:3569] - 
--------------------------------------------------------------------------------
2025-07-22 11:01:08,699 - INFO - [sentinel2_tss_pipeline.py:3570] - Processing 2/2: S2A_MSIL1C_20190108T113441_N0500_R080_T29TNF_20221217T102306
2025-07-22 11:01:08,700 - INFO - [sentinel2_tss_pipeline.py:3571] - Mode: complete_pipeline
2025-07-22 11:01:08,700 - INFO - [sentinel2_tss_pipeline.py:3572] - --------------------------------------------------------------------------------
2025-07-22 11:01:08,701 - INFO - [sentinel2_tss_pipeline.py:2842] - Processing: S2A_MSIL1C_20190108T113441_N0500_R080_T29TNF_20221217T102306.zip
2025-07-22 11:01:08,701 - INFO - [sentinel2_tss_pipeline.py:2843] -   Mode: complete_pipeline
2025-07-22 11:01:08,702 - INFO - [sentinel2_tss_pipeline.py:2844] -   Resolution: 10m
2025-07-22 11:01:08,702 - INFO - [sentinel2_tss_pipeline.py:2845] -   ECMWF: True
2025-07-22 11:01:08,704 - INFO - [sentinel2_tss_pipeline.py:2991] - Starting COMPLETE S2 processing (all bands for current + future modules)...
2025-07-22 11:01:25,682 - ERROR - [sentinel2_tss_pipeline.py:3013] - ❌ GPT processing failed
2025-07-22 11:01:25,683 - ERROR - [sentinel2_tss_pipeline.py:3014] - Return code: 1
2025-07-22 11:01:25,683 - ERROR - [sentinel2_tss_pipeline.py:3016] - GPT stderr: INFO: org.esa.snap.core.gpf.operators.tooladapter.ToolAdapterIO: Initializing external tool adapters
INFO: org.esa.snap.core.util.EngineVersionCheckActivator: Please check regularly for new updates for the best SNAP experience.
1599 [main] INFO hdf.hdflib.HDFLibrary - HDF4 library: 
1600 [main] INFO hdf.hdflib.HDFLibrary -  successfully loaded.
1605 [main] INFO hdf.hdf5lib.H5 - HDF5 library: 
1605 [main] INFO hdf.hdf5lib.H5 -  successfully loaded.
INFO: eu.esa.opt.dataio.s2.ortho.S2OrthoProductReaderPlugIn: Building product reader - EPSG:32629
WARNING: org.esa.snap.core.metadata.GenericXmlMetadata: Metadata: the path to element [metadata_level] does not exist
WARNING: org.esa.snap.core.metadata.GenericXmlMetadata: Metadata: the path to element [granuleidentifier] does not exist
WARNING: org.esa.snap.core.metadata.GenericXmlMetadata: Metadata: the path to element [bandid] does not exist

Error: [NodeId: c2rcc_msi] Source must be a resampled S2 MSI L1C product
org.esa.snap.core.gpf.graph...
2025-07-22 11:01:25,684 - ERROR - [sentinel2_tss_pipeline.py:2960] - ❌ S2 processing FAILED: S2A_MSIL1C_20190108T113441_N0500_R080_T29TNF_20221217T102306.zip
2025-07-22 11:01:25,685 - INFO - [sentinel2_tss_pipeline.py:3605] - ✓ Processing completed: 0 products generated
2025-07-22 11:01:25,848 - INFO - [sentinel2_tss_pipeline.py:3654] - → Progress: 2/2 (100.0%), ETA: 0.0 minutes
2025-07-22 11:12:18,457 - INFO - [sentinel2_tss_pipeline.py:6378] - Application finished successfully
