2025-07-24 18:53:55,280 - INFO - [sentinel2_tss_pipeline.py:232] - Logging configured - File: C:\Users\pedro.goncalves\OneDrive - LNEG - Laboratorio Nacional de Energia e Geologia\GitHub\sentinel2-tss-pipeline\S2_TSS_Results\Logs\unified_s2_tss_20250724_185355.log
2025-07-24 18:53:55,288 - INFO - [sentinel2_tss_pipeline.py:9214] - Auto-detected SNAP_HOME: C:\Program Files\esa-snap
2025-07-24 18:53:55,288 - INFO - [sentinel2_tss_pipeline.py:9255] - ================================================================================
2025-07-24 18:53:55,289 - INFO - [sentinel2_tss_pipeline.py:9256] - UNIFIED S2 PROCESSING & TSS ESTIMATION PIPELINE v1.0
2025-07-24 18:53:55,290 - INFO - [sentinel2_tss_pipeline.py:9257] - ================================================================================
2025-07-24 18:53:55,290 - INFO - [sentinel2_tss_pipeline.py:9258] - SNAP_HOME: C:\Program Files\esa-snap
2025-07-24 18:53:55,291 - INFO - [sentinel2_tss_pipeline.py:9259] - GPT: C:\Program Files\esa-snap\bin\gpt.exe
2025-07-24 18:53:55,291 - INFO - [sentinel2_tss_pipeline.py:9260] - Python: 3.9.22 | packaged by conda-forge | (main, Apr 10 2025, 22:07:06) [MSC v.1929 64 bit (AMD64)]
2025-07-24 18:53:55,292 - INFO - [sentinel2_tss_pipeline.py:9261] - Platform: win32
2025-07-24 18:53:55,293 - INFO - [sentinel2_tss_pipeline.py:9262] - Working Directory: C:\Users\pedro.goncalves\OneDrive - LNEG - Laboratorio Nacional de Energia e Geologia\GitHub\sentinel2-tss-pipeline
2025-07-24 18:53:55,293 - INFO - [sentinel2_tss_pipeline.py:9263] - ================================================================================
2025-07-24 18:53:55,294 - INFO - [sentinel2_tss_pipeline.py:9272] - Starting GUI application...
2025-07-24 18:53:55,430 - INFO - [sentinel2_tss_pipeline.py:6705] - Added enable_marine_visualization attribute (ENABLED)
2025-07-24 18:53:55,431 - INFO - [sentinel2_tss_pipeline.py:6709] - Added marine_viz_config attribute
2025-07-24 18:53:55,431 - INFO - [sentinel2_tss_pipeline.py:6719] - Creating MarineVisualizationConfig class for full functionality...
2025-07-24 18:53:55,433 - INFO - [sentinel2_tss_pipeline.py:6749] - ✓ Created complete MarineVisualizationConfig - ALL FEATURES ENABLED
2025-07-24 18:53:55,433 - INFO - [sentinel2_tss_pipeline.py:6787] - ============================================================
2025-07-24 18:53:55,434 - INFO - [sentinel2_tss_pipeline.py:6788] - MARINE VISUALIZATION SYSTEM STATUS:
2025-07-24 18:53:55,434 - INFO - [sentinel2_tss_pipeline.py:6789] - ✓ Marine visualization enabled: True
2025-07-24 18:53:55,435 - INFO - [sentinel2_tss_pipeline.py:6790] - ✓ Marine config created: True
2025-07-24 18:53:55,435 - INFO - [sentinel2_tss_pipeline.py:6793] - ENABLED MARINE VISUALIZATION FEATURES:
2025-07-24 18:53:55,436 - INFO - [sentinel2_tss_pipeline.py:6794] -   ✓ Natural color RGB: True
2025-07-24 18:53:55,436 - INFO - [sentinel2_tss_pipeline.py:6795] -   ✓ False color RGB: True
2025-07-24 18:53:55,437 - INFO - [sentinel2_tss_pipeline.py:6796] -   ✓ Water-specific RGB: True
2025-07-24 18:53:55,437 - INFO - [sentinel2_tss_pipeline.py:6797] -   ✓ Research RGB combinations: True
2025-07-24 18:53:55,438 - INFO - [sentinel2_tss_pipeline.py:6798] -   ✓ Water quality indices: True
2025-07-24 18:53:55,438 - INFO - [sentinel2_tss_pipeline.py:6799] -   ✓ Chlorophyll indices: True
2025-07-24 18:53:55,439 - INFO - [sentinel2_tss_pipeline.py:6800] -   ✓ Turbidity indices: True
2025-07-24 18:53:55,439 - INFO - [sentinel2_tss_pipeline.py:6801] -   ✓ Advanced indices: True
2025-07-24 18:53:55,440 - INFO - [sentinel2_tss_pipeline.py:6802] -   ✓ Contrast enhancement: True
2025-07-24 18:53:55,440 - INFO - [sentinel2_tss_pipeline.py:6804] - ✓ Advanced algorithms enabled: True
2025-07-24 18:53:55,441 - INFO - [sentinel2_tss_pipeline.py:6805] - ✓ Advanced config created: True
2025-07-24 18:53:55,442 - INFO - [sentinel2_tss_pipeline.py:6806] - ============================================================
2025-07-24 18:53:55,443 - INFO - [sentinel2_tss_pipeline.py:6807] - 🎨 MARINE VISUALIZATION SYSTEM READY FOR PRODUCTION! 🎨
2025-07-24 18:53:55,443 - INFO - [sentinel2_tss_pipeline.py:6808] - Expected outputs per product:
2025-07-24 18:53:55,444 - INFO - [sentinel2_tss_pipeline.py:6809] -   • Multiple RGB composites (natural, false color, water-specific)
2025-07-24 18:53:55,444 - INFO - [sentinel2_tss_pipeline.py:6810] -   • Water quality spectral indices (NDWI, NDCI, NDTI, etc.)
2025-07-24 18:53:55,445 - INFO - [sentinel2_tss_pipeline.py:6811] -   • Chlorophyll indices (CIG, etc.)
2025-07-24 18:53:55,446 - INFO - [sentinel2_tss_pipeline.py:6812] -   • Turbidity indices (TSI, etc.)
2025-07-24 18:53:55,446 - INFO - [sentinel2_tss_pipeline.py:6813] -   • Advanced marine indices (FUI, SDD, CDOM, etc.)
2025-07-24 18:53:55,447 - INFO - [sentinel2_tss_pipeline.py:6814] -   • All outputs in GeoTIFF format with metadata
2025-07-24 18:53:55,448 - INFO - [sentinel2_tss_pipeline.py:6815] - ============================================================
2025-07-24 18:54:15,860 - INFO - [sentinel2_tss_pipeline.py:8347] - Loading configuration from: D:/GSEU_WP5/Config/Processing_Config.json
2025-07-24 18:54:15,861 - INFO - [sentinel2_tss_pipeline.py:8352] - ✓ Processing mode: complete_pipeline
2025-07-24 18:54:15,861 - INFO - [sentinel2_tss_pipeline.py:8374] - ✓ Resampling config loaded: 10m resolution
2025-07-24 18:54:15,863 - INFO - [sentinel2_tss_pipeline.py:8412] - ✓ Subset config loaded
2025-07-24 18:54:15,863 - INFO - [sentinel2_tss_pipeline.py:8454] - ✓ C2RCC config loaded: 35.0‰ salinity, 15.0°C
2025-07-24 18:54:15,864 - INFO - [sentinel2_tss_pipeline.py:8505] - ✓ Marine visualization config loaded from file
2025-07-24 18:54:15,865 - INFO - [sentinel2_tss_pipeline.py:8518] - ✓ Jiang TSS config loaded: True
2025-07-24 18:54:16,968 - INFO - [sentinel2_tss_pipeline.py:8542] - ✅ Configuration loading completed successfully
