2025-07-25 17:08:02,434 - INFO - [sentinel2_tss_pipeline.py:232] - Logging configured - File: C:\Users\pedro.goncalves\OneDrive - LNEG - Laboratorio Nacional de Energia e Geologia\GitHub\sentinel2-tss-pipeline\S2_TSS_Results\Logs\unified_s2_tss_20250725_170802.log
2025-07-25 17:08:02,442 - INFO - [sentinel2_tss_pipeline.py:9600] - ================================================================================
2025-07-25 17:08:02,443 - INFO - [sentinel2_tss_pipeline.py:9601] - UNIFIED S2 PROCESSING & TSS ESTIMATION PIPELINE v1.0
2025-07-25 17:08:02,443 - INFO - [sentinel2_tss_pipeline.py:9602] - ================================================================================
2025-07-25 17:08:02,444 - INFO - [sentinel2_tss_pipeline.py:9603] - SNAP_HOME: C:\Program Files\esa-snap
2025-07-25 17:08:02,445 - INFO - [sentinel2_tss_pipeline.py:9604] - GPT: C:\Program Files\esa-snap\bin\gpt.exe
2025-07-25 17:08:02,446 - INFO - [sentinel2_tss_pipeline.py:9605] - Python: 3.9.22 | packaged by conda-forge | (main, Apr 10 2025, 22:07:06) [MSC v.1929 64 bit (AMD64)]
2025-07-25 17:08:02,446 - INFO - [sentinel2_tss_pipeline.py:9606] - Platform: win32
2025-07-25 17:08:02,447 - INFO - [sentinel2_tss_pipeline.py:9607] - Working Directory: C:\Users\pedro.goncalves\OneDrive - LNEG - Laboratorio Nacional de Energia e Geologia\GitHub\sentinel2-tss-pipeline
2025-07-25 17:08:02,447 - INFO - [sentinel2_tss_pipeline.py:9608] - ================================================================================
2025-07-25 17:08:02,448 - INFO - [sentinel2_tss_pipeline.py:9617] - Starting GUI application...
2025-07-25 17:08:02,600 - INFO - [sentinel2_tss_pipeline.py:7050] - Added enable_marine_visualization attribute (ENABLED)
2025-07-25 17:08:02,601 - INFO - [sentinel2_tss_pipeline.py:7054] - Added marine_viz_config attribute
2025-07-25 17:08:02,602 - INFO - [sentinel2_tss_pipeline.py:7064] - Creating MarineVisualizationConfig class for full functionality...
2025-07-25 17:08:02,603 - INFO - [sentinel2_tss_pipeline.py:7094] - ✓ Created complete MarineVisualizationConfig - ALL FEATURES ENABLED
2025-07-25 17:08:02,604 - INFO - [sentinel2_tss_pipeline.py:7132] - ============================================================
2025-07-25 17:08:02,605 - INFO - [sentinel2_tss_pipeline.py:7133] - MARINE VISUALIZATION SYSTEM STATUS:
2025-07-25 17:08:02,606 - INFO - [sentinel2_tss_pipeline.py:7134] - ✓ Marine visualization enabled: True
2025-07-25 17:08:02,607 - INFO - [sentinel2_tss_pipeline.py:7135] - ✓ Marine config created: True
2025-07-25 17:08:02,608 - INFO - [sentinel2_tss_pipeline.py:7138] - ENABLED MARINE VISUALIZATION FEATURES:
2025-07-25 17:08:02,608 - INFO - [sentinel2_tss_pipeline.py:7139] -   ✓ Natural color RGB: True
2025-07-25 17:08:02,609 - INFO - [sentinel2_tss_pipeline.py:7140] -   ✓ False color RGB: True
2025-07-25 17:08:02,610 - INFO - [sentinel2_tss_pipeline.py:7141] -   ✓ Water-specific RGB: True
2025-07-25 17:08:02,610 - INFO - [sentinel2_tss_pipeline.py:7142] -   ✓ Research RGB combinations: True
2025-07-25 17:08:02,611 - INFO - [sentinel2_tss_pipeline.py:7143] -   ✓ Water quality indices: True
2025-07-25 17:08:02,612 - INFO - [sentinel2_tss_pipeline.py:7144] -   ✓ Chlorophyll indices: True
2025-07-25 17:08:02,612 - INFO - [sentinel2_tss_pipeline.py:7145] -   ✓ Turbidity indices: True
2025-07-25 17:08:02,613 - INFO - [sentinel2_tss_pipeline.py:7146] -   ✓ Advanced indices: True
2025-07-25 17:08:02,613 - INFO - [sentinel2_tss_pipeline.py:7147] -   ✓ Contrast enhancement: True
2025-07-25 17:08:02,614 - INFO - [sentinel2_tss_pipeline.py:7149] - ✓ Advanced algorithms enabled: True
2025-07-25 17:08:02,614 - INFO - [sentinel2_tss_pipeline.py:7150] - ✓ Advanced config created: True
2025-07-25 17:08:02,616 - INFO - [sentinel2_tss_pipeline.py:7151] - ============================================================
2025-07-25 17:08:02,617 - INFO - [sentinel2_tss_pipeline.py:7152] - 🎨 MARINE VISUALIZATION SYSTEM READY FOR PRODUCTION! 🎨
2025-07-25 17:08:02,617 - INFO - [sentinel2_tss_pipeline.py:7153] - Expected outputs per product:
2025-07-25 17:08:02,618 - INFO - [sentinel2_tss_pipeline.py:7154] -   • Multiple RGB composites (natural, false color, water-specific)
2025-07-25 17:08:02,618 - INFO - [sentinel2_tss_pipeline.py:7155] -   • Water quality spectral indices (NDWI, NDCI, NDTI, etc.)
2025-07-25 17:08:02,619 - INFO - [sentinel2_tss_pipeline.py:7156] -   • Chlorophyll indices (CIG, etc.)
2025-07-25 17:08:02,620 - INFO - [sentinel2_tss_pipeline.py:7157] -   • Turbidity indices (TSI, etc.)
2025-07-25 17:08:02,620 - INFO - [sentinel2_tss_pipeline.py:7158] -   • Advanced marine indices (FUI, SDD, CDOM, etc.)
2025-07-25 17:08:02,621 - INFO - [sentinel2_tss_pipeline.py:7159] -   • All outputs in GeoTIFF format with metadata
2025-07-25 17:08:02,622 - INFO - [sentinel2_tss_pipeline.py:7160] - ============================================================
