2025-07-25 11:24:49,142 - INFO - [sentinel2_tss_pipeline.py:232] - Logging configured - File: C:\Users\pedro.goncalves\OneDrive - LNEG - Laboratorio Nacional de Energia e Geologia\GitHub\sentinel2-tss-pipeline\S2_TSS_Results\Logs\unified_s2_tss_20250725_112449.log
2025-07-25 11:24:49,149 - INFO - [sentinel2_tss_pipeline.py:9514] - ================================================================================
2025-07-25 11:24:49,150 - INFO - [sentinel2_tss_pipeline.py:9515] - UNIFIED S2 PROCESSING & TSS ESTIMATION PIPELINE v1.0
2025-07-25 11:24:49,151 - INFO - [sentinel2_tss_pipeline.py:9516] - ================================================================================
2025-07-25 11:24:49,152 - INFO - [sentinel2_tss_pipeline.py:9517] - SNAP_HOME: C:\Program Files\esa-snap
2025-07-25 11:24:49,152 - INFO - [sentinel2_tss_pipeline.py:9518] - GPT: C:\Program Files\esa-snap\bin\gpt.exe
2025-07-25 11:24:49,153 - INFO - [sentinel2_tss_pipeline.py:9519] - Python: 3.9.22 | packaged by conda-forge | (main, Apr 10 2025, 22:07:06) [MSC v.1929 64 bit (AMD64)]
2025-07-25 11:24:49,153 - INFO - [sentinel2_tss_pipeline.py:9520] - Platform: win32
2025-07-25 11:24:49,154 - INFO - [sentinel2_tss_pipeline.py:9521] - Working Directory: C:\Users\pedro.goncalves\OneDrive - LNEG - Laboratorio Nacional de Energia e Geologia\GitHub\sentinel2-tss-pipeline
2025-07-25 11:24:49,154 - INFO - [sentinel2_tss_pipeline.py:9522] - ================================================================================
2025-07-25 11:24:49,155 - INFO - [sentinel2_tss_pipeline.py:9531] - Starting GUI application...
2025-07-25 11:24:49,275 - INFO - [sentinel2_tss_pipeline.py:6964] - Added enable_marine_visualization attribute (ENABLED)
2025-07-25 11:24:49,276 - INFO - [sentinel2_tss_pipeline.py:6968] - Added marine_viz_config attribute
2025-07-25 11:24:49,277 - INFO - [sentinel2_tss_pipeline.py:6978] - Creating MarineVisualizationConfig class for full functionality...
2025-07-25 11:24:49,279 - INFO - [sentinel2_tss_pipeline.py:7008] - ✓ Created complete MarineVisualizationConfig - ALL FEATURES ENABLED
2025-07-25 11:24:49,279 - INFO - [sentinel2_tss_pipeline.py:7046] - ============================================================
2025-07-25 11:24:49,280 - INFO - [sentinel2_tss_pipeline.py:7047] - MARINE VISUALIZATION SYSTEM STATUS:
2025-07-25 11:24:49,281 - INFO - [sentinel2_tss_pipeline.py:7048] - ✓ Marine visualization enabled: True
2025-07-25 11:24:49,281 - INFO - [sentinel2_tss_pipeline.py:7049] - ✓ Marine config created: True
2025-07-25 11:24:49,282 - INFO - [sentinel2_tss_pipeline.py:7052] - ENABLED MARINE VISUALIZATION FEATURES:
2025-07-25 11:24:49,282 - INFO - [sentinel2_tss_pipeline.py:7053] -   ✓ Natural color RGB: True
2025-07-25 11:24:49,283 - INFO - [sentinel2_tss_pipeline.py:7054] -   ✓ False color RGB: True
2025-07-25 11:24:49,284 - INFO - [sentinel2_tss_pipeline.py:7055] -   ✓ Water-specific RGB: True
2025-07-25 11:24:49,284 - INFO - [sentinel2_tss_pipeline.py:7056] -   ✓ Research RGB combinations: True
2025-07-25 11:24:49,285 - INFO - [sentinel2_tss_pipeline.py:7057] -   ✓ Water quality indices: True
2025-07-25 11:24:49,285 - INFO - [sentinel2_tss_pipeline.py:7058] -   ✓ Chlorophyll indices: True
2025-07-25 11:24:49,286 - INFO - [sentinel2_tss_pipeline.py:7059] -   ✓ Turbidity indices: True
2025-07-25 11:24:49,286 - INFO - [sentinel2_tss_pipeline.py:7060] -   ✓ Advanced indices: True
2025-07-25 11:24:49,287 - INFO - [sentinel2_tss_pipeline.py:7061] -   ✓ Contrast enhancement: True
2025-07-25 11:24:49,288 - INFO - [sentinel2_tss_pipeline.py:7063] - ✓ Advanced algorithms enabled: True
2025-07-25 11:24:49,289 - INFO - [sentinel2_tss_pipeline.py:7064] - ✓ Advanced config created: True
2025-07-25 11:24:49,289 - INFO - [sentinel2_tss_pipeline.py:7065] - ============================================================
2025-07-25 11:24:49,290 - INFO - [sentinel2_tss_pipeline.py:7066] - 🎨 MARINE VISUALIZATION SYSTEM READY FOR PRODUCTION! 🎨
2025-07-25 11:24:49,290 - INFO - [sentinel2_tss_pipeline.py:7067] - Expected outputs per product:
2025-07-25 11:24:49,291 - INFO - [sentinel2_tss_pipeline.py:7068] -   • Multiple RGB composites (natural, false color, water-specific)
2025-07-25 11:24:49,292 - INFO - [sentinel2_tss_pipeline.py:7069] -   • Water quality spectral indices (NDWI, NDCI, NDTI, etc.)
2025-07-25 11:24:49,293 - INFO - [sentinel2_tss_pipeline.py:7070] -   • Chlorophyll indices (CIG, etc.)
2025-07-25 11:24:49,293 - INFO - [sentinel2_tss_pipeline.py:7071] -   • Turbidity indices (TSI, etc.)
2025-07-25 11:24:49,294 - INFO - [sentinel2_tss_pipeline.py:7072] -   • Advanced marine indices (FUI, SDD, CDOM, etc.)
2025-07-25 11:24:49,295 - INFO - [sentinel2_tss_pipeline.py:7073] -   • All outputs in GeoTIFF format with metadata
2025-07-25 11:24:49,295 - INFO - [sentinel2_tss_pipeline.py:7074] - ============================================================
