2025-07-25 11:51:02,887 - INFO - [sentinel2_tss_pipeline.py:232] - Logging configured - File: C:\Users\pedro.goncalves\OneDrive - LNEG - Laboratorio Nacional de Energia e Geologia\GitHub\sentinel2-tss-pipeline\S2_TSS_Results\Logs\unified_s2_tss_20250725_115102.log
2025-07-25 11:51:02,895 - INFO - [sentinel2_tss_pipeline.py:9513] - ================================================================================
2025-07-25 11:51:02,895 - INFO - [sentinel2_tss_pipeline.py:9514] - UNIFIED S2 PROCESSING & TSS ESTIMATION PIPELINE v1.0
2025-07-25 11:51:02,896 - INFO - [sentinel2_tss_pipeline.py:9515] - ================================================================================
2025-07-25 11:51:02,896 - INFO - [sentinel2_tss_pipeline.py:9516] - SNAP_HOME: C:\Program Files\esa-snap
2025-07-25 11:51:02,897 - INFO - [sentinel2_tss_pipeline.py:9517] - GPT: C:\Program Files\esa-snap\bin\gpt.exe
2025-07-25 11:51:02,897 - INFO - [sentinel2_tss_pipeline.py:9518] - Python: 3.9.22 | packaged by conda-forge | (main, Apr 10 2025, 22:07:06) [MSC v.1929 64 bit (AMD64)]
2025-07-25 11:51:02,898 - INFO - [sentinel2_tss_pipeline.py:9519] - Platform: win32
2025-07-25 11:51:02,898 - INFO - [sentinel2_tss_pipeline.py:9520] - Working Directory: C:\Users\pedro.goncalves\OneDrive - LNEG - Laboratorio Nacional de Energia e Geologia\GitHub\sentinel2-tss-pipeline
2025-07-25 11:51:02,899 - INFO - [sentinel2_tss_pipeline.py:9521] - ================================================================================
2025-07-25 11:51:02,899 - INFO - [sentinel2_tss_pipeline.py:9530] - Starting GUI application...
2025-07-25 11:51:03,027 - INFO - [sentinel2_tss_pipeline.py:6963] - Added enable_marine_visualization attribute (ENABLED)
2025-07-25 11:51:03,028 - INFO - [sentinel2_tss_pipeline.py:6967] - Added marine_viz_config attribute
2025-07-25 11:51:03,028 - INFO - [sentinel2_tss_pipeline.py:6977] - Creating MarineVisualizationConfig class for full functionality...
2025-07-25 11:51:03,030 - INFO - [sentinel2_tss_pipeline.py:7007] - ✓ Created complete MarineVisualizationConfig - ALL FEATURES ENABLED
2025-07-25 11:51:03,030 - INFO - [sentinel2_tss_pipeline.py:7045] - ============================================================
2025-07-25 11:51:03,031 - INFO - [sentinel2_tss_pipeline.py:7046] - MARINE VISUALIZATION SYSTEM STATUS:
2025-07-25 11:51:03,031 - INFO - [sentinel2_tss_pipeline.py:7047] - ✓ Marine visualization enabled: True
2025-07-25 11:51:03,032 - INFO - [sentinel2_tss_pipeline.py:7048] - ✓ Marine config created: True
2025-07-25 11:51:03,032 - INFO - [sentinel2_tss_pipeline.py:7051] - ENABLED MARINE VISUALIZATION FEATURES:
2025-07-25 11:51:03,033 - INFO - [sentinel2_tss_pipeline.py:7052] -   ✓ Natural color RGB: True
2025-07-25 11:51:03,033 - INFO - [sentinel2_tss_pipeline.py:7053] -   ✓ False color RGB: True
2025-07-25 11:51:03,034 - INFO - [sentinel2_tss_pipeline.py:7054] -   ✓ Water-specific RGB: True
2025-07-25 11:51:03,035 - INFO - [sentinel2_tss_pipeline.py:7055] -   ✓ Research RGB combinations: True
2025-07-25 11:51:03,035 - INFO - [sentinel2_tss_pipeline.py:7056] -   ✓ Water quality indices: True
2025-07-25 11:51:03,036 - INFO - [sentinel2_tss_pipeline.py:7057] -   ✓ Chlorophyll indices: True
2025-07-25 11:51:03,036 - INFO - [sentinel2_tss_pipeline.py:7058] -   ✓ Turbidity indices: True
2025-07-25 11:51:03,037 - INFO - [sentinel2_tss_pipeline.py:7059] -   ✓ Advanced indices: True
2025-07-25 11:51:03,037 - INFO - [sentinel2_tss_pipeline.py:7060] -   ✓ Contrast enhancement: True
2025-07-25 11:51:03,038 - INFO - [sentinel2_tss_pipeline.py:7062] - ✓ Advanced algorithms enabled: True
2025-07-25 11:51:03,038 - INFO - [sentinel2_tss_pipeline.py:7063] - ✓ Advanced config created: True
2025-07-25 11:51:03,039 - INFO - [sentinel2_tss_pipeline.py:7064] - ============================================================
2025-07-25 11:51:03,039 - INFO - [sentinel2_tss_pipeline.py:7065] - 🎨 MARINE VISUALIZATION SYSTEM READY FOR PRODUCTION! 🎨
2025-07-25 11:51:03,040 - INFO - [sentinel2_tss_pipeline.py:7066] - Expected outputs per product:
2025-07-25 11:51:03,040 - INFO - [sentinel2_tss_pipeline.py:7067] -   • Multiple RGB composites (natural, false color, water-specific)
2025-07-25 11:51:03,041 - INFO - [sentinel2_tss_pipeline.py:7068] -   • Water quality spectral indices (NDWI, NDCI, NDTI, etc.)
2025-07-25 11:51:03,042 - INFO - [sentinel2_tss_pipeline.py:7069] -   • Chlorophyll indices (CIG, etc.)
2025-07-25 11:51:03,042 - INFO - [sentinel2_tss_pipeline.py:7070] -   • Turbidity indices (TSI, etc.)
2025-07-25 11:51:03,042 - INFO - [sentinel2_tss_pipeline.py:7071] -   • Advanced marine indices (FUI, SDD, CDOM, etc.)
2025-07-25 11:51:03,043 - INFO - [sentinel2_tss_pipeline.py:7072] -   • All outputs in GeoTIFF format with metadata
2025-07-25 11:51:03,044 - INFO - [sentinel2_tss_pipeline.py:7073] - ============================================================
