2025-07-25 10:03:00,319 - INFO - [sentinel2_tss_pipeline.py:232] - Logging configured - File: C:\Users\pedro.goncalves\OneDrive - LNEG - Laboratorio Nacional de Energia e Geologia\GitHub\sentinel2-tss-pipeline\S2_TSS_Results\Logs\unified_s2_tss_20250725_100300.log
2025-07-25 10:03:00,327 - INFO - [sentinel2_tss_pipeline.py:9423] - Auto-detected SNAP_HOME: C:\Program Files\esa-snap
2025-07-25 10:03:00,328 - INFO - [sentinel2_tss_pipeline.py:9464] - ================================================================================
2025-07-25 10:03:00,328 - INFO - [sentinel2_tss_pipeline.py:9465] - UNIFIED S2 PROCESSING & TSS ESTIMATION PIPELINE v1.0
2025-07-25 10:03:00,329 - INFO - [sentinel2_tss_pipeline.py:9466] - ================================================================================
2025-07-25 10:03:00,329 - INFO - [sentinel2_tss_pipeline.py:9467] - SNAP_HOME: C:\Program Files\esa-snap
2025-07-25 10:03:00,330 - INFO - [sentinel2_tss_pipeline.py:9468] - GPT: C:\Program Files\esa-snap\bin\gpt.exe
2025-07-25 10:03:00,330 - INFO - [sentinel2_tss_pipeline.py:9469] - Python: 3.9.22 | packaged by conda-forge | (main, Apr 10 2025, 22:07:06) [MSC v.1929 64 bit (AMD64)]
2025-07-25 10:03:00,331 - INFO - [sentinel2_tss_pipeline.py:9470] - Platform: win32
2025-07-25 10:03:00,331 - INFO - [sentinel2_tss_pipeline.py:9471] - Working Directory: C:\Users\pedro.goncalves\OneDrive - LNEG - Laboratorio Nacional de Energia e Geologia\GitHub\sentinel2-tss-pipeline
2025-07-25 10:03:00,332 - INFO - [sentinel2_tss_pipeline.py:9472] - ================================================================================
2025-07-25 10:03:00,332 - INFO - [sentinel2_tss_pipeline.py:9481] - Starting GUI application...
2025-07-25 10:03:00,444 - INFO - [sentinel2_tss_pipeline.py:6914] - Added enable_marine_visualization attribute (ENABLED)
2025-07-25 10:03:00,444 - INFO - [sentinel2_tss_pipeline.py:6918] - Added marine_viz_config attribute
2025-07-25 10:03:00,445 - INFO - [sentinel2_tss_pipeline.py:6928] - Creating MarineVisualizationConfig class for full functionality...
2025-07-25 10:03:00,446 - INFO - [sentinel2_tss_pipeline.py:6958] - ✓ Created complete MarineVisualizationConfig - ALL FEATURES ENABLED
2025-07-25 10:03:00,446 - INFO - [sentinel2_tss_pipeline.py:6996] - ============================================================
2025-07-25 10:03:00,447 - INFO - [sentinel2_tss_pipeline.py:6997] - MARINE VISUALIZATION SYSTEM STATUS:
2025-07-25 10:03:00,448 - INFO - [sentinel2_tss_pipeline.py:6998] - ✓ Marine visualization enabled: True
2025-07-25 10:03:00,448 - INFO - [sentinel2_tss_pipeline.py:6999] - ✓ Marine config created: True
2025-07-25 10:03:00,449 - INFO - [sentinel2_tss_pipeline.py:7002] - ENABLED MARINE VISUALIZATION FEATURES:
2025-07-25 10:03:00,449 - INFO - [sentinel2_tss_pipeline.py:7003] -   ✓ Natural color RGB: True
2025-07-25 10:03:00,450 - INFO - [sentinel2_tss_pipeline.py:7004] -   ✓ False color RGB: True
2025-07-25 10:03:00,450 - INFO - [sentinel2_tss_pipeline.py:7005] -   ✓ Water-specific RGB: True
2025-07-25 10:03:00,451 - INFO - [sentinel2_tss_pipeline.py:7006] -   ✓ Research RGB combinations: True
2025-07-25 10:03:00,451 - INFO - [sentinel2_tss_pipeline.py:7007] -   ✓ Water quality indices: True
2025-07-25 10:03:00,452 - INFO - [sentinel2_tss_pipeline.py:7008] -   ✓ Chlorophyll indices: True
2025-07-25 10:03:00,452 - INFO - [sentinel2_tss_pipeline.py:7009] -   ✓ Turbidity indices: True
2025-07-25 10:03:00,453 - INFO - [sentinel2_tss_pipeline.py:7010] -   ✓ Advanced indices: True
2025-07-25 10:03:00,453 - INFO - [sentinel2_tss_pipeline.py:7011] -   ✓ Contrast enhancement: True
2025-07-25 10:03:00,454 - INFO - [sentinel2_tss_pipeline.py:7013] - ✓ Advanced algorithms enabled: True
2025-07-25 10:03:00,454 - INFO - [sentinel2_tss_pipeline.py:7014] - ✓ Advanced config created: True
2025-07-25 10:03:00,455 - INFO - [sentinel2_tss_pipeline.py:7015] - ============================================================
2025-07-25 10:03:00,455 - INFO - [sentinel2_tss_pipeline.py:7016] - 🎨 MARINE VISUALIZATION SYSTEM READY FOR PRODUCTION! 🎨
2025-07-25 10:03:00,455 - INFO - [sentinel2_tss_pipeline.py:7017] - Expected outputs per product:
2025-07-25 10:03:00,456 - INFO - [sentinel2_tss_pipeline.py:7018] -   • Multiple RGB composites (natural, false color, water-specific)
2025-07-25 10:03:00,456 - INFO - [sentinel2_tss_pipeline.py:7019] -   • Water quality spectral indices (NDWI, NDCI, NDTI, etc.)
2025-07-25 10:03:00,457 - INFO - [sentinel2_tss_pipeline.py:7020] -   • Chlorophyll indices (CIG, etc.)
2025-07-25 10:03:00,458 - INFO - [sentinel2_tss_pipeline.py:7021] -   • Turbidity indices (TSI, etc.)
2025-07-25 10:03:00,458 - INFO - [sentinel2_tss_pipeline.py:7022] -   • Advanced marine indices (FUI, SDD, CDOM, etc.)
2025-07-25 10:03:00,458 - INFO - [sentinel2_tss_pipeline.py:7023] -   • All outputs in GeoTIFF format with metadata
2025-07-25 10:03:00,459 - INFO - [sentinel2_tss_pipeline.py:7024] - ============================================================
