2025-07-29 14:25:56,946 - INFO - [sentinel2_tss_pipeline.py:232] - Logging configured - File: C:\Users\pedro.goncalves\OneDrive - LNEG - Laboratorio Nacional de Energia e Geologia\GitHub\sentinel2-tss-pipeline\S2_TSS_Results\Logs\unified_s2_tss_20250729_142556.log
2025-07-29 14:25:56,953 - INFO - [sentinel2_tss_pipeline.py:10083] - ================================================================================
2025-07-29 14:25:56,954 - INFO - [sentinel2_tss_pipeline.py:10084] - UNIFIED S2 PROCESSING & TSS ESTIMATION PIPELINE v1.0
2025-07-29 14:25:56,954 - INFO - [sentinel2_tss_pipeline.py:10085] - ================================================================================
2025-07-29 14:25:56,955 - INFO - [sentinel2_tss_pipeline.py:10086] - SNAP_HOME: C:\Program Files\esa-snap
2025-07-29 14:25:56,955 - INFO - [sentinel2_tss_pipeline.py:10087] - GPT: C:\Program Files\esa-snap\bin\gpt.exe
2025-07-29 14:25:56,956 - INFO - [sentinel2_tss_pipeline.py:10088] - Python: 3.9.22 | packaged by conda-forge | (main, Apr 10 2025, 22:07:06) [MSC v.1929 64 bit (AMD64)]
2025-07-29 14:25:56,957 - INFO - [sentinel2_tss_pipeline.py:10089] - Platform: win32
2025-07-29 14:25:56,957 - INFO - [sentinel2_tss_pipeline.py:10090] - Working Directory: C:\Users\pedro.goncalves\OneDrive - LNEG - Laboratorio Nacional de Energia e Geologia\GitHub\sentinel2-tss-pipeline
2025-07-29 14:25:56,957 - INFO - [sentinel2_tss_pipeline.py:10091] - ================================================================================
2025-07-29 14:25:56,958 - INFO - [sentinel2_tss_pipeline.py:10100] - Starting GUI application...
2025-07-29 14:25:57,077 - INFO - [sentinel2_tss_pipeline.py:7533] - Added enable_marine_visualization attribute (ENABLED)
2025-07-29 14:25:57,078 - INFO - [sentinel2_tss_pipeline.py:7537] - Added marine_viz_config attribute
2025-07-29 14:25:57,078 - INFO - [sentinel2_tss_pipeline.py:7547] - Creating MarineVisualizationConfig class for full functionality...
2025-07-29 14:25:57,080 - INFO - [sentinel2_tss_pipeline.py:7577] - ✓ Created complete MarineVisualizationConfig - ALL FEATURES ENABLED
2025-07-29 14:25:57,080 - INFO - [sentinel2_tss_pipeline.py:7615] - ============================================================
2025-07-29 14:25:57,081 - INFO - [sentinel2_tss_pipeline.py:7616] - MARINE VISUALIZATION SYSTEM STATUS:
2025-07-29 14:25:57,082 - INFO - [sentinel2_tss_pipeline.py:7617] - ✓ Marine visualization enabled: True
2025-07-29 14:25:57,082 - INFO - [sentinel2_tss_pipeline.py:7618] - ✓ Marine config created: True
2025-07-29 14:25:57,083 - INFO - [sentinel2_tss_pipeline.py:7621] - ENABLED MARINE VISUALIZATION FEATURES:
2025-07-29 14:25:57,083 - INFO - [sentinel2_tss_pipeline.py:7622] -   ✓ Natural color RGB: True
2025-07-29 14:25:57,084 - INFO - [sentinel2_tss_pipeline.py:7623] -   ✓ False color RGB: True
2025-07-29 14:25:57,084 - INFO - [sentinel2_tss_pipeline.py:7624] -   ✓ Water-specific RGB: True
2025-07-29 14:25:57,085 - INFO - [sentinel2_tss_pipeline.py:7625] -   ✓ Research RGB combinations: True
2025-07-29 14:25:57,086 - INFO - [sentinel2_tss_pipeline.py:7626] -   ✓ Water quality indices: True
2025-07-29 14:25:57,086 - INFO - [sentinel2_tss_pipeline.py:7627] -   ✓ Chlorophyll indices: True
2025-07-29 14:25:57,087 - INFO - [sentinel2_tss_pipeline.py:7628] -   ✓ Turbidity indices: True
2025-07-29 14:25:57,087 - INFO - [sentinel2_tss_pipeline.py:7629] -   ✓ Advanced indices: True
2025-07-29 14:25:57,088 - INFO - [sentinel2_tss_pipeline.py:7630] -   ✓ Contrast enhancement: True
2025-07-29 14:25:57,088 - INFO - [sentinel2_tss_pipeline.py:7632] - ✓ Advanced algorithms enabled: True
2025-07-29 14:25:57,089 - INFO - [sentinel2_tss_pipeline.py:7633] - ✓ Advanced config created: True
2025-07-29 14:25:57,089 - INFO - [sentinel2_tss_pipeline.py:7634] - ============================================================
2025-07-29 14:25:57,090 - INFO - [sentinel2_tss_pipeline.py:7635] - 🎨 MARINE VISUALIZATION SYSTEM READY FOR PRODUCTION! 🎨
2025-07-29 14:25:57,090 - INFO - [sentinel2_tss_pipeline.py:7636] - Expected outputs per product:
2025-07-29 14:25:57,090 - INFO - [sentinel2_tss_pipeline.py:7637] -   • Multiple RGB composites (natural, false color, water-specific)
2025-07-29 14:25:57,091 - INFO - [sentinel2_tss_pipeline.py:7638] -   • Water quality spectral indices (NDWI, NDCI, NDTI, etc.)
2025-07-29 14:25:57,092 - INFO - [sentinel2_tss_pipeline.py:7639] -   • Chlorophyll indices (CIG, etc.)
2025-07-29 14:25:57,092 - INFO - [sentinel2_tss_pipeline.py:7640] -   • Turbidity indices (TSI, etc.)
2025-07-29 14:25:57,093 - INFO - [sentinel2_tss_pipeline.py:7641] -   • Advanced marine indices (FUI, SDD, CDOM, etc.)
2025-07-29 14:25:57,094 - INFO - [sentinel2_tss_pipeline.py:7642] -   • All outputs in GeoTIFF format with metadata
2025-07-29 14:25:57,094 - INFO - [sentinel2_tss_pipeline.py:7643] - ============================================================
