2025-07-24 10:38:18,432 - INFO - [sentinel2_tss_pipeline.py:232] - Logging configured - File: C:\Users\pedro.goncalves\OneDrive - LNEG - Laboratorio Nacional de Energia e Geologia\GitHub\sentinel2-tss-pipeline\S2_TSS_Results\Logs\unified_s2_tss_20250724_103818.log
2025-07-24 10:38:18,439 - INFO - [sentinel2_tss_pipeline.py:8945] - Auto-detected SNAP_HOME: C:\Program Files\esa-snap
2025-07-24 10:38:18,440 - INFO - [sentinel2_tss_pipeline.py:8986] - ================================================================================
2025-07-24 10:38:18,440 - INFO - [sentinel2_tss_pipeline.py:8987] - UNIFIED S2 PROCESSING & TSS ESTIMATION PIPELINE v1.0
2025-07-24 10:38:18,448 - INFO - [sentinel2_tss_pipeline.py:8988] - ================================================================================
2025-07-24 10:38:18,449 - INFO - [sentinel2_tss_pipeline.py:8989] - SNAP_HOME: C:\Program Files\esa-snap
2025-07-24 10:38:18,450 - INFO - [sentinel2_tss_pipeline.py:8990] - GPT: C:\Program Files\esa-snap\bin\gpt.exe
2025-07-24 10:38:18,450 - INFO - [sentinel2_tss_pipeline.py:8991] - Python: 3.9.22 | packaged by conda-forge | (main, Apr 10 2025, 22:07:06) [MSC v.1929 64 bit (AMD64)]
2025-07-24 10:38:18,451 - INFO - [sentinel2_tss_pipeline.py:8992] - Platform: win32
2025-07-24 10:38:18,451 - INFO - [sentinel2_tss_pipeline.py:8993] - Working Directory: C:\Users\pedro.goncalves\OneDrive - LNEG - Laboratorio Nacional de Energia e Geologia\GitHub\sentinel2-tss-pipeline
2025-07-24 10:38:18,452 - INFO - [sentinel2_tss_pipeline.py:8994] - ================================================================================
2025-07-24 10:38:18,452 - INFO - [sentinel2_tss_pipeline.py:9003] - Starting GUI application...
2025-07-24 10:38:18,587 - INFO - [sentinel2_tss_pipeline.py:6444] - Added enable_marine_visualization attribute (ENABLED)
2025-07-24 10:38:18,588 - INFO - [sentinel2_tss_pipeline.py:6448] - Added marine_viz_config attribute
2025-07-24 10:38:18,589 - INFO - [sentinel2_tss_pipeline.py:6458] - Creating MarineVisualizationConfig class for full functionality...
2025-07-24 10:38:18,590 - INFO - [sentinel2_tss_pipeline.py:6488] - ✓ Created complete MarineVisualizationConfig - ALL FEATURES ENABLED
2025-07-24 10:38:18,590 - INFO - [sentinel2_tss_pipeline.py:6526] - ============================================================
2025-07-24 10:38:18,591 - INFO - [sentinel2_tss_pipeline.py:6527] - MARINE VISUALIZATION SYSTEM STATUS:
2025-07-24 10:38:18,591 - INFO - [sentinel2_tss_pipeline.py:6528] - ✓ Marine visualization enabled: True
2025-07-24 10:38:18,592 - INFO - [sentinel2_tss_pipeline.py:6529] - ✓ Marine config created: True
2025-07-24 10:38:18,592 - INFO - [sentinel2_tss_pipeline.py:6532] - ENABLED MARINE VISUALIZATION FEATURES:
2025-07-24 10:38:18,593 - INFO - [sentinel2_tss_pipeline.py:6533] -   ✓ Natural color RGB: True
2025-07-24 10:38:18,593 - INFO - [sentinel2_tss_pipeline.py:6534] -   ✓ False color RGB: True
2025-07-24 10:38:18,594 - INFO - [sentinel2_tss_pipeline.py:6535] -   ✓ Water-specific RGB: True
2025-07-24 10:38:18,595 - INFO - [sentinel2_tss_pipeline.py:6536] -   ✓ Research RGB combinations: True
2025-07-24 10:38:18,595 - INFO - [sentinel2_tss_pipeline.py:6537] -   ✓ Water quality indices: True
2025-07-24 10:38:18,595 - INFO - [sentinel2_tss_pipeline.py:6538] -   ✓ Chlorophyll indices: True
2025-07-24 10:38:18,596 - INFO - [sentinel2_tss_pipeline.py:6539] -   ✓ Turbidity indices: True
2025-07-24 10:38:18,596 - INFO - [sentinel2_tss_pipeline.py:6540] -   ✓ Advanced indices: True
2025-07-24 10:38:18,597 - INFO - [sentinel2_tss_pipeline.py:6541] -   ✓ Contrast enhancement: True
2025-07-24 10:38:18,597 - INFO - [sentinel2_tss_pipeline.py:6543] - ✓ Advanced algorithms enabled: True
2025-07-24 10:38:18,599 - INFO - [sentinel2_tss_pipeline.py:6544] - ✓ Advanced config created: True
2025-07-24 10:38:18,599 - INFO - [sentinel2_tss_pipeline.py:6545] - ============================================================
2025-07-24 10:38:18,600 - INFO - [sentinel2_tss_pipeline.py:6546] - 🎨 MARINE VISUALIZATION SYSTEM READY FOR PRODUCTION! 🎨
2025-07-24 10:38:18,600 - INFO - [sentinel2_tss_pipeline.py:6547] - Expected outputs per product:
2025-07-24 10:38:18,601 - INFO - [sentinel2_tss_pipeline.py:6548] -   • Multiple RGB composites (natural, false color, water-specific)
2025-07-24 10:38:18,601 - INFO - [sentinel2_tss_pipeline.py:6549] -   • Water quality spectral indices (NDWI, NDCI, NDTI, etc.)
2025-07-24 10:38:18,602 - INFO - [sentinel2_tss_pipeline.py:6550] -   • Chlorophyll indices (CIG, etc.)
2025-07-24 10:38:18,602 - INFO - [sentinel2_tss_pipeline.py:6551] -   • Turbidity indices (TSI, etc.)
2025-07-24 10:38:18,602 - INFO - [sentinel2_tss_pipeline.py:6552] -   • Advanced marine indices (FUI, SDD, CDOM, etc.)
2025-07-24 10:38:18,603 - INFO - [sentinel2_tss_pipeline.py:6553] -   • All outputs in GeoTIFF format with metadata
2025-07-24 10:38:18,604 - INFO - [sentinel2_tss_pipeline.py:6554] - ============================================================
