2025-07-25 12:10:40,173 - INFO - [sentinel2_tss_pipeline.py:232] - Logging configured - File: C:\Users\pedro.goncalves\OneDrive - LNEG - Laboratorio Nacional de Energia e Geologia\GitHub\sentinel2-tss-pipeline\S2_TSS_Results\Logs\unified_s2_tss_20250725_121040.log
2025-07-25 12:10:40,181 - INFO - [sentinel2_tss_pipeline.py:9518] - ================================================================================
2025-07-25 12:10:40,181 - INFO - [sentinel2_tss_pipeline.py:9519] - UNIFIED S2 PROCESSING & TSS ESTIMATION PIPELINE v1.0
2025-07-25 12:10:40,182 - INFO - [sentinel2_tss_pipeline.py:9520] - ================================================================================
2025-07-25 12:10:40,182 - INFO - [sentinel2_tss_pipeline.py:9521] - SNAP_HOME: C:\Program Files\esa-snap
2025-07-25 12:10:40,183 - INFO - [sentinel2_tss_pipeline.py:9522] - GPT: C:\Program Files\esa-snap\bin\gpt.exe
2025-07-25 12:10:40,183 - INFO - [sentinel2_tss_pipeline.py:9523] - Python: 3.9.22 | packaged by conda-forge | (main, Apr 10 2025, 22:07:06) [MSC v.1929 64 bit (AMD64)]
2025-07-25 12:10:40,184 - INFO - [sentinel2_tss_pipeline.py:9524] - Platform: win32
2025-07-25 12:10:40,184 - INFO - [sentinel2_tss_pipeline.py:9525] - Working Directory: C:\Users\pedro.goncalves\OneDrive - LNEG - Laboratorio Nacional de Energia e Geologia\GitHub\sentinel2-tss-pipeline
2025-07-25 12:10:40,185 - INFO - [sentinel2_tss_pipeline.py:9526] - ================================================================================
2025-07-25 12:10:40,185 - INFO - [sentinel2_tss_pipeline.py:9535] - Starting GUI application...
2025-07-25 12:10:40,313 - INFO - [sentinel2_tss_pipeline.py:6968] - Added enable_marine_visualization attribute (ENABLED)
2025-07-25 12:10:40,314 - INFO - [sentinel2_tss_pipeline.py:6972] - Added marine_viz_config attribute
2025-07-25 12:10:40,315 - INFO - [sentinel2_tss_pipeline.py:6982] - Creating MarineVisualizationConfig class for full functionality...
2025-07-25 12:10:40,316 - INFO - [sentinel2_tss_pipeline.py:7012] - ✓ Created complete MarineVisualizationConfig - ALL FEATURES ENABLED
2025-07-25 12:10:40,316 - INFO - [sentinel2_tss_pipeline.py:7050] - ============================================================
2025-07-25 12:10:40,317 - INFO - [sentinel2_tss_pipeline.py:7051] - MARINE VISUALIZATION SYSTEM STATUS:
2025-07-25 12:10:40,318 - INFO - [sentinel2_tss_pipeline.py:7052] - ✓ Marine visualization enabled: True
2025-07-25 12:10:40,318 - INFO - [sentinel2_tss_pipeline.py:7053] - ✓ Marine config created: True
2025-07-25 12:10:40,319 - INFO - [sentinel2_tss_pipeline.py:7056] - ENABLED MARINE VISUALIZATION FEATURES:
2025-07-25 12:10:40,319 - INFO - [sentinel2_tss_pipeline.py:7057] -   ✓ Natural color RGB: True
2025-07-25 12:10:40,320 - INFO - [sentinel2_tss_pipeline.py:7058] -   ✓ False color RGB: True
2025-07-25 12:10:40,321 - INFO - [sentinel2_tss_pipeline.py:7059] -   ✓ Water-specific RGB: True
2025-07-25 12:10:40,321 - INFO - [sentinel2_tss_pipeline.py:7060] -   ✓ Research RGB combinations: True
2025-07-25 12:10:40,322 - INFO - [sentinel2_tss_pipeline.py:7061] -   ✓ Water quality indices: True
2025-07-25 12:10:40,323 - INFO - [sentinel2_tss_pipeline.py:7062] -   ✓ Chlorophyll indices: True
2025-07-25 12:10:40,323 - INFO - [sentinel2_tss_pipeline.py:7063] -   ✓ Turbidity indices: True
2025-07-25 12:10:40,324 - INFO - [sentinel2_tss_pipeline.py:7064] -   ✓ Advanced indices: True
2025-07-25 12:10:40,324 - INFO - [sentinel2_tss_pipeline.py:7065] -   ✓ Contrast enhancement: True
2025-07-25 12:10:40,325 - INFO - [sentinel2_tss_pipeline.py:7067] - ✓ Advanced algorithms enabled: True
2025-07-25 12:10:40,325 - INFO - [sentinel2_tss_pipeline.py:7068] - ✓ Advanced config created: True
2025-07-25 12:10:40,326 - INFO - [sentinel2_tss_pipeline.py:7069] - ============================================================
2025-07-25 12:10:40,326 - INFO - [sentinel2_tss_pipeline.py:7070] - 🎨 MARINE VISUALIZATION SYSTEM READY FOR PRODUCTION! 🎨
2025-07-25 12:10:40,327 - INFO - [sentinel2_tss_pipeline.py:7071] - Expected outputs per product:
2025-07-25 12:10:40,328 - INFO - [sentinel2_tss_pipeline.py:7072] -   • Multiple RGB composites (natural, false color, water-specific)
2025-07-25 12:10:40,328 - INFO - [sentinel2_tss_pipeline.py:7073] -   • Water quality spectral indices (NDWI, NDCI, NDTI, etc.)
2025-07-25 12:10:40,329 - INFO - [sentinel2_tss_pipeline.py:7074] -   • Chlorophyll indices (CIG, etc.)
2025-07-25 12:10:40,329 - INFO - [sentinel2_tss_pipeline.py:7075] -   • Turbidity indices (TSI, etc.)
2025-07-25 12:10:40,330 - INFO - [sentinel2_tss_pipeline.py:7076] -   • Advanced marine indices (FUI, SDD, CDOM, etc.)
2025-07-25 12:10:40,331 - INFO - [sentinel2_tss_pipeline.py:7077] -   • All outputs in GeoTIFF format with metadata
2025-07-25 12:10:40,331 - INFO - [sentinel2_tss_pipeline.py:7078] - ============================================================
